2.8759 	INFO 	Screen res set as: 1920x1080
2.8769 	INFO 	Loaded monitor calibration from ['2018_09_18 09:28']
3.3073 	EXP 	Created window1 = Window(allowGUI=True, allowStencil=False, args=UNKNOWN, autoLog=True, bitsMode=UNKNOWN, blendMode='avg', color='Gainsboro', colorSpace='named', fullscr=UNKNOWN, gamma=None, kwargs=UNKNOWN, lms=UNKNOWN, monitor=<psychopy.monitors.calibTools.Monitor object at 0x7f43dc1def28>, multiSample=False, name='window1', numSamples=2, pos=None, screen=0, size=array([1920, 1080]), stereo=False, units='pix', useFBO=False, useRetina=False, viewOri=0.0, viewPos=None, viewScale=None, waitBlanking=True, winType='pygame')
3.3073 	INFO 	Detected framerate: 30 frames per sec.
3.3074 	INFO 	Mouse: using default window
3.3475 	INFO 	using sysFont Arial
3.3515 	EXP 	Created unnamed TextStim = TextStim(__class__=<class 'psychopy.visual.text.TextStim'>, alignHoriz='center', alignVert='center', antialias=True, autoLog=True, bold=False, color='black', colorSpace='named', contrast=1.0, depth=0, flipHoriz=False, flipVert=False, font='Arial', fontFiles=[], height=32, italic=False, name='unnamed TextStim', opacity=1.0, ori=0.0, pos=array([   0., -300.]), rgb=array([0., 0., 0.]), text=str(...), units='pix', win=Window(...), wrapWidth=1920)
3.3525 	INFO 	using sysFont Arial
3.3535 	EXP 	Created unnamed TextStim = TextStim(__class__=<class 'psychopy.visual.text.TextStim'>, alignHoriz='center', alignVert='center', antialias=True, autoLog=True, bold=False, color='black', colorSpace='named', contrast=1.0, depth=0, flipHoriz=False, flipVert=False, font='Arial', fontFiles=[], height=32, italic=False, name='unnamed TextStim', opacity=1.0, ori=0.0, pos=array([0., 0.]), rgb=array([0., 0., 0.]), text='Wstęp', units='pix', win=Window(...), wrapWidth=1920)
4.8474 	INFO 	using sysFont 
4.8484 	EXP 	Created unnamed TextStim = TextStim(__class__=<class 'psychopy.visual.text.TextStim'>, alignHoriz='center', alignVert='center', antialias=True, autoLog=True, bold=False, color='black', colorSpace='named', contrast=1.0, depth=0, flipHoriz=False, flipVert=False, font='', fontFiles=[], height=32, italic=False, name='unnamed TextStim', opacity=1.0, ori=0.0, pos=array([-74.,   0.]), rgb=array([0., 0., 0.]), text='CP', units='pix', win=Window(...), wrapWidth=500)
4.8489 	INFO 	using sysFont 
4.8497 	EXP 	Created unnamed TextStim = TextStim(__class__=<class 'psychopy.visual.text.TextStim'>, alignHoriz='center', alignVert='center', antialias=True, autoLog=True, bold=False, color='black', colorSpace='named', contrast=1.0, depth=0, flipHoriz=False, flipVert=False, font='', fontFiles=[], height=32, italic=False, name='unnamed TextStim', opacity=1.0, ori=0.0, pos=array([0., 0.]), rgb=array([0., 0., 0.]), text='DI', units='pix', win=Window(...), wrapWidth=500)
4.8502 	INFO 	using sysFont 
4.8510 	EXP 	Created unnamed TextStim = TextStim(__class__=<class 'psychopy.visual.text.TextStim'>, alignHoriz='center', alignVert='center', antialias=True, autoLog=True, bold=False, color='black', colorSpace='named', contrast=1.0, depth=0, flipHoriz=False, flipVert=False, font='', fontFiles=[], height=32, italic=False, name='unnamed TextStim', opacity=1.0, ori=0.0, pos=array([74.,  0.]), rgb=array([0., 0., 0.]), text='II', units='pix', win=Window(...), wrapWidth=500)
4.8515 	INFO 	using sysFont 
4.8524 	EXP 	Created unnamed TextStim = TextStim(__class__=<class 'psychopy.visual.text.TextStim'>, alignHoriz='center', alignVert='center', antialias=True, autoLog=True, bold=False, color='black', colorSpace='named', contrast=1.0, depth=0, flipHoriz=False, flipVert=False, font='', fontFiles=[], height=32, italic=False, name='unnamed TextStim', opacity=1.0, ori=0.0, pos=array([-74.        ,  49.33333333]), rgb=array([0., 0., 0.]), text='RD', units='pix', win=Window(...), wrapWidth=500)
4.8529 	INFO 	using sysFont 
4.8539 	EXP 	Created unnamed TextStim = TextStim(__class__=<class 'psychopy.visual.text.TextStim'>, alignHoriz='center', alignVert='center', antialias=True, autoLog=True, bold=False, color='black', colorSpace='named', contrast=1.0, depth=0, flipHoriz=False, flipVert=False, font='', fontFiles=[], height=32, italic=False, name='unnamed TextStim', opacity=1.0, ori=0.0, pos=array([ 0.        , 49.33333333]), rgb=array([0., 0., 0.]), text='RD', units='pix', win=Window(...), wrapWidth=500)
4.8544 	INFO 	using sysFont 
4.8563 	EXP 	Created unnamed TextStim = TextStim(__class__=<class 'psychopy.visual.text.TextStim'>, alignHoriz='center', alignVert='center', antialias=True, autoLog=True, bold=False, color='black', colorSpace='named', contrast=1.0, depth=0, flipHoriz=False, flipVert=False, font='', fontFiles=[], height=32, italic=False, name='unnamed TextStim', opacity=1.0, ori=0.0, pos=array([74.        , 49.33333333]), rgb=array([0., 0., 0.]), text='VI', units='pix', win=Window(...), wrapWidth=500)
4.8570 	INFO 	using sysFont 
4.8579 	EXP 	Created unnamed TextStim = TextStim(__class__=<class 'psychopy.visual.text.TextStim'>, alignHoriz='center', alignVert='center', antialias=True, autoLog=True, bold=False, color='black', colorSpace='named', contrast=1.0, depth=0, flipHoriz=False, flipVert=False, font='', fontFiles=[], height=32, italic=False, name='unnamed TextStim', opacity=1.0, ori=0.0, pos=array([-74.        ,  98.66666667]), rgb=array([0., 0., 0.]), text='ND', units='pix', win=Window(...), wrapWidth=500)
4.8584 	INFO 	using sysFont 
4.8595 	EXP 	Created unnamed TextStim = TextStim(__class__=<class 'psychopy.visual.text.TextStim'>, alignHoriz='center', alignVert='center', antialias=True, autoLog=True, bold=False, color='black', colorSpace='named', contrast=1.0, depth=0, flipHoriz=False, flipVert=False, font='', fontFiles=[], height=32, italic=False, name='unnamed TextStim', opacity=1.0, ori=0.0, pos=array([ 0.        , 98.66666667]), rgb=array([0., 0., 0.]), text='TI', units='pix', win=Window(...), wrapWidth=500)
4.8600 	INFO 	using sysFont 
4.8609 	EXP 	Created unnamed TextStim = TextStim(__class__=<class 'psychopy.visual.text.TextStim'>, alignHoriz='center', alignVert='center', antialias=True, autoLog=True, bold=False, color='black', colorSpace='named', contrast=1.0, depth=0, flipHoriz=False, flipVert=False, font='', fontFiles=[], height=32, italic=False, name='unnamed TextStim', opacity=1.0, ori=0.0, pos=array([74.        , 98.66666667]), rgb=array([0., 0., 0.]), text='UD', units='pix', win=Window(...), wrapWidth=500)
4.8645 	EXP 	unnamed TextStim: autoDraw = True
4.8645 	EXP 	unnamed TextStim: autoDraw = True
4.8645 	EXP 	unnamed TextStim: autoDraw = True
4.8645 	EXP 	unnamed TextStim: autoDraw = True
4.8645 	EXP 	unnamed TextStim: autoDraw = True
4.8645 	EXP 	unnamed TextStim: autoDraw = True
4.8645 	EXP 	unnamed TextStim: autoDraw = True
4.8645 	EXP 	unnamed TextStim: autoDraw = True
4.8645 	EXP 	unnamed TextStim: autoDraw = True
4.8645 	EXP 	unnamed TextStim: autoDraw = True
5.2900 	EXP 	unnamed TextStim: autoDraw = False
5.2900 	EXP 	unnamed TextStim: autoDraw = False
5.2900 	EXP 	unnamed TextStim: autoDraw = False
5.2900 	EXP 	unnamed TextStim: autoDraw = False
5.2900 	EXP 	unnamed TextStim: autoDraw = False
5.2900 	EXP 	unnamed TextStim: autoDraw = False
5.2900 	EXP 	unnamed TextStim: autoDraw = False
5.2900 	EXP 	unnamed TextStim: autoDraw = False
5.2900 	EXP 	unnamed TextStim: autoDraw = False
5.2900 	EXP 	unnamed TextStim: autoDraw = False
6.2972 	INFO 	using sysFont 
6.2981 	EXP 	Created unnamed TextStim = TextStim(__class__=<class 'psychopy.visual.text.TextStim'>, alignHoriz='center', alignVert='center', antialias=True, autoLog=True, bold=False, color='black', colorSpace='named', contrast=1.0, depth=0, flipHoriz=False, flipVert=False, font='', fontFiles=[], height=32, italic=False, name='unnamed TextStim', opacity=1.0, ori=0.0, pos=array([-74.,   0.]), rgb=array([0., 0., 0.]), text='GO', units='pix', win=Window(...), wrapWidth=500)
6.2986 	INFO 	using sysFont 
6.2994 	EXP 	Created unnamed TextStim = TextStim(__class__=<class 'psychopy.visual.text.TextStim'>, alignHoriz='center', alignVert='center', antialias=True, autoLog=True, bold=False, color='black', colorSpace='named', contrast=1.0, depth=0, flipHoriz=False, flipVert=False, font='', fontFiles=[], height=32, italic=False, name='unnamed TextStim', opacity=1.0, ori=0.0, pos=array([0., 0.]), rgb=array([0., 0., 0.]), text='DO', units='pix', win=Window(...), wrapWidth=500)
6.2999 	INFO 	using sysFont 
6.3007 	EXP 	Created unnamed TextStim = TextStim(__class__=<class 'psychopy.visual.text.TextStim'>, alignHoriz='center', alignVert='center', antialias=True, autoLog=True, bold=False, color='black', colorSpace='named', contrast=1.0, depth=0, flipHoriz=False, flipVert=False, font='', fontFiles=[], height=32, italic=False, name='unnamed TextStim', opacity=1.0, ori=0.0, pos=array([74.,  0.]), rgb=array([0., 0., 0.]), text='UI', units='pix', win=Window(...), wrapWidth=500)
6.3012 	INFO 	using sysFont 
6.3020 	EXP 	Created unnamed TextStim = TextStim(__class__=<class 'psychopy.visual.text.TextStim'>, alignHoriz='center', alignVert='center', antialias=True, autoLog=True, bold=False, color='black', colorSpace='named', contrast=1.0, depth=0, flipHoriz=False, flipVert=False, font='', fontFiles=[], height=32, italic=False, name='unnamed TextStim', opacity=1.0, ori=0.0, pos=array([-74.        ,  49.33333333]), rgb=array([0., 0., 0.]), text='DI', units='pix', win=Window(...), wrapWidth=500)
6.3025 	INFO 	using sysFont 
6.3033 	EXP 	Created unnamed TextStim = TextStim(__class__=<class 'psychopy.visual.text.TextStim'>, alignHoriz='center', alignVert='center', antialias=True, autoLog=True, bold=False, color='black', colorSpace='named', contrast=1.0, depth=0, flipHoriz=False, flipVert=False, font='', fontFiles=[], height=32, italic=False, name='unnamed TextStim', opacity=1.0, ori=0.0, pos=array([ 0.        , 49.33333333]), rgb=array([0., 0., 0.]), text='OY', units='pix', win=Window(...), wrapWidth=500)
6.3038 	INFO 	using sysFont 
6.3046 	EXP 	Created unnamed TextStim = TextStim(__class__=<class 'psychopy.visual.text.TextStim'>, alignHoriz='center', alignVert='center', antialias=True, autoLog=True, bold=False, color='black', colorSpace='named', contrast=1.0, depth=0, flipHoriz=False, flipVert=False, font='', fontFiles=[], height=32, italic=False, name='unnamed TextStim', opacity=1.0, ori=0.0, pos=array([74.        , 49.33333333]), rgb=array([0., 0., 0.]), text='EI', units='pix', win=Window(...), wrapWidth=500)
6.3050 	INFO 	using sysFont 
6.3059 	EXP 	Created unnamed TextStim = TextStim(__class__=<class 'psychopy.visual.text.TextStim'>, alignHoriz='center', alignVert='center', antialias=True, autoLog=True, bold=False, color='black', colorSpace='named', contrast=1.0, depth=0, flipHoriz=False, flipVert=False, font='', fontFiles=[], height=32, italic=False, name='unnamed TextStim', opacity=1.0, ori=0.0, pos=array([-74.        ,  98.66666667]), rgb=array([0., 0., 0.]), text='QI', units='pix', win=Window(...), wrapWidth=500)
6.3063 	INFO 	using sysFont 
6.3071 	EXP 	Created unnamed TextStim = TextStim(__class__=<class 'psychopy.visual.text.TextStim'>, alignHoriz='center', alignVert='center', antialias=True, autoLog=True, bold=False, color='black', colorSpace='named', contrast=1.0, depth=0, flipHoriz=False, flipVert=False, font='', fontFiles=[], height=32, italic=False, name='unnamed TextStim', opacity=1.0, ori=0.0, pos=array([ 0.        , 98.66666667]), rgb=array([0., 0., 0.]), text='BY', units='pix', win=Window(...), wrapWidth=500)
6.3076 	INFO 	using sysFont 
6.3084 	EXP 	Created unnamed TextStim = TextStim(__class__=<class 'psychopy.visual.text.TextStim'>, alignHoriz='center', alignVert='center', antialias=True, autoLog=True, bold=False, color='black', colorSpace='named', contrast=1.0, depth=0, flipHoriz=False, flipVert=False, font='', fontFiles=[], height=32, italic=False, name='unnamed TextStim', opacity=1.0, ori=0.0, pos=array([74.        , 98.66666667]), rgb=array([0., 0., 0.]), text='HI', units='pix', win=Window(...), wrapWidth=500)
6.3121 	EXP 	unnamed TextStim: autoDraw = True
6.3121 	EXP 	unnamed TextStim: autoDraw = True
6.3121 	EXP 	unnamed TextStim: autoDraw = True
6.3121 	EXP 	unnamed TextStim: autoDraw = True
6.3121 	EXP 	unnamed TextStim: autoDraw = True
6.3121 	EXP 	unnamed TextStim: autoDraw = True
6.3121 	EXP 	unnamed TextStim: autoDraw = True
6.3121 	EXP 	unnamed TextStim: autoDraw = True
6.3121 	EXP 	unnamed TextStim: autoDraw = True
6.3121 	EXP 	unnamed TextStim: autoDraw = True
6.9054 	EXP 	unnamed TextStim: autoDraw = False
6.9054 	EXP 	unnamed TextStim: autoDraw = False
6.9054 	EXP 	unnamed TextStim: autoDraw = False
6.9054 	EXP 	unnamed TextStim: autoDraw = False
6.9054 	EXP 	unnamed TextStim: autoDraw = False
6.9054 	EXP 	unnamed TextStim: autoDraw = False
6.9054 	EXP 	unnamed TextStim: autoDraw = False
6.9054 	EXP 	unnamed TextStim: autoDraw = False
6.9054 	EXP 	unnamed TextStim: autoDraw = False
6.9054 	EXP 	unnamed TextStim: autoDraw = False
7.9074 	INFO 	using sysFont Arial
7.9087 	EXP 	Created unnamed TextStim = TextStim(__class__=<class 'psychopy.visual.text.TextStim'>, alignHoriz='center', alignVert='center', antialias=True, autoLog=True, bold=False, color='black', colorSpace='named', contrast=1.0, depth=0, flipHoriz=False, flipVert=False, font='Arial', fontFiles=[], height=32, italic=False, name='unnamed TextStim', opacity=1.0, ori=0.0, pos=array([0., 0.]), rgb=array([0., 0., 0.]), text='Po treningu', units='pix', win=Window(...), wrapWidth=1920)
8.6949 	INFO 	using sysFont 
8.6958 	EXP 	Created unnamed TextStim = TextStim(__class__=<class 'psychopy.visual.text.TextStim'>, alignHoriz='center', alignVert='center', antialias=True, autoLog=True, bold=False, color='black', colorSpace='named', contrast=1.0, depth=0, flipHoriz=False, flipVert=False, font='', fontFiles=[], height=32, italic=False, name='unnamed TextStim', opacity=1.0, ori=0.0, pos=array([-74.,   0.]), rgb=array([0., 0., 0.]), text='QN', units='pix', win=Window(...), wrapWidth=500)
8.6963 	INFO 	using sysFont 
8.6971 	EXP 	Created unnamed TextStim = TextStim(__class__=<class 'psychopy.visual.text.TextStim'>, alignHoriz='center', alignVert='center', antialias=True, autoLog=True, bold=False, color='black', colorSpace='named', contrast=1.0, depth=0, flipHoriz=False, flipVert=False, font='', fontFiles=[], height=32, italic=False, name='unnamed TextStim', opacity=1.0, ori=0.0, pos=array([0., 0.]), rgb=array([0., 0., 0.]), text='HQ', units='pix', win=Window(...), wrapWidth=500)
8.6976 	INFO 	using sysFont 
8.6984 	EXP 	Created unnamed TextStim = TextStim(__class__=<class 'psychopy.visual.text.TextStim'>, alignHoriz='center', alignVert='center', antialias=True, autoLog=True, bold=False, color='black', colorSpace='named', contrast=1.0, depth=0, flipHoriz=False, flipVert=False, font='', fontFiles=[], height=32, italic=False, name='unnamed TextStim', opacity=1.0, ori=0.0, pos=array([74.,  0.]), rgb=array([0., 0., 0.]), text='FN', units='pix', win=Window(...), wrapWidth=500)
8.6989 	INFO 	using sysFont 
8.6997 	EXP 	Created unnamed TextStim = TextStim(__class__=<class 'psychopy.visual.text.TextStim'>, alignHoriz='center', alignVert='center', antialias=True, autoLog=True, bold=False, color='black', colorSpace='named', contrast=1.0, depth=0, flipHoriz=False, flipVert=False, font='', fontFiles=[], height=32, italic=False, name='unnamed TextStim', opacity=1.0, ori=0.0, pos=array([-74.        ,  49.33333333]), rgb=array([0., 0., 0.]), text='CL', units='pix', win=Window(...), wrapWidth=500)
8.7002 	INFO 	using sysFont 
8.7010 	EXP 	Created unnamed TextStim = TextStim(__class__=<class 'psychopy.visual.text.TextStim'>, alignHoriz='center', alignVert='center', antialias=True, autoLog=True, bold=False, color='black', colorSpace='named', contrast=1.0, depth=0, flipHoriz=False, flipVert=False, font='', fontFiles=[], height=32, italic=False, name='unnamed TextStim', opacity=1.0, ori=0.0, pos=array([ 0.        , 49.33333333]), rgb=array([0., 0., 0.]), text='GL', units='pix', win=Window(...), wrapWidth=500)
8.7015 	INFO 	using sysFont 
8.7024 	EXP 	Created unnamed TextStim = TextStim(__class__=<class 'psychopy.visual.text.TextStim'>, alignHoriz='center', alignVert='center', antialias=True, autoLog=True, bold=False, color='black', colorSpace='named', contrast=1.0, depth=0, flipHoriz=False, flipVert=False, font='', fontFiles=[], height=32, italic=False, name='unnamed TextStim', opacity=1.0, ori=0.0, pos=array([74.        , 49.33333333]), rgb=array([0., 0., 0.]), text='QN', units='pix', win=Window(...), wrapWidth=500)
8.7029 	INFO 	using sysFont 
8.7037 	EXP 	Created unnamed TextStim = TextStim(__class__=<class 'psychopy.visual.text.TextStim'>, alignHoriz='center', alignVert='center', antialias=True, autoLog=True, bold=False, color='black', colorSpace='named', contrast=1.0, depth=0, flipHoriz=False, flipVert=False, font='', fontFiles=[], height=32, italic=False, name='unnamed TextStim', opacity=1.0, ori=0.0, pos=array([-74.        ,  98.66666667]), rgb=array([0., 0., 0.]), text='JL', units='pix', win=Window(...), wrapWidth=500)
8.7042 	INFO 	using sysFont 
8.7050 	EXP 	Created unnamed TextStim = TextStim(__class__=<class 'psychopy.visual.text.TextStim'>, alignHoriz='center', alignVert='center', antialias=True, autoLog=True, bold=False, color='black', colorSpace='named', contrast=1.0, depth=0, flipHoriz=False, flipVert=False, font='', fontFiles=[], height=32, italic=False, name='unnamed TextStim', opacity=1.0, ori=0.0, pos=array([ 0.        , 98.66666667]), rgb=array([0., 0., 0.]), text='AQ', units='pix', win=Window(...), wrapWidth=500)
8.7055 	INFO 	using sysFont 
8.7063 	EXP 	Created unnamed TextStim = TextStim(__class__=<class 'psychopy.visual.text.TextStim'>, alignHoriz='center', alignVert='center', antialias=True, autoLog=True, bold=False, color='black', colorSpace='named', contrast=1.0, depth=0, flipHoriz=False, flipVert=False, font='', fontFiles=[], height=32, italic=False, name='unnamed TextStim', opacity=1.0, ori=0.0, pos=array([74.        , 98.66666667]), rgb=array([0., 0., 0.]), text='LL', units='pix', win=Window(...), wrapWidth=500)
8.7097 	EXP 	unnamed TextStim: autoDraw = True
8.7097 	EXP 	unnamed TextStim: autoDraw = True
8.7097 	EXP 	unnamed TextStim: autoDraw = True
8.7097 	EXP 	unnamed TextStim: autoDraw = True
8.7097 	EXP 	unnamed TextStim: autoDraw = True
8.7097 	EXP 	unnamed TextStim: autoDraw = True
8.7097 	EXP 	unnamed TextStim: autoDraw = True
8.7097 	EXP 	unnamed TextStim: autoDraw = True
8.7097 	EXP 	unnamed TextStim: autoDraw = True
8.7097 	EXP 	unnamed TextStim: autoDraw = True
9.6892 	EXP 	unnamed TextStim: autoDraw = False
9.6892 	EXP 	unnamed TextStim: autoDraw = False
9.6892 	EXP 	unnamed TextStim: autoDraw = False
9.6892 	EXP 	unnamed TextStim: autoDraw = False
9.6892 	EXP 	unnamed TextStim: autoDraw = False
9.6892 	EXP 	unnamed TextStim: autoDraw = False
9.6892 	EXP 	unnamed TextStim: autoDraw = False
9.6892 	EXP 	unnamed TextStim: autoDraw = False
9.6892 	EXP 	unnamed TextStim: autoDraw = False
9.6892 	EXP 	unnamed TextStim: autoDraw = False
10.6938 	INFO 	using sysFont 
10.6947 	EXP 	Created unnamed TextStim = TextStim(__class__=<class 'psychopy.visual.text.TextStim'>, alignHoriz='center', alignVert='center', antialias=True, autoLog=True, bold=False, color='black', colorSpace='named', contrast=1.0, depth=0, flipHoriz=False, flipVert=False, font='', fontFiles=[], height=32, italic=False, name='unnamed TextStim', opacity=1.0, ori=0.0, pos=array([-74.,   0.]), rgb=array([0., 0., 0.]), text='TW', units='pix', win=Window(...), wrapWidth=500)
10.6952 	INFO 	using sysFont 
10.6960 	EXP 	Created unnamed TextStim = TextStim(__class__=<class 'psychopy.visual.text.TextStim'>, alignHoriz='center', alignVert='center', antialias=True, autoLog=True, bold=False, color='black', colorSpace='named', contrast=1.0, depth=0, flipHoriz=False, flipVert=False, font='', fontFiles=[], height=32, italic=False, name='unnamed TextStim', opacity=1.0, ori=0.0, pos=array([0., 0.]), rgb=array([0., 0., 0.]), text='UA', units='pix', win=Window(...), wrapWidth=500)
10.6965 	INFO 	using sysFont 
10.6973 	EXP 	Created unnamed TextStim = TextStim(__class__=<class 'psychopy.visual.text.TextStim'>, alignHoriz='center', alignVert='center', antialias=True, autoLog=True, bold=False, color='black', colorSpace='named', contrast=1.0, depth=0, flipHoriz=False, flipVert=False, font='', fontFiles=[], height=32, italic=False, name='unnamed TextStim', opacity=1.0, ori=0.0, pos=array([74.,  0.]), rgb=array([0., 0., 0.]), text='BW', units='pix', win=Window(...), wrapWidth=500)
10.6978 	INFO 	using sysFont 
10.6987 	EXP 	Created unnamed TextStim = TextStim(__class__=<class 'psychopy.visual.text.TextStim'>, alignHoriz='center', alignVert='center', antialias=True, autoLog=True, bold=False, color='black', colorSpace='named', contrast=1.0, depth=0, flipHoriz=False, flipVert=False, font='', fontFiles=[], height=32, italic=False, name='unnamed TextStim', opacity=1.0, ori=0.0, pos=array([-74.        ,  49.33333333]), rgb=array([0., 0., 0.]), text='LW', units='pix', win=Window(...), wrapWidth=500)
10.6992 	INFO 	using sysFont 
10.7000 	EXP 	Created unnamed TextStim = TextStim(__class__=<class 'psychopy.visual.text.TextStim'>, alignHoriz='center', alignVert='center', antialias=True, autoLog=True, bold=False, color='black', colorSpace='named', contrast=1.0, depth=0, flipHoriz=False, flipVert=False, font='', fontFiles=[], height=32, italic=False, name='unnamed TextStim', opacity=1.0, ori=0.0, pos=array([ 0.        , 49.33333333]), rgb=array([0., 0., 0.]), text='TJ', units='pix', win=Window(...), wrapWidth=500)
10.7005 	INFO 	using sysFont 
10.7013 	EXP 	Created unnamed TextStim = TextStim(__class__=<class 'psychopy.visual.text.TextStim'>, alignHoriz='center', alignVert='center', antialias=True, autoLog=True, bold=False, color='black', colorSpace='named', contrast=1.0, depth=0, flipHoriz=False, flipVert=False, font='', fontFiles=[], height=32, italic=False, name='unnamed TextStim', opacity=1.0, ori=0.0, pos=array([74.        , 49.33333333]), rgb=array([0., 0., 0.]), text='NJ', units='pix', win=Window(...), wrapWidth=500)
10.7018 	INFO 	using sysFont 
10.7026 	EXP 	Created unnamed TextStim = TextStim(__class__=<class 'psychopy.visual.text.TextStim'>, alignHoriz='center', alignVert='center', antialias=True, autoLog=True, bold=False, color='black', colorSpace='named', contrast=1.0, depth=0, flipHoriz=False, flipVert=False, font='', fontFiles=[], height=32, italic=False, name='unnamed TextStim', opacity=1.0, ori=0.0, pos=array([-74.        ,  98.66666667]), rgb=array([0., 0., 0.]), text='AJ', units='pix', win=Window(...), wrapWidth=500)
10.7031 	INFO 	using sysFont 
10.7039 	EXP 	Created unnamed TextStim = TextStim(__class__=<class 'psychopy.visual.text.TextStim'>, alignHoriz='center', alignVert='center', antialias=True, autoLog=True, bold=False, color='black', colorSpace='named', contrast=1.0, depth=0, flipHoriz=False, flipVert=False, font='', fontFiles=[], height=32, italic=False, name='unnamed TextStim', opacity=1.0, ori=0.0, pos=array([ 0.        , 98.66666667]), rgb=array([0., 0., 0.]), text='ZC', units='pix', win=Window(...), wrapWidth=500)
10.7044 	INFO 	using sysFont 
10.7052 	EXP 	Created unnamed TextStim = TextStim(__class__=<class 'psychopy.visual.text.TextStim'>, alignHoriz='center', alignVert='center', antialias=True, autoLog=True, bold=False, color='black', colorSpace='named', contrast=1.0, depth=0, flipHoriz=False, flipVert=False, font='', fontFiles=[], height=32, italic=False, name='unnamed TextStim', opacity=1.0, ori=0.0, pos=array([74.        , 98.66666667]), rgb=array([0., 0., 0.]), text='GJ', units='pix', win=Window(...), wrapWidth=500)
10.7097 	EXP 	unnamed TextStim: autoDraw = True
10.7097 	EXP 	unnamed TextStim: autoDraw = True
10.7097 	EXP 	unnamed TextStim: autoDraw = True
10.7097 	EXP 	unnamed TextStim: autoDraw = True
10.7097 	EXP 	unnamed TextStim: autoDraw = True
10.7097 	EXP 	unnamed TextStim: autoDraw = True
10.7097 	EXP 	unnamed TextStim: autoDraw = True
10.7097 	EXP 	unnamed TextStim: autoDraw = True
10.7097 	EXP 	unnamed TextStim: autoDraw = True
10.7097 	EXP 	unnamed TextStim: autoDraw = True
11.4720 	EXP 	unnamed TextStim: autoDraw = False
11.4720 	EXP 	unnamed TextStim: autoDraw = False
11.4720 	EXP 	unnamed TextStim: autoDraw = False
11.4720 	EXP 	unnamed TextStim: autoDraw = False
11.4720 	EXP 	unnamed TextStim: autoDraw = False
11.4720 	EXP 	unnamed TextStim: autoDraw = False
11.4720 	EXP 	unnamed TextStim: autoDraw = False
11.4720 	EXP 	unnamed TextStim: autoDraw = False
11.4720 	EXP 	unnamed TextStim: autoDraw = False
11.4720 	EXP 	unnamed TextStim: autoDraw = False
12.4770 	INFO 	using sysFont 
12.4780 	EXP 	Created unnamed TextStim = TextStim(__class__=<class 'psychopy.visual.text.TextStim'>, alignHoriz='center', alignVert='center', antialias=True, autoLog=True, bold=False, color='black', colorSpace='named', contrast=1.0, depth=0, flipHoriz=False, flipVert=False, font='', fontFiles=[], height=32, italic=False, name='unnamed TextStim', opacity=1.0, ori=0.0, pos=array([-74.,   0.]), rgb=array([0., 0., 0.]), text='MS', units='pix', win=Window(...), wrapWidth=500)
12.4785 	INFO 	using sysFont 
12.4793 	EXP 	Created unnamed TextStim = TextStim(__class__=<class 'psychopy.visual.text.TextStim'>, alignHoriz='center', alignVert='center', antialias=True, autoLog=True, bold=False, color='black', colorSpace='named', contrast=1.0, depth=0, flipHoriz=False, flipVert=False, font='', fontFiles=[], height=32, italic=False, name='unnamed TextStim', opacity=1.0, ori=0.0, pos=array([0., 0.]), rgb=array([0., 0., 0.]), text='PB', units='pix', win=Window(...), wrapWidth=500)
12.4798 	INFO 	using sysFont 
12.4807 	EXP 	Created unnamed TextStim = TextStim(__class__=<class 'psychopy.visual.text.TextStim'>, alignHoriz='center', alignVert='center', antialias=True, autoLog=True, bold=False, color='black', colorSpace='named', contrast=1.0, depth=0, flipHoriz=False, flipVert=False, font='', fontFiles=[], height=32, italic=False, name='unnamed TextStim', opacity=1.0, ori=0.0, pos=array([74.,  0.]), rgb=array([0., 0., 0.]), text='OB', units='pix', win=Window(...), wrapWidth=500)
12.4812 	INFO 	using sysFont 
12.4820 	EXP 	Created unnamed TextStim = TextStim(__class__=<class 'psychopy.visual.text.TextStim'>, alignHoriz='center', alignVert='center', antialias=True, autoLog=True, bold=False, color='black', colorSpace='named', contrast=1.0, depth=0, flipHoriz=False, flipVert=False, font='', fontFiles=[], height=32, italic=False, name='unnamed TextStim', opacity=1.0, ori=0.0, pos=array([-74.        ,  49.33333333]), rgb=array([0., 0., 0.]), text='VL', units='pix', win=Window(...), wrapWidth=500)
12.4825 	INFO 	using sysFont 
12.4833 	EXP 	Created unnamed TextStim = TextStim(__class__=<class 'psychopy.visual.text.TextStim'>, alignHoriz='center', alignVert='center', antialias=True, autoLog=True, bold=False, color='black', colorSpace='named', contrast=1.0, depth=0, flipHoriz=False, flipVert=False, font='', fontFiles=[], height=32, italic=False, name='unnamed TextStim', opacity=1.0, ori=0.0, pos=array([ 0.        , 49.33333333]), rgb=array([0., 0., 0.]), text='TB', units='pix', win=Window(...), wrapWidth=500)
12.4839 	INFO 	using sysFont 
12.4846 	EXP 	Created unnamed TextStim = TextStim(__class__=<class 'psychopy.visual.text.TextStim'>, alignHoriz='center', alignVert='center', antialias=True, autoLog=True, bold=False, color='black', colorSpace='named', contrast=1.0, depth=0, flipHoriz=False, flipVert=False, font='', fontFiles=[], height=32, italic=False, name='unnamed TextStim', opacity=1.0, ori=0.0, pos=array([74.        , 49.33333333]), rgb=array([0., 0., 0.]), text='HL', units='pix', win=Window(...), wrapWidth=500)
12.4852 	INFO 	using sysFont 
12.4860 	EXP 	Created unnamed TextStim = TextStim(__class__=<class 'psychopy.visual.text.TextStim'>, alignHoriz='center', alignVert='center', antialias=True, autoLog=True, bold=False, color='black', colorSpace='named', contrast=1.0, depth=0, flipHoriz=False, flipVert=False, font='', fontFiles=[], height=32, italic=False, name='unnamed TextStim', opacity=1.0, ori=0.0, pos=array([-74.        ,  98.66666667]), rgb=array([0., 0., 0.]), text='JL', units='pix', win=Window(...), wrapWidth=500)
12.4865 	INFO 	using sysFont 
12.4873 	EXP 	Created unnamed TextStim = TextStim(__class__=<class 'psychopy.visual.text.TextStim'>, alignHoriz='center', alignVert='center', antialias=True, autoLog=True, bold=False, color='black', colorSpace='named', contrast=1.0, depth=0, flipHoriz=False, flipVert=False, font='', fontFiles=[], height=32, italic=False, name='unnamed TextStim', opacity=1.0, ori=0.0, pos=array([ 0.        , 98.66666667]), rgb=array([0., 0., 0.]), text='VG', units='pix', win=Window(...), wrapWidth=500)
12.4878 	INFO 	using sysFont 
12.4886 	EXP 	Created unnamed TextStim = TextStim(__class__=<class 'psychopy.visual.text.TextStim'>, alignHoriz='center', alignVert='center', antialias=True, autoLog=True, bold=False, color='black', colorSpace='named', contrast=1.0, depth=0, flipHoriz=False, flipVert=False, font='', fontFiles=[], height=32, italic=False, name='unnamed TextStim', opacity=1.0, ori=0.0, pos=array([74.        , 98.66666667]), rgb=array([0., 0., 0.]), text='CB', units='pix', win=Window(...), wrapWidth=500)
12.4928 	EXP 	unnamed TextStim: autoDraw = True
12.4928 	EXP 	unnamed TextStim: autoDraw = True
12.4928 	EXP 	unnamed TextStim: autoDraw = True
12.4928 	EXP 	unnamed TextStim: autoDraw = True
12.4928 	EXP 	unnamed TextStim: autoDraw = True
12.4928 	EXP 	unnamed TextStim: autoDraw = True
12.4928 	EXP 	unnamed TextStim: autoDraw = True
12.4928 	EXP 	unnamed TextStim: autoDraw = True
12.4928 	EXP 	unnamed TextStim: autoDraw = True
12.4928 	EXP 	unnamed TextStim: autoDraw = True
13.1551 	EXP 	unnamed TextStim: autoDraw = False
13.1551 	EXP 	unnamed TextStim: autoDraw = False
13.1551 	EXP 	unnamed TextStim: autoDraw = False
13.1551 	EXP 	unnamed TextStim: autoDraw = False
13.1551 	EXP 	unnamed TextStim: autoDraw = False
13.1551 	EXP 	unnamed TextStim: autoDraw = False
13.1551 	EXP 	unnamed TextStim: autoDraw = False
13.1551 	EXP 	unnamed TextStim: autoDraw = False
13.1551 	EXP 	unnamed TextStim: autoDraw = False
13.1551 	EXP 	unnamed TextStim: autoDraw = False
14.1601 	INFO 	using sysFont 
14.1611 	EXP 	Created unnamed TextStim = TextStim(__class__=<class 'psychopy.visual.text.TextStim'>, alignHoriz='center', alignVert='center', antialias=True, autoLog=True, bold=False, color='black', colorSpace='named', contrast=1.0, depth=0, flipHoriz=False, flipVert=False, font='', fontFiles=[], height=32, italic=False, name='unnamed TextStim', opacity=1.0, ori=0.0, pos=array([-74.,   0.]), rgb=array([0., 0., 0.]), text='RI', units='pix', win=Window(...), wrapWidth=500)
14.1616 	INFO 	using sysFont 
14.1624 	EXP 	Created unnamed TextStim = TextStim(__class__=<class 'psychopy.visual.text.TextStim'>, alignHoriz='center', alignVert='center', antialias=True, autoLog=True, bold=False, color='black', colorSpace='named', contrast=1.0, depth=0, flipHoriz=False, flipVert=False, font='', fontFiles=[], height=32, italic=False, name='unnamed TextStim', opacity=1.0, ori=0.0, pos=array([0., 0.]), rgb=array([0., 0., 0.]), text='OJ', units='pix', win=Window(...), wrapWidth=500)
14.1629 	INFO 	using sysFont 
14.1637 	EXP 	Created unnamed TextStim = TextStim(__class__=<class 'psychopy.visual.text.TextStim'>, alignHoriz='center', alignVert='center', antialias=True, autoLog=True, bold=False, color='black', colorSpace='named', contrast=1.0, depth=0, flipHoriz=False, flipVert=False, font='', fontFiles=[], height=32, italic=False, name='unnamed TextStim', opacity=1.0, ori=0.0, pos=array([74.,  0.]), rgb=array([0., 0., 0.]), text='QI', units='pix', win=Window(...), wrapWidth=500)
14.1642 	INFO 	using sysFont 
14.1650 	EXP 	Created unnamed TextStim = TextStim(__class__=<class 'psychopy.visual.text.TextStim'>, alignHoriz='center', alignVert='center', antialias=True, autoLog=True, bold=False, color='black', colorSpace='named', contrast=1.0, depth=0, flipHoriz=False, flipVert=False, font='', fontFiles=[], height=32, italic=False, name='unnamed TextStim', opacity=1.0, ori=0.0, pos=array([-74.        ,  49.33333333]), rgb=array([0., 0., 0.]), text='IA', units='pix', win=Window(...), wrapWidth=500)
14.1655 	INFO 	using sysFont 
14.1664 	EXP 	Created unnamed TextStim = TextStim(__class__=<class 'psychopy.visual.text.TextStim'>, alignHoriz='center', alignVert='center', antialias=True, autoLog=True, bold=False, color='black', colorSpace='named', contrast=1.0, depth=0, flipHoriz=False, flipVert=False, font='', fontFiles=[], height=32, italic=False, name='unnamed TextStim', opacity=1.0, ori=0.0, pos=array([ 0.        , 49.33333333]), rgb=array([0., 0., 0.]), text='OA', units='pix', win=Window(...), wrapWidth=500)
14.1668 	INFO 	using sysFont 
14.1677 	EXP 	Created unnamed TextStim = TextStim(__class__=<class 'psychopy.visual.text.TextStim'>, alignHoriz='center', alignVert='center', antialias=True, autoLog=True, bold=False, color='black', colorSpace='named', contrast=1.0, depth=0, flipHoriz=False, flipVert=False, font='', fontFiles=[], height=32, italic=False, name='unnamed TextStim', opacity=1.0, ori=0.0, pos=array([74.        , 49.33333333]), rgb=array([0., 0., 0.]), text='IK', units='pix', win=Window(...), wrapWidth=500)
14.1682 	INFO 	using sysFont 
14.1690 	EXP 	Created unnamed TextStim = TextStim(__class__=<class 'psychopy.visual.text.TextStim'>, alignHoriz='center', alignVert='center', antialias=True, autoLog=True, bold=False, color='black', colorSpace='named', contrast=1.0, depth=0, flipHoriz=False, flipVert=False, font='', fontFiles=[], height=32, italic=False, name='unnamed TextStim', opacity=1.0, ori=0.0, pos=array([-74.        ,  98.66666667]), rgb=array([0., 0., 0.]), text='IA', units='pix', win=Window(...), wrapWidth=500)
14.1695 	INFO 	using sysFont 
14.1703 	EXP 	Created unnamed TextStim = TextStim(__class__=<class 'psychopy.visual.text.TextStim'>, alignHoriz='center', alignVert='center', antialias=True, autoLog=True, bold=False, color='black', colorSpace='named', contrast=1.0, depth=0, flipHoriz=False, flipVert=False, font='', fontFiles=[], height=32, italic=False, name='unnamed TextStim', opacity=1.0, ori=0.0, pos=array([ 0.        , 98.66666667]), rgb=array([0., 0., 0.]), text='NA', units='pix', win=Window(...), wrapWidth=500)
14.1708 	INFO 	using sysFont 
14.1716 	EXP 	Created unnamed TextStim = TextStim(__class__=<class 'psychopy.visual.text.TextStim'>, alignHoriz='center', alignVert='center', antialias=True, autoLog=True, bold=False, color='black', colorSpace='named', contrast=1.0, depth=0, flipHoriz=False, flipVert=False, font='', fontFiles=[], height=32, italic=False, name='unnamed TextStim', opacity=1.0, ori=0.0, pos=array([74.        , 98.66666667]), rgb=array([0., 0., 0.]), text='CK', units='pix', win=Window(...), wrapWidth=500)
14.1755 	EXP 	unnamed TextStim: autoDraw = True
14.1755 	EXP 	unnamed TextStim: autoDraw = True
14.1755 	EXP 	unnamed TextStim: autoDraw = True
14.1755 	EXP 	unnamed TextStim: autoDraw = True
14.1755 	EXP 	unnamed TextStim: autoDraw = True
14.1755 	EXP 	unnamed TextStim: autoDraw = True
14.1755 	EXP 	unnamed TextStim: autoDraw = True
14.1755 	EXP 	unnamed TextStim: autoDraw = True
14.1755 	EXP 	unnamed TextStim: autoDraw = True
14.1755 	EXP 	unnamed TextStim: autoDraw = True
14.5880 	EXP 	unnamed TextStim: autoDraw = False
14.5880 	EXP 	unnamed TextStim: autoDraw = False
14.5880 	EXP 	unnamed TextStim: autoDraw = False
14.5880 	EXP 	unnamed TextStim: autoDraw = False
14.5880 	EXP 	unnamed TextStim: autoDraw = False
14.5880 	EXP 	unnamed TextStim: autoDraw = False
14.5880 	EXP 	unnamed TextStim: autoDraw = False
14.5880 	EXP 	unnamed TextStim: autoDraw = False
14.5880 	EXP 	unnamed TextStim: autoDraw = False
14.5880 	EXP 	unnamed TextStim: autoDraw = False
15.5974 	INFO 	using sysFont 
15.5983 	EXP 	Created unnamed TextStim = TextStim(__class__=<class 'psychopy.visual.text.TextStim'>, alignHoriz='center', alignVert='center', antialias=True, autoLog=True, bold=False, color='black', colorSpace='named', contrast=1.0, depth=0, flipHoriz=False, flipVert=False, font='', fontFiles=[], height=32, italic=False, name='unnamed TextStim', opacity=1.0, ori=0.0, pos=array([-74.,   0.]), rgb=array([0., 0., 0.]), text='HA', units='pix', win=Window(...), wrapWidth=500)
15.5988 	INFO 	using sysFont 
15.5996 	EXP 	Created unnamed TextStim = TextStim(__class__=<class 'psychopy.visual.text.TextStim'>, alignHoriz='center', alignVert='center', antialias=True, autoLog=True, bold=False, color='black', colorSpace='named', contrast=1.0, depth=0, flipHoriz=False, flipVert=False, font='', fontFiles=[], height=32, italic=False, name='unnamed TextStim', opacity=1.0, ori=0.0, pos=array([0., 0.]), rgb=array([0., 0., 0.]), text='TH', units='pix', win=Window(...), wrapWidth=500)
15.6001 	INFO 	using sysFont 
15.6009 	EXP 	Created unnamed TextStim = TextStim(__class__=<class 'psychopy.visual.text.TextStim'>, alignHoriz='center', alignVert='center', antialias=True, autoLog=True, bold=False, color='black', colorSpace='named', contrast=1.0, depth=0, flipHoriz=False, flipVert=False, font='', fontFiles=[], height=32, italic=False, name='unnamed TextStim', opacity=1.0, ori=0.0, pos=array([74.,  0.]), rgb=array([0., 0., 0.]), text='VH', units='pix', win=Window(...), wrapWidth=500)
15.6014 	INFO 	using sysFont 
15.6023 	EXP 	Created unnamed TextStim = TextStim(__class__=<class 'psychopy.visual.text.TextStim'>, alignHoriz='center', alignVert='center', antialias=True, autoLog=True, bold=False, color='black', colorSpace='named', contrast=1.0, depth=0, flipHoriz=False, flipVert=False, font='', fontFiles=[], height=32, italic=False, name='unnamed TextStim', opacity=1.0, ori=0.0, pos=array([-74.        ,  49.33333333]), rgb=array([0., 0., 0.]), text='EO', units='pix', win=Window(...), wrapWidth=500)
15.6028 	INFO 	using sysFont 
15.6036 	EXP 	Created unnamed TextStim = TextStim(__class__=<class 'psychopy.visual.text.TextStim'>, alignHoriz='center', alignVert='center', antialias=True, autoLog=True, bold=False, color='black', colorSpace='named', contrast=1.0, depth=0, flipHoriz=False, flipVert=False, font='', fontFiles=[], height=32, italic=False, name='unnamed TextStim', opacity=1.0, ori=0.0, pos=array([ 0.        , 49.33333333]), rgb=array([0., 0., 0.]), text='AH', units='pix', win=Window(...), wrapWidth=500)
15.6041 	INFO 	using sysFont 
15.6049 	EXP 	Created unnamed TextStim = TextStim(__class__=<class 'psychopy.visual.text.TextStim'>, alignHoriz='center', alignVert='center', antialias=True, autoLog=True, bold=False, color='black', colorSpace='named', contrast=1.0, depth=0, flipHoriz=False, flipVert=False, font='', fontFiles=[], height=32, italic=False, name='unnamed TextStim', opacity=1.0, ori=0.0, pos=array([74.        , 49.33333333]), rgb=array([0., 0., 0.]), text='KH', units='pix', win=Window(...), wrapWidth=500)
15.6054 	INFO 	using sysFont 
15.6062 	EXP 	Created unnamed TextStim = TextStim(__class__=<class 'psychopy.visual.text.TextStim'>, alignHoriz='center', alignVert='center', antialias=True, autoLog=True, bold=False, color='black', colorSpace='named', contrast=1.0, depth=0, flipHoriz=False, flipVert=False, font='', fontFiles=[], height=32, italic=False, name='unnamed TextStim', opacity=1.0, ori=0.0, pos=array([-74.        ,  98.66666667]), rgb=array([0., 0., 0.]), text='GS', units='pix', win=Window(...), wrapWidth=500)
15.6067 	INFO 	using sysFont 
15.6076 	EXP 	Created unnamed TextStim = TextStim(__class__=<class 'psychopy.visual.text.TextStim'>, alignHoriz='center', alignVert='center', antialias=True, autoLog=True, bold=False, color='black', colorSpace='named', contrast=1.0, depth=0, flipHoriz=False, flipVert=False, font='', fontFiles=[], height=32, italic=False, name='unnamed TextStim', opacity=1.0, ori=0.0, pos=array([ 0.        , 98.66666667]), rgb=array([0., 0., 0.]), text='PS', units='pix', win=Window(...), wrapWidth=500)
15.6081 	INFO 	using sysFont 
15.6089 	EXP 	Created unnamed TextStim = TextStim(__class__=<class 'psychopy.visual.text.TextStim'>, alignHoriz='center', alignVert='center', antialias=True, autoLog=True, bold=False, color='black', colorSpace='named', contrast=1.0, depth=0, flipHoriz=False, flipVert=False, font='', fontFiles=[], height=32, italic=False, name='unnamed TextStim', opacity=1.0, ori=0.0, pos=array([74.        , 98.66666667]), rgb=array([0., 0., 0.]), text='IH', units='pix', win=Window(...), wrapWidth=500)
15.6129 	EXP 	unnamed TextStim: autoDraw = True
15.6129 	EXP 	unnamed TextStim: autoDraw = True
15.6129 	EXP 	unnamed TextStim: autoDraw = True
15.6129 	EXP 	unnamed TextStim: autoDraw = True
15.6129 	EXP 	unnamed TextStim: autoDraw = True
15.6129 	EXP 	unnamed TextStim: autoDraw = True
15.6129 	EXP 	unnamed TextStim: autoDraw = True
15.6129 	EXP 	unnamed TextStim: autoDraw = True
15.6129 	EXP 	unnamed TextStim: autoDraw = True
15.6129 	EXP 	unnamed TextStim: autoDraw = True
19.1372 	EXP 	unnamed TextStim: autoDraw = False
19.1372 	EXP 	unnamed TextStim: autoDraw = False
19.1372 	EXP 	unnamed TextStim: autoDraw = False
19.1372 	EXP 	unnamed TextStim: autoDraw = False
19.1372 	EXP 	unnamed TextStim: autoDraw = False
19.1372 	EXP 	unnamed TextStim: autoDraw = False
19.1372 	EXP 	unnamed TextStim: autoDraw = False
19.1372 	EXP 	unnamed TextStim: autoDraw = False
19.1372 	EXP 	unnamed TextStim: autoDraw = False
19.1372 	EXP 	unnamed TextStim: autoDraw = False
20.1428 	INFO 	using sysFont Arial
20.1440 	EXP 	Created unnamed TextStim = TextStim(__class__=<class 'psychopy.visual.text.TextStim'>, alignHoriz='center', alignVert='center', antialias=True, autoLog=True, bold=False, color='black', colorSpace='named', contrast=1.0, depth=0, flipHoriz=False, flipVert=False, font='Arial', fontFiles=[], height=32, italic=False, name='unnamed TextStim', opacity=1.0, ori=0.0, pos=array([0., 0.]), rgb=array([0., 0., 0.]), text='end', units='pix', win=Window(...), wrapWidth=1920)
