2.3859 	INFO 	Screen res set as: 1920x1080
2.3869 	INFO 	Loaded monitor calibration from ['2018_09_18 09:28']
2.8945 	EXP 	Created window1 = Window(allowGUI=True, allowStencil=False, args=UNKNOWN, autoLog=True, bitsMode=UNKNOWN, blendMode='avg', color='Gainsboro', colorSpace='named', fullscr=UNKNOWN, gamma=None, kwargs=UNKNOWN, lms=UNKNOWN, monitor=<psychopy.monitors.calibTools.Monitor object at 0x7ffb4c564f28>, multiSample=False, name='window1', numSamples=2, pos=None, screen=0, size=array([1920, 1080]), stereo=False, units='pix', useFBO=False, useRetina=False, viewOri=0.0, viewPos=None, viewScale=None, waitBlanking=True, winType='pygame')
2.8946 	INFO 	Detected framerate: 30 frames per sec.
2.8946 	INFO 	Mouse: using default window
2.9342 	INFO 	using sysFont Arial
2.9382 	EXP 	Created unnamed TextStim = TextStim(__class__=<class 'psychopy.visual.text.TextStim'>, alignHoriz='center', alignVert='center', antialias=True, autoLog=True, bold=False, color='black', colorSpace='named', contrast=1.0, depth=0, flipHoriz=False, flipVert=False, font='Arial', fontFiles=[], height=32, italic=False, name='unnamed TextStim', opacity=1.0, ori=0.0, pos=array([   0., -300.]), rgb=array([0., 0., 0.]), text=str(...), units='pix', win=Window(...), wrapWidth=1920)
2.9991 	EXP 	Created unnamed ImageStim = ImageStim(__class__=<class 'psychopy.visual.image.ImageStim'>, autoLog=True, color=array([1., 1., 1.]), colorSpace='rgb', contrast=1.0, depth=0, flipHoriz=False, flipVert=False, image='images/clock.png', interpolate=True, mask=None, maskParams=None, name='unnamed ImageStim', opacity=1.0, ori=0.0, pos=array([600., 400.]), size=array([50., 50.]), texRes=128, units='pix', win=Window(...))
3.0001 	INFO 	using sysFont Arial
3.0011 	EXP 	Created unnamed TextStim = TextStim(__class__=<class 'psychopy.visual.text.TextStim'>, alignHoriz='center', alignVert='center', antialias=True, autoLog=True, bold=False, color='black', colorSpace='named', contrast=1.0, depth=0, flipHoriz=False, flipVert=False, font='Arial', fontFiles=[], height=32, italic=False, name='unnamed TextStim', opacity=1.0, ori=0.0, pos=array([0., 0.]), rgb=array([0., 0., 0.]), text='Wstęp', units='pix', win=Window(...), wrapWidth=1920)
3.9645 	INFO 	using sysFont 
3.9654 	EXP 	Created unnamed TextStim = TextStim(__class__=<class 'psychopy.visual.text.TextStim'>, alignHoriz='center', alignVert='center', antialias=True, autoLog=True, bold=False, color='black', colorSpace='named', contrast=1.0, depth=0, flipHoriz=False, flipVert=False, font='', fontFiles=[], height=32, italic=False, name='unnamed TextStim', opacity=1.0, ori=0.0, pos=array([-50.,   0.]), rgb=array([0., 0., 0.]), text='YF', units='pix', win=Window(...), wrapWidth=500)
3.9659 	INFO 	using sysFont 
3.9668 	EXP 	Created unnamed TextStim = TextStim(__class__=<class 'psychopy.visual.text.TextStim'>, alignHoriz='center', alignVert='center', antialias=True, autoLog=True, bold=False, color='black', colorSpace='named', contrast=1.0, depth=0, flipHoriz=False, flipVert=False, font='', fontFiles=[], height=32, italic=False, name='unnamed TextStim', opacity=1.0, ori=0.0, pos=array([0., 0.]), rgb=array([0., 0., 0.]), text='SZ', units='pix', win=Window(...), wrapWidth=500)
3.9673 	INFO 	using sysFont 
3.9682 	EXP 	Created unnamed TextStim = TextStim(__class__=<class 'psychopy.visual.text.TextStim'>, alignHoriz='center', alignVert='center', antialias=True, autoLog=True, bold=False, color='black', colorSpace='named', contrast=1.0, depth=0, flipHoriz=False, flipVert=False, font='', fontFiles=[], height=32, italic=False, name='unnamed TextStim', opacity=1.0, ori=0.0, pos=array([50.,  0.]), rgb=array([0., 0., 0.]), text='OF', units='pix', win=Window(...), wrapWidth=500)
3.9687 	INFO 	using sysFont 
3.9696 	EXP 	Created unnamed TextStim = TextStim(__class__=<class 'psychopy.visual.text.TextStim'>, alignHoriz='center', alignVert='center', antialias=True, autoLog=True, bold=False, color='black', colorSpace='named', contrast=1.0, depth=0, flipHoriz=False, flipVert=False, font='', fontFiles=[], height=32, italic=False, name='unnamed TextStim', opacity=1.0, ori=0.0, pos=array([-50.,  50.]), rgb=array([0., 0., 0.]), text='QJ', units='pix', win=Window(...), wrapWidth=500)
3.9702 	INFO 	using sysFont 
3.9710 	EXP 	Created unnamed TextStim = TextStim(__class__=<class 'psychopy.visual.text.TextStim'>, alignHoriz='center', alignVert='center', antialias=True, autoLog=True, bold=False, color='black', colorSpace='named', contrast=1.0, depth=0, flipHoriz=False, flipVert=False, font='', fontFiles=[], height=32, italic=False, name='unnamed TextStim', opacity=1.0, ori=0.0, pos=array([ 0., 50.]), rgb=array([0., 0., 0.]), text='MJ', units='pix', win=Window(...), wrapWidth=500)
3.9717 	INFO 	using sysFont 
3.9725 	EXP 	Created unnamed TextStim = TextStim(__class__=<class 'psychopy.visual.text.TextStim'>, alignHoriz='center', alignVert='center', antialias=True, autoLog=True, bold=False, color='black', colorSpace='named', contrast=1.0, depth=0, flipHoriz=False, flipVert=False, font='', fontFiles=[], height=32, italic=False, name='unnamed TextStim', opacity=1.0, ori=0.0, pos=array([50., 50.]), rgb=array([0., 0., 0.]), text='HF', units='pix', win=Window(...), wrapWidth=500)
3.9730 	INFO 	using sysFont 
3.9739 	EXP 	Created unnamed TextStim = TextStim(__class__=<class 'psychopy.visual.text.TextStim'>, alignHoriz='center', alignVert='center', antialias=True, autoLog=True, bold=False, color='black', colorSpace='named', contrast=1.0, depth=0, flipHoriz=False, flipVert=False, font='', fontFiles=[], height=32, italic=False, name='unnamed TextStim', opacity=1.0, ori=0.0, pos=array([-50., 100.]), rgb=array([0., 0., 0.]), text='VJ', units='pix', win=Window(...), wrapWidth=500)
3.9745 	INFO 	using sysFont 
3.9753 	EXP 	Created unnamed TextStim = TextStim(__class__=<class 'psychopy.visual.text.TextStim'>, alignHoriz='center', alignVert='center', antialias=True, autoLog=True, bold=False, color='black', colorSpace='named', contrast=1.0, depth=0, flipHoriz=False, flipVert=False, font='', fontFiles=[], height=32, italic=False, name='unnamed TextStim', opacity=1.0, ori=0.0, pos=array([  0., 100.]), rgb=array([0., 0., 0.]), text='JX', units='pix', win=Window(...), wrapWidth=500)
3.9759 	INFO 	using sysFont 
3.9769 	EXP 	Created unnamed TextStim = TextStim(__class__=<class 'psychopy.visual.text.TextStim'>, alignHoriz='center', alignVert='center', antialias=True, autoLog=True, bold=False, color='black', colorSpace='named', contrast=1.0, depth=0, flipHoriz=False, flipVert=False, font='', fontFiles=[], height=32, italic=False, name='unnamed TextStim', opacity=1.0, ori=0.0, pos=array([ 50., 100.]), rgb=array([0., 0., 0.]), text='QJ', units='pix', win=Window(...), wrapWidth=500)
3.9809 	EXP 	unnamed TextStim: autoDraw = True
3.9809 	EXP 	unnamed TextStim: autoDraw = True
3.9809 	EXP 	unnamed TextStim: autoDraw = True
3.9809 	EXP 	unnamed TextStim: autoDraw = True
3.9809 	EXP 	unnamed TextStim: autoDraw = True
3.9809 	EXP 	unnamed TextStim: autoDraw = True
3.9809 	EXP 	unnamed TextStim: autoDraw = True
3.9809 	EXP 	unnamed TextStim: autoDraw = True
3.9809 	EXP 	unnamed TextStim: autoDraw = True
3.9809 	EXP 	unnamed TextStim: autoDraw = True
9.4263 	EXP 	unnamed TextStim: autoDraw = False
9.4263 	EXP 	unnamed TextStim: autoDraw = False
9.4263 	EXP 	unnamed TextStim: autoDraw = False
9.4263 	EXP 	unnamed TextStim: autoDraw = False
9.4263 	EXP 	unnamed TextStim: autoDraw = False
9.4263 	EXP 	unnamed TextStim: autoDraw = False
9.4263 	EXP 	unnamed TextStim: autoDraw = False
9.4263 	EXP 	unnamed TextStim: autoDraw = False
9.4263 	EXP 	unnamed TextStim: autoDraw = False
9.4263 	EXP 	unnamed TextStim: autoDraw = False
10.4311 	INFO 	using sysFont 
10.4320 	EXP 	Created unnamed TextStim = TextStim(__class__=<class 'psychopy.visual.text.TextStim'>, alignHoriz='center', alignVert='center', antialias=True, autoLog=True, bold=False, color='black', colorSpace='named', contrast=1.0, depth=0, flipHoriz=False, flipVert=False, font='', fontFiles=[], height=32, italic=False, name='unnamed TextStim', opacity=1.0, ori=0.0, pos=array([-50.,   0.]), rgb=array([0., 0., 0.]), text='MW', units='pix', win=Window(...), wrapWidth=500)
10.4325 	INFO 	using sysFont 
10.4332 	EXP 	Created unnamed TextStim = TextStim(__class__=<class 'psychopy.visual.text.TextStim'>, alignHoriz='center', alignVert='center', antialias=True, autoLog=True, bold=False, color='black', colorSpace='named', contrast=1.0, depth=0, flipHoriz=False, flipVert=False, font='', fontFiles=[], height=32, italic=False, name='unnamed TextStim', opacity=1.0, ori=0.0, pos=array([0., 0.]), rgb=array([0., 0., 0.]), text='CN', units='pix', win=Window(...), wrapWidth=500)
10.4337 	INFO 	using sysFont 
10.4345 	EXP 	Created unnamed TextStim = TextStim(__class__=<class 'psychopy.visual.text.TextStim'>, alignHoriz='center', alignVert='center', antialias=True, autoLog=True, bold=False, color='black', colorSpace='named', contrast=1.0, depth=0, flipHoriz=False, flipVert=False, font='', fontFiles=[], height=32, italic=False, name='unnamed TextStim', opacity=1.0, ori=0.0, pos=array([50.,  0.]), rgb=array([0., 0., 0.]), text='AN', units='pix', win=Window(...), wrapWidth=500)
10.4350 	INFO 	using sysFont 
10.4358 	EXP 	Created unnamed TextStim = TextStim(__class__=<class 'psychopy.visual.text.TextStim'>, alignHoriz='center', alignVert='center', antialias=True, autoLog=True, bold=False, color='black', colorSpace='named', contrast=1.0, depth=0, flipHoriz=False, flipVert=False, font='', fontFiles=[], height=32, italic=False, name='unnamed TextStim', opacity=1.0, ori=0.0, pos=array([-50.,  50.]), rgb=array([0., 0., 0.]), text='TY', units='pix', win=Window(...), wrapWidth=500)
10.4363 	INFO 	using sysFont 
10.4371 	EXP 	Created unnamed TextStim = TextStim(__class__=<class 'psychopy.visual.text.TextStim'>, alignHoriz='center', alignVert='center', antialias=True, autoLog=True, bold=False, color='black', colorSpace='named', contrast=1.0, depth=0, flipHoriz=False, flipVert=False, font='', fontFiles=[], height=32, italic=False, name='unnamed TextStim', opacity=1.0, ori=0.0, pos=array([ 0., 50.]), rgb=array([0., 0., 0.]), text='JW', units='pix', win=Window(...), wrapWidth=500)
10.4376 	INFO 	using sysFont 
10.4384 	EXP 	Created unnamed TextStim = TextStim(__class__=<class 'psychopy.visual.text.TextStim'>, alignHoriz='center', alignVert='center', antialias=True, autoLog=True, bold=False, color='black', colorSpace='named', contrast=1.0, depth=0, flipHoriz=False, flipVert=False, font='', fontFiles=[], height=32, italic=False, name='unnamed TextStim', opacity=1.0, ori=0.0, pos=array([50., 50.]), rgb=array([0., 0., 0.]), text='IW', units='pix', win=Window(...), wrapWidth=500)
10.4389 	INFO 	using sysFont 
10.4397 	EXP 	Created unnamed TextStim = TextStim(__class__=<class 'psychopy.visual.text.TextStim'>, alignHoriz='center', alignVert='center', antialias=True, autoLog=True, bold=False, color='black', colorSpace='named', contrast=1.0, depth=0, flipHoriz=False, flipVert=False, font='', fontFiles=[], height=32, italic=False, name='unnamed TextStim', opacity=1.0, ori=0.0, pos=array([-50., 100.]), rgb=array([0., 0., 0.]), text='HW', units='pix', win=Window(...), wrapWidth=500)
10.4402 	INFO 	using sysFont 
10.4411 	EXP 	Created unnamed TextStim = TextStim(__class__=<class 'psychopy.visual.text.TextStim'>, alignHoriz='center', alignVert='center', antialias=True, autoLog=True, bold=False, color='black', colorSpace='named', contrast=1.0, depth=0, flipHoriz=False, flipVert=False, font='', fontFiles=[], height=32, italic=False, name='unnamed TextStim', opacity=1.0, ori=0.0, pos=array([  0., 100.]), rgb=array([0., 0., 0.]), text='JW', units='pix', win=Window(...), wrapWidth=500)
10.4416 	INFO 	using sysFont 
10.4425 	EXP 	Created unnamed TextStim = TextStim(__class__=<class 'psychopy.visual.text.TextStim'>, alignHoriz='center', alignVert='center', antialias=True, autoLog=True, bold=False, color='black', colorSpace='named', contrast=1.0, depth=0, flipHoriz=False, flipVert=False, font='', fontFiles=[], height=32, italic=False, name='unnamed TextStim', opacity=1.0, ori=0.0, pos=array([ 50., 100.]), rgb=array([0., 0., 0.]), text='GW', units='pix', win=Window(...), wrapWidth=500)
10.4470 	EXP 	unnamed TextStim: autoDraw = True
10.4470 	EXP 	unnamed TextStim: autoDraw = True
10.4470 	EXP 	unnamed TextStim: autoDraw = True
10.4470 	EXP 	unnamed TextStim: autoDraw = True
10.4470 	EXP 	unnamed TextStim: autoDraw = True
10.4470 	EXP 	unnamed TextStim: autoDraw = True
10.4470 	EXP 	unnamed TextStim: autoDraw = True
10.4470 	EXP 	unnamed TextStim: autoDraw = True
10.4470 	EXP 	unnamed TextStim: autoDraw = True
10.4470 	EXP 	unnamed TextStim: autoDraw = True
10.7427 	EXP 	unnamed TextStim: autoDraw = False
10.7427 	EXP 	unnamed TextStim: autoDraw = False
10.7427 	EXP 	unnamed TextStim: autoDraw = False
10.7427 	EXP 	unnamed TextStim: autoDraw = False
10.7427 	EXP 	unnamed TextStim: autoDraw = False
10.7427 	EXP 	unnamed TextStim: autoDraw = False
10.7427 	EXP 	unnamed TextStim: autoDraw = False
10.7427 	EXP 	unnamed TextStim: autoDraw = False
10.7427 	EXP 	unnamed TextStim: autoDraw = False
10.7427 	EXP 	unnamed TextStim: autoDraw = False
11.7441 	INFO 	using sysFont Arial
11.7454 	EXP 	Created unnamed TextStim = TextStim(__class__=<class 'psychopy.visual.text.TextStim'>, alignHoriz='center', alignVert='center', antialias=True, autoLog=True, bold=False, color='black', colorSpace='named', contrast=1.0, depth=0, flipHoriz=False, flipVert=False, font='Arial', fontFiles=[], height=32, italic=False, name='unnamed TextStim', opacity=1.0, ori=0.0, pos=array([0., 0.]), rgb=array([0., 0., 0.]), text='Po treningu', units='pix', win=Window(...), wrapWidth=1920)
12.4521 	CRITICAL 	Experiment finished by user! f7 pressed.
