2.6273 	INFO 	Screen res set as: 1920x1080
2.6283 	INFO 	Loaded monitor calibration from ['2018_09_18 09:28']
3.2042 	EXP 	Created window1 = Window(allowGUI=True, allowStencil=False, args=UNKNOWN, autoLog=True, bitsMode=UNKNOWN, blendMode='avg', color='Gainsboro', colorSpace='named', fullscr=UNKNOWN, gamma=None, kwargs=UNKNOWN, lms=UNKNOWN, monitor=<psychopy.monitors.calibTools.Monitor object at 0x7fee82f7cef0>, multiSample=False, name='window1', numSamples=2, pos=None, screen=0, size=array([1920, 1080]), stereo=False, units='pix', useFBO=False, useRetina=False, viewOri=0.0, viewPos=None, viewScale=None, waitBlanking=True, winType='pygame')
3.2042 	INFO 	Detected framerate: 30 frames per sec.
3.2043 	INFO 	Mouse: using default window
3.2422 	INFO 	using sysFont Arial
3.2481 	EXP 	Created unnamed TextStim = TextStim(__class__=<class 'psychopy.visual.text.TextStim'>, alignHoriz='center', alignVert='center', antialias=True, autoLog=True, bold=False, color='black', colorSpace='named', contrast=1.0, depth=0, flipHoriz=False, flipVert=False, font='Arial', fontFiles=[], height=32, italic=False, name='unnamed TextStim', opacity=1.0, ori=0.0, pos=array([   0., -300.]), rgb=array([0., 0., 0.]), text=str(...), units='pix', win=Window(...), wrapWidth=1920)
3.2494 	INFO 	using sysFont Arial
3.2509 	EXP 	Created unnamed TextStim = TextStim(__class__=<class 'psychopy.visual.text.TextStim'>, alignHoriz='center', alignVert='center', antialias=True, autoLog=True, bold=False, color='black', colorSpace='named', contrast=1.0, depth=0, flipHoriz=False, flipVert=False, font='Arial', fontFiles=[], height=32, italic=False, name='unnamed TextStim', opacity=1.0, ori=0.0, pos=array([0., 0.]), rgb=array([0., 0., 0.]), text='Wstęp', units='pix', win=Window(...), wrapWidth=1920)
4.3653 	INFO 	using sysFont 
4.3663 	EXP 	Created unnamed TextStim = TextStim(__class__=<class 'psychopy.visual.text.TextStim'>, alignHoriz='center', alignVert='center', antialias=True, autoLog=True, bold=False, color='black', colorSpace='named', contrast=1.0, depth=0, flipHoriz=False, flipVert=False, font='', fontFiles=[], height=32, italic=False, name='unnamed TextStim', opacity=1.0, ori=0.0, pos=array([-74., -74.]), rgb=array([0., 0., 0.]), text='ZM', units='pix', win=Window(...), wrapWidth=500)
4.3670 	INFO 	using sysFont 
4.3689 	EXP 	Created unnamed TextStim = TextStim(__class__=<class 'psychopy.visual.text.TextStim'>, alignHoriz='center', alignVert='center', antialias=True, autoLog=True, bold=False, color='black', colorSpace='named', contrast=1.0, depth=0, flipHoriz=False, flipVert=False, font='', fontFiles=[], height=32, italic=False, name='unnamed TextStim', opacity=1.0, ori=0.0, pos=array([  0., -74.]), rgb=array([0., 0., 0.]), text='NW', units='pix', win=Window(...), wrapWidth=500)
4.3698 	INFO 	using sysFont 
4.3708 	EXP 	Created unnamed TextStim = TextStim(__class__=<class 'psychopy.visual.text.TextStim'>, alignHoriz='center', alignVert='center', antialias=True, autoLog=True, bold=False, color='black', colorSpace='named', contrast=1.0, depth=0, flipHoriz=False, flipVert=False, font='', fontFiles=[], height=32, italic=False, name='unnamed TextStim', opacity=1.0, ori=0.0, pos=array([ 74., -74.]), rgb=array([0., 0., 0.]), text='JM', units='pix', win=Window(...), wrapWidth=500)
4.3714 	INFO 	using sysFont 
4.3723 	EXP 	Created unnamed TextStim = TextStim(__class__=<class 'psychopy.visual.text.TextStim'>, alignHoriz='center', alignVert='center', antialias=True, autoLog=True, bold=False, color='black', colorSpace='named', contrast=1.0, depth=0, flipHoriz=False, flipVert=False, font='', fontFiles=[], height=32, italic=False, name='unnamed TextStim', opacity=1.0, ori=0.0, pos=array([-74.,   0.]), rgb=array([0., 0., 0.]), text='ZX', units='pix', win=Window(...), wrapWidth=500)
4.3729 	INFO 	using sysFont 
4.3737 	EXP 	Created unnamed TextStim = TextStim(__class__=<class 'psychopy.visual.text.TextStim'>, alignHoriz='center', alignVert='center', antialias=True, autoLog=True, bold=False, color='black', colorSpace='named', contrast=1.0, depth=0, flipHoriz=False, flipVert=False, font='', fontFiles=[], height=32, italic=False, name='unnamed TextStim', opacity=1.0, ori=0.0, pos=array([0., 0.]), rgb=array([0., 0., 0.]), text='UK', units='pix', win=Window(...), wrapWidth=500)
4.3743 	INFO 	using sysFont 
4.3752 	EXP 	Created unnamed TextStim = TextStim(__class__=<class 'psychopy.visual.text.TextStim'>, alignHoriz='center', alignVert='center', antialias=True, autoLog=True, bold=False, color='black', colorSpace='named', contrast=1.0, depth=0, flipHoriz=False, flipVert=False, font='', fontFiles=[], height=32, italic=False, name='unnamed TextStim', opacity=1.0, ori=0.0, pos=array([74.,  0.]), rgb=array([0., 0., 0.]), text='LK', units='pix', win=Window(...), wrapWidth=500)
4.3758 	INFO 	using sysFont 
4.3766 	EXP 	Created unnamed TextStim = TextStim(__class__=<class 'psychopy.visual.text.TextStim'>, alignHoriz='center', alignVert='center', antialias=True, autoLog=True, bold=False, color='black', colorSpace='named', contrast=1.0, depth=0, flipHoriz=False, flipVert=False, font='', fontFiles=[], height=32, italic=False, name='unnamed TextStim', opacity=1.0, ori=0.0, pos=array([-74.,  74.]), rgb=array([0., 0., 0.]), text='MM', units='pix', win=Window(...), wrapWidth=500)
4.3772 	INFO 	using sysFont 
4.3782 	EXP 	Created unnamed TextStim = TextStim(__class__=<class 'psychopy.visual.text.TextStim'>, alignHoriz='center', alignVert='center', antialias=True, autoLog=True, bold=False, color='black', colorSpace='named', contrast=1.0, depth=0, flipHoriz=False, flipVert=False, font='', fontFiles=[], height=32, italic=False, name='unnamed TextStim', opacity=1.0, ori=0.0, pos=array([ 0., 74.]), rgb=array([0., 0., 0.]), text='SL', units='pix', win=Window(...), wrapWidth=500)
4.3788 	INFO 	using sysFont 
4.3797 	EXP 	Created unnamed TextStim = TextStim(__class__=<class 'psychopy.visual.text.TextStim'>, alignHoriz='center', alignVert='center', antialias=True, autoLog=True, bold=False, color='black', colorSpace='named', contrast=1.0, depth=0, flipHoriz=False, flipVert=False, font='', fontFiles=[], height=32, italic=False, name='unnamed TextStim', opacity=1.0, ori=0.0, pos=array([74., 74.]), rgb=array([0., 0., 0.]), text='SM', units='pix', win=Window(...), wrapWidth=500)
4.3834 	EXP 	unnamed TextStim: autoDraw = True
4.3834 	EXP 	unnamed TextStim: autoDraw = True
4.3834 	EXP 	unnamed TextStim: autoDraw = True
4.3834 	EXP 	unnamed TextStim: autoDraw = True
4.3834 	EXP 	unnamed TextStim: autoDraw = True
4.3834 	EXP 	unnamed TextStim: autoDraw = True
4.3834 	EXP 	unnamed TextStim: autoDraw = True
4.3834 	EXP 	unnamed TextStim: autoDraw = True
4.3834 	EXP 	unnamed TextStim: autoDraw = True
4.3834 	EXP 	unnamed TextStim: autoDraw = True
5.1195 	EXP 	unnamed TextStim: autoDraw = False
5.1195 	EXP 	unnamed TextStim: autoDraw = False
5.1195 	EXP 	unnamed TextStim: autoDraw = False
5.1195 	EXP 	unnamed TextStim: autoDraw = False
5.1195 	EXP 	unnamed TextStim: autoDraw = False
5.1195 	EXP 	unnamed TextStim: autoDraw = False
5.1195 	EXP 	unnamed TextStim: autoDraw = False
5.1195 	EXP 	unnamed TextStim: autoDraw = False
5.1195 	EXP 	unnamed TextStim: autoDraw = False
5.1195 	EXP 	unnamed TextStim: autoDraw = False
6.1268 	INFO 	using sysFont 
6.1277 	EXP 	Created unnamed TextStim = TextStim(__class__=<class 'psychopy.visual.text.TextStim'>, alignHoriz='center', alignVert='center', antialias=True, autoLog=True, bold=False, color='black', colorSpace='named', contrast=1.0, depth=0, flipHoriz=False, flipVert=False, font='', fontFiles=[], height=32, italic=False, name='unnamed TextStim', opacity=1.0, ori=0.0, pos=array([-74., -74.]), rgb=array([0., 0., 0.]), text='DV', units='pix', win=Window(...), wrapWidth=500)
6.1282 	INFO 	using sysFont 
6.1291 	EXP 	Created unnamed TextStim = TextStim(__class__=<class 'psychopy.visual.text.TextStim'>, alignHoriz='center', alignVert='center', antialias=True, autoLog=True, bold=False, color='black', colorSpace='named', contrast=1.0, depth=0, flipHoriz=False, flipVert=False, font='', fontFiles=[], height=32, italic=False, name='unnamed TextStim', opacity=1.0, ori=0.0, pos=array([  0., -74.]), rgb=array([0., 0., 0.]), text='ST', units='pix', win=Window(...), wrapWidth=500)
6.1296 	INFO 	using sysFont 
6.1303 	EXP 	Created unnamed TextStim = TextStim(__class__=<class 'psychopy.visual.text.TextStim'>, alignHoriz='center', alignVert='center', antialias=True, autoLog=True, bold=False, color='black', colorSpace='named', contrast=1.0, depth=0, flipHoriz=False, flipVert=False, font='', fontFiles=[], height=32, italic=False, name='unnamed TextStim', opacity=1.0, ori=0.0, pos=array([ 74., -74.]), rgb=array([0., 0., 0.]), text='KT', units='pix', win=Window(...), wrapWidth=500)
6.1309 	INFO 	using sysFont 
6.1317 	EXP 	Created unnamed TextStim = TextStim(__class__=<class 'psychopy.visual.text.TextStim'>, alignHoriz='center', alignVert='center', antialias=True, autoLog=True, bold=False, color='black', colorSpace='named', contrast=1.0, depth=0, flipHoriz=False, flipVert=False, font='', fontFiles=[], height=32, italic=False, name='unnamed TextStim', opacity=1.0, ori=0.0, pos=array([-74.,   0.]), rgb=array([0., 0., 0.]), text='MT', units='pix', win=Window(...), wrapWidth=500)
6.1322 	INFO 	using sysFont 
6.1330 	EXP 	Created unnamed TextStim = TextStim(__class__=<class 'psychopy.visual.text.TextStim'>, alignHoriz='center', alignVert='center', antialias=True, autoLog=True, bold=False, color='black', colorSpace='named', contrast=1.0, depth=0, flipHoriz=False, flipVert=False, font='', fontFiles=[], height=32, italic=False, name='unnamed TextStim', opacity=1.0, ori=0.0, pos=array([0., 0.]), rgb=array([0., 0., 0.]), text='NU', units='pix', win=Window(...), wrapWidth=500)
6.1335 	INFO 	using sysFont 
6.1344 	EXP 	Created unnamed TextStim = TextStim(__class__=<class 'psychopy.visual.text.TextStim'>, alignHoriz='center', alignVert='center', antialias=True, autoLog=True, bold=False, color='black', colorSpace='named', contrast=1.0, depth=0, flipHoriz=False, flipVert=False, font='', fontFiles=[], height=32, italic=False, name='unnamed TextStim', opacity=1.0, ori=0.0, pos=array([74.,  0.]), rgb=array([0., 0., 0.]), text='YT', units='pix', win=Window(...), wrapWidth=500)
6.1349 	INFO 	using sysFont 
6.1357 	EXP 	Created unnamed TextStim = TextStim(__class__=<class 'psychopy.visual.text.TextStim'>, alignHoriz='center', alignVert='center', antialias=True, autoLog=True, bold=False, color='black', colorSpace='named', contrast=1.0, depth=0, flipHoriz=False, flipVert=False, font='', fontFiles=[], height=32, italic=False, name='unnamed TextStim', opacity=1.0, ori=0.0, pos=array([-74.,  74.]), rgb=array([0., 0., 0.]), text='XU', units='pix', win=Window(...), wrapWidth=500)
6.1362 	INFO 	using sysFont 
6.1370 	EXP 	Created unnamed TextStim = TextStim(__class__=<class 'psychopy.visual.text.TextStim'>, alignHoriz='center', alignVert='center', antialias=True, autoLog=True, bold=False, color='black', colorSpace='named', contrast=1.0, depth=0, flipHoriz=False, flipVert=False, font='', fontFiles=[], height=32, italic=False, name='unnamed TextStim', opacity=1.0, ori=0.0, pos=array([ 0., 74.]), rgb=array([0., 0., 0.]), text='PT', units='pix', win=Window(...), wrapWidth=500)
6.1375 	INFO 	using sysFont 
6.1383 	EXP 	Created unnamed TextStim = TextStim(__class__=<class 'psychopy.visual.text.TextStim'>, alignHoriz='center', alignVert='center', antialias=True, autoLog=True, bold=False, color='black', colorSpace='named', contrast=1.0, depth=0, flipHoriz=False, flipVert=False, font='', fontFiles=[], height=32, italic=False, name='unnamed TextStim', opacity=1.0, ori=0.0, pos=array([74., 74.]), rgb=array([0., 0., 0.]), text='AU', units='pix', win=Window(...), wrapWidth=500)
6.1425 	EXP 	unnamed TextStim: autoDraw = True
6.1425 	EXP 	unnamed TextStim: autoDraw = True
6.1425 	EXP 	unnamed TextStim: autoDraw = True
6.1425 	EXP 	unnamed TextStim: autoDraw = True
6.1425 	EXP 	unnamed TextStim: autoDraw = True
6.1425 	EXP 	unnamed TextStim: autoDraw = True
6.1425 	EXP 	unnamed TextStim: autoDraw = True
6.1425 	EXP 	unnamed TextStim: autoDraw = True
6.1425 	EXP 	unnamed TextStim: autoDraw = True
6.1425 	EXP 	unnamed TextStim: autoDraw = True
6.7857 	EXP 	unnamed TextStim: autoDraw = False
6.7857 	EXP 	unnamed TextStim: autoDraw = False
6.7857 	EXP 	unnamed TextStim: autoDraw = False
6.7857 	EXP 	unnamed TextStim: autoDraw = False
6.7857 	EXP 	unnamed TextStim: autoDraw = False
6.7857 	EXP 	unnamed TextStim: autoDraw = False
6.7857 	EXP 	unnamed TextStim: autoDraw = False
6.7857 	EXP 	unnamed TextStim: autoDraw = False
6.7857 	EXP 	unnamed TextStim: autoDraw = False
6.7857 	EXP 	unnamed TextStim: autoDraw = False
7.7880 	INFO 	using sysFont Arial
7.7892 	EXP 	Created unnamed TextStim = TextStim(__class__=<class 'psychopy.visual.text.TextStim'>, alignHoriz='center', alignVert='center', antialias=True, autoLog=True, bold=False, color='black', colorSpace='named', contrast=1.0, depth=0, flipHoriz=False, flipVert=False, font='Arial', fontFiles=[], height=32, italic=False, name='unnamed TextStim', opacity=1.0, ori=0.0, pos=array([0., 0.]), rgb=array([0., 0., 0.]), text='Po treningu', units='pix', win=Window(...), wrapWidth=1920)
9.1257 	CRITICAL 	Experiment finished by user! f7 pressed.
