3.1322 	INFO 	Screen res set as: 1920x1080
3.1332 	INFO 	Loaded monitor calibration from ['2018_09_18 09:28']
3.6924 	EXP 	Created window1 = Window(allowGUI=True, allowStencil=False, args=UNKNOWN, autoLog=True, bitsMode=UNKNOWN, blendMode='avg', color='Gainsboro', colorSpace='named', fullscr=UNKNOWN, gamma=None, kwargs=UNKNOWN, lms=UNKNOWN, monitor=<psychopy.monitors.calibTools.Monitor object at 0x7f5d11584ef0>, multiSample=False, name='window1', numSamples=2, pos=None, screen=0, size=array([1920, 1080]), stereo=False, units='pix', useFBO=False, useRetina=False, viewOri=0.0, viewPos=None, viewScale=None, waitBlanking=True, winType='pygame')
3.6924 	INFO 	Detected framerate: 30 frames per sec.
3.6924 	INFO 	Mouse: using default window
3.7288 	INFO 	using sysFont Arial
3.7340 	EXP 	Created unnamed TextStim = TextStim(__class__=<class 'psychopy.visual.text.TextStim'>, alignHoriz='center', alignVert='center', antialias=True, autoLog=True, bold=False, color='black', colorSpace='named', contrast=1.0, depth=0, flipHoriz=False, flipVert=False, font='Arial', fontFiles=[], height=32, italic=False, name='unnamed TextStim', opacity=1.0, ori=0.0, pos=array([   0., -300.]), rgb=array([0., 0., 0.]), text=str(...), units='pix', win=Window(...), wrapWidth=1920)
3.7352 	INFO 	using sysFont Arial
3.7365 	EXP 	Created unnamed TextStim = TextStim(__class__=<class 'psychopy.visual.text.TextStim'>, alignHoriz='center', alignVert='center', antialias=True, autoLog=True, bold=False, color='black', colorSpace='named', contrast=1.0, depth=0, flipHoriz=False, flipVert=False, font='Arial', fontFiles=[], height=32, italic=False, name='unnamed TextStim', opacity=1.0, ori=0.0, pos=array([0., 0.]), rgb=array([0., 0., 0.]), text='Wstęp', units='pix', win=Window(...), wrapWidth=1920)
5.1798 	INFO 	using sysFont 
5.1806 	EXP 	Created unnamed TextStim = TextStim(__class__=<class 'psychopy.visual.text.TextStim'>, alignHoriz='center', alignVert='center', antialias=True, autoLog=True, bold=False, color='black', colorSpace='named', contrast=1.0, depth=0, flipHoriz=False, flipVert=False, font='', fontFiles=[], height=32, italic=False, name='unnamed TextStim', opacity=1.0, ori=0.0, pos=array([-74.,   0.]), rgb=array([0., 0., 0.]), text='MI', units='pix', win=Window(...), wrapWidth=500)
5.1811 	INFO 	using sysFont 
5.1819 	EXP 	Created unnamed TextStim = TextStim(__class__=<class 'psychopy.visual.text.TextStim'>, alignHoriz='center', alignVert='center', antialias=True, autoLog=True, bold=False, color='black', colorSpace='named', contrast=1.0, depth=0, flipHoriz=False, flipVert=False, font='', fontFiles=[], height=32, italic=False, name='unnamed TextStim', opacity=1.0, ori=0.0, pos=array([  0., -74.]), rgb=array([0., 0., 0.]), text='MI', units='pix', win=Window(...), wrapWidth=500)
5.1824 	INFO 	using sysFont 
5.1832 	EXP 	Created unnamed TextStim = TextStim(__class__=<class 'psychopy.visual.text.TextStim'>, alignHoriz='center', alignVert='center', antialias=True, autoLog=True, bold=False, color='black', colorSpace='named', contrast=1.0, depth=0, flipHoriz=False, flipVert=False, font='', fontFiles=[], height=32, italic=False, name='unnamed TextStim', opacity=1.0, ori=0.0, pos=array([  74., -148.]), rgb=array([0., 0., 0.]), text='CK', units='pix', win=Window(...), wrapWidth=500)
5.1837 	INFO 	using sysFont 
5.1845 	EXP 	Created unnamed TextStim = TextStim(__class__=<class 'psychopy.visual.text.TextStim'>, alignHoriz='center', alignVert='center', antialias=True, autoLog=True, bold=False, color='black', colorSpace='named', contrast=1.0, depth=0, flipHoriz=False, flipVert=False, font='', fontFiles=[], height=32, italic=False, name='unnamed TextStim', opacity=1.0, ori=0.0, pos=array([-74.        ,  49.33333333]), rgb=array([0., 0., 0.]), text='NK', units='pix', win=Window(...), wrapWidth=500)
5.1850 	INFO 	using sysFont 
5.1858 	EXP 	Created unnamed TextStim = TextStim(__class__=<class 'psychopy.visual.text.TextStim'>, alignHoriz='center', alignVert='center', antialias=True, autoLog=True, bold=False, color='black', colorSpace='named', contrast=1.0, depth=0, flipHoriz=False, flipVert=False, font='', fontFiles=[], height=32, italic=False, name='unnamed TextStim', opacity=1.0, ori=0.0, pos=array([  0.        , -24.66666667]), rgb=array([0., 0., 0.]), text='JT', units='pix', win=Window(...), wrapWidth=500)
5.1863 	INFO 	using sysFont 
5.1871 	EXP 	Created unnamed TextStim = TextStim(__class__=<class 'psychopy.visual.text.TextStim'>, alignHoriz='center', alignVert='center', antialias=True, autoLog=True, bold=False, color='black', colorSpace='named', contrast=1.0, depth=0, flipHoriz=False, flipVert=False, font='', fontFiles=[], height=32, italic=False, name='unnamed TextStim', opacity=1.0, ori=0.0, pos=array([ 74.        , -98.66666667]), rgb=array([0., 0., 0.]), text='CK', units='pix', win=Window(...), wrapWidth=500)
5.1876 	INFO 	using sysFont 
5.1884 	EXP 	Created unnamed TextStim = TextStim(__class__=<class 'psychopy.visual.text.TextStim'>, alignHoriz='center', alignVert='center', antialias=True, autoLog=True, bold=False, color='black', colorSpace='named', contrast=1.0, depth=0, flipHoriz=False, flipVert=False, font='', fontFiles=[], height=32, italic=False, name='unnamed TextStim', opacity=1.0, ori=0.0, pos=array([-74.        ,  98.66666667]), rgb=array([0., 0., 0.]), text='PK', units='pix', win=Window(...), wrapWidth=500)
5.1891 	INFO 	using sysFont 
5.1908 	EXP 	Created unnamed TextStim = TextStim(__class__=<class 'psychopy.visual.text.TextStim'>, alignHoriz='center', alignVert='center', antialias=True, autoLog=True, bold=False, color='black', colorSpace='named', contrast=1.0, depth=0, flipHoriz=False, flipVert=False, font='', fontFiles=[], height=32, italic=False, name='unnamed TextStim', opacity=1.0, ori=0.0, pos=array([ 0.        , 24.66666667]), rgb=array([0., 0., 0.]), text='BT', units='pix', win=Window(...), wrapWidth=500)
5.1914 	INFO 	using sysFont 
5.1924 	EXP 	Created unnamed TextStim = TextStim(__class__=<class 'psychopy.visual.text.TextStim'>, alignHoriz='center', alignVert='center', antialias=True, autoLog=True, bold=False, color='black', colorSpace='named', contrast=1.0, depth=0, flipHoriz=False, flipVert=False, font='', fontFiles=[], height=32, italic=False, name='unnamed TextStim', opacity=1.0, ori=0.0, pos=array([ 74.        , -49.33333333]), rgb=array([0., 0., 0.]), text='TK', units='pix', win=Window(...), wrapWidth=500)
5.1951 	EXP 	unnamed TextStim: autoDraw = True
5.1951 	EXP 	unnamed TextStim: autoDraw = True
5.1951 	EXP 	unnamed TextStim: autoDraw = True
5.1951 	EXP 	unnamed TextStim: autoDraw = True
5.1951 	EXP 	unnamed TextStim: autoDraw = True
5.1951 	EXP 	unnamed TextStim: autoDraw = True
5.1951 	EXP 	unnamed TextStim: autoDraw = True
5.1951 	EXP 	unnamed TextStim: autoDraw = True
5.1951 	EXP 	unnamed TextStim: autoDraw = True
5.1951 	EXP 	unnamed TextStim: autoDraw = True
9.2236 	EXP 	unnamed TextStim: autoDraw = False
9.2236 	EXP 	unnamed TextStim: autoDraw = False
9.2236 	EXP 	unnamed TextStim: autoDraw = False
9.2236 	EXP 	unnamed TextStim: autoDraw = False
9.2236 	EXP 	unnamed TextStim: autoDraw = False
9.2236 	EXP 	unnamed TextStim: autoDraw = False
9.2236 	EXP 	unnamed TextStim: autoDraw = False
9.2236 	EXP 	unnamed TextStim: autoDraw = False
9.2236 	EXP 	unnamed TextStim: autoDraw = False
9.2236 	EXP 	unnamed TextStim: autoDraw = False
10.2336 	INFO 	using sysFont 
10.2348 	EXP 	Created unnamed TextStim = TextStim(__class__=<class 'psychopy.visual.text.TextStim'>, alignHoriz='center', alignVert='center', antialias=True, autoLog=True, bold=False, color='black', colorSpace='named', contrast=1.0, depth=0, flipHoriz=False, flipVert=False, font='', fontFiles=[], height=32, italic=False, name='unnamed TextStim', opacity=1.0, ori=0.0, pos=array([-74.,   0.]), rgb=array([0., 0., 0.]), text='IW', units='pix', win=Window(...), wrapWidth=500)
10.2355 	INFO 	using sysFont 
10.2365 	EXP 	Created unnamed TextStim = TextStim(__class__=<class 'psychopy.visual.text.TextStim'>, alignHoriz='center', alignVert='center', antialias=True, autoLog=True, bold=False, color='black', colorSpace='named', contrast=1.0, depth=0, flipHoriz=False, flipVert=False, font='', fontFiles=[], height=32, italic=False, name='unnamed TextStim', opacity=1.0, ori=0.0, pos=array([  0., -74.]), rgb=array([0., 0., 0.]), text='PG', units='pix', win=Window(...), wrapWidth=500)
10.2372 	INFO 	using sysFont 
10.2382 	EXP 	Created unnamed TextStim = TextStim(__class__=<class 'psychopy.visual.text.TextStim'>, alignHoriz='center', alignVert='center', antialias=True, autoLog=True, bold=False, color='black', colorSpace='named', contrast=1.0, depth=0, flipHoriz=False, flipVert=False, font='', fontFiles=[], height=32, italic=False, name='unnamed TextStim', opacity=1.0, ori=0.0, pos=array([  74., -148.]), rgb=array([0., 0., 0.]), text='EW', units='pix', win=Window(...), wrapWidth=500)
10.2389 	INFO 	using sysFont 
10.2400 	EXP 	Created unnamed TextStim = TextStim(__class__=<class 'psychopy.visual.text.TextStim'>, alignHoriz='center', alignVert='center', antialias=True, autoLog=True, bold=False, color='black', colorSpace='named', contrast=1.0, depth=0, flipHoriz=False, flipVert=False, font='', fontFiles=[], height=32, italic=False, name='unnamed TextStim', opacity=1.0, ori=0.0, pos=array([-74.        ,  49.33333333]), rgb=array([0., 0., 0.]), text='CW', units='pix', win=Window(...), wrapWidth=500)
10.2406 	INFO 	using sysFont 
10.2415 	EXP 	Created unnamed TextStim = TextStim(__class__=<class 'psychopy.visual.text.TextStim'>, alignHoriz='center', alignVert='center', antialias=True, autoLog=True, bold=False, color='black', colorSpace='named', contrast=1.0, depth=0, flipHoriz=False, flipVert=False, font='', fontFiles=[], height=32, italic=False, name='unnamed TextStim', opacity=1.0, ori=0.0, pos=array([  0.        , -24.66666667]), rgb=array([0., 0., 0.]), text='RD', units='pix', win=Window(...), wrapWidth=500)
10.2420 	INFO 	using sysFont 
10.2428 	EXP 	Created unnamed TextStim = TextStim(__class__=<class 'psychopy.visual.text.TextStim'>, alignHoriz='center', alignVert='center', antialias=True, autoLog=True, bold=False, color='black', colorSpace='named', contrast=1.0, depth=0, flipHoriz=False, flipVert=False, font='', fontFiles=[], height=32, italic=False, name='unnamed TextStim', opacity=1.0, ori=0.0, pos=array([ 74.        , -98.66666667]), rgb=array([0., 0., 0.]), text='IW', units='pix', win=Window(...), wrapWidth=500)
10.2433 	INFO 	using sysFont 
10.2441 	EXP 	Created unnamed TextStim = TextStim(__class__=<class 'psychopy.visual.text.TextStim'>, alignHoriz='center', alignVert='center', antialias=True, autoLog=True, bold=False, color='black', colorSpace='named', contrast=1.0, depth=0, flipHoriz=False, flipVert=False, font='', fontFiles=[], height=32, italic=False, name='unnamed TextStim', opacity=1.0, ori=0.0, pos=array([-74.        ,  98.66666667]), rgb=array([0., 0., 0.]), text='VL', units='pix', win=Window(...), wrapWidth=500)
10.2446 	INFO 	using sysFont 
10.2455 	EXP 	Created unnamed TextStim = TextStim(__class__=<class 'psychopy.visual.text.TextStim'>, alignHoriz='center', alignVert='center', antialias=True, autoLog=True, bold=False, color='black', colorSpace='named', contrast=1.0, depth=0, flipHoriz=False, flipVert=False, font='', fontFiles=[], height=32, italic=False, name='unnamed TextStim', opacity=1.0, ori=0.0, pos=array([ 0.        , 24.66666667]), rgb=array([0., 0., 0.]), text='HD', units='pix', win=Window(...), wrapWidth=500)
10.2460 	INFO 	using sysFont 
10.2469 	EXP 	Created unnamed TextStim = TextStim(__class__=<class 'psychopy.visual.text.TextStim'>, alignHoriz='center', alignVert='center', antialias=True, autoLog=True, bold=False, color='black', colorSpace='named', contrast=1.0, depth=0, flipHoriz=False, flipVert=False, font='', fontFiles=[], height=32, italic=False, name='unnamed TextStim', opacity=1.0, ori=0.0, pos=array([ 74.        , -49.33333333]), rgb=array([0., 0., 0.]), text='RD', units='pix', win=Window(...), wrapWidth=500)
10.2506 	EXP 	unnamed TextStim: autoDraw = True
10.2506 	EXP 	unnamed TextStim: autoDraw = True
10.2506 	EXP 	unnamed TextStim: autoDraw = True
10.2506 	EXP 	unnamed TextStim: autoDraw = True
10.2506 	EXP 	unnamed TextStim: autoDraw = True
10.2506 	EXP 	unnamed TextStim: autoDraw = True
10.2506 	EXP 	unnamed TextStim: autoDraw = True
10.2506 	EXP 	unnamed TextStim: autoDraw = True
10.2506 	EXP 	unnamed TextStim: autoDraw = True
10.2506 	EXP 	unnamed TextStim: autoDraw = True
14.2724 	EXP 	unnamed TextStim: autoDraw = False
14.2724 	EXP 	unnamed TextStim: autoDraw = False
14.2724 	EXP 	unnamed TextStim: autoDraw = False
14.2724 	EXP 	unnamed TextStim: autoDraw = False
14.2724 	EXP 	unnamed TextStim: autoDraw = False
14.2724 	EXP 	unnamed TextStim: autoDraw = False
14.2724 	EXP 	unnamed TextStim: autoDraw = False
14.2724 	EXP 	unnamed TextStim: autoDraw = False
14.2724 	EXP 	unnamed TextStim: autoDraw = False
14.2724 	EXP 	unnamed TextStim: autoDraw = False
15.2746 	INFO 	using sysFont Arial
15.2759 	EXP 	Created unnamed TextStim = TextStim(__class__=<class 'psychopy.visual.text.TextStim'>, alignHoriz='center', alignVert='center', antialias=True, autoLog=True, bold=False, color='black', colorSpace='named', contrast=1.0, depth=0, flipHoriz=False, flipVert=False, font='Arial', fontFiles=[], height=32, italic=False, name='unnamed TextStim', opacity=1.0, ori=0.0, pos=array([0., 0.]), rgb=array([0., 0., 0.]), text='Po treningu', units='pix', win=Window(...), wrapWidth=1920)
15.2793 	CRITICAL 	Experiment finished by user! f7 pressed.
