1.6739 	INFO 	Screen res set as: 1920x1080
1.6747 	INFO 	Loaded monitor calibration from ['2018_09_18 09:28']
2.1341 	EXP 	Created window1 = Window(allowGUI=True, allowStencil=False, args=UNKNOWN, autoLog=True, bitsMode=UNKNOWN, blendMode='avg', color='Gainsboro', colorSpace='named', fullscr=UNKNOWN, gamma=None, kwargs=UNKNOWN, lms=UNKNOWN, monitor=<psychopy.monitors.calibTools.Monitor object at 0x7f73c45d3f28>, multiSample=False, name='window1', numSamples=2, pos=None, screen=0, size=array([1920, 1080]), stereo=False, units='pix', useFBO=False, useRetina=False, viewOri=0.0, viewPos=None, viewScale=None, waitBlanking=True, winType='pygame')
2.1342 	INFO 	Detected framerate: 30 frames per sec.
2.1342 	INFO 	Mouse: using default window
2.1588 	INFO 	using sysFont Arial
2.1619 	EXP 	Created unnamed TextStim = TextStim(__class__=<class 'psychopy.visual.text.TextStim'>, alignHoriz='center', alignVert='center', antialias=True, autoLog=True, bold=False, color='black', colorSpace='named', contrast=1.0, depth=0, flipHoriz=False, flipVert=False, font='Arial', fontFiles=[], height=32, italic=False, name='unnamed TextStim', opacity=1.0, ori=0.0, pos=array([   0., -300.]), rgb=array([0., 0., 0.]), text=str(...), units='pix', win=Window(...), wrapWidth=1920)
2.2245 	EXP 	Created unnamed ImageStim = ImageStim(__class__=<class 'psychopy.visual.image.ImageStim'>, autoLog=True, color=array([1., 1., 1.]), colorSpace='rgb', contrast=1.0, depth=0, flipHoriz=False, flipVert=False, image='images/clock.png', interpolate=True, mask=None, maskParams=None, name='unnamed ImageStim', opacity=1.0, ori=0.0, pos=array([600., 400.]), size=array([50., 50.]), texRes=128, units='pix', win=Window(...))
2.2250 	INFO 	using sysFont Arial
2.2256 	EXP 	Created unnamed TextStim = TextStim(__class__=<class 'psychopy.visual.text.TextStim'>, alignHoriz='center', alignVert='center', antialias=True, autoLog=True, bold=False, color='black', colorSpace='named', contrast=1.0, depth=0, flipHoriz=False, flipVert=False, font='Arial', fontFiles=[], height=32, italic=False, name='unnamed TextStim', opacity=1.0, ori=0.0, pos=array([0., 0.]), rgb=array([0., 0., 0.]), text='Wstęp', units='pix', win=Window(...), wrapWidth=1920)
2.8623 	INFO 	using sysFont 
2.8632 	EXP 	Created unnamed TextStim = TextStim(__class__=<class 'psychopy.visual.text.TextStim'>, alignHoriz='center', alignVert='center', antialias=True, autoLog=True, bold=False, color='black', colorSpace='named', contrast=1.0, depth=0, flipHoriz=False, flipVert=False, font='', fontFiles=[], height=32, italic=False, name='unnamed TextStim', opacity=1.0, ori=0.0, pos=array([-50.,   0.]), rgb=array([0., 0., 0.]), text='EM', units='pix', win=Window(...), wrapWidth=500)
2.8638 	INFO 	using sysFont 
2.8645 	EXP 	Created unnamed TextStim = TextStim(__class__=<class 'psychopy.visual.text.TextStim'>, alignHoriz='center', alignVert='center', antialias=True, autoLog=True, bold=False, color='black', colorSpace='named', contrast=1.0, depth=0, flipHoriz=False, flipVert=False, font='', fontFiles=[], height=32, italic=False, name='unnamed TextStim', opacity=1.0, ori=0.0, pos=array([0., 0.]), rgb=array([0., 0., 0.]), text='XM', units='pix', win=Window(...), wrapWidth=500)
2.8650 	INFO 	using sysFont 
2.8671 	EXP 	Created unnamed TextStim = TextStim(__class__=<class 'psychopy.visual.text.TextStim'>, alignHoriz='center', alignVert='center', antialias=True, autoLog=True, bold=False, color='black', colorSpace='named', contrast=1.0, depth=0, flipHoriz=False, flipVert=False, font='', fontFiles=[], height=32, italic=False, name='unnamed TextStim', opacity=1.0, ori=0.0, pos=array([50.,  0.]), rgb=array([0., 0., 0.]), text='FD', units='pix', win=Window(...), wrapWidth=500)
2.8678 	INFO 	using sysFont 
2.8687 	EXP 	Created unnamed TextStim = TextStim(__class__=<class 'psychopy.visual.text.TextStim'>, alignHoriz='center', alignVert='center', antialias=True, autoLog=True, bold=False, color='black', colorSpace='named', contrast=1.0, depth=0, flipHoriz=False, flipVert=False, font='', fontFiles=[], height=32, italic=False, name='unnamed TextStim', opacity=1.0, ori=0.0, pos=array([-50.,  50.]), rgb=array([0., 0., 0.]), text='DK', units='pix', win=Window(...), wrapWidth=500)
2.8693 	INFO 	using sysFont 
2.8701 	EXP 	Created unnamed TextStim = TextStim(__class__=<class 'psychopy.visual.text.TextStim'>, alignHoriz='center', alignVert='center', antialias=True, autoLog=True, bold=False, color='black', colorSpace='named', contrast=1.0, depth=0, flipHoriz=False, flipVert=False, font='', fontFiles=[], height=32, italic=False, name='unnamed TextStim', opacity=1.0, ori=0.0, pos=array([ 0., 50.]), rgb=array([0., 0., 0.]), text='IM', units='pix', win=Window(...), wrapWidth=500)
2.8707 	INFO 	using sysFont 
2.8716 	EXP 	Created unnamed TextStim = TextStim(__class__=<class 'psychopy.visual.text.TextStim'>, alignHoriz='center', alignVert='center', antialias=True, autoLog=True, bold=False, color='black', colorSpace='named', contrast=1.0, depth=0, flipHoriz=False, flipVert=False, font='', fontFiles=[], height=32, italic=False, name='unnamed TextStim', opacity=1.0, ori=0.0, pos=array([50., 50.]), rgb=array([0., 0., 0.]), text='BK', units='pix', win=Window(...), wrapWidth=500)
2.8722 	INFO 	using sysFont 
2.8731 	EXP 	Created unnamed TextStim = TextStim(__class__=<class 'psychopy.visual.text.TextStim'>, alignHoriz='center', alignVert='center', antialias=True, autoLog=True, bold=False, color='black', colorSpace='named', contrast=1.0, depth=0, flipHoriz=False, flipVert=False, font='', fontFiles=[], height=32, italic=False, name='unnamed TextStim', opacity=1.0, ori=0.0, pos=array([-50., 100.]), rgb=array([0., 0., 0.]), text='TM', units='pix', win=Window(...), wrapWidth=500)
2.8736 	INFO 	using sysFont 
2.8744 	EXP 	Created unnamed TextStim = TextStim(__class__=<class 'psychopy.visual.text.TextStim'>, alignHoriz='center', alignVert='center', antialias=True, autoLog=True, bold=False, color='black', colorSpace='named', contrast=1.0, depth=0, flipHoriz=False, flipVert=False, font='', fontFiles=[], height=32, italic=False, name='unnamed TextStim', opacity=1.0, ori=0.0, pos=array([  0., 100.]), rgb=array([0., 0., 0.]), text='CI', units='pix', win=Window(...), wrapWidth=500)
2.8750 	INFO 	using sysFont 
2.8758 	EXP 	Created unnamed TextStim = TextStim(__class__=<class 'psychopy.visual.text.TextStim'>, alignHoriz='center', alignVert='center', antialias=True, autoLog=True, bold=False, color='black', colorSpace='named', contrast=1.0, depth=0, flipHoriz=False, flipVert=False, font='', fontFiles=[], height=32, italic=False, name='unnamed TextStim', opacity=1.0, ori=0.0, pos=array([ 50., 100.]), rgb=array([0., 0., 0.]), text='BI', units='pix', win=Window(...), wrapWidth=500)
2.8803 	EXP 	unnamed TextStim: autoDraw = True
2.8803 	EXP 	unnamed TextStim: autoDraw = True
2.8803 	EXP 	unnamed TextStim: autoDraw = True
2.8803 	EXP 	unnamed TextStim: autoDraw = True
2.8803 	EXP 	unnamed TextStim: autoDraw = True
2.8803 	EXP 	unnamed TextStim: autoDraw = True
2.8803 	EXP 	unnamed TextStim: autoDraw = True
2.8803 	EXP 	unnamed TextStim: autoDraw = True
2.8803 	EXP 	unnamed TextStim: autoDraw = True
2.8803 	EXP 	unnamed TextStim: autoDraw = True
6.2665 	EXP 	unnamed TextStim: autoDraw = False
6.2665 	EXP 	unnamed TextStim: autoDraw = False
6.2665 	EXP 	unnamed TextStim: autoDraw = False
6.2665 	EXP 	unnamed TextStim: autoDraw = False
6.2665 	EXP 	unnamed TextStim: autoDraw = False
6.2665 	EXP 	unnamed TextStim: autoDraw = False
6.2665 	EXP 	unnamed TextStim: autoDraw = False
6.2665 	EXP 	unnamed TextStim: autoDraw = False
6.2665 	EXP 	unnamed TextStim: autoDraw = False
6.2665 	EXP 	unnamed TextStim: autoDraw = False
7.2717 	INFO 	using sysFont 
7.2726 	EXP 	Created unnamed TextStim = TextStim(__class__=<class 'psychopy.visual.text.TextStim'>, alignHoriz='center', alignVert='center', antialias=True, autoLog=True, bold=False, color='black', colorSpace='named', contrast=1.0, depth=0, flipHoriz=False, flipVert=False, font='', fontFiles=[], height=32, italic=False, name='unnamed TextStim', opacity=1.0, ori=0.0, pos=array([-50.,   0.]), rgb=array([0., 0., 0.]), text='ZR', units='pix', win=Window(...), wrapWidth=500)
7.2732 	INFO 	using sysFont 
7.2740 	EXP 	Created unnamed TextStim = TextStim(__class__=<class 'psychopy.visual.text.TextStim'>, alignHoriz='center', alignVert='center', antialias=True, autoLog=True, bold=False, color='black', colorSpace='named', contrast=1.0, depth=0, flipHoriz=False, flipVert=False, font='', fontFiles=[], height=32, italic=False, name='unnamed TextStim', opacity=1.0, ori=0.0, pos=array([0., 0.]), rgb=array([0., 0., 0.]), text='RB', units='pix', win=Window(...), wrapWidth=500)
7.2745 	INFO 	using sysFont 
7.2753 	EXP 	Created unnamed TextStim = TextStim(__class__=<class 'psychopy.visual.text.TextStim'>, alignHoriz='center', alignVert='center', antialias=True, autoLog=True, bold=False, color='black', colorSpace='named', contrast=1.0, depth=0, flipHoriz=False, flipVert=False, font='', fontFiles=[], height=32, italic=False, name='unnamed TextStim', opacity=1.0, ori=0.0, pos=array([50.,  0.]), rgb=array([0., 0., 0.]), text='JR', units='pix', win=Window(...), wrapWidth=500)
7.2759 	INFO 	using sysFont 
7.2768 	EXP 	Created unnamed TextStim = TextStim(__class__=<class 'psychopy.visual.text.TextStim'>, alignHoriz='center', alignVert='center', antialias=True, autoLog=True, bold=False, color='black', colorSpace='named', contrast=1.0, depth=0, flipHoriz=False, flipVert=False, font='', fontFiles=[], height=32, italic=False, name='unnamed TextStim', opacity=1.0, ori=0.0, pos=array([-50.,  50.]), rgb=array([0., 0., 0.]), text='DR', units='pix', win=Window(...), wrapWidth=500)
7.2773 	INFO 	using sysFont 
7.2782 	EXP 	Created unnamed TextStim = TextStim(__class__=<class 'psychopy.visual.text.TextStim'>, alignHoriz='center', alignVert='center', antialias=True, autoLog=True, bold=False, color='black', colorSpace='named', contrast=1.0, depth=0, flipHoriz=False, flipVert=False, font='', fontFiles=[], height=32, italic=False, name='unnamed TextStim', opacity=1.0, ori=0.0, pos=array([ 0., 50.]), rgb=array([0., 0., 0.]), text='GR', units='pix', win=Window(...), wrapWidth=500)
7.2787 	INFO 	using sysFont 
7.2795 	EXP 	Created unnamed TextStim = TextStim(__class__=<class 'psychopy.visual.text.TextStim'>, alignHoriz='center', alignVert='center', antialias=True, autoLog=True, bold=False, color='black', colorSpace='named', contrast=1.0, depth=0, flipHoriz=False, flipVert=False, font='', fontFiles=[], height=32, italic=False, name='unnamed TextStim', opacity=1.0, ori=0.0, pos=array([50., 50.]), rgb=array([0., 0., 0.]), text='FR', units='pix', win=Window(...), wrapWidth=500)
7.2801 	INFO 	using sysFont 
7.2810 	EXP 	Created unnamed TextStim = TextStim(__class__=<class 'psychopy.visual.text.TextStim'>, alignHoriz='center', alignVert='center', antialias=True, autoLog=True, bold=False, color='black', colorSpace='named', contrast=1.0, depth=0, flipHoriz=False, flipVert=False, font='', fontFiles=[], height=32, italic=False, name='unnamed TextStim', opacity=1.0, ori=0.0, pos=array([-50., 100.]), rgb=array([0., 0., 0.]), text='DC', units='pix', win=Window(...), wrapWidth=500)
7.2815 	INFO 	using sysFont 
7.2824 	EXP 	Created unnamed TextStim = TextStim(__class__=<class 'psychopy.visual.text.TextStim'>, alignHoriz='center', alignVert='center', antialias=True, autoLog=True, bold=False, color='black', colorSpace='named', contrast=1.0, depth=0, flipHoriz=False, flipVert=False, font='', fontFiles=[], height=32, italic=False, name='unnamed TextStim', opacity=1.0, ori=0.0, pos=array([  0., 100.]), rgb=array([0., 0., 0.]), text='UB', units='pix', win=Window(...), wrapWidth=500)
7.2831 	INFO 	using sysFont 
7.2840 	EXP 	Created unnamed TextStim = TextStim(__class__=<class 'psychopy.visual.text.TextStim'>, alignHoriz='center', alignVert='center', antialias=True, autoLog=True, bold=False, color='black', colorSpace='named', contrast=1.0, depth=0, flipHoriz=False, flipVert=False, font='', fontFiles=[], height=32, italic=False, name='unnamed TextStim', opacity=1.0, ori=0.0, pos=array([ 50., 100.]), rgb=array([0., 0., 0.]), text='TG', units='pix', win=Window(...), wrapWidth=500)
7.3008 	EXP 	unnamed TextStim: autoDraw = True
7.3008 	EXP 	unnamed TextStim: autoDraw = True
7.3008 	EXP 	unnamed TextStim: autoDraw = True
7.3008 	EXP 	unnamed TextStim: autoDraw = True
7.3008 	EXP 	unnamed TextStim: autoDraw = True
7.3008 	EXP 	unnamed TextStim: autoDraw = True
7.3008 	EXP 	unnamed TextStim: autoDraw = True
7.3008 	EXP 	unnamed TextStim: autoDraw = True
7.3008 	EXP 	unnamed TextStim: autoDraw = True
7.3008 	EXP 	unnamed TextStim: autoDraw = True
7.6495 	EXP 	unnamed TextStim: autoDraw = False
7.6495 	EXP 	unnamed TextStim: autoDraw = False
7.6495 	EXP 	unnamed TextStim: autoDraw = False
7.6495 	EXP 	unnamed TextStim: autoDraw = False
7.6495 	EXP 	unnamed TextStim: autoDraw = False
7.6495 	EXP 	unnamed TextStim: autoDraw = False
7.6495 	EXP 	unnamed TextStim: autoDraw = False
7.6495 	EXP 	unnamed TextStim: autoDraw = False
7.6495 	EXP 	unnamed TextStim: autoDraw = False
7.6495 	EXP 	unnamed TextStim: autoDraw = False
8.6522 	INFO 	using sysFont Arial
8.6539 	EXP 	Created unnamed TextStim = TextStim(__class__=<class 'psychopy.visual.text.TextStim'>, alignHoriz='center', alignVert='center', antialias=True, autoLog=True, bold=False, color='black', colorSpace='named', contrast=1.0, depth=0, flipHoriz=False, flipVert=False, font='Arial', fontFiles=[], height=32, italic=False, name='unnamed TextStim', opacity=1.0, ori=0.0, pos=array([0., 0.]), rgb=array([0., 0., 0.]), text='Po treningu', units='pix', win=Window(...), wrapWidth=1920)
9.2389 	CRITICAL 	Experiment finished by user! f7 pressed.
