2.5554 	INFO 	Screen res set as: 1920x1080
2.5563 	INFO 	Loaded monitor calibration from ['2018_09_18 09:28']
3.1171 	EXP 	Created window1 = Window(allowGUI=True, allowStencil=False, args=UNKNOWN, autoLog=True, bitsMode=UNKNOWN, blendMode='avg', color='Gainsboro', colorSpace='named', fullscr=UNKNOWN, gamma=None, kwargs=UNKNOWN, lms=UNKNOWN, monitor=<psychopy.monitors.calibTools.Monitor object at 0x7fc67c04bef0>, multiSample=False, name='window1', numSamples=2, pos=None, screen=0, size=array([1920, 1080]), stereo=False, units='pix', useFBO=False, useRetina=False, viewOri=0.0, viewPos=None, viewScale=None, waitBlanking=True, winType='pygame')
3.1171 	INFO 	Detected framerate: 30 frames per sec.
3.1171 	INFO 	Mouse: using default window
3.1517 	INFO 	using sysFont Arial
3.1558 	EXP 	Created unnamed TextStim = TextStim(__class__=<class 'psychopy.visual.text.TextStim'>, alignHoriz='center', alignVert='center', antialias=True, autoLog=True, bold=False, color='black', colorSpace='named', contrast=1.0, depth=0, flipHoriz=False, flipVert=False, font='Arial', fontFiles=[], height=32, italic=False, name='unnamed TextStim', opacity=1.0, ori=0.0, pos=array([   0., -300.]), rgb=array([0., 0., 0.]), text=str(...), units='pix', win=Window(...), wrapWidth=1920)
3.1569 	INFO 	using sysFont Arial
3.1579 	EXP 	Created unnamed TextStim = TextStim(__class__=<class 'psychopy.visual.text.TextStim'>, alignHoriz='center', alignVert='center', antialias=True, autoLog=True, bold=False, color='black', colorSpace='named', contrast=1.0, depth=0, flipHoriz=False, flipVert=False, font='Arial', fontFiles=[], height=32, italic=False, name='unnamed TextStim', opacity=1.0, ori=0.0, pos=array([0., 0.]), rgb=array([0., 0., 0.]), text='Wstęp', units='pix', win=Window(...), wrapWidth=1920)
3.9451 	INFO 	using sysFont 
3.9461 	EXP 	Created unnamed TextStim = TextStim(__class__=<class 'psychopy.visual.text.TextStim'>, alignHoriz='center', alignVert='center', antialias=True, autoLog=True, bold=False, color='black', colorSpace='named', contrast=1.0, depth=0, flipHoriz=False, flipVert=False, font='', fontFiles=[], height=32, italic=False, name='unnamed TextStim', opacity=1.0, ori=0.0, pos=array([-74.,   0.]), rgb=array([0., 0., 0.]), text='FN', units='pix', win=Window(...), wrapWidth=500)
3.9467 	INFO 	using sysFont 
3.9488 	EXP 	Created unnamed TextStim = TextStim(__class__=<class 'psychopy.visual.text.TextStim'>, alignHoriz='center', alignVert='center', antialias=True, autoLog=True, bold=False, color='black', colorSpace='named', contrast=1.0, depth=0, flipHoriz=False, flipVert=False, font='', fontFiles=[], height=32, italic=False, name='unnamed TextStim', opacity=1.0, ori=0.0, pos=array([0., 0.]), rgb=array([0., 0., 0.]), text='YN', units='pix', win=Window(...), wrapWidth=500)
3.9498 	INFO 	using sysFont 
3.9507 	EXP 	Created unnamed TextStim = TextStim(__class__=<class 'psychopy.visual.text.TextStim'>, alignHoriz='center', alignVert='center', antialias=True, autoLog=True, bold=False, color='black', colorSpace='named', contrast=1.0, depth=0, flipHoriz=False, flipVert=False, font='', fontFiles=[], height=32, italic=False, name='unnamed TextStim', opacity=1.0, ori=0.0, pos=array([74.,  0.]), rgb=array([0., 0., 0.]), text='PN', units='pix', win=Window(...), wrapWidth=500)
3.9512 	INFO 	using sysFont 
3.9522 	EXP 	Created unnamed TextStim = TextStim(__class__=<class 'psychopy.visual.text.TextStim'>, alignHoriz='center', alignVert='center', antialias=True, autoLog=True, bold=False, color='black', colorSpace='named', contrast=1.0, depth=0, flipHoriz=False, flipVert=False, font='', fontFiles=[], height=32, italic=False, name='unnamed TextStim', opacity=1.0, ori=0.0, pos=array([-74.        ,  49.33333333]), rgb=array([0., 0., 0.]), text='XT', units='pix', win=Window(...), wrapWidth=500)
3.9527 	INFO 	using sysFont 
3.9536 	EXP 	Created unnamed TextStim = TextStim(__class__=<class 'psychopy.visual.text.TextStim'>, alignHoriz='center', alignVert='center', antialias=True, autoLog=True, bold=False, color='black', colorSpace='named', contrast=1.0, depth=0, flipHoriz=False, flipVert=False, font='', fontFiles=[], height=32, italic=False, name='unnamed TextStim', opacity=1.0, ori=0.0, pos=array([ 0.        , 49.33333333]), rgb=array([0., 0., 0.]), text='BN', units='pix', win=Window(...), wrapWidth=500)
3.9541 	INFO 	using sysFont 
3.9551 	EXP 	Created unnamed TextStim = TextStim(__class__=<class 'psychopy.visual.text.TextStim'>, alignHoriz='center', alignVert='center', antialias=True, autoLog=True, bold=False, color='black', colorSpace='named', contrast=1.0, depth=0, flipHoriz=False, flipVert=False, font='', fontFiles=[], height=32, italic=False, name='unnamed TextStim', opacity=1.0, ori=0.0, pos=array([74.        , 49.33333333]), rgb=array([0., 0., 0.]), text='SN', units='pix', win=Window(...), wrapWidth=500)
3.9556 	INFO 	using sysFont 
3.9565 	EXP 	Created unnamed TextStim = TextStim(__class__=<class 'psychopy.visual.text.TextStim'>, alignHoriz='center', alignVert='center', antialias=True, autoLog=True, bold=False, color='black', colorSpace='named', contrast=1.0, depth=0, flipHoriz=False, flipVert=False, font='', fontFiles=[], height=32, italic=False, name='unnamed TextStim', opacity=1.0, ori=0.0, pos=array([-74.        ,  98.66666667]), rgb=array([0., 0., 0.]), text='OT', units='pix', win=Window(...), wrapWidth=500)
3.9571 	INFO 	using sysFont 
3.9581 	EXP 	Created unnamed TextStim = TextStim(__class__=<class 'psychopy.visual.text.TextStim'>, alignHoriz='center', alignVert='center', antialias=True, autoLog=True, bold=False, color='black', colorSpace='named', contrast=1.0, depth=0, flipHoriz=False, flipVert=False, font='', fontFiles=[], height=32, italic=False, name='unnamed TextStim', opacity=1.0, ori=0.0, pos=array([ 0.        , 98.66666667]), rgb=array([0., 0., 0.]), text='OA', units='pix', win=Window(...), wrapWidth=500)
3.9587 	INFO 	using sysFont 
3.9596 	EXP 	Created unnamed TextStim = TextStim(__class__=<class 'psychopy.visual.text.TextStim'>, alignHoriz='center', alignVert='center', antialias=True, autoLog=True, bold=False, color='black', colorSpace='named', contrast=1.0, depth=0, flipHoriz=False, flipVert=False, font='', fontFiles=[], height=32, italic=False, name='unnamed TextStim', opacity=1.0, ori=0.0, pos=array([74.        , 98.66666667]), rgb=array([0., 0., 0.]), text='QJ', units='pix', win=Window(...), wrapWidth=500)
3.9635 	EXP 	unnamed TextStim: autoDraw = True
3.9635 	EXP 	unnamed TextStim: autoDraw = True
3.9635 	EXP 	unnamed TextStim: autoDraw = True
3.9635 	EXP 	unnamed TextStim: autoDraw = True
3.9635 	EXP 	unnamed TextStim: autoDraw = True
3.9635 	EXP 	unnamed TextStim: autoDraw = True
3.9635 	EXP 	unnamed TextStim: autoDraw = True
3.9635 	EXP 	unnamed TextStim: autoDraw = True
3.9635 	EXP 	unnamed TextStim: autoDraw = True
3.9635 	EXP 	unnamed TextStim: autoDraw = True
5.1495 	EXP 	unnamed TextStim: autoDraw = False
5.1495 	EXP 	unnamed TextStim: autoDraw = False
5.1495 	EXP 	unnamed TextStim: autoDraw = False
5.1495 	EXP 	unnamed TextStim: autoDraw = False
5.1495 	EXP 	unnamed TextStim: autoDraw = False
5.1495 	EXP 	unnamed TextStim: autoDraw = False
5.1495 	EXP 	unnamed TextStim: autoDraw = False
5.1495 	EXP 	unnamed TextStim: autoDraw = False
5.1495 	EXP 	unnamed TextStim: autoDraw = False
5.1495 	EXP 	unnamed TextStim: autoDraw = False
6.1620 	INFO 	using sysFont 
6.1630 	EXP 	Created unnamed TextStim = TextStim(__class__=<class 'psychopy.visual.text.TextStim'>, alignHoriz='center', alignVert='center', antialias=True, autoLog=True, bold=False, color='black', colorSpace='named', contrast=1.0, depth=0, flipHoriz=False, flipVert=False, font='', fontFiles=[], height=32, italic=False, name='unnamed TextStim', opacity=1.0, ori=0.0, pos=array([-74.,   0.]), rgb=array([0., 0., 0.]), text='ED', units='pix', win=Window(...), wrapWidth=500)
6.1635 	INFO 	using sysFont 
6.1642 	EXP 	Created unnamed TextStim = TextStim(__class__=<class 'psychopy.visual.text.TextStim'>, alignHoriz='center', alignVert='center', antialias=True, autoLog=True, bold=False, color='black', colorSpace='named', contrast=1.0, depth=0, flipHoriz=False, flipVert=False, font='', fontFiles=[], height=32, italic=False, name='unnamed TextStim', opacity=1.0, ori=0.0, pos=array([0., 0.]), rgb=array([0., 0., 0.]), text='GD', units='pix', win=Window(...), wrapWidth=500)
6.1647 	INFO 	using sysFont 
6.1655 	EXP 	Created unnamed TextStim = TextStim(__class__=<class 'psychopy.visual.text.TextStim'>, alignHoriz='center', alignVert='center', antialias=True, autoLog=True, bold=False, color='black', colorSpace='named', contrast=1.0, depth=0, flipHoriz=False, flipVert=False, font='', fontFiles=[], height=32, italic=False, name='unnamed TextStim', opacity=1.0, ori=0.0, pos=array([74.,  0.]), rgb=array([0., 0., 0.]), text='UE', units='pix', win=Window(...), wrapWidth=500)
6.1660 	INFO 	using sysFont 
6.1669 	EXP 	Created unnamed TextStim = TextStim(__class__=<class 'psychopy.visual.text.TextStim'>, alignHoriz='center', alignVert='center', antialias=True, autoLog=True, bold=False, color='black', colorSpace='named', contrast=1.0, depth=0, flipHoriz=False, flipVert=False, font='', fontFiles=[], height=32, italic=False, name='unnamed TextStim', opacity=1.0, ori=0.0, pos=array([-74.        ,  49.33333333]), rgb=array([0., 0., 0.]), text='MB', units='pix', win=Window(...), wrapWidth=500)
6.1673 	INFO 	using sysFont 
6.1681 	EXP 	Created unnamed TextStim = TextStim(__class__=<class 'psychopy.visual.text.TextStim'>, alignHoriz='center', alignVert='center', antialias=True, autoLog=True, bold=False, color='black', colorSpace='named', contrast=1.0, depth=0, flipHoriz=False, flipVert=False, font='', fontFiles=[], height=32, italic=False, name='unnamed TextStim', opacity=1.0, ori=0.0, pos=array([ 0.        , 49.33333333]), rgb=array([0., 0., 0.]), text='EE', units='pix', win=Window(...), wrapWidth=500)
6.1686 	INFO 	using sysFont 
6.1695 	EXP 	Created unnamed TextStim = TextStim(__class__=<class 'psychopy.visual.text.TextStim'>, alignHoriz='center', alignVert='center', antialias=True, autoLog=True, bold=False, color='black', colorSpace='named', contrast=1.0, depth=0, flipHoriz=False, flipVert=False, font='', fontFiles=[], height=32, italic=False, name='unnamed TextStim', opacity=1.0, ori=0.0, pos=array([74.        , 49.33333333]), rgb=array([0., 0., 0.]), text='YX', units='pix', win=Window(...), wrapWidth=500)
6.1699 	INFO 	using sysFont 
6.1708 	EXP 	Created unnamed TextStim = TextStim(__class__=<class 'psychopy.visual.text.TextStim'>, alignHoriz='center', alignVert='center', antialias=True, autoLog=True, bold=False, color='black', colorSpace='named', contrast=1.0, depth=0, flipHoriz=False, flipVert=False, font='', fontFiles=[], height=32, italic=False, name='unnamed TextStim', opacity=1.0, ori=0.0, pos=array([-74.        ,  98.66666667]), rgb=array([0., 0., 0.]), text='QD', units='pix', win=Window(...), wrapWidth=500)
6.1713 	INFO 	using sysFont 
6.1721 	EXP 	Created unnamed TextStim = TextStim(__class__=<class 'psychopy.visual.text.TextStim'>, alignHoriz='center', alignVert='center', antialias=True, autoLog=True, bold=False, color='black', colorSpace='named', contrast=1.0, depth=0, flipHoriz=False, flipVert=False, font='', fontFiles=[], height=32, italic=False, name='unnamed TextStim', opacity=1.0, ori=0.0, pos=array([ 0.        , 98.66666667]), rgb=array([0., 0., 0.]), text='ZE', units='pix', win=Window(...), wrapWidth=500)
6.1726 	INFO 	using sysFont 
6.1734 	EXP 	Created unnamed TextStim = TextStim(__class__=<class 'psychopy.visual.text.TextStim'>, alignHoriz='center', alignVert='center', antialias=True, autoLog=True, bold=False, color='black', colorSpace='named', contrast=1.0, depth=0, flipHoriz=False, flipVert=False, font='', fontFiles=[], height=32, italic=False, name='unnamed TextStim', opacity=1.0, ori=0.0, pos=array([74.        , 98.66666667]), rgb=array([0., 0., 0.]), text='KE', units='pix', win=Window(...), wrapWidth=500)
6.1776 	EXP 	unnamed TextStim: autoDraw = True
6.1776 	EXP 	unnamed TextStim: autoDraw = True
6.1776 	EXP 	unnamed TextStim: autoDraw = True
6.1776 	EXP 	unnamed TextStim: autoDraw = True
6.1776 	EXP 	unnamed TextStim: autoDraw = True
6.1776 	EXP 	unnamed TextStim: autoDraw = True
6.1776 	EXP 	unnamed TextStim: autoDraw = True
6.1776 	EXP 	unnamed TextStim: autoDraw = True
6.1776 	EXP 	unnamed TextStim: autoDraw = True
6.1776 	EXP 	unnamed TextStim: autoDraw = True
6.8489 	EXP 	unnamed TextStim: autoDraw = False
6.8489 	EXP 	unnamed TextStim: autoDraw = False
6.8489 	EXP 	unnamed TextStim: autoDraw = False
6.8489 	EXP 	unnamed TextStim: autoDraw = False
6.8489 	EXP 	unnamed TextStim: autoDraw = False
6.8489 	EXP 	unnamed TextStim: autoDraw = False
6.8489 	EXP 	unnamed TextStim: autoDraw = False
6.8489 	EXP 	unnamed TextStim: autoDraw = False
6.8489 	EXP 	unnamed TextStim: autoDraw = False
6.8489 	EXP 	unnamed TextStim: autoDraw = False
7.8504 	INFO 	using sysFont Arial
7.8517 	EXP 	Created unnamed TextStim = TextStim(__class__=<class 'psychopy.visual.text.TextStim'>, alignHoriz='center', alignVert='center', antialias=True, autoLog=True, bold=False, color='black', colorSpace='named', contrast=1.0, depth=0, flipHoriz=False, flipVert=False, font='Arial', fontFiles=[], height=32, italic=False, name='unnamed TextStim', opacity=1.0, ori=0.0, pos=array([0., 0.]), rgb=array([0., 0., 0.]), text='Po treningu', units='pix', win=Window(...), wrapWidth=1920)
8.3196 	INFO 	using sysFont 
8.3206 	EXP 	Created unnamed TextStim = TextStim(__class__=<class 'psychopy.visual.text.TextStim'>, alignHoriz='center', alignVert='center', antialias=True, autoLog=True, bold=False, color='black', colorSpace='named', contrast=1.0, depth=0, flipHoriz=False, flipVert=False, font='', fontFiles=[], height=32, italic=False, name='unnamed TextStim', opacity=1.0, ori=0.0, pos=array([-74.,   0.]), rgb=array([0., 0., 0.]), text='PO', units='pix', win=Window(...), wrapWidth=500)
8.3211 	INFO 	using sysFont 
8.3219 	EXP 	Created unnamed TextStim = TextStim(__class__=<class 'psychopy.visual.text.TextStim'>, alignHoriz='center', alignVert='center', antialias=True, autoLog=True, bold=False, color='black', colorSpace='named', contrast=1.0, depth=0, flipHoriz=False, flipVert=False, font='', fontFiles=[], height=32, italic=False, name='unnamed TextStim', opacity=1.0, ori=0.0, pos=array([0., 0.]), rgb=array([0., 0., 0.]), text='NL', units='pix', win=Window(...), wrapWidth=500)
8.3224 	INFO 	using sysFont 
8.3232 	EXP 	Created unnamed TextStim = TextStim(__class__=<class 'psychopy.visual.text.TextStim'>, alignHoriz='center', alignVert='center', antialias=True, autoLog=True, bold=False, color='black', colorSpace='named', contrast=1.0, depth=0, flipHoriz=False, flipVert=False, font='', fontFiles=[], height=32, italic=False, name='unnamed TextStim', opacity=1.0, ori=0.0, pos=array([74.,  0.]), rgb=array([0., 0., 0.]), text='FL', units='pix', win=Window(...), wrapWidth=500)
8.3238 	INFO 	using sysFont 
8.3247 	EXP 	Created unnamed TextStim = TextStim(__class__=<class 'psychopy.visual.text.TextStim'>, alignHoriz='center', alignVert='center', antialias=True, autoLog=True, bold=False, color='black', colorSpace='named', contrast=1.0, depth=0, flipHoriz=False, flipVert=False, font='', fontFiles=[], height=32, italic=False, name='unnamed TextStim', opacity=1.0, ori=0.0, pos=array([-74.        ,  49.33333333]), rgb=array([0., 0., 0.]), text='BU', units='pix', win=Window(...), wrapWidth=500)
8.3252 	INFO 	using sysFont 
8.3260 	EXP 	Created unnamed TextStim = TextStim(__class__=<class 'psychopy.visual.text.TextStim'>, alignHoriz='center', alignVert='center', antialias=True, autoLog=True, bold=False, color='black', colorSpace='named', contrast=1.0, depth=0, flipHoriz=False, flipVert=False, font='', fontFiles=[], height=32, italic=False, name='unnamed TextStim', opacity=1.0, ori=0.0, pos=array([ 0.        , 49.33333333]), rgb=array([0., 0., 0.]), text='BU', units='pix', win=Window(...), wrapWidth=500)
8.3266 	INFO 	using sysFont 
8.3274 	EXP 	Created unnamed TextStim = TextStim(__class__=<class 'psychopy.visual.text.TextStim'>, alignHoriz='center', alignVert='center', antialias=True, autoLog=True, bold=False, color='black', colorSpace='named', contrast=1.0, depth=0, flipHoriz=False, flipVert=False, font='', fontFiles=[], height=32, italic=False, name='unnamed TextStim', opacity=1.0, ori=0.0, pos=array([74.        , 49.33333333]), rgb=array([0., 0., 0.]), text='PL', units='pix', win=Window(...), wrapWidth=500)
8.3279 	INFO 	using sysFont 
8.3289 	EXP 	Created unnamed TextStim = TextStim(__class__=<class 'psychopy.visual.text.TextStim'>, alignHoriz='center', alignVert='center', antialias=True, autoLog=True, bold=False, color='black', colorSpace='named', contrast=1.0, depth=0, flipHoriz=False, flipVert=False, font='', fontFiles=[], height=32, italic=False, name='unnamed TextStim', opacity=1.0, ori=0.0, pos=array([-74.        ,  98.66666667]), rgb=array([0., 0., 0.]), text='PU', units='pix', win=Window(...), wrapWidth=500)
8.3294 	INFO 	using sysFont 
8.3302 	EXP 	Created unnamed TextStim = TextStim(__class__=<class 'psychopy.visual.text.TextStim'>, alignHoriz='center', alignVert='center', antialias=True, autoLog=True, bold=False, color='black', colorSpace='named', contrast=1.0, depth=0, flipHoriz=False, flipVert=False, font='', fontFiles=[], height=32, italic=False, name='unnamed TextStim', opacity=1.0, ori=0.0, pos=array([ 0.        , 98.66666667]), rgb=array([0., 0., 0.]), text='VA', units='pix', win=Window(...), wrapWidth=500)
8.3307 	INFO 	using sysFont 
8.3316 	EXP 	Created unnamed TextStim = TextStim(__class__=<class 'psychopy.visual.text.TextStim'>, alignHoriz='center', alignVert='center', antialias=True, autoLog=True, bold=False, color='black', colorSpace='named', contrast=1.0, depth=0, flipHoriz=False, flipVert=False, font='', fontFiles=[], height=32, italic=False, name='unnamed TextStim', opacity=1.0, ori=0.0, pos=array([74.        , 98.66666667]), rgb=array([0., 0., 0.]), text='QU', units='pix', win=Window(...), wrapWidth=500)
8.3353 	EXP 	unnamed TextStim: autoDraw = True
8.3353 	EXP 	unnamed TextStim: autoDraw = True
8.3353 	EXP 	unnamed TextStim: autoDraw = True
8.3353 	EXP 	unnamed TextStim: autoDraw = True
8.3353 	EXP 	unnamed TextStim: autoDraw = True
8.3353 	EXP 	unnamed TextStim: autoDraw = True
8.3353 	EXP 	unnamed TextStim: autoDraw = True
8.3353 	EXP 	unnamed TextStim: autoDraw = True
8.3353 	EXP 	unnamed TextStim: autoDraw = True
8.3353 	EXP 	unnamed TextStim: autoDraw = True
8.8152 	EXP 	unnamed TextStim: autoDraw = False
8.8152 	EXP 	unnamed TextStim: autoDraw = False
8.8152 	EXP 	unnamed TextStim: autoDraw = False
8.8152 	EXP 	unnamed TextStim: autoDraw = False
8.8152 	EXP 	unnamed TextStim: autoDraw = False
8.8152 	EXP 	unnamed TextStim: autoDraw = False
8.8152 	EXP 	unnamed TextStim: autoDraw = False
8.8152 	EXP 	unnamed TextStim: autoDraw = False
8.8152 	EXP 	unnamed TextStim: autoDraw = False
8.8152 	EXP 	unnamed TextStim: autoDraw = False
