2.4914 	INFO 	Screen res set as: 1920x1080
2.4924 	INFO 	Loaded monitor calibration from ['2018_09_18 09:28']
3.0350 	EXP 	Created window1 = Window(allowGUI=True, allowStencil=False, args=UNKNOWN, autoLog=True, bitsMode=UNKNOWN, blendMode='avg', color='Gainsboro', colorSpace='named', fullscr=UNKNOWN, gamma=None, kwargs=UNKNOWN, lms=UNKNOWN, monitor=<psychopy.monitors.calibTools.Monitor object at 0x7ff87c0a9ef0>, multiSample=False, name='window1', numSamples=2, pos=None, screen=0, size=array([1920, 1080]), stereo=False, units='pix', useFBO=False, useRetina=False, viewOri=0.0, viewPos=None, viewScale=None, waitBlanking=True, winType='pygame')
3.0350 	INFO 	Detected framerate: 30 frames per sec.
3.0351 	INFO 	Mouse: using default window
3.0737 	INFO 	using sysFont Arial
3.0777 	EXP 	Created unnamed TextStim = TextStim(__class__=<class 'psychopy.visual.text.TextStim'>, alignHoriz='center', alignVert='center', antialias=True, autoLog=True, bold=False, color='black', colorSpace='named', contrast=1.0, depth=0, flipHoriz=False, flipVert=False, font='Arial', fontFiles=[], height=32, italic=False, name='unnamed TextStim', opacity=1.0, ori=0.0, pos=array([   0., -300.]), rgb=array([0., 0., 0.]), text=str(...), units='pix', win=Window(...), wrapWidth=1920)
3.0786 	INFO 	using sysFont Arial
3.0796 	EXP 	Created unnamed TextStim = TextStim(__class__=<class 'psychopy.visual.text.TextStim'>, alignHoriz='center', alignVert='center', antialias=True, autoLog=True, bold=False, color='black', colorSpace='named', contrast=1.0, depth=0, flipHoriz=False, flipVert=False, font='Arial', fontFiles=[], height=32, italic=False, name='unnamed TextStim', opacity=1.0, ori=0.0, pos=array([0., 0.]), rgb=array([0., 0., 0.]), text='Wstęp', units='pix', win=Window(...), wrapWidth=1920)
3.9888 	INFO 	using sysFont 
3.9897 	EXP 	Created unnamed TextStim = TextStim(__class__=<class 'psychopy.visual.text.TextStim'>, alignHoriz='center', alignVert='center', antialias=True, autoLog=True, bold=False, color='black', colorSpace='named', contrast=1.0, depth=0, flipHoriz=False, flipVert=False, font='', fontFiles=[], height=32, italic=False, name='unnamed TextStim', opacity=1.0, ori=0.0, pos=array([-74.,   0.]), rgb=array([0., 0., 0.]), text='YK', units='pix', win=Window(...), wrapWidth=500)
3.9902 	INFO 	using sysFont 
3.9910 	EXP 	Created unnamed TextStim = TextStim(__class__=<class 'psychopy.visual.text.TextStim'>, alignHoriz='center', alignVert='center', antialias=True, autoLog=True, bold=False, color='black', colorSpace='named', contrast=1.0, depth=0, flipHoriz=False, flipVert=False, font='', fontFiles=[], height=32, italic=False, name='unnamed TextStim', opacity=1.0, ori=0.0, pos=array([0., 0.]), rgb=array([0., 0., 0.]), text='YM', units='pix', win=Window(...), wrapWidth=500)
3.9915 	INFO 	using sysFont 
3.9924 	EXP 	Created unnamed TextStim = TextStim(__class__=<class 'psychopy.visual.text.TextStim'>, alignHoriz='center', alignVert='center', antialias=True, autoLog=True, bold=False, color='black', colorSpace='named', contrast=1.0, depth=0, flipHoriz=False, flipVert=False, font='', fontFiles=[], height=32, italic=False, name='unnamed TextStim', opacity=1.0, ori=0.0, pos=array([74.,  0.]), rgb=array([0., 0., 0.]), text='CK', units='pix', win=Window(...), wrapWidth=500)
3.9929 	INFO 	using sysFont 
3.9938 	EXP 	Created unnamed TextStim = TextStim(__class__=<class 'psychopy.visual.text.TextStim'>, alignHoriz='center', alignVert='center', antialias=True, autoLog=True, bold=False, color='black', colorSpace='named', contrast=1.0, depth=0, flipHoriz=False, flipVert=False, font='', fontFiles=[], height=32, italic=False, name='unnamed TextStim', opacity=1.0, ori=0.0, pos=array([-74.        ,  49.33333333]), rgb=array([0., 0., 0.]), text='YU', units='pix', win=Window(...), wrapWidth=500)
3.9943 	INFO 	using sysFont 
3.9951 	EXP 	Created unnamed TextStim = TextStim(__class__=<class 'psychopy.visual.text.TextStim'>, alignHoriz='center', alignVert='center', antialias=True, autoLog=True, bold=False, color='black', colorSpace='named', contrast=1.0, depth=0, flipHoriz=False, flipVert=False, font='', fontFiles=[], height=32, italic=False, name='unnamed TextStim', opacity=1.0, ori=0.0, pos=array([ 0.        , 49.33333333]), rgb=array([0., 0., 0.]), text='XK', units='pix', win=Window(...), wrapWidth=500)
3.9957 	INFO 	using sysFont 
3.9965 	EXP 	Created unnamed TextStim = TextStim(__class__=<class 'psychopy.visual.text.TextStim'>, alignHoriz='center', alignVert='center', antialias=True, autoLog=True, bold=False, color='black', colorSpace='named', contrast=1.0, depth=0, flipHoriz=False, flipVert=False, font='', fontFiles=[], height=32, italic=False, name='unnamed TextStim', opacity=1.0, ori=0.0, pos=array([74.        , 49.33333333]), rgb=array([0., 0., 0.]), text='WE', units='pix', win=Window(...), wrapWidth=500)
3.9971 	INFO 	using sysFont 
3.9979 	EXP 	Created unnamed TextStim = TextStim(__class__=<class 'psychopy.visual.text.TextStim'>, alignHoriz='center', alignVert='center', antialias=True, autoLog=True, bold=False, color='black', colorSpace='named', contrast=1.0, depth=0, flipHoriz=False, flipVert=False, font='', fontFiles=[], height=32, italic=False, name='unnamed TextStim', opacity=1.0, ori=0.0, pos=array([-74.        ,  98.66666667]), rgb=array([0., 0., 0.]), text='KK', units='pix', win=Window(...), wrapWidth=500)
3.9985 	INFO 	using sysFont 
3.9995 	EXP 	Created unnamed TextStim = TextStim(__class__=<class 'psychopy.visual.text.TextStim'>, alignHoriz='center', alignVert='center', antialias=True, autoLog=True, bold=False, color='black', colorSpace='named', contrast=1.0, depth=0, flipHoriz=False, flipVert=False, font='', fontFiles=[], height=32, italic=False, name='unnamed TextStim', opacity=1.0, ori=0.0, pos=array([ 0.        , 98.66666667]), rgb=array([0., 0., 0.]), text='YK', units='pix', win=Window(...), wrapWidth=500)
4.0000 	INFO 	using sysFont 
4.0009 	EXP 	Created unnamed TextStim = TextStim(__class__=<class 'psychopy.visual.text.TextStim'>, alignHoriz='center', alignVert='center', antialias=True, autoLog=True, bold=False, color='black', colorSpace='named', contrast=1.0, depth=0, flipHoriz=False, flipVert=False, font='', fontFiles=[], height=32, italic=False, name='unnamed TextStim', opacity=1.0, ori=0.0, pos=array([74.        , 98.66666667]), rgb=array([0., 0., 0.]), text='DE', units='pix', win=Window(...), wrapWidth=500)
4.0045 	EXP 	unnamed TextStim: autoDraw = True
4.0045 	EXP 	unnamed TextStim: autoDraw = True
4.0045 	EXP 	unnamed TextStim: autoDraw = True
4.0045 	EXP 	unnamed TextStim: autoDraw = True
4.0045 	EXP 	unnamed TextStim: autoDraw = True
4.0045 	EXP 	unnamed TextStim: autoDraw = True
4.0045 	EXP 	unnamed TextStim: autoDraw = True
4.0045 	EXP 	unnamed TextStim: autoDraw = True
4.0045 	EXP 	unnamed TextStim: autoDraw = True
4.0045 	EXP 	unnamed TextStim: autoDraw = True
4.4536 	EXP 	unnamed TextStim: autoDraw = False
4.4536 	EXP 	unnamed TextStim: autoDraw = False
4.4536 	EXP 	unnamed TextStim: autoDraw = False
4.4536 	EXP 	unnamed TextStim: autoDraw = False
4.4536 	EXP 	unnamed TextStim: autoDraw = False
4.4536 	EXP 	unnamed TextStim: autoDraw = False
4.4536 	EXP 	unnamed TextStim: autoDraw = False
4.4536 	EXP 	unnamed TextStim: autoDraw = False
4.4536 	EXP 	unnamed TextStim: autoDraw = False
4.4536 	EXP 	unnamed TextStim: autoDraw = False
5.4674 	INFO 	using sysFont 
5.4684 	EXP 	Created unnamed TextStim = TextStim(__class__=<class 'psychopy.visual.text.TextStim'>, alignHoriz='center', alignVert='center', antialias=True, autoLog=True, bold=False, color='black', colorSpace='named', contrast=1.0, depth=0, flipHoriz=False, flipVert=False, font='', fontFiles=[], height=32, italic=False, name='unnamed TextStim', opacity=1.0, ori=0.0, pos=array([-74.,   0.]), rgb=array([0., 0., 0.]), text='DU', units='pix', win=Window(...), wrapWidth=500)
5.4689 	INFO 	using sysFont 
5.4696 	EXP 	Created unnamed TextStim = TextStim(__class__=<class 'psychopy.visual.text.TextStim'>, alignHoriz='center', alignVert='center', antialias=True, autoLog=True, bold=False, color='black', colorSpace='named', contrast=1.0, depth=0, flipHoriz=False, flipVert=False, font='', fontFiles=[], height=32, italic=False, name='unnamed TextStim', opacity=1.0, ori=0.0, pos=array([0., 0.]), rgb=array([0., 0., 0.]), text='IC', units='pix', win=Window(...), wrapWidth=500)
5.4701 	INFO 	using sysFont 
5.4709 	EXP 	Created unnamed TextStim = TextStim(__class__=<class 'psychopy.visual.text.TextStim'>, alignHoriz='center', alignVert='center', antialias=True, autoLog=True, bold=False, color='black', colorSpace='named', contrast=1.0, depth=0, flipHoriz=False, flipVert=False, font='', fontFiles=[], height=32, italic=False, name='unnamed TextStim', opacity=1.0, ori=0.0, pos=array([74.,  0.]), rgb=array([0., 0., 0.]), text='RU', units='pix', win=Window(...), wrapWidth=500)
5.4714 	INFO 	using sysFont 
5.4722 	EXP 	Created unnamed TextStim = TextStim(__class__=<class 'psychopy.visual.text.TextStim'>, alignHoriz='center', alignVert='center', antialias=True, autoLog=True, bold=False, color='black', colorSpace='named', contrast=1.0, depth=0, flipHoriz=False, flipVert=False, font='', fontFiles=[], height=32, italic=False, name='unnamed TextStim', opacity=1.0, ori=0.0, pos=array([-74.        ,  49.33333333]), rgb=array([0., 0., 0.]), text='BY', units='pix', win=Window(...), wrapWidth=500)
5.4727 	INFO 	using sysFont 
5.4736 	EXP 	Created unnamed TextStim = TextStim(__class__=<class 'psychopy.visual.text.TextStim'>, alignHoriz='center', alignVert='center', antialias=True, autoLog=True, bold=False, color='black', colorSpace='named', contrast=1.0, depth=0, flipHoriz=False, flipVert=False, font='', fontFiles=[], height=32, italic=False, name='unnamed TextStim', opacity=1.0, ori=0.0, pos=array([ 0.        , 49.33333333]), rgb=array([0., 0., 0.]), text='GY', units='pix', win=Window(...), wrapWidth=500)
5.4740 	INFO 	using sysFont 
5.4748 	EXP 	Created unnamed TextStim = TextStim(__class__=<class 'psychopy.visual.text.TextStim'>, alignHoriz='center', alignVert='center', antialias=True, autoLog=True, bold=False, color='black', colorSpace='named', contrast=1.0, depth=0, flipHoriz=False, flipVert=False, font='', fontFiles=[], height=32, italic=False, name='unnamed TextStim', opacity=1.0, ori=0.0, pos=array([74.        , 49.33333333]), rgb=array([0., 0., 0.]), text='KU', units='pix', win=Window(...), wrapWidth=500)
5.4753 	INFO 	using sysFont 
5.4761 	EXP 	Created unnamed TextStim = TextStim(__class__=<class 'psychopy.visual.text.TextStim'>, alignHoriz='center', alignVert='center', antialias=True, autoLog=True, bold=False, color='black', colorSpace='named', contrast=1.0, depth=0, flipHoriz=False, flipVert=False, font='', fontFiles=[], height=32, italic=False, name='unnamed TextStim', opacity=1.0, ori=0.0, pos=array([-74.        ,  98.66666667]), rgb=array([0., 0., 0.]), text='IY', units='pix', win=Window(...), wrapWidth=500)
5.4766 	INFO 	using sysFont 
5.4774 	EXP 	Created unnamed TextStim = TextStim(__class__=<class 'psychopy.visual.text.TextStim'>, alignHoriz='center', alignVert='center', antialias=True, autoLog=True, bold=False, color='black', colorSpace='named', contrast=1.0, depth=0, flipHoriz=False, flipVert=False, font='', fontFiles=[], height=32, italic=False, name='unnamed TextStim', opacity=1.0, ori=0.0, pos=array([ 0.        , 98.66666667]), rgb=array([0., 0., 0.]), text='TY', units='pix', win=Window(...), wrapWidth=500)
5.4779 	INFO 	using sysFont 
5.4787 	EXP 	Created unnamed TextStim = TextStim(__class__=<class 'psychopy.visual.text.TextStim'>, alignHoriz='center', alignVert='center', antialias=True, autoLog=True, bold=False, color='black', colorSpace='named', contrast=1.0, depth=0, flipHoriz=False, flipVert=False, font='', fontFiles=[], height=32, italic=False, name='unnamed TextStim', opacity=1.0, ori=0.0, pos=array([74.        , 98.66666667]), rgb=array([0., 0., 0.]), text='BG', units='pix', win=Window(...), wrapWidth=500)
5.4827 	EXP 	unnamed TextStim: autoDraw = True
5.4827 	EXP 	unnamed TextStim: autoDraw = True
5.4827 	EXP 	unnamed TextStim: autoDraw = True
5.4827 	EXP 	unnamed TextStim: autoDraw = True
5.4827 	EXP 	unnamed TextStim: autoDraw = True
5.4827 	EXP 	unnamed TextStim: autoDraw = True
5.4827 	EXP 	unnamed TextStim: autoDraw = True
5.4827 	EXP 	unnamed TextStim: autoDraw = True
5.4827 	EXP 	unnamed TextStim: autoDraw = True
5.4827 	EXP 	unnamed TextStim: autoDraw = True
5.7997 	EXP 	unnamed TextStim: autoDraw = False
5.7997 	EXP 	unnamed TextStim: autoDraw = False
5.7997 	EXP 	unnamed TextStim: autoDraw = False
5.7997 	EXP 	unnamed TextStim: autoDraw = False
5.7997 	EXP 	unnamed TextStim: autoDraw = False
5.7997 	EXP 	unnamed TextStim: autoDraw = False
5.7997 	EXP 	unnamed TextStim: autoDraw = False
5.7997 	EXP 	unnamed TextStim: autoDraw = False
5.7997 	EXP 	unnamed TextStim: autoDraw = False
5.7997 	EXP 	unnamed TextStim: autoDraw = False
6.8021 	INFO 	using sysFont Arial
6.8033 	EXP 	Created unnamed TextStim = TextStim(__class__=<class 'psychopy.visual.text.TextStim'>, alignHoriz='center', alignVert='center', antialias=True, autoLog=True, bold=False, color='black', colorSpace='named', contrast=1.0, depth=0, flipHoriz=False, flipVert=False, font='Arial', fontFiles=[], height=32, italic=False, name='unnamed TextStim', opacity=1.0, ori=0.0, pos=array([0., 0.]), rgb=array([0., 0., 0.]), text='Po treningu', units='pix', win=Window(...), wrapWidth=1920)
