2.6916 	INFO 	Screen res set as: 1920x1080
2.6925 	INFO 	Loaded monitor calibration from ['2018_09_18 09:28']
3.2273 	EXP 	Created window1 = Window(allowGUI=True, allowStencil=False, args=UNKNOWN, autoLog=True, bitsMode=UNKNOWN, blendMode='avg', color='Gainsboro', colorSpace='named', fullscr=UNKNOWN, gamma=None, kwargs=UNKNOWN, lms=UNKNOWN, monitor=<psychopy.monitors.calibTools.Monitor object at 0x7f1f500caef0>, multiSample=False, name='window1', numSamples=2, pos=None, screen=0, size=array([1920, 1080]), stereo=False, units='pix', useFBO=False, useRetina=False, viewOri=0.0, viewPos=None, viewScale=None, waitBlanking=True, winType='pygame')
3.2274 	INFO 	Detected framerate: 30 frames per sec.
3.2274 	INFO 	Mouse: using default window
3.2671 	INFO 	using sysFont Arial
3.2711 	EXP 	Created unnamed TextStim = TextStim(__class__=<class 'psychopy.visual.text.TextStim'>, alignHoriz='center', alignVert='center', antialias=True, autoLog=True, bold=False, color='black', colorSpace='named', contrast=1.0, depth=0, flipHoriz=False, flipVert=False, font='Arial', fontFiles=[], height=32, italic=False, name='unnamed TextStim', opacity=1.0, ori=0.0, pos=array([   0., -300.]), rgb=array([0., 0., 0.]), text=str(...), units='pix', win=Window(...), wrapWidth=1920)
3.2723 	INFO 	using sysFont Arial
3.2739 	EXP 	Created unnamed TextStim = TextStim(__class__=<class 'psychopy.visual.text.TextStim'>, alignHoriz='center', alignVert='center', antialias=True, autoLog=True, bold=False, color='black', colorSpace='named', contrast=1.0, depth=0, flipHoriz=False, flipVert=False, font='Arial', fontFiles=[], height=32, italic=False, name='unnamed TextStim', opacity=1.0, ori=0.0, pos=array([0., 0.]), rgb=array([0., 0., 0.]), text='Wstęp', units='pix', win=Window(...), wrapWidth=1920)
3.9942 	INFO 	using sysFont 
3.9951 	EXP 	Created unnamed TextStim = TextStim(__class__=<class 'psychopy.visual.text.TextStim'>, alignHoriz='center', alignVert='center', antialias=True, autoLog=True, bold=False, color='black', colorSpace='named', contrast=1.0, depth=0, flipHoriz=False, flipVert=False, font='', fontFiles=[], height=32, italic=False, name='unnamed TextStim', opacity=1.0, ori=0.0, pos=array([-74., -74.]), rgb=array([0., 0., 0.]), text='CO', units='pix', win=Window(...), wrapWidth=500)
3.9958 	INFO 	using sysFont 
3.9966 	EXP 	Created unnamed TextStim = TextStim(__class__=<class 'psychopy.visual.text.TextStim'>, alignHoriz='center', alignVert='center', antialias=True, autoLog=True, bold=False, color='black', colorSpace='named', contrast=1.0, depth=0, flipHoriz=False, flipVert=False, font='', fontFiles=[], height=32, italic=False, name='unnamed TextStim', opacity=1.0, ori=0.0, pos=array([  0., -74.]), rgb=array([0., 0., 0.]), text='IL', units='pix', win=Window(...), wrapWidth=500)
3.9971 	INFO 	using sysFont 
3.9980 	EXP 	Created unnamed TextStim = TextStim(__class__=<class 'psychopy.visual.text.TextStim'>, alignHoriz='center', alignVert='center', antialias=True, autoLog=True, bold=False, color='black', colorSpace='named', contrast=1.0, depth=0, flipHoriz=False, flipVert=False, font='', fontFiles=[], height=32, italic=False, name='unnamed TextStim', opacity=1.0, ori=0.0, pos=array([ 74., -74.]), rgb=array([0., 0., 0.]), text='QL', units='pix', win=Window(...), wrapWidth=500)
3.9986 	INFO 	using sysFont 
3.9994 	EXP 	Created unnamed TextStim = TextStim(__class__=<class 'psychopy.visual.text.TextStim'>, alignHoriz='center', alignVert='center', antialias=True, autoLog=True, bold=False, color='black', colorSpace='named', contrast=1.0, depth=0, flipHoriz=False, flipVert=False, font='', fontFiles=[], height=32, italic=False, name='unnamed TextStim', opacity=1.0, ori=0.0, pos=array([-74.,   0.]), rgb=array([0., 0., 0.]), text='AY', units='pix', win=Window(...), wrapWidth=500)
4.0000 	INFO 	using sysFont 
4.0008 	EXP 	Created unnamed TextStim = TextStim(__class__=<class 'psychopy.visual.text.TextStim'>, alignHoriz='center', alignVert='center', antialias=True, autoLog=True, bold=False, color='black', colorSpace='named', contrast=1.0, depth=0, flipHoriz=False, flipVert=False, font='', fontFiles=[], height=32, italic=False, name='unnamed TextStim', opacity=1.0, ori=0.0, pos=array([0., 0.]), rgb=array([0., 0., 0.]), text='YL', units='pix', win=Window(...), wrapWidth=500)
4.0013 	INFO 	using sysFont 
4.0023 	EXP 	Created unnamed TextStim = TextStim(__class__=<class 'psychopy.visual.text.TextStim'>, alignHoriz='center', alignVert='center', antialias=True, autoLog=True, bold=False, color='black', colorSpace='named', contrast=1.0, depth=0, flipHoriz=False, flipVert=False, font='', fontFiles=[], height=32, italic=False, name='unnamed TextStim', opacity=1.0, ori=0.0, pos=array([74.,  0.]), rgb=array([0., 0., 0.]), text='YL', units='pix', win=Window(...), wrapWidth=500)
4.0028 	INFO 	using sysFont 
4.0037 	EXP 	Created unnamed TextStim = TextStim(__class__=<class 'psychopy.visual.text.TextStim'>, alignHoriz='center', alignVert='center', antialias=True, autoLog=True, bold=False, color='black', colorSpace='named', contrast=1.0, depth=0, flipHoriz=False, flipVert=False, font='', fontFiles=[], height=32, italic=False, name='unnamed TextStim', opacity=1.0, ori=0.0, pos=array([-74.,  74.]), rgb=array([0., 0., 0.]), text='MJ', units='pix', win=Window(...), wrapWidth=500)
4.0043 	INFO 	using sysFont 
4.0053 	EXP 	Created unnamed TextStim = TextStim(__class__=<class 'psychopy.visual.text.TextStim'>, alignHoriz='center', alignVert='center', antialias=True, autoLog=True, bold=False, color='black', colorSpace='named', contrast=1.0, depth=0, flipHoriz=False, flipVert=False, font='', fontFiles=[], height=32, italic=False, name='unnamed TextStim', opacity=1.0, ori=0.0, pos=array([ 0., 74.]), rgb=array([0., 0., 0.]), text='OO', units='pix', win=Window(...), wrapWidth=500)
4.0059 	INFO 	using sysFont 
4.0068 	EXP 	Created unnamed TextStim = TextStim(__class__=<class 'psychopy.visual.text.TextStim'>, alignHoriz='center', alignVert='center', antialias=True, autoLog=True, bold=False, color='black', colorSpace='named', contrast=1.0, depth=0, flipHoriz=False, flipVert=False, font='', fontFiles=[], height=32, italic=False, name='unnamed TextStim', opacity=1.0, ori=0.0, pos=array([74., 74.]), rgb=array([0., 0., 0.]), text='PO', units='pix', win=Window(...), wrapWidth=500)
4.0107 	EXP 	unnamed TextStim: autoDraw = True
4.0107 	EXP 	unnamed TextStim: autoDraw = True
4.0107 	EXP 	unnamed TextStim: autoDraw = True
4.0107 	EXP 	unnamed TextStim: autoDraw = True
4.0107 	EXP 	unnamed TextStim: autoDraw = True
4.0107 	EXP 	unnamed TextStim: autoDraw = True
4.0107 	EXP 	unnamed TextStim: autoDraw = True
4.0107 	EXP 	unnamed TextStim: autoDraw = True
4.0107 	EXP 	unnamed TextStim: autoDraw = True
4.0107 	EXP 	unnamed TextStim: autoDraw = True
6.4259 	EXP 	unnamed TextStim: autoDraw = False
6.4259 	EXP 	unnamed TextStim: autoDraw = False
6.4259 	EXP 	unnamed TextStim: autoDraw = False
6.4259 	EXP 	unnamed TextStim: autoDraw = False
6.4259 	EXP 	unnamed TextStim: autoDraw = False
6.4259 	EXP 	unnamed TextStim: autoDraw = False
6.4259 	EXP 	unnamed TextStim: autoDraw = False
6.4259 	EXP 	unnamed TextStim: autoDraw = False
6.4259 	EXP 	unnamed TextStim: autoDraw = False
6.4259 	EXP 	unnamed TextStim: autoDraw = False
7.4312 	INFO 	using sysFont 
7.4321 	EXP 	Created unnamed TextStim = TextStim(__class__=<class 'psychopy.visual.text.TextStim'>, alignHoriz='center', alignVert='center', antialias=True, autoLog=True, bold=False, color='black', colorSpace='named', contrast=1.0, depth=0, flipHoriz=False, flipVert=False, font='', fontFiles=[], height=32, italic=False, name='unnamed TextStim', opacity=1.0, ori=0.0, pos=array([-74., -74.]), rgb=array([0., 0., 0.]), text='ID', units='pix', win=Window(...), wrapWidth=500)
7.4326 	INFO 	using sysFont 
7.4334 	EXP 	Created unnamed TextStim = TextStim(__class__=<class 'psychopy.visual.text.TextStim'>, alignHoriz='center', alignVert='center', antialias=True, autoLog=True, bold=False, color='black', colorSpace='named', contrast=1.0, depth=0, flipHoriz=False, flipVert=False, font='', fontFiles=[], height=32, italic=False, name='unnamed TextStim', opacity=1.0, ori=0.0, pos=array([  0., -74.]), rgb=array([0., 0., 0.]), text='OM', units='pix', win=Window(...), wrapWidth=500)
7.4339 	INFO 	using sysFont 
7.4348 	EXP 	Created unnamed TextStim = TextStim(__class__=<class 'psychopy.visual.text.TextStim'>, alignHoriz='center', alignVert='center', antialias=True, autoLog=True, bold=False, color='black', colorSpace='named', contrast=1.0, depth=0, flipHoriz=False, flipVert=False, font='', fontFiles=[], height=32, italic=False, name='unnamed TextStim', opacity=1.0, ori=0.0, pos=array([ 74., -74.]), rgb=array([0., 0., 0.]), text='BM', units='pix', win=Window(...), wrapWidth=500)
7.4353 	INFO 	using sysFont 
7.4361 	EXP 	Created unnamed TextStim = TextStim(__class__=<class 'psychopy.visual.text.TextStim'>, alignHoriz='center', alignVert='center', antialias=True, autoLog=True, bold=False, color='black', colorSpace='named', contrast=1.0, depth=0, flipHoriz=False, flipVert=False, font='', fontFiles=[], height=32, italic=False, name='unnamed TextStim', opacity=1.0, ori=0.0, pos=array([-74.,   0.]), rgb=array([0., 0., 0.]), text='EW', units='pix', win=Window(...), wrapWidth=500)
7.4366 	INFO 	using sysFont 
7.4374 	EXP 	Created unnamed TextStim = TextStim(__class__=<class 'psychopy.visual.text.TextStim'>, alignHoriz='center', alignVert='center', antialias=True, autoLog=True, bold=False, color='black', colorSpace='named', contrast=1.0, depth=0, flipHoriz=False, flipVert=False, font='', fontFiles=[], height=32, italic=False, name='unnamed TextStim', opacity=1.0, ori=0.0, pos=array([0., 0.]), rgb=array([0., 0., 0.]), text='AM', units='pix', win=Window(...), wrapWidth=500)
7.4379 	INFO 	using sysFont 
7.4387 	EXP 	Created unnamed TextStim = TextStim(__class__=<class 'psychopy.visual.text.TextStim'>, alignHoriz='center', alignVert='center', antialias=True, autoLog=True, bold=False, color='black', colorSpace='named', contrast=1.0, depth=0, flipHoriz=False, flipVert=False, font='', fontFiles=[], height=32, italic=False, name='unnamed TextStim', opacity=1.0, ori=0.0, pos=array([74.,  0.]), rgb=array([0., 0., 0.]), text='AM', units='pix', win=Window(...), wrapWidth=500)
7.4392 	INFO 	using sysFont 
7.4400 	EXP 	Created unnamed TextStim = TextStim(__class__=<class 'psychopy.visual.text.TextStim'>, alignHoriz='center', alignVert='center', antialias=True, autoLog=True, bold=False, color='black', colorSpace='named', contrast=1.0, depth=0, flipHoriz=False, flipVert=False, font='', fontFiles=[], height=32, italic=False, name='unnamed TextStim', opacity=1.0, ori=0.0, pos=array([-74.,  74.]), rgb=array([0., 0., 0.]), text='DW', units='pix', win=Window(...), wrapWidth=500)
7.4405 	INFO 	using sysFont 
7.4413 	EXP 	Created unnamed TextStim = TextStim(__class__=<class 'psychopy.visual.text.TextStim'>, alignHoriz='center', alignVert='center', antialias=True, autoLog=True, bold=False, color='black', colorSpace='named', contrast=1.0, depth=0, flipHoriz=False, flipVert=False, font='', fontFiles=[], height=32, italic=False, name='unnamed TextStim', opacity=1.0, ori=0.0, pos=array([ 0., 74.]), rgb=array([0., 0., 0.]), text='TW', units='pix', win=Window(...), wrapWidth=500)
7.4419 	INFO 	using sysFont 
7.4427 	EXP 	Created unnamed TextStim = TextStim(__class__=<class 'psychopy.visual.text.TextStim'>, alignHoriz='center', alignVert='center', antialias=True, autoLog=True, bold=False, color='black', colorSpace='named', contrast=1.0, depth=0, flipHoriz=False, flipVert=False, font='', fontFiles=[], height=32, italic=False, name='unnamed TextStim', opacity=1.0, ori=0.0, pos=array([74., 74.]), rgb=array([0., 0., 0.]), text='KD', units='pix', win=Window(...), wrapWidth=500)
7.4469 	EXP 	unnamed TextStim: autoDraw = True
7.4469 	EXP 	unnamed TextStim: autoDraw = True
7.4469 	EXP 	unnamed TextStim: autoDraw = True
7.4469 	EXP 	unnamed TextStim: autoDraw = True
7.4469 	EXP 	unnamed TextStim: autoDraw = True
7.4469 	EXP 	unnamed TextStim: autoDraw = True
7.4469 	EXP 	unnamed TextStim: autoDraw = True
7.4469 	EXP 	unnamed TextStim: autoDraw = True
7.4469 	EXP 	unnamed TextStim: autoDraw = True
7.4469 	EXP 	unnamed TextStim: autoDraw = True
7.7421 	EXP 	unnamed TextStim: autoDraw = False
7.7421 	EXP 	unnamed TextStim: autoDraw = False
7.7421 	EXP 	unnamed TextStim: autoDraw = False
7.7421 	EXP 	unnamed TextStim: autoDraw = False
7.7421 	EXP 	unnamed TextStim: autoDraw = False
7.7421 	EXP 	unnamed TextStim: autoDraw = False
7.7421 	EXP 	unnamed TextStim: autoDraw = False
7.7421 	EXP 	unnamed TextStim: autoDraw = False
7.7421 	EXP 	unnamed TextStim: autoDraw = False
7.7421 	EXP 	unnamed TextStim: autoDraw = False
8.7438 	INFO 	using sysFont Arial
8.7450 	EXP 	Created unnamed TextStim = TextStim(__class__=<class 'psychopy.visual.text.TextStim'>, alignHoriz='center', alignVert='center', antialias=True, autoLog=True, bold=False, color='black', colorSpace='named', contrast=1.0, depth=0, flipHoriz=False, flipVert=False, font='Arial', fontFiles=[], height=32, italic=False, name='unnamed TextStim', opacity=1.0, ori=0.0, pos=array([0., 0.]), rgb=array([0., 0., 0.]), text='Po treningu', units='pix', win=Window(...), wrapWidth=1920)
10.8152 	INFO 	using sysFont 
10.8162 	EXP 	Created unnamed TextStim = TextStim(__class__=<class 'psychopy.visual.text.TextStim'>, alignHoriz='center', alignVert='center', antialias=True, autoLog=True, bold=False, color='black', colorSpace='named', contrast=1.0, depth=0, flipHoriz=False, flipVert=False, font='', fontFiles=[], height=32, italic=False, name='unnamed TextStim', opacity=1.0, ori=0.0, pos=array([-74., -74.]), rgb=array([0., 0., 0.]), text='NS', units='pix', win=Window(...), wrapWidth=500)
10.8167 	INFO 	using sysFont 
10.8176 	EXP 	Created unnamed TextStim = TextStim(__class__=<class 'psychopy.visual.text.TextStim'>, alignHoriz='center', alignVert='center', antialias=True, autoLog=True, bold=False, color='black', colorSpace='named', contrast=1.0, depth=0, flipHoriz=False, flipVert=False, font='', fontFiles=[], height=32, italic=False, name='unnamed TextStim', opacity=1.0, ori=0.0, pos=array([  0., -74.]), rgb=array([0., 0., 0.]), text='AW', units='pix', win=Window(...), wrapWidth=500)
10.8181 	INFO 	using sysFont 
10.8190 	EXP 	Created unnamed TextStim = TextStim(__class__=<class 'psychopy.visual.text.TextStim'>, alignHoriz='center', alignVert='center', antialias=True, autoLog=True, bold=False, color='black', colorSpace='named', contrast=1.0, depth=0, flipHoriz=False, flipVert=False, font='', fontFiles=[], height=32, italic=False, name='unnamed TextStim', opacity=1.0, ori=0.0, pos=array([ 74., -74.]), rgb=array([0., 0., 0.]), text='RH', units='pix', win=Window(...), wrapWidth=500)
10.8196 	INFO 	using sysFont 
10.8204 	EXP 	Created unnamed TextStim = TextStim(__class__=<class 'psychopy.visual.text.TextStim'>, alignHoriz='center', alignVert='center', antialias=True, autoLog=True, bold=False, color='black', colorSpace='named', contrast=1.0, depth=0, flipHoriz=False, flipVert=False, font='', fontFiles=[], height=32, italic=False, name='unnamed TextStim', opacity=1.0, ori=0.0, pos=array([148., -74.]), rgb=array([0., 0., 0.]), text='QW', units='pix', win=Window(...), wrapWidth=500)
10.8210 	INFO 	using sysFont 
10.8219 	EXP 	Created unnamed TextStim = TextStim(__class__=<class 'psychopy.visual.text.TextStim'>, alignHoriz='center', alignVert='center', antialias=True, autoLog=True, bold=False, color='black', colorSpace='named', contrast=1.0, depth=0, flipHoriz=False, flipVert=False, font='', fontFiles=[], height=32, italic=False, name='unnamed TextStim', opacity=1.0, ori=0.0, pos=array([-74.,   0.]), rgb=array([0., 0., 0.]), text='AS', units='pix', win=Window(...), wrapWidth=500)
10.8225 	INFO 	using sysFont 
10.8239 	EXP 	Created unnamed TextStim = TextStim(__class__=<class 'psychopy.visual.text.TextStim'>, alignHoriz='center', alignVert='center', antialias=True, autoLog=True, bold=False, color='black', colorSpace='named', contrast=1.0, depth=0, flipHoriz=False, flipVert=False, font='', fontFiles=[], height=32, italic=False, name='unnamed TextStim', opacity=1.0, ori=0.0, pos=array([0., 0.]), rgb=array([0., 0., 0.]), text='US', units='pix', win=Window(...), wrapWidth=500)
10.8251 	INFO 	using sysFont 
10.8260 	EXP 	Created unnamed TextStim = TextStim(__class__=<class 'psychopy.visual.text.TextStim'>, alignHoriz='center', alignVert='center', antialias=True, autoLog=True, bold=False, color='black', colorSpace='named', contrast=1.0, depth=0, flipHoriz=False, flipVert=False, font='', fontFiles=[], height=32, italic=False, name='unnamed TextStim', opacity=1.0, ori=0.0, pos=array([74.,  0.]), rgb=array([0., 0., 0.]), text='HU', units='pix', win=Window(...), wrapWidth=500)
10.8265 	INFO 	using sysFont 
10.8275 	EXP 	Created unnamed TextStim = TextStim(__class__=<class 'psychopy.visual.text.TextStim'>, alignHoriz='center', alignVert='center', antialias=True, autoLog=True, bold=False, color='black', colorSpace='named', contrast=1.0, depth=0, flipHoriz=False, flipVert=False, font='', fontFiles=[], height=32, italic=False, name='unnamed TextStim', opacity=1.0, ori=0.0, pos=array([148.,   0.]), rgb=array([0., 0., 0.]), text='PM', units='pix', win=Window(...), wrapWidth=500)
10.8280 	INFO 	using sysFont 
10.8289 	EXP 	Created unnamed TextStim = TextStim(__class__=<class 'psychopy.visual.text.TextStim'>, alignHoriz='center', alignVert='center', antialias=True, autoLog=True, bold=False, color='black', colorSpace='named', contrast=1.0, depth=0, flipHoriz=False, flipVert=False, font='', fontFiles=[], height=32, italic=False, name='unnamed TextStim', opacity=1.0, ori=0.0, pos=array([-74.,  74.]), rgb=array([0., 0., 0.]), text='GL', units='pix', win=Window(...), wrapWidth=500)
10.8295 	INFO 	using sysFont 
10.8304 	EXP 	Created unnamed TextStim = TextStim(__class__=<class 'psychopy.visual.text.TextStim'>, alignHoriz='center', alignVert='center', antialias=True, autoLog=True, bold=False, color='black', colorSpace='named', contrast=1.0, depth=0, flipHoriz=False, flipVert=False, font='', fontFiles=[], height=32, italic=False, name='unnamed TextStim', opacity=1.0, ori=0.0, pos=array([ 0., 74.]), rgb=array([0., 0., 0.]), text='KQ', units='pix', win=Window(...), wrapWidth=500)
10.8309 	INFO 	using sysFont 
10.8319 	EXP 	Created unnamed TextStim = TextStim(__class__=<class 'psychopy.visual.text.TextStim'>, alignHoriz='center', alignVert='center', antialias=True, autoLog=True, bold=False, color='black', colorSpace='named', contrast=1.0, depth=0, flipHoriz=False, flipVert=False, font='', fontFiles=[], height=32, italic=False, name='unnamed TextStim', opacity=1.0, ori=0.0, pos=array([74., 74.]), rgb=array([0., 0., 0.]), text='XQ', units='pix', win=Window(...), wrapWidth=500)
10.8324 	INFO 	using sysFont 
10.8333 	EXP 	Created unnamed TextStim = TextStim(__class__=<class 'psychopy.visual.text.TextStim'>, alignHoriz='center', alignVert='center', antialias=True, autoLog=True, bold=False, color='black', colorSpace='named', contrast=1.0, depth=0, flipHoriz=False, flipVert=False, font='', fontFiles=[], height=32, italic=False, name='unnamed TextStim', opacity=1.0, ori=0.0, pos=array([148.,  74.]), rgb=array([0., 0., 0.]), text='AG', units='pix', win=Window(...), wrapWidth=500)
10.8339 	INFO 	using sysFont 
10.8348 	EXP 	Created unnamed TextStim = TextStim(__class__=<class 'psychopy.visual.text.TextStim'>, alignHoriz='center', alignVert='center', antialias=True, autoLog=True, bold=False, color='black', colorSpace='named', contrast=1.0, depth=0, flipHoriz=False, flipVert=False, font='', fontFiles=[], height=32, italic=False, name='unnamed TextStim', opacity=1.0, ori=0.0, pos=array([-74., 148.]), rgb=array([0., 0., 0.]), text='DU', units='pix', win=Window(...), wrapWidth=500)
10.8353 	INFO 	using sysFont 
10.8363 	EXP 	Created unnamed TextStim = TextStim(__class__=<class 'psychopy.visual.text.TextStim'>, alignHoriz='center', alignVert='center', antialias=True, autoLog=True, bold=False, color='black', colorSpace='named', contrast=1.0, depth=0, flipHoriz=False, flipVert=False, font='', fontFiles=[], height=32, italic=False, name='unnamed TextStim', opacity=1.0, ori=0.0, pos=array([  0., 148.]), rgb=array([0., 0., 0.]), text='GS', units='pix', win=Window(...), wrapWidth=500)
10.8369 	INFO 	using sysFont 
10.8377 	EXP 	Created unnamed TextStim = TextStim(__class__=<class 'psychopy.visual.text.TextStim'>, alignHoriz='center', alignVert='center', antialias=True, autoLog=True, bold=False, color='black', colorSpace='named', contrast=1.0, depth=0, flipHoriz=False, flipVert=False, font='', fontFiles=[], height=32, italic=False, name='unnamed TextStim', opacity=1.0, ori=0.0, pos=array([ 74., 148.]), rgb=array([0., 0., 0.]), text='SU', units='pix', win=Window(...), wrapWidth=500)
10.8383 	INFO 	using sysFont 
10.8392 	EXP 	Created unnamed TextStim = TextStim(__class__=<class 'psychopy.visual.text.TextStim'>, alignHoriz='center', alignVert='center', antialias=True, autoLog=True, bold=False, color='black', colorSpace='named', contrast=1.0, depth=0, flipHoriz=False, flipVert=False, font='', fontFiles=[], height=32, italic=False, name='unnamed TextStim', opacity=1.0, ori=0.0, pos=array([148., 148.]), rgb=array([0., 0., 0.]), text='BU', units='pix', win=Window(...), wrapWidth=500)
10.8447 	EXP 	unnamed TextStim: autoDraw = True
10.8447 	EXP 	unnamed TextStim: autoDraw = True
10.8447 	EXP 	unnamed TextStim: autoDraw = True
10.8447 	EXP 	unnamed TextStim: autoDraw = True
10.8447 	EXP 	unnamed TextStim: autoDraw = True
10.8447 	EXP 	unnamed TextStim: autoDraw = True
10.8447 	EXP 	unnamed TextStim: autoDraw = True
10.8447 	EXP 	unnamed TextStim: autoDraw = True
10.8447 	EXP 	unnamed TextStim: autoDraw = True
10.8447 	EXP 	unnamed TextStim: autoDraw = True
10.8447 	EXP 	unnamed TextStim: autoDraw = True
10.8447 	EXP 	unnamed TextStim: autoDraw = True
10.8447 	EXP 	unnamed TextStim: autoDraw = True
10.8447 	EXP 	unnamed TextStim: autoDraw = True
10.8447 	EXP 	unnamed TextStim: autoDraw = True
10.8447 	EXP 	unnamed TextStim: autoDraw = True
10.8447 	EXP 	unnamed TextStim: autoDraw = True
15.4239 	EXP 	unnamed TextStim: autoDraw = False
15.4239 	EXP 	unnamed TextStim: autoDraw = False
15.4239 	EXP 	unnamed TextStim: autoDraw = False
15.4239 	EXP 	unnamed TextStim: autoDraw = False
15.4239 	EXP 	unnamed TextStim: autoDraw = False
15.4239 	EXP 	unnamed TextStim: autoDraw = False
15.4239 	EXP 	unnamed TextStim: autoDraw = False
15.4239 	EXP 	unnamed TextStim: autoDraw = False
15.4239 	EXP 	unnamed TextStim: autoDraw = False
15.4239 	EXP 	unnamed TextStim: autoDraw = False
15.4239 	EXP 	unnamed TextStim: autoDraw = False
15.4239 	EXP 	unnamed TextStim: autoDraw = False
15.4239 	EXP 	unnamed TextStim: autoDraw = False
15.4239 	EXP 	unnamed TextStim: autoDraw = False
15.4239 	EXP 	unnamed TextStim: autoDraw = False
15.4239 	EXP 	unnamed TextStim: autoDraw = False
15.4239 	EXP 	unnamed TextStim: autoDraw = False
16.4438 	INFO 	using sysFont 
16.4447 	EXP 	Created unnamed TextStim = TextStim(__class__=<class 'psychopy.visual.text.TextStim'>, alignHoriz='center', alignVert='center', antialias=True, autoLog=True, bold=False, color='black', colorSpace='named', contrast=1.0, depth=0, flipHoriz=False, flipVert=False, font='', fontFiles=[], height=32, italic=False, name='unnamed TextStim', opacity=1.0, ori=0.0, pos=array([-74., -74.]), rgb=array([0., 0., 0.]), text='WU', units='pix', win=Window(...), wrapWidth=500)
16.4453 	INFO 	using sysFont 
16.4461 	EXP 	Created unnamed TextStim = TextStim(__class__=<class 'psychopy.visual.text.TextStim'>, alignHoriz='center', alignVert='center', antialias=True, autoLog=True, bold=False, color='black', colorSpace='named', contrast=1.0, depth=0, flipHoriz=False, flipVert=False, font='', fontFiles=[], height=32, italic=False, name='unnamed TextStim', opacity=1.0, ori=0.0, pos=array([  0., -74.]), rgb=array([0., 0., 0.]), text='SL', units='pix', win=Window(...), wrapWidth=500)
16.4466 	INFO 	using sysFont 
16.4475 	EXP 	Created unnamed TextStim = TextStim(__class__=<class 'psychopy.visual.text.TextStim'>, alignHoriz='center', alignVert='center', antialias=True, autoLog=True, bold=False, color='black', colorSpace='named', contrast=1.0, depth=0, flipHoriz=False, flipVert=False, font='', fontFiles=[], height=32, italic=False, name='unnamed TextStim', opacity=1.0, ori=0.0, pos=array([ 74., -74.]), rgb=array([0., 0., 0.]), text='YT', units='pix', win=Window(...), wrapWidth=500)
16.4480 	INFO 	using sysFont 
16.4488 	EXP 	Created unnamed TextStim = TextStim(__class__=<class 'psychopy.visual.text.TextStim'>, alignHoriz='center', alignVert='center', antialias=True, autoLog=True, bold=False, color='black', colorSpace='named', contrast=1.0, depth=0, flipHoriz=False, flipVert=False, font='', fontFiles=[], height=32, italic=False, name='unnamed TextStim', opacity=1.0, ori=0.0, pos=array([148., -74.]), rgb=array([0., 0., 0.]), text='ZT', units='pix', win=Window(...), wrapWidth=500)
16.4493 	INFO 	using sysFont 
16.4502 	EXP 	Created unnamed TextStim = TextStim(__class__=<class 'psychopy.visual.text.TextStim'>, alignHoriz='center', alignVert='center', antialias=True, autoLog=True, bold=False, color='black', colorSpace='named', contrast=1.0, depth=0, flipHoriz=False, flipVert=False, font='', fontFiles=[], height=32, italic=False, name='unnamed TextStim', opacity=1.0, ori=0.0, pos=array([222., -74.]), rgb=array([0., 0., 0.]), text='QW', units='pix', win=Window(...), wrapWidth=500)
16.4507 	INFO 	using sysFont 
16.4516 	EXP 	Created unnamed TextStim = TextStim(__class__=<class 'psychopy.visual.text.TextStim'>, alignHoriz='center', alignVert='center', antialias=True, autoLog=True, bold=False, color='black', colorSpace='named', contrast=1.0, depth=0, flipHoriz=False, flipVert=False, font='', fontFiles=[], height=32, italic=False, name='unnamed TextStim', opacity=1.0, ori=0.0, pos=array([-74.,   0.]), rgb=array([0., 0., 0.]), text='UR', units='pix', win=Window(...), wrapWidth=500)
16.4522 	INFO 	using sysFont 
16.4529 	EXP 	Created unnamed TextStim = TextStim(__class__=<class 'psychopy.visual.text.TextStim'>, alignHoriz='center', alignVert='center', antialias=True, autoLog=True, bold=False, color='black', colorSpace='named', contrast=1.0, depth=0, flipHoriz=False, flipVert=False, font='', fontFiles=[], height=32, italic=False, name='unnamed TextStim', opacity=1.0, ori=0.0, pos=array([0., 0.]), rgb=array([0., 0., 0.]), text='MK', units='pix', win=Window(...), wrapWidth=500)
16.4535 	INFO 	using sysFont 
16.4543 	EXP 	Created unnamed TextStim = TextStim(__class__=<class 'psychopy.visual.text.TextStim'>, alignHoriz='center', alignVert='center', antialias=True, autoLog=True, bold=False, color='black', colorSpace='named', contrast=1.0, depth=0, flipHoriz=False, flipVert=False, font='', fontFiles=[], height=32, italic=False, name='unnamed TextStim', opacity=1.0, ori=0.0, pos=array([74.,  0.]), rgb=array([0., 0., 0.]), text='LW', units='pix', win=Window(...), wrapWidth=500)
16.4548 	INFO 	using sysFont 
16.4557 	EXP 	Created unnamed TextStim = TextStim(__class__=<class 'psychopy.visual.text.TextStim'>, alignHoriz='center', alignVert='center', antialias=True, autoLog=True, bold=False, color='black', colorSpace='named', contrast=1.0, depth=0, flipHoriz=False, flipVert=False, font='', fontFiles=[], height=32, italic=False, name='unnamed TextStim', opacity=1.0, ori=0.0, pos=array([148.,   0.]), rgb=array([0., 0., 0.]), text='EN', units='pix', win=Window(...), wrapWidth=500)
16.4562 	INFO 	using sysFont 
16.4571 	EXP 	Created unnamed TextStim = TextStim(__class__=<class 'psychopy.visual.text.TextStim'>, alignHoriz='center', alignVert='center', antialias=True, autoLog=True, bold=False, color='black', colorSpace='named', contrast=1.0, depth=0, flipHoriz=False, flipVert=False, font='', fontFiles=[], height=32, italic=False, name='unnamed TextStim', opacity=1.0, ori=0.0, pos=array([222.,   0.]), rgb=array([0., 0., 0.]), text='VW', units='pix', win=Window(...), wrapWidth=500)
16.4576 	INFO 	using sysFont 
16.4584 	EXP 	Created unnamed TextStim = TextStim(__class__=<class 'psychopy.visual.text.TextStim'>, alignHoriz='center', alignVert='center', antialias=True, autoLog=True, bold=False, color='black', colorSpace='named', contrast=1.0, depth=0, flipHoriz=False, flipVert=False, font='', fontFiles=[], height=32, italic=False, name='unnamed TextStim', opacity=1.0, ori=0.0, pos=array([-74.,  74.]), rgb=array([0., 0., 0.]), text='KX', units='pix', win=Window(...), wrapWidth=500)
16.4589 	INFO 	using sysFont 
16.4598 	EXP 	Created unnamed TextStim = TextStim(__class__=<class 'psychopy.visual.text.TextStim'>, alignHoriz='center', alignVert='center', antialias=True, autoLog=True, bold=False, color='black', colorSpace='named', contrast=1.0, depth=0, flipHoriz=False, flipVert=False, font='', fontFiles=[], height=32, italic=False, name='unnamed TextStim', opacity=1.0, ori=0.0, pos=array([ 0., 74.]), rgb=array([0., 0., 0.]), text='XH', units='pix', win=Window(...), wrapWidth=500)
16.4603 	INFO 	using sysFont 
16.4611 	EXP 	Created unnamed TextStim = TextStim(__class__=<class 'psychopy.visual.text.TextStim'>, alignHoriz='center', alignVert='center', antialias=True, autoLog=True, bold=False, color='black', colorSpace='named', contrast=1.0, depth=0, flipHoriz=False, flipVert=False, font='', fontFiles=[], height=32, italic=False, name='unnamed TextStim', opacity=1.0, ori=0.0, pos=array([74., 74.]), rgb=array([0., 0., 0.]), text='TE', units='pix', win=Window(...), wrapWidth=500)
16.4617 	INFO 	using sysFont 
16.4625 	EXP 	Created unnamed TextStim = TextStim(__class__=<class 'psychopy.visual.text.TextStim'>, alignHoriz='center', alignVert='center', antialias=True, autoLog=True, bold=False, color='black', colorSpace='named', contrast=1.0, depth=0, flipHoriz=False, flipVert=False, font='', fontFiles=[], height=32, italic=False, name='unnamed TextStim', opacity=1.0, ori=0.0, pos=array([148.,  74.]), rgb=array([0., 0., 0.]), text='SD', units='pix', win=Window(...), wrapWidth=500)
16.4630 	INFO 	using sysFont 
16.4639 	EXP 	Created unnamed TextStim = TextStim(__class__=<class 'psychopy.visual.text.TextStim'>, alignHoriz='center', alignVert='center', antialias=True, autoLog=True, bold=False, color='black', colorSpace='named', contrast=1.0, depth=0, flipHoriz=False, flipVert=False, font='', fontFiles=[], height=32, italic=False, name='unnamed TextStim', opacity=1.0, ori=0.0, pos=array([222.,  74.]), rgb=array([0., 0., 0.]), text='MI', units='pix', win=Window(...), wrapWidth=500)
16.4645 	INFO 	using sysFont 
16.4653 	EXP 	Created unnamed TextStim = TextStim(__class__=<class 'psychopy.visual.text.TextStim'>, alignHoriz='center', alignVert='center', antialias=True, autoLog=True, bold=False, color='black', colorSpace='named', contrast=1.0, depth=0, flipHoriz=False, flipVert=False, font='', fontFiles=[], height=32, italic=False, name='unnamed TextStim', opacity=1.0, ori=0.0, pos=array([-74., 148.]), rgb=array([0., 0., 0.]), text='WR', units='pix', win=Window(...), wrapWidth=500)
16.4658 	INFO 	using sysFont 
16.4667 	EXP 	Created unnamed TextStim = TextStim(__class__=<class 'psychopy.visual.text.TextStim'>, alignHoriz='center', alignVert='center', antialias=True, autoLog=True, bold=False, color='black', colorSpace='named', contrast=1.0, depth=0, flipHoriz=False, flipVert=False, font='', fontFiles=[], height=32, italic=False, name='unnamed TextStim', opacity=1.0, ori=0.0, pos=array([  0., 148.]), rgb=array([0., 0., 0.]), text='FH', units='pix', win=Window(...), wrapWidth=500)
16.4673 	INFO 	using sysFont 
16.4681 	EXP 	Created unnamed TextStim = TextStim(__class__=<class 'psychopy.visual.text.TextStim'>, alignHoriz='center', alignVert='center', antialias=True, autoLog=True, bold=False, color='black', colorSpace='named', contrast=1.0, depth=0, flipHoriz=False, flipVert=False, font='', fontFiles=[], height=32, italic=False, name='unnamed TextStim', opacity=1.0, ori=0.0, pos=array([ 74., 148.]), rgb=array([0., 0., 0.]), text='WE', units='pix', win=Window(...), wrapWidth=500)
16.4687 	INFO 	using sysFont 
16.4696 	EXP 	Created unnamed TextStim = TextStim(__class__=<class 'psychopy.visual.text.TextStim'>, alignHoriz='center', alignVert='center', antialias=True, autoLog=True, bold=False, color='black', colorSpace='named', contrast=1.0, depth=0, flipHoriz=False, flipVert=False, font='', fontFiles=[], height=32, italic=False, name='unnamed TextStim', opacity=1.0, ori=0.0, pos=array([148., 148.]), rgb=array([0., 0., 0.]), text='VM', units='pix', win=Window(...), wrapWidth=500)
16.4701 	INFO 	using sysFont 
16.4710 	EXP 	Created unnamed TextStim = TextStim(__class__=<class 'psychopy.visual.text.TextStim'>, alignHoriz='center', alignVert='center', antialias=True, autoLog=True, bold=False, color='black', colorSpace='named', contrast=1.0, depth=0, flipHoriz=False, flipVert=False, font='', fontFiles=[], height=32, italic=False, name='unnamed TextStim', opacity=1.0, ori=0.0, pos=array([222., 148.]), rgb=array([0., 0., 0.]), text='OE', units='pix', win=Window(...), wrapWidth=500)
16.4716 	INFO 	using sysFont 
16.4730 	EXP 	Created unnamed TextStim = TextStim(__class__=<class 'psychopy.visual.text.TextStim'>, alignHoriz='center', alignVert='center', antialias=True, autoLog=True, bold=False, color='black', colorSpace='named', contrast=1.0, depth=0, flipHoriz=False, flipVert=False, font='', fontFiles=[], height=32, italic=False, name='unnamed TextStim', opacity=1.0, ori=0.0, pos=array([-74., 222.]), rgb=array([0., 0., 0.]), text='VW', units='pix', win=Window(...), wrapWidth=500)
16.4737 	INFO 	using sysFont 
16.4745 	EXP 	Created unnamed TextStim = TextStim(__class__=<class 'psychopy.visual.text.TextStim'>, alignHoriz='center', alignVert='center', antialias=True, autoLog=True, bold=False, color='black', colorSpace='named', contrast=1.0, depth=0, flipHoriz=False, flipVert=False, font='', fontFiles=[], height=32, italic=False, name='unnamed TextStim', opacity=1.0, ori=0.0, pos=array([  0., 222.]), rgb=array([0., 0., 0.]), text='CS', units='pix', win=Window(...), wrapWidth=500)
16.4751 	INFO 	using sysFont 
16.4760 	EXP 	Created unnamed TextStim = TextStim(__class__=<class 'psychopy.visual.text.TextStim'>, alignHoriz='center', alignVert='center', antialias=True, autoLog=True, bold=False, color='black', colorSpace='named', contrast=1.0, depth=0, flipHoriz=False, flipVert=False, font='', fontFiles=[], height=32, italic=False, name='unnamed TextStim', opacity=1.0, ori=0.0, pos=array([ 74., 222.]), rgb=array([0., 0., 0.]), text='GD', units='pix', win=Window(...), wrapWidth=500)
16.4766 	INFO 	using sysFont 
16.4774 	EXP 	Created unnamed TextStim = TextStim(__class__=<class 'psychopy.visual.text.TextStim'>, alignHoriz='center', alignVert='center', antialias=True, autoLog=True, bold=False, color='black', colorSpace='named', contrast=1.0, depth=0, flipHoriz=False, flipVert=False, font='', fontFiles=[], height=32, italic=False, name='unnamed TextStim', opacity=1.0, ori=0.0, pos=array([148., 222.]), rgb=array([0., 0., 0.]), text='AD', units='pix', win=Window(...), wrapWidth=500)
16.4781 	INFO 	using sysFont 
16.4789 	EXP 	Created unnamed TextStim = TextStim(__class__=<class 'psychopy.visual.text.TextStim'>, alignHoriz='center', alignVert='center', antialias=True, autoLog=True, bold=False, color='black', colorSpace='named', contrast=1.0, depth=0, flipHoriz=False, flipVert=False, font='', fontFiles=[], height=32, italic=False, name='unnamed TextStim', opacity=1.0, ori=0.0, pos=array([222., 222.]), rgb=array([0., 0., 0.]), text='OK', units='pix', win=Window(...), wrapWidth=500)
16.4863 	EXP 	unnamed TextStim: autoDraw = True
16.4863 	EXP 	unnamed TextStim: autoDraw = True
16.4863 	EXP 	unnamed TextStim: autoDraw = True
16.4863 	EXP 	unnamed TextStim: autoDraw = True
16.4863 	EXP 	unnamed TextStim: autoDraw = True
16.4863 	EXP 	unnamed TextStim: autoDraw = True
16.4863 	EXP 	unnamed TextStim: autoDraw = True
16.4863 	EXP 	unnamed TextStim: autoDraw = True
16.4863 	EXP 	unnamed TextStim: autoDraw = True
16.4863 	EXP 	unnamed TextStim: autoDraw = True
16.4863 	EXP 	unnamed TextStim: autoDraw = True
16.4863 	EXP 	unnamed TextStim: autoDraw = True
16.4863 	EXP 	unnamed TextStim: autoDraw = True
16.4863 	EXP 	unnamed TextStim: autoDraw = True
16.4863 	EXP 	unnamed TextStim: autoDraw = True
16.4863 	EXP 	unnamed TextStim: autoDraw = True
16.4863 	EXP 	unnamed TextStim: autoDraw = True
16.4863 	EXP 	unnamed TextStim: autoDraw = True
16.4863 	EXP 	unnamed TextStim: autoDraw = True
16.4863 	EXP 	unnamed TextStim: autoDraw = True
16.4863 	EXP 	unnamed TextStim: autoDraw = True
16.4863 	EXP 	unnamed TextStim: autoDraw = True
16.4863 	EXP 	unnamed TextStim: autoDraw = True
16.4863 	EXP 	unnamed TextStim: autoDraw = True
16.4863 	EXP 	unnamed TextStim: autoDraw = True
16.4863 	EXP 	unnamed TextStim: autoDraw = True
17.5735 	EXP 	unnamed TextStim: autoDraw = False
17.5735 	EXP 	unnamed TextStim: autoDraw = False
17.5735 	EXP 	unnamed TextStim: autoDraw = False
17.5735 	EXP 	unnamed TextStim: autoDraw = False
17.5735 	EXP 	unnamed TextStim: autoDraw = False
17.5735 	EXP 	unnamed TextStim: autoDraw = False
17.5735 	EXP 	unnamed TextStim: autoDraw = False
17.5735 	EXP 	unnamed TextStim: autoDraw = False
17.5735 	EXP 	unnamed TextStim: autoDraw = False
17.5735 	EXP 	unnamed TextStim: autoDraw = False
17.5735 	EXP 	unnamed TextStim: autoDraw = False
17.5735 	EXP 	unnamed TextStim: autoDraw = False
17.5735 	EXP 	unnamed TextStim: autoDraw = False
17.5735 	EXP 	unnamed TextStim: autoDraw = False
17.5735 	EXP 	unnamed TextStim: autoDraw = False
17.5735 	EXP 	unnamed TextStim: autoDraw = False
17.5735 	EXP 	unnamed TextStim: autoDraw = False
17.5735 	EXP 	unnamed TextStim: autoDraw = False
17.5735 	EXP 	unnamed TextStim: autoDraw = False
17.5735 	EXP 	unnamed TextStim: autoDraw = False
17.5735 	EXP 	unnamed TextStim: autoDraw = False
17.5735 	EXP 	unnamed TextStim: autoDraw = False
17.5735 	EXP 	unnamed TextStim: autoDraw = False
17.5735 	EXP 	unnamed TextStim: autoDraw = False
17.5735 	EXP 	unnamed TextStim: autoDraw = False
17.5735 	EXP 	unnamed TextStim: autoDraw = False
18.5911 	INFO 	using sysFont 
18.5920 	EXP 	Created unnamed TextStim = TextStim(__class__=<class 'psychopy.visual.text.TextStim'>, alignHoriz='center', alignVert='center', antialias=True, autoLog=True, bold=False, color='black', colorSpace='named', contrast=1.0, depth=0, flipHoriz=False, flipVert=False, font='', fontFiles=[], height=32, italic=False, name='unnamed TextStim', opacity=1.0, ori=0.0, pos=array([-74., -74.]), rgb=array([0., 0., 0.]), text='IO', units='pix', win=Window(...), wrapWidth=500)
18.5925 	INFO 	using sysFont 
18.5934 	EXP 	Created unnamed TextStim = TextStim(__class__=<class 'psychopy.visual.text.TextStim'>, alignHoriz='center', alignVert='center', antialias=True, autoLog=True, bold=False, color='black', colorSpace='named', contrast=1.0, depth=0, flipHoriz=False, flipVert=False, font='', fontFiles=[], height=32, italic=False, name='unnamed TextStim', opacity=1.0, ori=0.0, pos=array([  0., -74.]), rgb=array([0., 0., 0.]), text='AG', units='pix', win=Window(...), wrapWidth=500)
18.5939 	INFO 	using sysFont 
18.5947 	EXP 	Created unnamed TextStim = TextStim(__class__=<class 'psychopy.visual.text.TextStim'>, alignHoriz='center', alignVert='center', antialias=True, autoLog=True, bold=False, color='black', colorSpace='named', contrast=1.0, depth=0, flipHoriz=False, flipVert=False, font='', fontFiles=[], height=32, italic=False, name='unnamed TextStim', opacity=1.0, ori=0.0, pos=array([ 74., -74.]), rgb=array([0., 0., 0.]), text='IL', units='pix', win=Window(...), wrapWidth=500)
18.5952 	INFO 	using sysFont 
18.5960 	EXP 	Created unnamed TextStim = TextStim(__class__=<class 'psychopy.visual.text.TextStim'>, alignHoriz='center', alignVert='center', antialias=True, autoLog=True, bold=False, color='black', colorSpace='named', contrast=1.0, depth=0, flipHoriz=False, flipVert=False, font='', fontFiles=[], height=32, italic=False, name='unnamed TextStim', opacity=1.0, ori=0.0, pos=array([148., -74.]), rgb=array([0., 0., 0.]), text='AO', units='pix', win=Window(...), wrapWidth=500)
18.5965 	INFO 	using sysFont 
18.5973 	EXP 	Created unnamed TextStim = TextStim(__class__=<class 'psychopy.visual.text.TextStim'>, alignHoriz='center', alignVert='center', antialias=True, autoLog=True, bold=False, color='black', colorSpace='named', contrast=1.0, depth=0, flipHoriz=False, flipVert=False, font='', fontFiles=[], height=32, italic=False, name='unnamed TextStim', opacity=1.0, ori=0.0, pos=array([222., -74.]), rgb=array([0., 0., 0.]), text='JI', units='pix', win=Window(...), wrapWidth=500)
18.5978 	INFO 	using sysFont 
18.5986 	EXP 	Created unnamed TextStim = TextStim(__class__=<class 'psychopy.visual.text.TextStim'>, alignHoriz='center', alignVert='center', antialias=True, autoLog=True, bold=False, color='black', colorSpace='named', contrast=1.0, depth=0, flipHoriz=False, flipVert=False, font='', fontFiles=[], height=32, italic=False, name='unnamed TextStim', opacity=1.0, ori=0.0, pos=array([296., -74.]), rgb=array([0., 0., 0.]), text='YS', units='pix', win=Window(...), wrapWidth=500)
18.5991 	INFO 	using sysFont 
18.6000 	EXP 	Created unnamed TextStim = TextStim(__class__=<class 'psychopy.visual.text.TextStim'>, alignHoriz='center', alignVert='center', antialias=True, autoLog=True, bold=False, color='black', colorSpace='named', contrast=1.0, depth=0, flipHoriz=False, flipVert=False, font='', fontFiles=[], height=32, italic=False, name='unnamed TextStim', opacity=1.0, ori=0.0, pos=array([-74.,   0.]), rgb=array([0., 0., 0.]), text='PX', units='pix', win=Window(...), wrapWidth=500)
18.6005 	INFO 	using sysFont 
18.6012 	EXP 	Created unnamed TextStim = TextStim(__class__=<class 'psychopy.visual.text.TextStim'>, alignHoriz='center', alignVert='center', antialias=True, autoLog=True, bold=False, color='black', colorSpace='named', contrast=1.0, depth=0, flipHoriz=False, flipVert=False, font='', fontFiles=[], height=32, italic=False, name='unnamed TextStim', opacity=1.0, ori=0.0, pos=array([0., 0.]), rgb=array([0., 0., 0.]), text='CP', units='pix', win=Window(...), wrapWidth=500)
18.6017 	INFO 	using sysFont 
18.6025 	EXP 	Created unnamed TextStim = TextStim(__class__=<class 'psychopy.visual.text.TextStim'>, alignHoriz='center', alignVert='center', antialias=True, autoLog=True, bold=False, color='black', colorSpace='named', contrast=1.0, depth=0, flipHoriz=False, flipVert=False, font='', fontFiles=[], height=32, italic=False, name='unnamed TextStim', opacity=1.0, ori=0.0, pos=array([74.,  0.]), rgb=array([0., 0., 0.]), text='QE', units='pix', win=Window(...), wrapWidth=500)
18.6031 	INFO 	using sysFont 
18.6039 	EXP 	Created unnamed TextStim = TextStim(__class__=<class 'psychopy.visual.text.TextStim'>, alignHoriz='center', alignVert='center', antialias=True, autoLog=True, bold=False, color='black', colorSpace='named', contrast=1.0, depth=0, flipHoriz=False, flipVert=False, font='', fontFiles=[], height=32, italic=False, name='unnamed TextStim', opacity=1.0, ori=0.0, pos=array([148.,   0.]), rgb=array([0., 0., 0.]), text='TC', units='pix', win=Window(...), wrapWidth=500)
18.6044 	INFO 	using sysFont 
18.6052 	EXP 	Created unnamed TextStim = TextStim(__class__=<class 'psychopy.visual.text.TextStim'>, alignHoriz='center', alignVert='center', antialias=True, autoLog=True, bold=False, color='black', colorSpace='named', contrast=1.0, depth=0, flipHoriz=False, flipVert=False, font='', fontFiles=[], height=32, italic=False, name='unnamed TextStim', opacity=1.0, ori=0.0, pos=array([222.,   0.]), rgb=array([0., 0., 0.]), text='DE', units='pix', win=Window(...), wrapWidth=500)
18.6057 	INFO 	using sysFont 
18.6065 	EXP 	Created unnamed TextStim = TextStim(__class__=<class 'psychopy.visual.text.TextStim'>, alignHoriz='center', alignVert='center', antialias=True, autoLog=True, bold=False, color='black', colorSpace='named', contrast=1.0, depth=0, flipHoriz=False, flipVert=False, font='', fontFiles=[], height=32, italic=False, name='unnamed TextStim', opacity=1.0, ori=0.0, pos=array([296.,   0.]), rgb=array([0., 0., 0.]), text='TG', units='pix', win=Window(...), wrapWidth=500)
18.6070 	INFO 	using sysFont 
18.6079 	EXP 	Created unnamed TextStim = TextStim(__class__=<class 'psychopy.visual.text.TextStim'>, alignHoriz='center', alignVert='center', antialias=True, autoLog=True, bold=False, color='black', colorSpace='named', contrast=1.0, depth=0, flipHoriz=False, flipVert=False, font='', fontFiles=[], height=32, italic=False, name='unnamed TextStim', opacity=1.0, ori=0.0, pos=array([-74.,  74.]), rgb=array([0., 0., 0.]), text='QO', units='pix', win=Window(...), wrapWidth=500)
18.6084 	INFO 	using sysFont 
18.6092 	EXP 	Created unnamed TextStim = TextStim(__class__=<class 'psychopy.visual.text.TextStim'>, alignHoriz='center', alignVert='center', antialias=True, autoLog=True, bold=False, color='black', colorSpace='named', contrast=1.0, depth=0, flipHoriz=False, flipVert=False, font='', fontFiles=[], height=32, italic=False, name='unnamed TextStim', opacity=1.0, ori=0.0, pos=array([ 0., 74.]), rgb=array([0., 0., 0.]), text='MS', units='pix', win=Window(...), wrapWidth=500)
18.6097 	INFO 	using sysFont 
18.6105 	EXP 	Created unnamed TextStim = TextStim(__class__=<class 'psychopy.visual.text.TextStim'>, alignHoriz='center', alignVert='center', antialias=True, autoLog=True, bold=False, color='black', colorSpace='named', contrast=1.0, depth=0, flipHoriz=False, flipVert=False, font='', fontFiles=[], height=32, italic=False, name='unnamed TextStim', opacity=1.0, ori=0.0, pos=array([74., 74.]), rgb=array([0., 0., 0.]), text='NQ', units='pix', win=Window(...), wrapWidth=500)
18.6111 	INFO 	using sysFont 
18.6119 	EXP 	Created unnamed TextStim = TextStim(__class__=<class 'psychopy.visual.text.TextStim'>, alignHoriz='center', alignVert='center', antialias=True, autoLog=True, bold=False, color='black', colorSpace='named', contrast=1.0, depth=0, flipHoriz=False, flipVert=False, font='', fontFiles=[], height=32, italic=False, name='unnamed TextStim', opacity=1.0, ori=0.0, pos=array([148.,  74.]), rgb=array([0., 0., 0.]), text='EC', units='pix', win=Window(...), wrapWidth=500)
18.6124 	INFO 	using sysFont 
18.6132 	EXP 	Created unnamed TextStim = TextStim(__class__=<class 'psychopy.visual.text.TextStim'>, alignHoriz='center', alignVert='center', antialias=True, autoLog=True, bold=False, color='black', colorSpace='named', contrast=1.0, depth=0, flipHoriz=False, flipVert=False, font='', fontFiles=[], height=32, italic=False, name='unnamed TextStim', opacity=1.0, ori=0.0, pos=array([222.,  74.]), rgb=array([0., 0., 0.]), text='VO', units='pix', win=Window(...), wrapWidth=500)
18.6137 	INFO 	using sysFont 
18.6145 	EXP 	Created unnamed TextStim = TextStim(__class__=<class 'psychopy.visual.text.TextStim'>, alignHoriz='center', alignVert='center', antialias=True, autoLog=True, bold=False, color='black', colorSpace='named', contrast=1.0, depth=0, flipHoriz=False, flipVert=False, font='', fontFiles=[], height=32, italic=False, name='unnamed TextStim', opacity=1.0, ori=0.0, pos=array([296.,  74.]), rgb=array([0., 0., 0.]), text='AD', units='pix', win=Window(...), wrapWidth=500)
18.6150 	INFO 	using sysFont 
18.6160 	EXP 	Created unnamed TextStim = TextStim(__class__=<class 'psychopy.visual.text.TextStim'>, alignHoriz='center', alignVert='center', antialias=True, autoLog=True, bold=False, color='black', colorSpace='named', contrast=1.0, depth=0, flipHoriz=False, flipVert=False, font='', fontFiles=[], height=32, italic=False, name='unnamed TextStim', opacity=1.0, ori=0.0, pos=array([-74., 148.]), rgb=array([0., 0., 0.]), text='VO', units='pix', win=Window(...), wrapWidth=500)
18.6166 	INFO 	using sysFont 
18.6174 	EXP 	Created unnamed TextStim = TextStim(__class__=<class 'psychopy.visual.text.TextStim'>, alignHoriz='center', alignVert='center', antialias=True, autoLog=True, bold=False, color='black', colorSpace='named', contrast=1.0, depth=0, flipHoriz=False, flipVert=False, font='', fontFiles=[], height=32, italic=False, name='unnamed TextStim', opacity=1.0, ori=0.0, pos=array([  0., 148.]), rgb=array([0., 0., 0.]), text='YY', units='pix', win=Window(...), wrapWidth=500)
18.6178 	INFO 	using sysFont 
18.6188 	EXP 	Created unnamed TextStim = TextStim(__class__=<class 'psychopy.visual.text.TextStim'>, alignHoriz='center', alignVert='center', antialias=True, autoLog=True, bold=False, color='black', colorSpace='named', contrast=1.0, depth=0, flipHoriz=False, flipVert=False, font='', fontFiles=[], height=32, italic=False, name='unnamed TextStim', opacity=1.0, ori=0.0, pos=array([ 74., 148.]), rgb=array([0., 0., 0.]), text='RE', units='pix', win=Window(...), wrapWidth=500)
18.6193 	INFO 	using sysFont 
18.6201 	EXP 	Created unnamed TextStim = TextStim(__class__=<class 'psychopy.visual.text.TextStim'>, alignHoriz='center', alignVert='center', antialias=True, autoLog=True, bold=False, color='black', colorSpace='named', contrast=1.0, depth=0, flipHoriz=False, flipVert=False, font='', fontFiles=[], height=32, italic=False, name='unnamed TextStim', opacity=1.0, ori=0.0, pos=array([148., 148.]), rgb=array([0., 0., 0.]), text='UN', units='pix', win=Window(...), wrapWidth=500)
18.6206 	INFO 	using sysFont 
18.6214 	EXP 	Created unnamed TextStim = TextStim(__class__=<class 'psychopy.visual.text.TextStim'>, alignHoriz='center', alignVert='center', antialias=True, autoLog=True, bold=False, color='black', colorSpace='named', contrast=1.0, depth=0, flipHoriz=False, flipVert=False, font='', fontFiles=[], height=32, italic=False, name='unnamed TextStim', opacity=1.0, ori=0.0, pos=array([222., 148.]), rgb=array([0., 0., 0.]), text='OQ', units='pix', win=Window(...), wrapWidth=500)
18.6219 	INFO 	using sysFont 
18.6228 	EXP 	Created unnamed TextStim = TextStim(__class__=<class 'psychopy.visual.text.TextStim'>, alignHoriz='center', alignVert='center', antialias=True, autoLog=True, bold=False, color='black', colorSpace='named', contrast=1.0, depth=0, flipHoriz=False, flipVert=False, font='', fontFiles=[], height=32, italic=False, name='unnamed TextStim', opacity=1.0, ori=0.0, pos=array([296., 148.]), rgb=array([0., 0., 0.]), text='MQ', units='pix', win=Window(...), wrapWidth=500)
18.6233 	INFO 	using sysFont 
18.6241 	EXP 	Created unnamed TextStim = TextStim(__class__=<class 'psychopy.visual.text.TextStim'>, alignHoriz='center', alignVert='center', antialias=True, autoLog=True, bold=False, color='black', colorSpace='named', contrast=1.0, depth=0, flipHoriz=False, flipVert=False, font='', fontFiles=[], height=32, italic=False, name='unnamed TextStim', opacity=1.0, ori=0.0, pos=array([-74., 222.]), rgb=array([0., 0., 0.]), text='PK', units='pix', win=Window(...), wrapWidth=500)
18.6247 	INFO 	using sysFont 
18.6255 	EXP 	Created unnamed TextStim = TextStim(__class__=<class 'psychopy.visual.text.TextStim'>, alignHoriz='center', alignVert='center', antialias=True, autoLog=True, bold=False, color='black', colorSpace='named', contrast=1.0, depth=0, flipHoriz=False, flipVert=False, font='', fontFiles=[], height=32, italic=False, name='unnamed TextStim', opacity=1.0, ori=0.0, pos=array([  0., 222.]), rgb=array([0., 0., 0.]), text='DJ', units='pix', win=Window(...), wrapWidth=500)
18.6261 	INFO 	using sysFont 
18.6269 	EXP 	Created unnamed TextStim = TextStim(__class__=<class 'psychopy.visual.text.TextStim'>, alignHoriz='center', alignVert='center', antialias=True, autoLog=True, bold=False, color='black', colorSpace='named', contrast=1.0, depth=0, flipHoriz=False, flipVert=False, font='', fontFiles=[], height=32, italic=False, name='unnamed TextStim', opacity=1.0, ori=0.0, pos=array([ 74., 222.]), rgb=array([0., 0., 0.]), text='UY', units='pix', win=Window(...), wrapWidth=500)
18.6274 	INFO 	using sysFont 
18.6283 	EXP 	Created unnamed TextStim = TextStim(__class__=<class 'psychopy.visual.text.TextStim'>, alignHoriz='center', alignVert='center', antialias=True, autoLog=True, bold=False, color='black', colorSpace='named', contrast=1.0, depth=0, flipHoriz=False, flipVert=False, font='', fontFiles=[], height=32, italic=False, name='unnamed TextStim', opacity=1.0, ori=0.0, pos=array([148., 222.]), rgb=array([0., 0., 0.]), text='PV', units='pix', win=Window(...), wrapWidth=500)
18.6288 	INFO 	using sysFont 
18.6297 	EXP 	Created unnamed TextStim = TextStim(__class__=<class 'psychopy.visual.text.TextStim'>, alignHoriz='center', alignVert='center', antialias=True, autoLog=True, bold=False, color='black', colorSpace='named', contrast=1.0, depth=0, flipHoriz=False, flipVert=False, font='', fontFiles=[], height=32, italic=False, name='unnamed TextStim', opacity=1.0, ori=0.0, pos=array([222., 222.]), rgb=array([0., 0., 0.]), text='XA', units='pix', win=Window(...), wrapWidth=500)
18.6302 	INFO 	using sysFont 
18.6310 	EXP 	Created unnamed TextStim = TextStim(__class__=<class 'psychopy.visual.text.TextStim'>, alignHoriz='center', alignVert='center', antialias=True, autoLog=True, bold=False, color='black', colorSpace='named', contrast=1.0, depth=0, flipHoriz=False, flipVert=False, font='', fontFiles=[], height=32, italic=False, name='unnamed TextStim', opacity=1.0, ori=0.0, pos=array([296., 222.]), rgb=array([0., 0., 0.]), text='VY', units='pix', win=Window(...), wrapWidth=500)
18.6316 	INFO 	using sysFont 
18.6323 	EXP 	Created unnamed TextStim = TextStim(__class__=<class 'psychopy.visual.text.TextStim'>, alignHoriz='center', alignVert='center', antialias=True, autoLog=True, bold=False, color='black', colorSpace='named', contrast=1.0, depth=0, flipHoriz=False, flipVert=False, font='', fontFiles=[], height=32, italic=False, name='unnamed TextStim', opacity=1.0, ori=0.0, pos=array([-74., 296.]), rgb=array([0., 0., 0.]), text='II', units='pix', win=Window(...), wrapWidth=500)
18.6329 	INFO 	using sysFont 
18.6337 	EXP 	Created unnamed TextStim = TextStim(__class__=<class 'psychopy.visual.text.TextStim'>, alignHoriz='center', alignVert='center', antialias=True, autoLog=True, bold=False, color='black', colorSpace='named', contrast=1.0, depth=0, flipHoriz=False, flipVert=False, font='', fontFiles=[], height=32, italic=False, name='unnamed TextStim', opacity=1.0, ori=0.0, pos=array([  0., 296.]), rgb=array([0., 0., 0.]), text='XZ', units='pix', win=Window(...), wrapWidth=500)
18.6342 	INFO 	using sysFont 
18.6350 	EXP 	Created unnamed TextStim = TextStim(__class__=<class 'psychopy.visual.text.TextStim'>, alignHoriz='center', alignVert='center', antialias=True, autoLog=True, bold=False, color='black', colorSpace='named', contrast=1.0, depth=0, flipHoriz=False, flipVert=False, font='', fontFiles=[], height=32, italic=False, name='unnamed TextStim', opacity=1.0, ori=0.0, pos=array([ 74., 296.]), rgb=array([0., 0., 0.]), text='YH', units='pix', win=Window(...), wrapWidth=500)
18.6356 	INFO 	using sysFont 
18.6364 	EXP 	Created unnamed TextStim = TextStim(__class__=<class 'psychopy.visual.text.TextStim'>, alignHoriz='center', alignVert='center', antialias=True, autoLog=True, bold=False, color='black', colorSpace='named', contrast=1.0, depth=0, flipHoriz=False, flipVert=False, font='', fontFiles=[], height=32, italic=False, name='unnamed TextStim', opacity=1.0, ori=0.0, pos=array([148., 296.]), rgb=array([0., 0., 0.]), text='KZ', units='pix', win=Window(...), wrapWidth=500)
18.6369 	INFO 	using sysFont 
18.6377 	EXP 	Created unnamed TextStim = TextStim(__class__=<class 'psychopy.visual.text.TextStim'>, alignHoriz='center', alignVert='center', antialias=True, autoLog=True, bold=False, color='black', colorSpace='named', contrast=1.0, depth=0, flipHoriz=False, flipVert=False, font='', fontFiles=[], height=32, italic=False, name='unnamed TextStim', opacity=1.0, ori=0.0, pos=array([222., 296.]), rgb=array([0., 0., 0.]), text='UI', units='pix', win=Window(...), wrapWidth=500)
18.6382 	INFO 	using sysFont 
18.6391 	EXP 	Created unnamed TextStim = TextStim(__class__=<class 'psychopy.visual.text.TextStim'>, alignHoriz='center', alignVert='center', antialias=True, autoLog=True, bold=False, color='black', colorSpace='named', contrast=1.0, depth=0, flipHoriz=False, flipVert=False, font='', fontFiles=[], height=32, italic=False, name='unnamed TextStim', opacity=1.0, ori=0.0, pos=array([296., 296.]), rgb=array([0., 0., 0.]), text='NQ', units='pix', win=Window(...), wrapWidth=500)
18.6641 	EXP 	unnamed TextStim: autoDraw = True
18.6641 	EXP 	unnamed TextStim: autoDraw = True
18.6641 	EXP 	unnamed TextStim: autoDraw = True
18.6641 	EXP 	unnamed TextStim: autoDraw = True
18.6641 	EXP 	unnamed TextStim: autoDraw = True
18.6641 	EXP 	unnamed TextStim: autoDraw = True
18.6641 	EXP 	unnamed TextStim: autoDraw = True
18.6641 	EXP 	unnamed TextStim: autoDraw = True
18.6641 	EXP 	unnamed TextStim: autoDraw = True
18.6641 	EXP 	unnamed TextStim: autoDraw = True
18.6641 	EXP 	unnamed TextStim: autoDraw = True
18.6641 	EXP 	unnamed TextStim: autoDraw = True
18.6641 	EXP 	unnamed TextStim: autoDraw = True
18.6641 	EXP 	unnamed TextStim: autoDraw = True
18.6641 	EXP 	unnamed TextStim: autoDraw = True
18.6641 	EXP 	unnamed TextStim: autoDraw = True
18.6641 	EXP 	unnamed TextStim: autoDraw = True
18.6641 	EXP 	unnamed TextStim: autoDraw = True
18.6641 	EXP 	unnamed TextStim: autoDraw = True
18.6641 	EXP 	unnamed TextStim: autoDraw = True
18.6641 	EXP 	unnamed TextStim: autoDraw = True
18.6641 	EXP 	unnamed TextStim: autoDraw = True
18.6641 	EXP 	unnamed TextStim: autoDraw = True
18.6641 	EXP 	unnamed TextStim: autoDraw = True
18.6641 	EXP 	unnamed TextStim: autoDraw = True
18.6641 	EXP 	unnamed TextStim: autoDraw = True
18.6641 	EXP 	unnamed TextStim: autoDraw = True
18.6641 	EXP 	unnamed TextStim: autoDraw = True
18.6641 	EXP 	unnamed TextStim: autoDraw = True
18.6641 	EXP 	unnamed TextStim: autoDraw = True
18.6641 	EXP 	unnamed TextStim: autoDraw = True
18.6641 	EXP 	unnamed TextStim: autoDraw = True
18.6641 	EXP 	unnamed TextStim: autoDraw = True
18.6641 	EXP 	unnamed TextStim: autoDraw = True
18.6641 	EXP 	unnamed TextStim: autoDraw = True
18.6641 	EXP 	unnamed TextStim: autoDraw = True
18.6641 	EXP 	unnamed TextStim: autoDraw = True
20.0562 	EXP 	unnamed TextStim: autoDraw = False
20.0562 	EXP 	unnamed TextStim: autoDraw = False
20.0562 	EXP 	unnamed TextStim: autoDraw = False
20.0562 	EXP 	unnamed TextStim: autoDraw = False
20.0562 	EXP 	unnamed TextStim: autoDraw = False
20.0562 	EXP 	unnamed TextStim: autoDraw = False
20.0562 	EXP 	unnamed TextStim: autoDraw = False
20.0562 	EXP 	unnamed TextStim: autoDraw = False
20.0562 	EXP 	unnamed TextStim: autoDraw = False
20.0562 	EXP 	unnamed TextStim: autoDraw = False
20.0562 	EXP 	unnamed TextStim: autoDraw = False
20.0562 	EXP 	unnamed TextStim: autoDraw = False
20.0562 	EXP 	unnamed TextStim: autoDraw = False
20.0562 	EXP 	unnamed TextStim: autoDraw = False
20.0562 	EXP 	unnamed TextStim: autoDraw = False
20.0562 	EXP 	unnamed TextStim: autoDraw = False
20.0562 	EXP 	unnamed TextStim: autoDraw = False
20.0562 	EXP 	unnamed TextStim: autoDraw = False
20.0562 	EXP 	unnamed TextStim: autoDraw = False
20.0562 	EXP 	unnamed TextStim: autoDraw = False
20.0562 	EXP 	unnamed TextStim: autoDraw = False
20.0562 	EXP 	unnamed TextStim: autoDraw = False
20.0562 	EXP 	unnamed TextStim: autoDraw = False
20.0562 	EXP 	unnamed TextStim: autoDraw = False
20.0562 	EXP 	unnamed TextStim: autoDraw = False
20.0562 	EXP 	unnamed TextStim: autoDraw = False
20.0562 	EXP 	unnamed TextStim: autoDraw = False
20.0562 	EXP 	unnamed TextStim: autoDraw = False
20.0562 	EXP 	unnamed TextStim: autoDraw = False
20.0562 	EXP 	unnamed TextStim: autoDraw = False
20.0562 	EXP 	unnamed TextStim: autoDraw = False
20.0562 	EXP 	unnamed TextStim: autoDraw = False
20.0562 	EXP 	unnamed TextStim: autoDraw = False
20.0562 	EXP 	unnamed TextStim: autoDraw = False
20.0562 	EXP 	unnamed TextStim: autoDraw = False
20.0562 	EXP 	unnamed TextStim: autoDraw = False
20.0562 	EXP 	unnamed TextStim: autoDraw = False
21.0594 	INFO 	using sysFont Arial
21.0604 	EXP 	Created unnamed TextStim = TextStim(__class__=<class 'psychopy.visual.text.TextStim'>, alignHoriz='center', alignVert='center', antialias=True, autoLog=True, bold=False, color='black', colorSpace='named', contrast=1.0, depth=0, flipHoriz=False, flipVert=False, font='Arial', fontFiles=[], height=32, italic=False, name='unnamed TextStim', opacity=1.0, ori=0.0, pos=array([0., 0.]), rgb=array([0., 0., 0.]), text='end', units='pix', win=Window(...), wrapWidth=1920)
