2.8314 	INFO 	Screen res set as: 1920x1080
2.8323 	INFO 	Loaded monitor calibration from ['2018_09_18 09:28']
3.3606 	EXP 	Created window1 = Window(allowGUI=True, allowStencil=False, args=UNKNOWN, autoLog=True, bitsMode=UNKNOWN, blendMode='avg', color='Gainsboro', colorSpace='named', fullscr=UNKNOWN, gamma=None, kwargs=UNKNOWN, lms=UNKNOWN, monitor=<psychopy.monitors.calibTools.Monitor object at 0x7f92f01ddef0>, multiSample=False, name='window1', numSamples=2, pos=None, screen=0, size=array([1920, 1080]), stereo=False, units='pix', useFBO=False, useRetina=False, viewOri=0.0, viewPos=None, viewScale=None, waitBlanking=True, winType='pygame')
3.3606 	INFO 	Detected framerate: 30 frames per sec.
3.3606 	INFO 	Mouse: using default window
3.4028 	INFO 	using sysFont Arial
3.4070 	EXP 	Created unnamed TextStim = TextStim(__class__=<class 'psychopy.visual.text.TextStim'>, alignHoriz='center', alignVert='center', antialias=True, autoLog=True, bold=False, color='black', colorSpace='named', contrast=1.0, depth=0, flipHoriz=False, flipVert=False, font='Arial', fontFiles=[], height=32, italic=False, name='unnamed TextStim', opacity=1.0, ori=0.0, pos=array([   0., -300.]), rgb=array([0., 0., 0.]), text=str(...), units='pix', win=Window(...), wrapWidth=1920)
3.4079 	INFO 	using sysFont Arial
3.4089 	EXP 	Created unnamed TextStim = TextStim(__class__=<class 'psychopy.visual.text.TextStim'>, alignHoriz='center', alignVert='center', antialias=True, autoLog=True, bold=False, color='black', colorSpace='named', contrast=1.0, depth=0, flipHoriz=False, flipVert=False, font='Arial', fontFiles=[], height=32, italic=False, name='unnamed TextStim', opacity=1.0, ori=0.0, pos=array([0., 0.]), rgb=array([0., 0., 0.]), text='Wstęp', units='pix', win=Window(...), wrapWidth=1920)
5.6484 	INFO 	using sysFont 
5.6494 	EXP 	Created unnamed TextStim = TextStim(__class__=<class 'psychopy.visual.text.TextStim'>, alignHoriz='center', alignVert='center', antialias=True, autoLog=True, bold=False, color='black', colorSpace='named', contrast=1.0, depth=0, flipHoriz=False, flipVert=False, font='', fontFiles=[], height=32, italic=False, name='unnamed TextStim', opacity=1.0, ori=0.0, pos=array([ -74., -111.]), rgb=array([0., 0., 0.]), text='OJ', units='pix', win=Window(...), wrapWidth=500)
5.6500 	INFO 	using sysFont 
5.6509 	EXP 	Created unnamed TextStim = TextStim(__class__=<class 'psychopy.visual.text.TextStim'>, alignHoriz='center', alignVert='center', antialias=True, autoLog=True, bold=False, color='black', colorSpace='named', contrast=1.0, depth=0, flipHoriz=False, flipVert=False, font='', fontFiles=[], height=32, italic=False, name='unnamed TextStim', opacity=1.0, ori=0.0, pos=array([   0., -111.]), rgb=array([0., 0., 0.]), text='OL', units='pix', win=Window(...), wrapWidth=500)
5.6514 	INFO 	using sysFont 
5.6523 	EXP 	Created unnamed TextStim = TextStim(__class__=<class 'psychopy.visual.text.TextStim'>, alignHoriz='center', alignVert='center', antialias=True, autoLog=True, bold=False, color='black', colorSpace='named', contrast=1.0, depth=0, flipHoriz=False, flipVert=False, font='', fontFiles=[], height=32, italic=False, name='unnamed TextStim', opacity=1.0, ori=0.0, pos=array([  74., -111.]), rgb=array([0., 0., 0.]), text='RX', units='pix', win=Window(...), wrapWidth=500)
5.6528 	INFO 	using sysFont 
5.6537 	EXP 	Created unnamed TextStim = TextStim(__class__=<class 'psychopy.visual.text.TextStim'>, alignHoriz='center', alignVert='center', antialias=True, autoLog=True, bold=False, color='black', colorSpace='named', contrast=1.0, depth=0, flipHoriz=False, flipVert=False, font='', fontFiles=[], height=32, italic=False, name='unnamed TextStim', opacity=1.0, ori=0.0, pos=array([-74.        , -61.66666667]), rgb=array([0., 0., 0.]), text='OZ', units='pix', win=Window(...), wrapWidth=500)
5.6542 	INFO 	using sysFont 
5.6551 	EXP 	Created unnamed TextStim = TextStim(__class__=<class 'psychopy.visual.text.TextStim'>, alignHoriz='center', alignVert='center', antialias=True, autoLog=True, bold=False, color='black', colorSpace='named', contrast=1.0, depth=0, flipHoriz=False, flipVert=False, font='', fontFiles=[], height=32, italic=False, name='unnamed TextStim', opacity=1.0, ori=0.0, pos=array([  0.        , -61.66666667]), rgb=array([0., 0., 0.]), text='NZ', units='pix', win=Window(...), wrapWidth=500)
5.6557 	INFO 	using sysFont 
5.6565 	EXP 	Created unnamed TextStim = TextStim(__class__=<class 'psychopy.visual.text.TextStim'>, alignHoriz='center', alignVert='center', antialias=True, autoLog=True, bold=False, color='black', colorSpace='named', contrast=1.0, depth=0, flipHoriz=False, flipVert=False, font='', fontFiles=[], height=32, italic=False, name='unnamed TextStim', opacity=1.0, ori=0.0, pos=array([ 74.        , -61.66666667]), rgb=array([0., 0., 0.]), text='FJ', units='pix', win=Window(...), wrapWidth=500)
5.6572 	INFO 	using sysFont 
5.6580 	EXP 	Created unnamed TextStim = TextStim(__class__=<class 'psychopy.visual.text.TextStim'>, alignHoriz='center', alignVert='center', antialias=True, autoLog=True, bold=False, color='black', colorSpace='named', contrast=1.0, depth=0, flipHoriz=False, flipVert=False, font='', fontFiles=[], height=32, italic=False, name='unnamed TextStim', opacity=1.0, ori=0.0, pos=array([-74.        , -12.33333333]), rgb=array([0., 0., 0.]), text='PZ', units='pix', win=Window(...), wrapWidth=500)
5.6586 	INFO 	using sysFont 
5.6595 	EXP 	Created unnamed TextStim = TextStim(__class__=<class 'psychopy.visual.text.TextStim'>, alignHoriz='center', alignVert='center', antialias=True, autoLog=True, bold=False, color='black', colorSpace='named', contrast=1.0, depth=0, flipHoriz=False, flipVert=False, font='', fontFiles=[], height=32, italic=False, name='unnamed TextStim', opacity=1.0, ori=0.0, pos=array([  0.        , -12.33333333]), rgb=array([0., 0., 0.]), text='YZ', units='pix', win=Window(...), wrapWidth=500)
5.6600 	INFO 	using sysFont 
5.6610 	EXP 	Created unnamed TextStim = TextStim(__class__=<class 'psychopy.visual.text.TextStim'>, alignHoriz='center', alignVert='center', antialias=True, autoLog=True, bold=False, color='black', colorSpace='named', contrast=1.0, depth=0, flipHoriz=False, flipVert=False, font='', fontFiles=[], height=32, italic=False, name='unnamed TextStim', opacity=1.0, ori=0.0, pos=array([ 74.        , -12.33333333]), rgb=array([0., 0., 0.]), text='KJ', units='pix', win=Window(...), wrapWidth=500)
5.6648 	EXP 	unnamed TextStim: autoDraw = True
5.6648 	EXP 	unnamed TextStim: autoDraw = True
5.6648 	EXP 	unnamed TextStim: autoDraw = True
5.6648 	EXP 	unnamed TextStim: autoDraw = True
5.6648 	EXP 	unnamed TextStim: autoDraw = True
5.6648 	EXP 	unnamed TextStim: autoDraw = True
5.6648 	EXP 	unnamed TextStim: autoDraw = True
5.6648 	EXP 	unnamed TextStim: autoDraw = True
5.6648 	EXP 	unnamed TextStim: autoDraw = True
5.6648 	EXP 	unnamed TextStim: autoDraw = True
9.6908 	EXP 	unnamed TextStim: autoDraw = False
9.6908 	EXP 	unnamed TextStim: autoDraw = False
9.6908 	EXP 	unnamed TextStim: autoDraw = False
9.6908 	EXP 	unnamed TextStim: autoDraw = False
9.6908 	EXP 	unnamed TextStim: autoDraw = False
9.6908 	EXP 	unnamed TextStim: autoDraw = False
9.6908 	EXP 	unnamed TextStim: autoDraw = False
9.6908 	EXP 	unnamed TextStim: autoDraw = False
9.6908 	EXP 	unnamed TextStim: autoDraw = False
9.6908 	EXP 	unnamed TextStim: autoDraw = False
10.6954 	INFO 	using sysFont 
10.6963 	EXP 	Created unnamed TextStim = TextStim(__class__=<class 'psychopy.visual.text.TextStim'>, alignHoriz='center', alignVert='center', antialias=True, autoLog=True, bold=False, color='black', colorSpace='named', contrast=1.0, depth=0, flipHoriz=False, flipVert=False, font='', fontFiles=[], height=32, italic=False, name='unnamed TextStim', opacity=1.0, ori=0.0, pos=array([ -74., -111.]), rgb=array([0., 0., 0.]), text='NI', units='pix', win=Window(...), wrapWidth=500)
10.6968 	INFO 	using sysFont 
10.6977 	EXP 	Created unnamed TextStim = TextStim(__class__=<class 'psychopy.visual.text.TextStim'>, alignHoriz='center', alignVert='center', antialias=True, autoLog=True, bold=False, color='black', colorSpace='named', contrast=1.0, depth=0, flipHoriz=False, flipVert=False, font='', fontFiles=[], height=32, italic=False, name='unnamed TextStim', opacity=1.0, ori=0.0, pos=array([   0., -111.]), rgb=array([0., 0., 0.]), text='XG', units='pix', win=Window(...), wrapWidth=500)
10.6982 	INFO 	using sysFont 
10.6991 	EXP 	Created unnamed TextStim = TextStim(__class__=<class 'psychopy.visual.text.TextStim'>, alignHoriz='center', alignVert='center', antialias=True, autoLog=True, bold=False, color='black', colorSpace='named', contrast=1.0, depth=0, flipHoriz=False, flipVert=False, font='', fontFiles=[], height=32, italic=False, name='unnamed TextStim', opacity=1.0, ori=0.0, pos=array([  74., -111.]), rgb=array([0., 0., 0.]), text='TG', units='pix', win=Window(...), wrapWidth=500)
10.6996 	INFO 	using sysFont 
10.7004 	EXP 	Created unnamed TextStim = TextStim(__class__=<class 'psychopy.visual.text.TextStim'>, alignHoriz='center', alignVert='center', antialias=True, autoLog=True, bold=False, color='black', colorSpace='named', contrast=1.0, depth=0, flipHoriz=False, flipVert=False, font='', fontFiles=[], height=32, italic=False, name='unnamed TextStim', opacity=1.0, ori=0.0, pos=array([-74.        , -61.66666667]), rgb=array([0., 0., 0.]), text='CI', units='pix', win=Window(...), wrapWidth=500)
10.7009 	INFO 	using sysFont 
10.7018 	EXP 	Created unnamed TextStim = TextStim(__class__=<class 'psychopy.visual.text.TextStim'>, alignHoriz='center', alignVert='center', antialias=True, autoLog=True, bold=False, color='black', colorSpace='named', contrast=1.0, depth=0, flipHoriz=False, flipVert=False, font='', fontFiles=[], height=32, italic=False, name='unnamed TextStim', opacity=1.0, ori=0.0, pos=array([  0.        , -61.66666667]), rgb=array([0., 0., 0.]), text='MS', units='pix', win=Window(...), wrapWidth=500)
10.7023 	INFO 	using sysFont 
10.7032 	EXP 	Created unnamed TextStim = TextStim(__class__=<class 'psychopy.visual.text.TextStim'>, alignHoriz='center', alignVert='center', antialias=True, autoLog=True, bold=False, color='black', colorSpace='named', contrast=1.0, depth=0, flipHoriz=False, flipVert=False, font='', fontFiles=[], height=32, italic=False, name='unnamed TextStim', opacity=1.0, ori=0.0, pos=array([ 74.        , -61.66666667]), rgb=array([0., 0., 0.]), text='ZS', units='pix', win=Window(...), wrapWidth=500)
10.7037 	INFO 	using sysFont 
10.7045 	EXP 	Created unnamed TextStim = TextStim(__class__=<class 'psychopy.visual.text.TextStim'>, alignHoriz='center', alignVert='center', antialias=True, autoLog=True, bold=False, color='black', colorSpace='named', contrast=1.0, depth=0, flipHoriz=False, flipVert=False, font='', fontFiles=[], height=32, italic=False, name='unnamed TextStim', opacity=1.0, ori=0.0, pos=array([-74.        , -12.33333333]), rgb=array([0., 0., 0.]), text='AL', units='pix', win=Window(...), wrapWidth=500)
10.7050 	INFO 	using sysFont 
10.7059 	EXP 	Created unnamed TextStim = TextStim(__class__=<class 'psychopy.visual.text.TextStim'>, alignHoriz='center', alignVert='center', antialias=True, autoLog=True, bold=False, color='black', colorSpace='named', contrast=1.0, depth=0, flipHoriz=False, flipVert=False, font='', fontFiles=[], height=32, italic=False, name='unnamed TextStim', opacity=1.0, ori=0.0, pos=array([  0.        , -12.33333333]), rgb=array([0., 0., 0.]), text='BS', units='pix', win=Window(...), wrapWidth=500)
10.7064 	INFO 	using sysFont 
10.7073 	EXP 	Created unnamed TextStim = TextStim(__class__=<class 'psychopy.visual.text.TextStim'>, alignHoriz='center', alignVert='center', antialias=True, autoLog=True, bold=False, color='black', colorSpace='named', contrast=1.0, depth=0, flipHoriz=False, flipVert=False, font='', fontFiles=[], height=32, italic=False, name='unnamed TextStim', opacity=1.0, ori=0.0, pos=array([ 74.        , -12.33333333]), rgb=array([0., 0., 0.]), text='KS', units='pix', win=Window(...), wrapWidth=500)
10.7108 	EXP 	unnamed TextStim: autoDraw = True
10.7108 	EXP 	unnamed TextStim: autoDraw = True
10.7108 	EXP 	unnamed TextStim: autoDraw = True
10.7108 	EXP 	unnamed TextStim: autoDraw = True
10.7108 	EXP 	unnamed TextStim: autoDraw = True
10.7108 	EXP 	unnamed TextStim: autoDraw = True
10.7108 	EXP 	unnamed TextStim: autoDraw = True
10.7108 	EXP 	unnamed TextStim: autoDraw = True
10.7108 	EXP 	unnamed TextStim: autoDraw = True
10.7108 	EXP 	unnamed TextStim: autoDraw = True
12.3401 	EXP 	unnamed TextStim: autoDraw = False
12.3401 	EXP 	unnamed TextStim: autoDraw = False
12.3401 	EXP 	unnamed TextStim: autoDraw = False
12.3401 	EXP 	unnamed TextStim: autoDraw = False
12.3401 	EXP 	unnamed TextStim: autoDraw = False
12.3401 	EXP 	unnamed TextStim: autoDraw = False
12.3401 	EXP 	unnamed TextStim: autoDraw = False
12.3401 	EXP 	unnamed TextStim: autoDraw = False
12.3401 	EXP 	unnamed TextStim: autoDraw = False
12.3401 	EXP 	unnamed TextStim: autoDraw = False
13.3424 	INFO 	using sysFont Arial
13.3436 	EXP 	Created unnamed TextStim = TextStim(__class__=<class 'psychopy.visual.text.TextStim'>, alignHoriz='center', alignVert='center', antialias=True, autoLog=True, bold=False, color='black', colorSpace='named', contrast=1.0, depth=0, flipHoriz=False, flipVert=False, font='Arial', fontFiles=[], height=32, italic=False, name='unnamed TextStim', opacity=1.0, ori=0.0, pos=array([0., 0.]), rgb=array([0., 0., 0.]), text='Po treningu', units='pix', win=Window(...), wrapWidth=1920)
14.4777 	INFO 	using sysFont 
14.4786 	EXP 	Created unnamed TextStim = TextStim(__class__=<class 'psychopy.visual.text.TextStim'>, alignHoriz='center', alignVert='center', antialias=True, autoLog=True, bold=False, color='black', colorSpace='named', contrast=1.0, depth=0, flipHoriz=False, flipVert=False, font='', fontFiles=[], height=32, italic=False, name='unnamed TextStim', opacity=1.0, ori=0.0, pos=array([ -74., -111.]), rgb=array([0., 0., 0.]), text='VZ', units='pix', win=Window(...), wrapWidth=500)
14.4792 	INFO 	using sysFont 
14.4801 	EXP 	Created unnamed TextStim = TextStim(__class__=<class 'psychopy.visual.text.TextStim'>, alignHoriz='center', alignVert='center', antialias=True, autoLog=True, bold=False, color='black', colorSpace='named', contrast=1.0, depth=0, flipHoriz=False, flipVert=False, font='', fontFiles=[], height=32, italic=False, name='unnamed TextStim', opacity=1.0, ori=0.0, pos=array([   0., -111.]), rgb=array([0., 0., 0.]), text='OZ', units='pix', win=Window(...), wrapWidth=500)
14.4806 	INFO 	using sysFont 
14.4815 	EXP 	Created unnamed TextStim = TextStim(__class__=<class 'psychopy.visual.text.TextStim'>, alignHoriz='center', alignVert='center', antialias=True, autoLog=True, bold=False, color='black', colorSpace='named', contrast=1.0, depth=0, flipHoriz=False, flipVert=False, font='', fontFiles=[], height=32, italic=False, name='unnamed TextStim', opacity=1.0, ori=0.0, pos=array([  74., -111.]), rgb=array([0., 0., 0.]), text='WS', units='pix', win=Window(...), wrapWidth=500)
14.4821 	INFO 	using sysFont 
14.4829 	EXP 	Created unnamed TextStim = TextStim(__class__=<class 'psychopy.visual.text.TextStim'>, alignHoriz='center', alignVert='center', antialias=True, autoLog=True, bold=False, color='black', colorSpace='named', contrast=1.0, depth=0, flipHoriz=False, flipVert=False, font='', fontFiles=[], height=32, italic=False, name='unnamed TextStim', opacity=1.0, ori=0.0, pos=array([-74.        , -61.66666667]), rgb=array([0., 0., 0.]), text='GZ', units='pix', win=Window(...), wrapWidth=500)
14.4834 	INFO 	using sysFont 
14.4843 	EXP 	Created unnamed TextStim = TextStim(__class__=<class 'psychopy.visual.text.TextStim'>, alignHoriz='center', alignVert='center', antialias=True, autoLog=True, bold=False, color='black', colorSpace='named', contrast=1.0, depth=0, flipHoriz=False, flipVert=False, font='', fontFiles=[], height=32, italic=False, name='unnamed TextStim', opacity=1.0, ori=0.0, pos=array([  0.        , -61.66666667]), rgb=array([0., 0., 0.]), text='HZ', units='pix', win=Window(...), wrapWidth=500)
14.4849 	INFO 	using sysFont 
14.4858 	EXP 	Created unnamed TextStim = TextStim(__class__=<class 'psychopy.visual.text.TextStim'>, alignHoriz='center', alignVert='center', antialias=True, autoLog=True, bold=False, color='black', colorSpace='named', contrast=1.0, depth=0, flipHoriz=False, flipVert=False, font='', fontFiles=[], height=32, italic=False, name='unnamed TextStim', opacity=1.0, ori=0.0, pos=array([ 74.        , -61.66666667]), rgb=array([0., 0., 0.]), text='HR', units='pix', win=Window(...), wrapWidth=500)
14.4863 	INFO 	using sysFont 
14.4872 	EXP 	Created unnamed TextStim = TextStim(__class__=<class 'psychopy.visual.text.TextStim'>, alignHoriz='center', alignVert='center', antialias=True, autoLog=True, bold=False, color='black', colorSpace='named', contrast=1.0, depth=0, flipHoriz=False, flipVert=False, font='', fontFiles=[], height=32, italic=False, name='unnamed TextStim', opacity=1.0, ori=0.0, pos=array([-74.        , -12.33333333]), rgb=array([0., 0., 0.]), text='GS', units='pix', win=Window(...), wrapWidth=500)
14.4878 	INFO 	using sysFont 
14.4886 	EXP 	Created unnamed TextStim = TextStim(__class__=<class 'psychopy.visual.text.TextStim'>, alignHoriz='center', alignVert='center', antialias=True, autoLog=True, bold=False, color='black', colorSpace='named', contrast=1.0, depth=0, flipHoriz=False, flipVert=False, font='', fontFiles=[], height=32, italic=False, name='unnamed TextStim', opacity=1.0, ori=0.0, pos=array([  0.        , -12.33333333]), rgb=array([0., 0., 0.]), text='JX', units='pix', win=Window(...), wrapWidth=500)
14.4891 	INFO 	using sysFont 
14.4900 	EXP 	Created unnamed TextStim = TextStim(__class__=<class 'psychopy.visual.text.TextStim'>, alignHoriz='center', alignVert='center', antialias=True, autoLog=True, bold=False, color='black', colorSpace='named', contrast=1.0, depth=0, flipHoriz=False, flipVert=False, font='', fontFiles=[], height=32, italic=False, name='unnamed TextStim', opacity=1.0, ori=0.0, pos=array([ 74.        , -12.33333333]), rgb=array([0., 0., 0.]), text='XX', units='pix', win=Window(...), wrapWidth=500)
14.4936 	EXP 	unnamed TextStim: autoDraw = True
14.4936 	EXP 	unnamed TextStim: autoDraw = True
14.4936 	EXP 	unnamed TextStim: autoDraw = True
14.4936 	EXP 	unnamed TextStim: autoDraw = True
14.4936 	EXP 	unnamed TextStim: autoDraw = True
14.4936 	EXP 	unnamed TextStim: autoDraw = True
14.4936 	EXP 	unnamed TextStim: autoDraw = True
14.4936 	EXP 	unnamed TextStim: autoDraw = True
14.4936 	EXP 	unnamed TextStim: autoDraw = True
14.4936 	EXP 	unnamed TextStim: autoDraw = True
18.5219 	EXP 	unnamed TextStim: autoDraw = False
18.5219 	EXP 	unnamed TextStim: autoDraw = False
18.5219 	EXP 	unnamed TextStim: autoDraw = False
18.5219 	EXP 	unnamed TextStim: autoDraw = False
18.5219 	EXP 	unnamed TextStim: autoDraw = False
18.5219 	EXP 	unnamed TextStim: autoDraw = False
18.5219 	EXP 	unnamed TextStim: autoDraw = False
18.5219 	EXP 	unnamed TextStim: autoDraw = False
18.5219 	EXP 	unnamed TextStim: autoDraw = False
18.5219 	EXP 	unnamed TextStim: autoDraw = False
19.5271 	INFO 	using sysFont 
19.5281 	EXP 	Created unnamed TextStim = TextStim(__class__=<class 'psychopy.visual.text.TextStim'>, alignHoriz='center', alignVert='center', antialias=True, autoLog=True, bold=False, color='black', colorSpace='named', contrast=1.0, depth=0, flipHoriz=False, flipVert=False, font='', fontFiles=[], height=32, italic=False, name='unnamed TextStim', opacity=1.0, ori=0.0, pos=array([ -74., -111.]), rgb=array([0., 0., 0.]), text='SQ', units='pix', win=Window(...), wrapWidth=500)
19.5287 	INFO 	using sysFont 
19.5295 	EXP 	Created unnamed TextStim = TextStim(__class__=<class 'psychopy.visual.text.TextStim'>, alignHoriz='center', alignVert='center', antialias=True, autoLog=True, bold=False, color='black', colorSpace='named', contrast=1.0, depth=0, flipHoriz=False, flipVert=False, font='', fontFiles=[], height=32, italic=False, name='unnamed TextStim', opacity=1.0, ori=0.0, pos=array([   0., -111.]), rgb=array([0., 0., 0.]), text='YM', units='pix', win=Window(...), wrapWidth=500)
19.5300 	INFO 	using sysFont 
19.5309 	EXP 	Created unnamed TextStim = TextStim(__class__=<class 'psychopy.visual.text.TextStim'>, alignHoriz='center', alignVert='center', antialias=True, autoLog=True, bold=False, color='black', colorSpace='named', contrast=1.0, depth=0, flipHoriz=False, flipVert=False, font='', fontFiles=[], height=32, italic=False, name='unnamed TextStim', opacity=1.0, ori=0.0, pos=array([  74., -111.]), rgb=array([0., 0., 0.]), text='KQ', units='pix', win=Window(...), wrapWidth=500)
19.5314 	INFO 	using sysFont 
19.5322 	EXP 	Created unnamed TextStim = TextStim(__class__=<class 'psychopy.visual.text.TextStim'>, alignHoriz='center', alignVert='center', antialias=True, autoLog=True, bold=False, color='black', colorSpace='named', contrast=1.0, depth=0, flipHoriz=False, flipVert=False, font='', fontFiles=[], height=32, italic=False, name='unnamed TextStim', opacity=1.0, ori=0.0, pos=array([-74.        , -61.66666667]), rgb=array([0., 0., 0.]), text='EQ', units='pix', win=Window(...), wrapWidth=500)
19.5328 	INFO 	using sysFont 
19.5336 	EXP 	Created unnamed TextStim = TextStim(__class__=<class 'psychopy.visual.text.TextStim'>, alignHoriz='center', alignVert='center', antialias=True, autoLog=True, bold=False, color='black', colorSpace='named', contrast=1.0, depth=0, flipHoriz=False, flipVert=False, font='', fontFiles=[], height=32, italic=False, name='unnamed TextStim', opacity=1.0, ori=0.0, pos=array([  0.        , -61.66666667]), rgb=array([0., 0., 0.]), text='NA', units='pix', win=Window(...), wrapWidth=500)
19.5341 	INFO 	using sysFont 
19.5350 	EXP 	Created unnamed TextStim = TextStim(__class__=<class 'psychopy.visual.text.TextStim'>, alignHoriz='center', alignVert='center', antialias=True, autoLog=True, bold=False, color='black', colorSpace='named', contrast=1.0, depth=0, flipHoriz=False, flipVert=False, font='', fontFiles=[], height=32, italic=False, name='unnamed TextStim', opacity=1.0, ori=0.0, pos=array([ 74.        , -61.66666667]), rgb=array([0., 0., 0.]), text='MA', units='pix', win=Window(...), wrapWidth=500)
19.5355 	INFO 	using sysFont 
19.5363 	EXP 	Created unnamed TextStim = TextStim(__class__=<class 'psychopy.visual.text.TextStim'>, alignHoriz='center', alignVert='center', antialias=True, autoLog=True, bold=False, color='black', colorSpace='named', contrast=1.0, depth=0, flipHoriz=False, flipVert=False, font='', fontFiles=[], height=32, italic=False, name='unnamed TextStim', opacity=1.0, ori=0.0, pos=array([-74.        , -12.33333333]), rgb=array([0., 0., 0.]), text='FA', units='pix', win=Window(...), wrapWidth=500)
19.5368 	INFO 	using sysFont 
19.5376 	EXP 	Created unnamed TextStim = TextStim(__class__=<class 'psychopy.visual.text.TextStim'>, alignHoriz='center', alignVert='center', antialias=True, autoLog=True, bold=False, color='black', colorSpace='named', contrast=1.0, depth=0, flipHoriz=False, flipVert=False, font='', fontFiles=[], height=32, italic=False, name='unnamed TextStim', opacity=1.0, ori=0.0, pos=array([  0.        , -12.33333333]), rgb=array([0., 0., 0.]), text='AA', units='pix', win=Window(...), wrapWidth=500)
19.5382 	INFO 	using sysFont 
19.5390 	EXP 	Created unnamed TextStim = TextStim(__class__=<class 'psychopy.visual.text.TextStim'>, alignHoriz='center', alignVert='center', antialias=True, autoLog=True, bold=False, color='black', colorSpace='named', contrast=1.0, depth=0, flipHoriz=False, flipVert=False, font='', fontFiles=[], height=32, italic=False, name='unnamed TextStim', opacity=1.0, ori=0.0, pos=array([ 74.        , -12.33333333]), rgb=array([0., 0., 0.]), text='KA', units='pix', win=Window(...), wrapWidth=500)
19.5432 	EXP 	unnamed TextStim: autoDraw = True
19.5432 	EXP 	unnamed TextStim: autoDraw = True
19.5432 	EXP 	unnamed TextStim: autoDraw = True
19.5432 	EXP 	unnamed TextStim: autoDraw = True
19.5432 	EXP 	unnamed TextStim: autoDraw = True
19.5432 	EXP 	unnamed TextStim: autoDraw = True
19.5432 	EXP 	unnamed TextStim: autoDraw = True
19.5432 	EXP 	unnamed TextStim: autoDraw = True
19.5432 	EXP 	unnamed TextStim: autoDraw = True
19.5432 	EXP 	unnamed TextStim: autoDraw = True
19.5433 	CRITICAL 	Experiment finished by user! f7 pressed.
