2.5797 	INFO 	Screen res set as: 1920x1080
2.5808 	INFO 	Loaded monitor calibration from ['2018_09_18 09:28']
3.1091 	EXP 	Created window1 = Window(allowGUI=True, allowStencil=False, args=UNKNOWN, autoLog=True, bitsMode=UNKNOWN, blendMode='avg', color='Gainsboro', colorSpace='named', fullscr=UNKNOWN, gamma=None, kwargs=UNKNOWN, lms=UNKNOWN, monitor=<psychopy.monitors.calibTools.Monitor object at 0x7fbd60066ef0>, multiSample=False, name='window1', numSamples=2, pos=None, screen=0, size=array([1920, 1080]), stereo=False, units='pix', useFBO=False, useRetina=False, viewOri=0.0, viewPos=None, viewScale=None, waitBlanking=True, winType='pygame')
3.1092 	INFO 	Detected framerate: 30 frames per sec.
3.1092 	INFO 	Mouse: using default window
3.1532 	INFO 	using sysFont Arial
3.1574 	EXP 	Created unnamed TextStim = TextStim(__class__=<class 'psychopy.visual.text.TextStim'>, alignHoriz='center', alignVert='center', antialias=True, autoLog=True, bold=False, color='black', colorSpace='named', contrast=1.0, depth=0, flipHoriz=False, flipVert=False, font='Arial', fontFiles=[], height=32, italic=False, name='unnamed TextStim', opacity=1.0, ori=0.0, pos=array([   0., -300.]), rgb=array([0., 0., 0.]), text=str(...), units='pix', win=Window(...), wrapWidth=1920)
3.1583 	INFO 	using sysFont Arial
3.1594 	EXP 	Created unnamed TextStim = TextStim(__class__=<class 'psychopy.visual.text.TextStim'>, alignHoriz='center', alignVert='center', antialias=True, autoLog=True, bold=False, color='black', colorSpace='named', contrast=1.0, depth=0, flipHoriz=False, flipVert=False, font='Arial', fontFiles=[], height=32, italic=False, name='unnamed TextStim', opacity=1.0, ori=0.0, pos=array([0., 0.]), rgb=array([0., 0., 0.]), text='Wstęp', units='pix', win=Window(...), wrapWidth=1920)
3.6214 	INFO 	using sysFont 
3.6226 	EXP 	Created unnamed TextStim = TextStim(__class__=<class 'psychopy.visual.text.TextStim'>, alignHoriz='center', alignVert='center', antialias=True, autoLog=True, bold=False, color='black', colorSpace='named', contrast=1.0, depth=0, flipHoriz=False, flipVert=False, font='', fontFiles=[], height=32, italic=False, name='unnamed TextStim', opacity=1.0, ori=0.0, pos=array([126., -74.]), rgb=array([0., 0., 0.]), text='WV', units='pix', win=Window(...), wrapWidth=500)
3.6232 	INFO 	using sysFont 
3.6254 	EXP 	Created unnamed TextStim = TextStim(__class__=<class 'psychopy.visual.text.TextStim'>, alignHoriz='center', alignVert='center', antialias=True, autoLog=True, bold=False, color='black', colorSpace='named', contrast=1.0, depth=0, flipHoriz=False, flipVert=False, font='', fontFiles=[], height=32, italic=False, name='unnamed TextStim', opacity=1.0, ori=0.0, pos=array([200., -74.]), rgb=array([0., 0., 0.]), text='BQ', units='pix', win=Window(...), wrapWidth=500)
3.6260 	INFO 	using sysFont 
3.6269 	EXP 	Created unnamed TextStim = TextStim(__class__=<class 'psychopy.visual.text.TextStim'>, alignHoriz='center', alignVert='center', antialias=True, autoLog=True, bold=False, color='black', colorSpace='named', contrast=1.0, depth=0, flipHoriz=False, flipVert=False, font='', fontFiles=[], height=32, italic=False, name='unnamed TextStim', opacity=1.0, ori=0.0, pos=array([274., -74.]), rgb=array([0., 0., 0.]), text='KV', units='pix', win=Window(...), wrapWidth=500)
3.6276 	INFO 	using sysFont 
3.6284 	EXP 	Created unnamed TextStim = TextStim(__class__=<class 'psychopy.visual.text.TextStim'>, alignHoriz='center', alignVert='center', antialias=True, autoLog=True, bold=False, color='black', colorSpace='named', contrast=1.0, depth=0, flipHoriz=False, flipVert=False, font='', fontFiles=[], height=32, italic=False, name='unnamed TextStim', opacity=1.0, ori=0.0, pos=array([126.,   0.]), rgb=array([0., 0., 0.]), text='FV', units='pix', win=Window(...), wrapWidth=500)
3.6290 	INFO 	using sysFont 
3.6300 	EXP 	Created unnamed TextStim = TextStim(__class__=<class 'psychopy.visual.text.TextStim'>, alignHoriz='center', alignVert='center', antialias=True, autoLog=True, bold=False, color='black', colorSpace='named', contrast=1.0, depth=0, flipHoriz=False, flipVert=False, font='', fontFiles=[], height=32, italic=False, name='unnamed TextStim', opacity=1.0, ori=0.0, pos=array([200.,   0.]), rgb=array([0., 0., 0.]), text='NA', units='pix', win=Window(...), wrapWidth=500)
3.6307 	INFO 	using sysFont 
3.6316 	EXP 	Created unnamed TextStim = TextStim(__class__=<class 'psychopy.visual.text.TextStim'>, alignHoriz='center', alignVert='center', antialias=True, autoLog=True, bold=False, color='black', colorSpace='named', contrast=1.0, depth=0, flipHoriz=False, flipVert=False, font='', fontFiles=[], height=32, italic=False, name='unnamed TextStim', opacity=1.0, ori=0.0, pos=array([274.,   0.]), rgb=array([0., 0., 0.]), text='PV', units='pix', win=Window(...), wrapWidth=500)
3.6322 	INFO 	using sysFont 
3.6331 	EXP 	Created unnamed TextStim = TextStim(__class__=<class 'psychopy.visual.text.TextStim'>, alignHoriz='center', alignVert='center', antialias=True, autoLog=True, bold=False, color='black', colorSpace='named', contrast=1.0, depth=0, flipHoriz=False, flipVert=False, font='', fontFiles=[], height=32, italic=False, name='unnamed TextStim', opacity=1.0, ori=0.0, pos=array([126.,  74.]), rgb=array([0., 0., 0.]), text='UY', units='pix', win=Window(...), wrapWidth=500)
3.6336 	INFO 	using sysFont 
3.6346 	EXP 	Created unnamed TextStim = TextStim(__class__=<class 'psychopy.visual.text.TextStim'>, alignHoriz='center', alignVert='center', antialias=True, autoLog=True, bold=False, color='black', colorSpace='named', contrast=1.0, depth=0, flipHoriz=False, flipVert=False, font='', fontFiles=[], height=32, italic=False, name='unnamed TextStim', opacity=1.0, ori=0.0, pos=array([200.,  74.]), rgb=array([0., 0., 0.]), text='EA', units='pix', win=Window(...), wrapWidth=500)
3.6352 	INFO 	using sysFont 
3.6362 	EXP 	Created unnamed TextStim = TextStim(__class__=<class 'psychopy.visual.text.TextStim'>, alignHoriz='center', alignVert='center', antialias=True, autoLog=True, bold=False, color='black', colorSpace='named', contrast=1.0, depth=0, flipHoriz=False, flipVert=False, font='', fontFiles=[], height=32, italic=False, name='unnamed TextStim', opacity=1.0, ori=0.0, pos=array([274.,  74.]), rgb=array([0., 0., 0.]), text='DA', units='pix', win=Window(...), wrapWidth=500)
3.6400 	EXP 	unnamed TextStim: autoDraw = True
3.6400 	EXP 	unnamed TextStim: autoDraw = True
3.6400 	EXP 	unnamed TextStim: autoDraw = True
3.6400 	EXP 	unnamed TextStim: autoDraw = True
3.6400 	EXP 	unnamed TextStim: autoDraw = True
3.6400 	EXP 	unnamed TextStim: autoDraw = True
3.6400 	EXP 	unnamed TextStim: autoDraw = True
3.6400 	EXP 	unnamed TextStim: autoDraw = True
3.6400 	EXP 	unnamed TextStim: autoDraw = True
3.6400 	EXP 	unnamed TextStim: autoDraw = True
7.6578 	EXP 	unnamed TextStim: autoDraw = False
7.6578 	EXP 	unnamed TextStim: autoDraw = False
7.6578 	EXP 	unnamed TextStim: autoDraw = False
7.6578 	EXP 	unnamed TextStim: autoDraw = False
7.6578 	EXP 	unnamed TextStim: autoDraw = False
7.6578 	EXP 	unnamed TextStim: autoDraw = False
7.6578 	EXP 	unnamed TextStim: autoDraw = False
7.6578 	EXP 	unnamed TextStim: autoDraw = False
7.6578 	EXP 	unnamed TextStim: autoDraw = False
7.6578 	EXP 	unnamed TextStim: autoDraw = False
8.6649 	INFO 	using sysFont 
8.6658 	EXP 	Created unnamed TextStim = TextStim(__class__=<class 'psychopy.visual.text.TextStim'>, alignHoriz='center', alignVert='center', antialias=True, autoLog=True, bold=False, color='black', colorSpace='named', contrast=1.0, depth=0, flipHoriz=False, flipVert=False, font='', fontFiles=[], height=32, italic=False, name='unnamed TextStim', opacity=1.0, ori=0.0, pos=array([126., -74.]), rgb=array([0., 0., 0.]), text='JV', units='pix', win=Window(...), wrapWidth=500)
8.6664 	INFO 	using sysFont 
8.6673 	EXP 	Created unnamed TextStim = TextStim(__class__=<class 'psychopy.visual.text.TextStim'>, alignHoriz='center', alignVert='center', antialias=True, autoLog=True, bold=False, color='black', colorSpace='named', contrast=1.0, depth=0, flipHoriz=False, flipVert=False, font='', fontFiles=[], height=32, italic=False, name='unnamed TextStim', opacity=1.0, ori=0.0, pos=array([200., -74.]), rgb=array([0., 0., 0.]), text='GK', units='pix', win=Window(...), wrapWidth=500)
8.6678 	INFO 	using sysFont 
8.6687 	EXP 	Created unnamed TextStim = TextStim(__class__=<class 'psychopy.visual.text.TextStim'>, alignHoriz='center', alignVert='center', antialias=True, autoLog=True, bold=False, color='black', colorSpace='named', contrast=1.0, depth=0, flipHoriz=False, flipVert=False, font='', fontFiles=[], height=32, italic=False, name='unnamed TextStim', opacity=1.0, ori=0.0, pos=array([274., -74.]), rgb=array([0., 0., 0.]), text='QY', units='pix', win=Window(...), wrapWidth=500)
8.6692 	INFO 	using sysFont 
8.6701 	EXP 	Created unnamed TextStim = TextStim(__class__=<class 'psychopy.visual.text.TextStim'>, alignHoriz='center', alignVert='center', antialias=True, autoLog=True, bold=False, color='black', colorSpace='named', contrast=1.0, depth=0, flipHoriz=False, flipVert=False, font='', fontFiles=[], height=32, italic=False, name='unnamed TextStim', opacity=1.0, ori=0.0, pos=array([126.,   0.]), rgb=array([0., 0., 0.]), text='OQ', units='pix', win=Window(...), wrapWidth=500)
8.6707 	INFO 	using sysFont 
8.6715 	EXP 	Created unnamed TextStim = TextStim(__class__=<class 'psychopy.visual.text.TextStim'>, alignHoriz='center', alignVert='center', antialias=True, autoLog=True, bold=False, color='black', colorSpace='named', contrast=1.0, depth=0, flipHoriz=False, flipVert=False, font='', fontFiles=[], height=32, italic=False, name='unnamed TextStim', opacity=1.0, ori=0.0, pos=array([200.,   0.]), rgb=array([0., 0., 0.]), text='GQ', units='pix', win=Window(...), wrapWidth=500)
8.6721 	INFO 	using sysFont 
8.6730 	EXP 	Created unnamed TextStim = TextStim(__class__=<class 'psychopy.visual.text.TextStim'>, alignHoriz='center', alignVert='center', antialias=True, autoLog=True, bold=False, color='black', colorSpace='named', contrast=1.0, depth=0, flipHoriz=False, flipVert=False, font='', fontFiles=[], height=32, italic=False, name='unnamed TextStim', opacity=1.0, ori=0.0, pos=array([274.,   0.]), rgb=array([0., 0., 0.]), text='BV', units='pix', win=Window(...), wrapWidth=500)
8.6735 	INFO 	using sysFont 
8.6744 	EXP 	Created unnamed TextStim = TextStim(__class__=<class 'psychopy.visual.text.TextStim'>, alignHoriz='center', alignVert='center', antialias=True, autoLog=True, bold=False, color='black', colorSpace='named', contrast=1.0, depth=0, flipHoriz=False, flipVert=False, font='', fontFiles=[], height=32, italic=False, name='unnamed TextStim', opacity=1.0, ori=0.0, pos=array([126.,  74.]), rgb=array([0., 0., 0.]), text='EQ', units='pix', win=Window(...), wrapWidth=500)
8.6749 	INFO 	using sysFont 
8.6758 	EXP 	Created unnamed TextStim = TextStim(__class__=<class 'psychopy.visual.text.TextStim'>, alignHoriz='center', alignVert='center', antialias=True, autoLog=True, bold=False, color='black', colorSpace='named', contrast=1.0, depth=0, flipHoriz=False, flipVert=False, font='', fontFiles=[], height=32, italic=False, name='unnamed TextStim', opacity=1.0, ori=0.0, pos=array([200.,  74.]), rgb=array([0., 0., 0.]), text='MQ', units='pix', win=Window(...), wrapWidth=500)
8.6763 	INFO 	using sysFont 
8.6773 	EXP 	Created unnamed TextStim = TextStim(__class__=<class 'psychopy.visual.text.TextStim'>, alignHoriz='center', alignVert='center', antialias=True, autoLog=True, bold=False, color='black', colorSpace='named', contrast=1.0, depth=0, flipHoriz=False, flipVert=False, font='', fontFiles=[], height=32, italic=False, name='unnamed TextStim', opacity=1.0, ori=0.0, pos=array([274.,  74.]), rgb=array([0., 0., 0.]), text='CV', units='pix', win=Window(...), wrapWidth=500)
8.6823 	EXP 	unnamed TextStim: autoDraw = True
8.6823 	EXP 	unnamed TextStim: autoDraw = True
8.6823 	EXP 	unnamed TextStim: autoDraw = True
8.6823 	EXP 	unnamed TextStim: autoDraw = True
8.6823 	EXP 	unnamed TextStim: autoDraw = True
8.6823 	EXP 	unnamed TextStim: autoDraw = True
8.6823 	EXP 	unnamed TextStim: autoDraw = True
8.6823 	EXP 	unnamed TextStim: autoDraw = True
8.6823 	EXP 	unnamed TextStim: autoDraw = True
8.6823 	EXP 	unnamed TextStim: autoDraw = True
12.7066 	EXP 	unnamed TextStim: autoDraw = False
12.7066 	EXP 	unnamed TextStim: autoDraw = False
12.7066 	EXP 	unnamed TextStim: autoDraw = False
12.7066 	EXP 	unnamed TextStim: autoDraw = False
12.7066 	EXP 	unnamed TextStim: autoDraw = False
12.7066 	EXP 	unnamed TextStim: autoDraw = False
12.7066 	EXP 	unnamed TextStim: autoDraw = False
12.7066 	EXP 	unnamed TextStim: autoDraw = False
12.7066 	EXP 	unnamed TextStim: autoDraw = False
12.7066 	EXP 	unnamed TextStim: autoDraw = False
13.7088 	INFO 	using sysFont Arial
13.7100 	EXP 	Created unnamed TextStim = TextStim(__class__=<class 'psychopy.visual.text.TextStim'>, alignHoriz='center', alignVert='center', antialias=True, autoLog=True, bold=False, color='black', colorSpace='named', contrast=1.0, depth=0, flipHoriz=False, flipVert=False, font='Arial', fontFiles=[], height=32, italic=False, name='unnamed TextStim', opacity=1.0, ori=0.0, pos=array([0., 0.]), rgb=array([0., 0., 0.]), text='Po treningu', units='pix', win=Window(...), wrapWidth=1920)
13.7133 	CRITICAL 	Experiment finished by user! f7 pressed.
