4.5663 	INFO 	Screen res set as: 1920x1080
4.5670 	INFO 	Loaded monitor calibration from ['2018_09_18 09:28']
5.0948 	EXP 	Created window1 = Window(allowGUI=True, allowStencil=False, args=UNKNOWN, autoLog=True, bitsMode=UNKNOWN, blendMode='avg', color='Gainsboro', colorSpace='named', fullscr=UNKNOWN, gamma=None, kwargs=UNKNOWN, lms=UNKNOWN, monitor=<psychopy.monitors.calibTools.Monitor object at 0x7f858c4a1f60>, multiSample=False, name='window1', numSamples=2, pos=None, screen=0, size=array([1920, 1080]), stereo=False, units='pix', useFBO=False, useRetina=False, viewOri=0.0, viewPos=None, viewScale=None, waitBlanking=True, winType='pygame')
5.0948 	INFO 	Detected framerate: 30 frames per sec.
5.0948 	INFO 	Mouse: using default window
5.1183 	INFO 	using sysFont Arial
5.1212 	EXP 	Created unnamed TextStim = TextStim(__class__=<class 'psychopy.visual.text.TextStim'>, alignHoriz='center', alignVert='center', antialias=True, autoLog=True, bold=False, color='black', colorSpace='named', contrast=1.0, depth=0, flipHoriz=False, flipVert=False, font='Arial', fontFiles=[], height=32, italic=False, name='unnamed TextStim', opacity=1.0, ori=0.0, pos=array([   0., -300.]), rgb=array([0., 0., 0.]), text=str(...), units='pix', win=Window(...), wrapWidth=1920)
5.1220 	INFO 	using sysFont Arial
5.1229 	EXP 	Created unnamed TextStim = TextStim(__class__=<class 'psychopy.visual.text.TextStim'>, alignHoriz='center', alignVert='center', antialias=True, autoLog=True, bold=False, color='black', colorSpace='named', contrast=1.0, depth=0, flipHoriz=False, flipVert=False, font='Arial', fontFiles=[], height=32, italic=False, name='unnamed TextStim', opacity=1.0, ori=0.0, pos=array([0., 0.]), rgb=array([0., 0., 0.]), text='Wstęp', units='pix', win=Window(...), wrapWidth=1920)
6.4785 	INFO 	using sysFont 
6.4791 	EXP 	Created unnamed TextStim = TextStim(__class__=<class 'psychopy.visual.text.TextStim'>, alignHoriz='center', alignVert='center', antialias=True, autoLog=True, bold=False, color='black', colorSpace='named', contrast=1.0, depth=0, flipHoriz=False, flipVert=False, font='', fontFiles=[], height=32, italic=False, name='unnamed TextStim', opacity=1.0, ori=0.0, pos=array([-74.,   0.]), rgb=array([0., 0., 0.]), text='OB', units='pix', win=Window(...), wrapWidth=500)
6.4793 	INFO 	using sysFont 
6.4797 	EXP 	Created unnamed TextStim = TextStim(__class__=<class 'psychopy.visual.text.TextStim'>, alignHoriz='center', alignVert='center', antialias=True, autoLog=True, bold=False, color='black', colorSpace='named', contrast=1.0, depth=0, flipHoriz=False, flipVert=False, font='', fontFiles=[], height=32, italic=False, name='unnamed TextStim', opacity=1.0, ori=0.0, pos=array([0., 0.]), rgb=array([0., 0., 0.]), text='UU', units='pix', win=Window(...), wrapWidth=500)
6.4799 	INFO 	using sysFont 
6.4803 	EXP 	Created unnamed TextStim = TextStim(__class__=<class 'psychopy.visual.text.TextStim'>, alignHoriz='center', alignVert='center', antialias=True, autoLog=True, bold=False, color='black', colorSpace='named', contrast=1.0, depth=0, flipHoriz=False, flipVert=False, font='', fontFiles=[], height=32, italic=False, name='unnamed TextStim', opacity=1.0, ori=0.0, pos=array([74.,  0.]), rgb=array([0., 0., 0.]), text='EB', units='pix', win=Window(...), wrapWidth=500)
6.4805 	INFO 	using sysFont 
6.4809 	EXP 	Created unnamed TextStim = TextStim(__class__=<class 'psychopy.visual.text.TextStim'>, alignHoriz='center', alignVert='center', antialias=True, autoLog=True, bold=False, color='black', colorSpace='named', contrast=1.0, depth=0, flipHoriz=False, flipVert=False, font='', fontFiles=[], height=32, italic=False, name='unnamed TextStim', opacity=1.0, ori=0.0, pos=array([-74.        ,  49.33333333]), rgb=array([0., 0., 0.]), text='VO', units='pix', win=Window(...), wrapWidth=500)
6.4811 	INFO 	using sysFont 
6.4815 	EXP 	Created unnamed TextStim = TextStim(__class__=<class 'psychopy.visual.text.TextStim'>, alignHoriz='center', alignVert='center', antialias=True, autoLog=True, bold=False, color='black', colorSpace='named', contrast=1.0, depth=0, flipHoriz=False, flipVert=False, font='', fontFiles=[], height=32, italic=False, name='unnamed TextStim', opacity=1.0, ori=0.0, pos=array([ 0.        , 49.33333333]), rgb=array([0., 0., 0.]), text='RO', units='pix', win=Window(...), wrapWidth=500)
6.4818 	INFO 	using sysFont 
6.4822 	EXP 	Created unnamed TextStim = TextStim(__class__=<class 'psychopy.visual.text.TextStim'>, alignHoriz='center', alignVert='center', antialias=True, autoLog=True, bold=False, color='black', colorSpace='named', contrast=1.0, depth=0, flipHoriz=False, flipVert=False, font='', fontFiles=[], height=32, italic=False, name='unnamed TextStim', opacity=1.0, ori=0.0, pos=array([74.        , 49.33333333]), rgb=array([0., 0., 0.]), text='CO', units='pix', win=Window(...), wrapWidth=500)
6.4824 	INFO 	using sysFont 
6.4828 	EXP 	Created unnamed TextStim = TextStim(__class__=<class 'psychopy.visual.text.TextStim'>, alignHoriz='center', alignVert='center', antialias=True, autoLog=True, bold=False, color='black', colorSpace='named', contrast=1.0, depth=0, flipHoriz=False, flipVert=False, font='', fontFiles=[], height=32, italic=False, name='unnamed TextStim', opacity=1.0, ori=0.0, pos=array([-74.        ,  98.66666667]), rgb=array([0., 0., 0.]), text='EO', units='pix', win=Window(...), wrapWidth=500)
6.4831 	INFO 	using sysFont 
6.4835 	EXP 	Created unnamed TextStim = TextStim(__class__=<class 'psychopy.visual.text.TextStim'>, alignHoriz='center', alignVert='center', antialias=True, autoLog=True, bold=False, color='black', colorSpace='named', contrast=1.0, depth=0, flipHoriz=False, flipVert=False, font='', fontFiles=[], height=32, italic=False, name='unnamed TextStim', opacity=1.0, ori=0.0, pos=array([ 0.        , 98.66666667]), rgb=array([0., 0., 0.]), text='OU', units='pix', win=Window(...), wrapWidth=500)
6.4837 	INFO 	using sysFont 
6.4841 	EXP 	Created unnamed TextStim = TextStim(__class__=<class 'psychopy.visual.text.TextStim'>, alignHoriz='center', alignVert='center', antialias=True, autoLog=True, bold=False, color='black', colorSpace='named', contrast=1.0, depth=0, flipHoriz=False, flipVert=False, font='', fontFiles=[], height=32, italic=False, name='unnamed TextStim', opacity=1.0, ori=0.0, pos=array([74.        , 98.66666667]), rgb=array([0., 0., 0.]), text='XO', units='pix', win=Window(...), wrapWidth=500)
6.4864 	EXP 	unnamed TextStim: autoDraw = True
6.4864 	EXP 	unnamed TextStim: autoDraw = True
6.4864 	EXP 	unnamed TextStim: autoDraw = True
6.4864 	EXP 	unnamed TextStim: autoDraw = True
6.4864 	EXP 	unnamed TextStim: autoDraw = True
6.4864 	EXP 	unnamed TextStim: autoDraw = True
6.4864 	EXP 	unnamed TextStim: autoDraw = True
6.4864 	EXP 	unnamed TextStim: autoDraw = True
6.4864 	EXP 	unnamed TextStim: autoDraw = True
6.4864 	EXP 	unnamed TextStim: autoDraw = True
8.0236 	EXP 	unnamed TextStim: autoDraw = False
8.0236 	EXP 	unnamed TextStim: autoDraw = False
8.0236 	EXP 	unnamed TextStim: autoDraw = False
8.0236 	EXP 	unnamed TextStim: autoDraw = False
8.0236 	EXP 	unnamed TextStim: autoDraw = False
8.0236 	EXP 	unnamed TextStim: autoDraw = False
8.0236 	EXP 	unnamed TextStim: autoDraw = False
8.0236 	EXP 	unnamed TextStim: autoDraw = False
8.0236 	EXP 	unnamed TextStim: autoDraw = False
8.0236 	EXP 	unnamed TextStim: autoDraw = False
9.0261 	INFO 	using sysFont 
9.0266 	EXP 	Created unnamed TextStim = TextStim(__class__=<class 'psychopy.visual.text.TextStim'>, alignHoriz='center', alignVert='center', antialias=True, autoLog=True, bold=False, color='black', colorSpace='named', contrast=1.0, depth=0, flipHoriz=False, flipVert=False, font='', fontFiles=[], height=32, italic=False, name='unnamed TextStim', opacity=1.0, ori=0.0, pos=array([-74.,   0.]), rgb=array([0., 0., 0.]), text='OX', units='pix', win=Window(...), wrapWidth=500)
9.0268 	INFO 	using sysFont 
9.0272 	EXP 	Created unnamed TextStim = TextStim(__class__=<class 'psychopy.visual.text.TextStim'>, alignHoriz='center', alignVert='center', antialias=True, autoLog=True, bold=False, color='black', colorSpace='named', contrast=1.0, depth=0, flipHoriz=False, flipVert=False, font='', fontFiles=[], height=32, italic=False, name='unnamed TextStim', opacity=1.0, ori=0.0, pos=array([0., 0.]), rgb=array([0., 0., 0.]), text='ZX', units='pix', win=Window(...), wrapWidth=500)
9.0274 	INFO 	using sysFont 
9.0278 	EXP 	Created unnamed TextStim = TextStim(__class__=<class 'psychopy.visual.text.TextStim'>, alignHoriz='center', alignVert='center', antialias=True, autoLog=True, bold=False, color='black', colorSpace='named', contrast=1.0, depth=0, flipHoriz=False, flipVert=False, font='', fontFiles=[], height=32, italic=False, name='unnamed TextStim', opacity=1.0, ori=0.0, pos=array([74.,  0.]), rgb=array([0., 0., 0.]), text='OU', units='pix', win=Window(...), wrapWidth=500)
9.0280 	INFO 	using sysFont 
9.0284 	EXP 	Created unnamed TextStim = TextStim(__class__=<class 'psychopy.visual.text.TextStim'>, alignHoriz='center', alignVert='center', antialias=True, autoLog=True, bold=False, color='black', colorSpace='named', contrast=1.0, depth=0, flipHoriz=False, flipVert=False, font='', fontFiles=[], height=32, italic=False, name='unnamed TextStim', opacity=1.0, ori=0.0, pos=array([-74.        ,  49.33333333]), rgb=array([0., 0., 0.]), text='NX', units='pix', win=Window(...), wrapWidth=500)
9.0286 	INFO 	using sysFont 
9.0290 	EXP 	Created unnamed TextStim = TextStim(__class__=<class 'psychopy.visual.text.TextStim'>, alignHoriz='center', alignVert='center', antialias=True, autoLog=True, bold=False, color='black', colorSpace='named', contrast=1.0, depth=0, flipHoriz=False, flipVert=False, font='', fontFiles=[], height=32, italic=False, name='unnamed TextStim', opacity=1.0, ori=0.0, pos=array([ 0.        , 49.33333333]), rgb=array([0., 0., 0.]), text='JX', units='pix', win=Window(...), wrapWidth=500)
9.0292 	INFO 	using sysFont 
9.0296 	EXP 	Created unnamed TextStim = TextStim(__class__=<class 'psychopy.visual.text.TextStim'>, alignHoriz='center', alignVert='center', antialias=True, autoLog=True, bold=False, color='black', colorSpace='named', contrast=1.0, depth=0, flipHoriz=False, flipVert=False, font='', fontFiles=[], height=32, italic=False, name='unnamed TextStim', opacity=1.0, ori=0.0, pos=array([74.        , 49.33333333]), rgb=array([0., 0., 0.]), text='KU', units='pix', win=Window(...), wrapWidth=500)
9.0298 	INFO 	using sysFont 
9.0302 	EXP 	Created unnamed TextStim = TextStim(__class__=<class 'psychopy.visual.text.TextStim'>, alignHoriz='center', alignVert='center', antialias=True, autoLog=True, bold=False, color='black', colorSpace='named', contrast=1.0, depth=0, flipHoriz=False, flipVert=False, font='', fontFiles=[], height=32, italic=False, name='unnamed TextStim', opacity=1.0, ori=0.0, pos=array([-74.        ,  98.66666667]), rgb=array([0., 0., 0.]), text='CU', units='pix', win=Window(...), wrapWidth=500)
9.0304 	INFO 	using sysFont 
9.0308 	EXP 	Created unnamed TextStim = TextStim(__class__=<class 'psychopy.visual.text.TextStim'>, alignHoriz='center', alignVert='center', antialias=True, autoLog=True, bold=False, color='black', colorSpace='named', contrast=1.0, depth=0, flipHoriz=False, flipVert=False, font='', fontFiles=[], height=32, italic=False, name='unnamed TextStim', opacity=1.0, ori=0.0, pos=array([ 0.        , 98.66666667]), rgb=array([0., 0., 0.]), text='TJ', units='pix', win=Window(...), wrapWidth=500)
9.0310 	INFO 	using sysFont 
9.0314 	EXP 	Created unnamed TextStim = TextStim(__class__=<class 'psychopy.visual.text.TextStim'>, alignHoriz='center', alignVert='center', antialias=True, autoLog=True, bold=False, color='black', colorSpace='named', contrast=1.0, depth=0, flipHoriz=False, flipVert=False, font='', fontFiles=[], height=32, italic=False, name='unnamed TextStim', opacity=1.0, ori=0.0, pos=array([74.        , 98.66666667]), rgb=array([0., 0., 0.]), text='GM', units='pix', win=Window(...), wrapWidth=500)
9.0340 	EXP 	unnamed TextStim: autoDraw = True
9.0340 	EXP 	unnamed TextStim: autoDraw = True
9.0340 	EXP 	unnamed TextStim: autoDraw = True
9.0340 	EXP 	unnamed TextStim: autoDraw = True
9.0340 	EXP 	unnamed TextStim: autoDraw = True
9.0340 	EXP 	unnamed TextStim: autoDraw = True
9.0340 	EXP 	unnamed TextStim: autoDraw = True
9.0340 	EXP 	unnamed TextStim: autoDraw = True
9.0340 	EXP 	unnamed TextStim: autoDraw = True
9.0340 	EXP 	unnamed TextStim: autoDraw = True
9.9397 	EXP 	unnamed TextStim: autoDraw = False
9.9397 	EXP 	unnamed TextStim: autoDraw = False
9.9397 	EXP 	unnamed TextStim: autoDraw = False
9.9397 	EXP 	unnamed TextStim: autoDraw = False
9.9397 	EXP 	unnamed TextStim: autoDraw = False
9.9397 	EXP 	unnamed TextStim: autoDraw = False
9.9397 	EXP 	unnamed TextStim: autoDraw = False
9.9397 	EXP 	unnamed TextStim: autoDraw = False
9.9397 	EXP 	unnamed TextStim: autoDraw = False
9.9397 	EXP 	unnamed TextStim: autoDraw = False
10.9445 	INFO 	using sysFont Arial
10.9451 	EXP 	Created unnamed TextStim = TextStim(__class__=<class 'psychopy.visual.text.TextStim'>, alignHoriz='center', alignVert='center', antialias=True, autoLog=True, bold=False, color='black', colorSpace='named', contrast=1.0, depth=0, flipHoriz=False, flipVert=False, font='Arial', fontFiles=[], height=32, italic=False, name='unnamed TextStim', opacity=1.0, ori=0.0, pos=array([0., 0.]), rgb=array([0., 0., 0.]), text='Po treningu', units='pix', win=Window(...), wrapWidth=1920)
