3.4943 	INFO 	Screen res set as: 1920x1080
3.4955 	INFO 	Loaded monitor calibration from ['2018_09_18 09:28']
4.2282 	EXP 	Created window1 = Window(allowGUI=True, allowStencil=False, args=UNKNOWN, autoLog=True, bitsMode=UNKNOWN, blendMode='avg', color='Gainsboro', colorSpace='named', fullscr=UNKNOWN, gamma=None, kwargs=UNKNOWN, lms=UNKNOWN, monitor=<psychopy.monitors.calibTools.Monitor object at 0x7fecb40bcf28>, multiSample=False, name='window1', numSamples=2, pos=None, screen=0, size=array([1920, 1080]), stereo=False, units='pix', useFBO=False, useRetina=False, viewOri=0.0, viewPos=None, viewScale=None, waitBlanking=True, winType='pygame')
4.2283 	INFO 	Detected framerate: 30 frames per sec.
4.2283 	INFO 	Mouse: using default window
4.2648 	INFO 	using sysFont Arial
4.2689 	EXP 	Created unnamed TextStim = TextStim(__class__=<class 'psychopy.visual.text.TextStim'>, alignHoriz='center', alignVert='center', antialias=True, autoLog=True, bold=False, color='black', colorSpace='named', contrast=1.0, depth=0, flipHoriz=False, flipVert=False, font='Arial', fontFiles=[], height=32, italic=False, name='unnamed TextStim', opacity=1.0, ori=0.0, pos=array([   0., -300.]), rgb=array([0., 0., 0.]), text=str(...), units='pix', win=Window(...), wrapWidth=1920)
4.3380 	EXP 	Created unnamed ImageStim = ImageStim(__class__=<class 'psychopy.visual.image.ImageStim'>, autoLog=True, color=array([1., 1., 1.]), colorSpace='rgb', contrast=1.0, depth=0, flipHoriz=False, flipVert=False, image='images/clock.png', interpolate=True, mask=None, maskParams=None, name='unnamed ImageStim', opacity=1.0, ori=0.0, pos=array([600., 400.]), size=array([50., 50.]), texRes=128, units='pix', win=Window(...))
4.3419 	INFO 	using sysFont Arial
4.3430 	EXP 	Created unnamed TextStim = TextStim(__class__=<class 'psychopy.visual.text.TextStim'>, alignHoriz='center', alignVert='center', antialias=True, autoLog=True, bold=False, color='black', colorSpace='named', contrast=1.0, depth=0, flipHoriz=False, flipVert=False, font='Arial', fontFiles=[], height=32, italic=False, name='unnamed TextStim', opacity=1.0, ori=0.0, pos=array([0., 0.]), rgb=array([0., 0., 0.]), text='Wstęp', units='pix', win=Window(...), wrapWidth=1920)
5.3795 	INFO 	using sysFont 
5.3808 	EXP 	Created unnamed TextStim = TextStim(__class__=<class 'psychopy.visual.text.TextStim'>, alignHoriz='center', alignVert='center', antialias=True, autoLog=True, bold=False, color='black', colorSpace='named', contrast=1.0, depth=0, flipHoriz=False, flipVert=False, font='', fontFiles=[], height=32, italic=False, name='unnamed TextStim', opacity=1.0, ori=0.0, pos=array([-74.,   0.]), rgb=array([0., 0., 0.]), text='HY', units='pix', win=Window(...), wrapWidth=500)
5.3817 	INFO 	using sysFont 
5.3827 	EXP 	Created unnamed TextStim = TextStim(__class__=<class 'psychopy.visual.text.TextStim'>, alignHoriz='center', alignVert='center', antialias=True, autoLog=True, bold=False, color='black', colorSpace='named', contrast=1.0, depth=0, flipHoriz=False, flipVert=False, font='', fontFiles=[], height=32, italic=False, name='unnamed TextStim', opacity=1.0, ori=0.0, pos=array([0., 0.]), rgb=array([0., 0., 0.]), text='NT', units='pix', win=Window(...), wrapWidth=500)
5.3832 	INFO 	using sysFont 
5.3846 	EXP 	Created unnamed TextStim = TextStim(__class__=<class 'psychopy.visual.text.TextStim'>, alignHoriz='center', alignVert='center', antialias=True, autoLog=True, bold=False, color='black', colorSpace='named', contrast=1.0, depth=0, flipHoriz=False, flipVert=False, font='', fontFiles=[], height=32, italic=False, name='unnamed TextStim', opacity=1.0, ori=0.0, pos=array([74.,  0.]), rgb=array([0., 0., 0.]), text='OY', units='pix', win=Window(...), wrapWidth=500)
5.3856 	INFO 	using sysFont 
5.3870 	EXP 	Created unnamed TextStim = TextStim(__class__=<class 'psychopy.visual.text.TextStim'>, alignHoriz='center', alignVert='center', antialias=True, autoLog=True, bold=False, color='black', colorSpace='named', contrast=1.0, depth=0, flipHoriz=False, flipVert=False, font='', fontFiles=[], height=32, italic=False, name='unnamed TextStim', opacity=1.0, ori=0.0, pos=array([-74.,  74.]), rgb=array([0., 0., 0.]), text='FD', units='pix', win=Window(...), wrapWidth=500)
5.3879 	INFO 	using sysFont 
5.3888 	EXP 	Created unnamed TextStim = TextStim(__class__=<class 'psychopy.visual.text.TextStim'>, alignHoriz='center', alignVert='center', antialias=True, autoLog=True, bold=False, color='black', colorSpace='named', contrast=1.0, depth=0, flipHoriz=False, flipVert=False, font='', fontFiles=[], height=32, italic=False, name='unnamed TextStim', opacity=1.0, ori=0.0, pos=array([ 0., 74.]), rgb=array([0., 0., 0.]), text='IK', units='pix', win=Window(...), wrapWidth=500)
5.3894 	INFO 	using sysFont 
5.3903 	EXP 	Created unnamed TextStim = TextStim(__class__=<class 'psychopy.visual.text.TextStim'>, alignHoriz='center', alignVert='center', antialias=True, autoLog=True, bold=False, color='black', colorSpace='named', contrast=1.0, depth=0, flipHoriz=False, flipVert=False, font='', fontFiles=[], height=32, italic=False, name='unnamed TextStim', opacity=1.0, ori=0.0, pos=array([74., 74.]), rgb=array([0., 0., 0.]), text='WA', units='pix', win=Window(...), wrapWidth=500)
5.3910 	INFO 	using sysFont 
5.3922 	EXP 	Created unnamed TextStim = TextStim(__class__=<class 'psychopy.visual.text.TextStim'>, alignHoriz='center', alignVert='center', antialias=True, autoLog=True, bold=False, color='black', colorSpace='named', contrast=1.0, depth=0, flipHoriz=False, flipVert=False, font='', fontFiles=[], height=32, italic=False, name='unnamed TextStim', opacity=1.0, ori=0.0, pos=array([-74., 148.]), rgb=array([0., 0., 0.]), text='PY', units='pix', win=Window(...), wrapWidth=500)
5.3930 	INFO 	using sysFont 
5.3941 	EXP 	Created unnamed TextStim = TextStim(__class__=<class 'psychopy.visual.text.TextStim'>, alignHoriz='center', alignVert='center', antialias=True, autoLog=True, bold=False, color='black', colorSpace='named', contrast=1.0, depth=0, flipHoriz=False, flipVert=False, font='', fontFiles=[], height=32, italic=False, name='unnamed TextStim', opacity=1.0, ori=0.0, pos=array([  0., 148.]), rgb=array([0., 0., 0.]), text='DK', units='pix', win=Window(...), wrapWidth=500)
5.3949 	INFO 	using sysFont 
5.3961 	EXP 	Created unnamed TextStim = TextStim(__class__=<class 'psychopy.visual.text.TextStim'>, alignHoriz='center', alignVert='center', antialias=True, autoLog=True, bold=False, color='black', colorSpace='named', contrast=1.0, depth=0, flipHoriz=False, flipVert=False, font='', fontFiles=[], height=32, italic=False, name='unnamed TextStim', opacity=1.0, ori=0.0, pos=array([ 74., 148.]), rgb=array([0., 0., 0.]), text='LY', units='pix', win=Window(...), wrapWidth=500)
5.4011 	EXP 	unnamed TextStim: autoDraw = True
5.4011 	EXP 	unnamed TextStim: autoDraw = True
5.4011 	EXP 	unnamed TextStim: autoDraw = True
5.4011 	EXP 	unnamed TextStim: autoDraw = True
5.4011 	EXP 	unnamed TextStim: autoDraw = True
5.4011 	EXP 	unnamed TextStim: autoDraw = True
5.4011 	EXP 	unnamed TextStim: autoDraw = True
5.4011 	EXP 	unnamed TextStim: autoDraw = True
5.4011 	EXP 	unnamed TextStim: autoDraw = True
5.4011 	EXP 	unnamed TextStim: autoDraw = True
9.4262 	EXP 	unnamed TextStim: autoDraw = False
9.4262 	EXP 	unnamed TextStim: autoDraw = False
9.4262 	EXP 	unnamed TextStim: autoDraw = False
9.4262 	EXP 	unnamed TextStim: autoDraw = False
9.4262 	EXP 	unnamed TextStim: autoDraw = False
9.4262 	EXP 	unnamed TextStim: autoDraw = False
9.4262 	EXP 	unnamed TextStim: autoDraw = False
9.4262 	EXP 	unnamed TextStim: autoDraw = False
9.4262 	EXP 	unnamed TextStim: autoDraw = False
9.4262 	EXP 	unnamed TextStim: autoDraw = False
10.4364 	INFO 	using sysFont 
10.4374 	EXP 	Created unnamed TextStim = TextStim(__class__=<class 'psychopy.visual.text.TextStim'>, alignHoriz='center', alignVert='center', antialias=True, autoLog=True, bold=False, color='black', colorSpace='named', contrast=1.0, depth=0, flipHoriz=False, flipVert=False, font='', fontFiles=[], height=32, italic=False, name='unnamed TextStim', opacity=1.0, ori=0.0, pos=array([-74.,   0.]), rgb=array([0., 0., 0.]), text='NG', units='pix', win=Window(...), wrapWidth=500)
10.4379 	INFO 	using sysFont 
10.4387 	EXP 	Created unnamed TextStim = TextStim(__class__=<class 'psychopy.visual.text.TextStim'>, alignHoriz='center', alignVert='center', antialias=True, autoLog=True, bold=False, color='black', colorSpace='named', contrast=1.0, depth=0, flipHoriz=False, flipVert=False, font='', fontFiles=[], height=32, italic=False, name='unnamed TextStim', opacity=1.0, ori=0.0, pos=array([0., 0.]), rgb=array([0., 0., 0.]), text='JO', units='pix', win=Window(...), wrapWidth=500)
10.4392 	INFO 	using sysFont 
10.4401 	EXP 	Created unnamed TextStim = TextStim(__class__=<class 'psychopy.visual.text.TextStim'>, alignHoriz='center', alignVert='center', antialias=True, autoLog=True, bold=False, color='black', colorSpace='named', contrast=1.0, depth=0, flipHoriz=False, flipVert=False, font='', fontFiles=[], height=32, italic=False, name='unnamed TextStim', opacity=1.0, ori=0.0, pos=array([74.,  0.]), rgb=array([0., 0., 0.]), text='JO', units='pix', win=Window(...), wrapWidth=500)
10.4407 	INFO 	using sysFont 
10.4415 	EXP 	Created unnamed TextStim = TextStim(__class__=<class 'psychopy.visual.text.TextStim'>, alignHoriz='center', alignVert='center', antialias=True, autoLog=True, bold=False, color='black', colorSpace='named', contrast=1.0, depth=0, flipHoriz=False, flipVert=False, font='', fontFiles=[], height=32, italic=False, name='unnamed TextStim', opacity=1.0, ori=0.0, pos=array([-74.,  74.]), rgb=array([0., 0., 0.]), text='MU', units='pix', win=Window(...), wrapWidth=500)
10.4420 	INFO 	using sysFont 
10.4429 	EXP 	Created unnamed TextStim = TextStim(__class__=<class 'psychopy.visual.text.TextStim'>, alignHoriz='center', alignVert='center', antialias=True, autoLog=True, bold=False, color='black', colorSpace='named', contrast=1.0, depth=0, flipHoriz=False, flipVert=False, font='', fontFiles=[], height=32, italic=False, name='unnamed TextStim', opacity=1.0, ori=0.0, pos=array([ 0., 74.]), rgb=array([0., 0., 0.]), text='CU', units='pix', win=Window(...), wrapWidth=500)
10.4434 	INFO 	using sysFont 
10.4443 	EXP 	Created unnamed TextStim = TextStim(__class__=<class 'psychopy.visual.text.TextStim'>, alignHoriz='center', alignVert='center', antialias=True, autoLog=True, bold=False, color='black', colorSpace='named', contrast=1.0, depth=0, flipHoriz=False, flipVert=False, font='', fontFiles=[], height=32, italic=False, name='unnamed TextStim', opacity=1.0, ori=0.0, pos=array([74., 74.]), rgb=array([0., 0., 0.]), text='NO', units='pix', win=Window(...), wrapWidth=500)
10.4449 	INFO 	using sysFont 
10.4457 	EXP 	Created unnamed TextStim = TextStim(__class__=<class 'psychopy.visual.text.TextStim'>, alignHoriz='center', alignVert='center', antialias=True, autoLog=True, bold=False, color='black', colorSpace='named', contrast=1.0, depth=0, flipHoriz=False, flipVert=False, font='', fontFiles=[], height=32, italic=False, name='unnamed TextStim', opacity=1.0, ori=0.0, pos=array([-74., 148.]), rgb=array([0., 0., 0.]), text='SU', units='pix', win=Window(...), wrapWidth=500)
10.4463 	INFO 	using sysFont 
10.4471 	EXP 	Created unnamed TextStim = TextStim(__class__=<class 'psychopy.visual.text.TextStim'>, alignHoriz='center', alignVert='center', antialias=True, autoLog=True, bold=False, color='black', colorSpace='named', contrast=1.0, depth=0, flipHoriz=False, flipVert=False, font='', fontFiles=[], height=32, italic=False, name='unnamed TextStim', opacity=1.0, ori=0.0, pos=array([  0., 148.]), rgb=array([0., 0., 0.]), text='IU', units='pix', win=Window(...), wrapWidth=500)
10.4476 	INFO 	using sysFont 
10.4486 	EXP 	Created unnamed TextStim = TextStim(__class__=<class 'psychopy.visual.text.TextStim'>, alignHoriz='center', alignVert='center', antialias=True, autoLog=True, bold=False, color='black', colorSpace='named', contrast=1.0, depth=0, flipHoriz=False, flipVert=False, font='', fontFiles=[], height=32, italic=False, name='unnamed TextStim', opacity=1.0, ori=0.0, pos=array([ 74., 148.]), rgb=array([0., 0., 0.]), text='JS', units='pix', win=Window(...), wrapWidth=500)
10.4525 	EXP 	unnamed TextStim: autoDraw = True
10.4525 	EXP 	unnamed TextStim: autoDraw = True
10.4525 	EXP 	unnamed TextStim: autoDraw = True
10.4525 	EXP 	unnamed TextStim: autoDraw = True
10.4525 	EXP 	unnamed TextStim: autoDraw = True
10.4525 	EXP 	unnamed TextStim: autoDraw = True
10.4525 	EXP 	unnamed TextStim: autoDraw = True
10.4525 	EXP 	unnamed TextStim: autoDraw = True
10.4525 	EXP 	unnamed TextStim: autoDraw = True
10.4525 	EXP 	unnamed TextStim: autoDraw = True
13.9417 	EXP 	unnamed TextStim: autoDraw = False
13.9417 	EXP 	unnamed TextStim: autoDraw = False
13.9417 	EXP 	unnamed TextStim: autoDraw = False
13.9417 	EXP 	unnamed TextStim: autoDraw = False
13.9417 	EXP 	unnamed TextStim: autoDraw = False
13.9417 	EXP 	unnamed TextStim: autoDraw = False
13.9417 	EXP 	unnamed TextStim: autoDraw = False
13.9417 	EXP 	unnamed TextStim: autoDraw = False
13.9417 	EXP 	unnamed TextStim: autoDraw = False
13.9417 	EXP 	unnamed TextStim: autoDraw = False
14.9469 	INFO 	using sysFont Arial
14.9482 	EXP 	Created unnamed TextStim = TextStim(__class__=<class 'psychopy.visual.text.TextStim'>, alignHoriz='center', alignVert='center', antialias=True, autoLog=True, bold=False, color='black', colorSpace='named', contrast=1.0, depth=0, flipHoriz=False, flipVert=False, font='Arial', fontFiles=[], height=32, italic=False, name='unnamed TextStim', opacity=1.0, ori=0.0, pos=array([0., 0.]), rgb=array([0., 0., 0.]), text='Po treningu', units='pix', win=Window(...), wrapWidth=1920)
14.9534 	CRITICAL 	Experiment finished by user! f7 pressed.
