2.6645 	INFO 	Screen res set as: 1920x1080
2.6655 	INFO 	Loaded monitor calibration from ['2018_09_18 09:28']
3.1669 	EXP 	Created window1 = Window(allowGUI=True, allowStencil=False, args=UNKNOWN, autoLog=True, bitsMode=UNKNOWN, blendMode='avg', color='Gainsboro', colorSpace='named', fullscr=UNKNOWN, gamma=None, kwargs=UNKNOWN, lms=UNKNOWN, monitor=<psychopy.monitors.calibTools.Monitor object at 0x7f83401dff28>, multiSample=False, name='window1', numSamples=2, pos=None, screen=0, size=array([1920, 1080]), stereo=False, units='pix', useFBO=False, useRetina=False, viewOri=0.0, viewPos=None, viewScale=None, waitBlanking=True, winType='pygame')
3.1670 	INFO 	Detected framerate: 30 frames per sec.
3.1670 	INFO 	Mouse: using default window
3.2053 	INFO 	using sysFont Arial
3.2106 	EXP 	Created unnamed TextStim = TextStim(__class__=<class 'psychopy.visual.text.TextStim'>, alignHoriz='center', alignVert='center', antialias=True, autoLog=True, bold=False, color='black', colorSpace='named', contrast=1.0, depth=0, flipHoriz=False, flipVert=False, font='Arial', fontFiles=[], height=32, italic=False, name='unnamed TextStim', opacity=1.0, ori=0.0, pos=array([   0., -300.]), rgb=array([0., 0., 0.]), text=str(...), units='pix', win=Window(...), wrapWidth=1920)
3.2117 	INFO 	using sysFont Arial
3.2129 	EXP 	Created unnamed TextStim = TextStim(__class__=<class 'psychopy.visual.text.TextStim'>, alignHoriz='center', alignVert='center', antialias=True, autoLog=True, bold=False, color='black', colorSpace='named', contrast=1.0, depth=0, flipHoriz=False, flipVert=False, font='Arial', fontFiles=[], height=32, italic=False, name='unnamed TextStim', opacity=1.0, ori=0.0, pos=array([0., 0.]), rgb=array([0., 0., 0.]), text='Wstęp', units='pix', win=Window(...), wrapWidth=1920)
4.1043 	INFO 	using sysFont 
4.1051 	EXP 	Created unnamed TextStim = TextStim(__class__=<class 'psychopy.visual.text.TextStim'>, alignHoriz='center', alignVert='center', antialias=True, autoLog=True, bold=False, color='black', colorSpace='named', contrast=1.0, depth=0, flipHoriz=False, flipVert=False, font='', fontFiles=[], height=32, italic=False, name='unnamed TextStim', opacity=1.0, ori=0.0, pos=array([-74.,   0.]), rgb=array([0., 0., 0.]), text='NV', units='pix', win=Window(...), wrapWidth=500)
4.1057 	INFO 	using sysFont 
4.1064 	EXP 	Created unnamed TextStim = TextStim(__class__=<class 'psychopy.visual.text.TextStim'>, alignHoriz='center', alignVert='center', antialias=True, autoLog=True, bold=False, color='black', colorSpace='named', contrast=1.0, depth=0, flipHoriz=False, flipVert=False, font='', fontFiles=[], height=32, italic=False, name='unnamed TextStim', opacity=1.0, ori=0.0, pos=array([0., 0.]), rgb=array([0., 0., 0.]), text='NL', units='pix', win=Window(...), wrapWidth=500)
4.1068 	INFO 	using sysFont 
4.1076 	EXP 	Created unnamed TextStim = TextStim(__class__=<class 'psychopy.visual.text.TextStim'>, alignHoriz='center', alignVert='center', antialias=True, autoLog=True, bold=False, color='black', colorSpace='named', contrast=1.0, depth=0, flipHoriz=False, flipVert=False, font='', fontFiles=[], height=32, italic=False, name='unnamed TextStim', opacity=1.0, ori=0.0, pos=array([74.,  0.]), rgb=array([0., 0., 0.]), text='XL', units='pix', win=Window(...), wrapWidth=500)
4.1081 	INFO 	using sysFont 
4.1089 	EXP 	Created unnamed TextStim = TextStim(__class__=<class 'psychopy.visual.text.TextStim'>, alignHoriz='center', alignVert='center', antialias=True, autoLog=True, bold=False, color='black', colorSpace='named', contrast=1.0, depth=0, flipHoriz=False, flipVert=False, font='', fontFiles=[], height=32, italic=False, name='unnamed TextStim', opacity=1.0, ori=0.0, pos=array([-74.        ,  49.33333333]), rgb=array([0., 0., 0.]), text='GV', units='pix', win=Window(...), wrapWidth=500)
4.1095 	INFO 	using sysFont 
4.1103 	EXP 	Created unnamed TextStim = TextStim(__class__=<class 'psychopy.visual.text.TextStim'>, alignHoriz='center', alignVert='center', antialias=True, autoLog=True, bold=False, color='black', colorSpace='named', contrast=1.0, depth=0, flipHoriz=False, flipVert=False, font='', fontFiles=[], height=32, italic=False, name='unnamed TextStim', opacity=1.0, ori=0.0, pos=array([ 0.        , 49.33333333]), rgb=array([0., 0., 0.]), text='RZ', units='pix', win=Window(...), wrapWidth=500)
4.1108 	INFO 	using sysFont 
4.1116 	EXP 	Created unnamed TextStim = TextStim(__class__=<class 'psychopy.visual.text.TextStim'>, alignHoriz='center', alignVert='center', antialias=True, autoLog=True, bold=False, color='black', colorSpace='named', contrast=1.0, depth=0, flipHoriz=False, flipVert=False, font='', fontFiles=[], height=32, italic=False, name='unnamed TextStim', opacity=1.0, ori=0.0, pos=array([74.        , 49.33333333]), rgb=array([0., 0., 0.]), text='IZ', units='pix', win=Window(...), wrapWidth=500)
4.1121 	INFO 	using sysFont 
4.1129 	EXP 	Created unnamed TextStim = TextStim(__class__=<class 'psychopy.visual.text.TextStim'>, alignHoriz='center', alignVert='center', antialias=True, autoLog=True, bold=False, color='black', colorSpace='named', contrast=1.0, depth=0, flipHoriz=False, flipVert=False, font='', fontFiles=[], height=32, italic=False, name='unnamed TextStim', opacity=1.0, ori=0.0, pos=array([-74.        ,  98.66666667]), rgb=array([0., 0., 0.]), text='BE', units='pix', win=Window(...), wrapWidth=500)
4.1134 	INFO 	using sysFont 
4.1144 	EXP 	Created unnamed TextStim = TextStim(__class__=<class 'psychopy.visual.text.TextStim'>, alignHoriz='center', alignVert='center', antialias=True, autoLog=True, bold=False, color='black', colorSpace='named', contrast=1.0, depth=0, flipHoriz=False, flipVert=False, font='', fontFiles=[], height=32, italic=False, name='unnamed TextStim', opacity=1.0, ori=0.0, pos=array([ 0.        , 98.66666667]), rgb=array([0., 0., 0.]), text='BZ', units='pix', win=Window(...), wrapWidth=500)
4.1149 	INFO 	using sysFont 
4.1168 	EXP 	Created unnamed TextStim = TextStim(__class__=<class 'psychopy.visual.text.TextStim'>, alignHoriz='center', alignVert='center', antialias=True, autoLog=True, bold=False, color='black', colorSpace='named', contrast=1.0, depth=0, flipHoriz=False, flipVert=False, font='', fontFiles=[], height=32, italic=False, name='unnamed TextStim', opacity=1.0, ori=0.0, pos=array([74.        , 98.66666667]), rgb=array([0., 0., 0.]), text='OZ', units='pix', win=Window(...), wrapWidth=500)
4.1203 	EXP 	unnamed TextStim: autoDraw = True
4.1203 	EXP 	unnamed TextStim: autoDraw = True
4.1203 	EXP 	unnamed TextStim: autoDraw = True
4.1203 	EXP 	unnamed TextStim: autoDraw = True
4.1203 	EXP 	unnamed TextStim: autoDraw = True
4.1203 	EXP 	unnamed TextStim: autoDraw = True
4.1203 	EXP 	unnamed TextStim: autoDraw = True
4.1203 	EXP 	unnamed TextStim: autoDraw = True
4.1203 	EXP 	unnamed TextStim: autoDraw = True
4.1203 	EXP 	unnamed TextStim: autoDraw = True
5.7997 	EXP 	unnamed TextStim: autoDraw = False
5.7997 	EXP 	unnamed TextStim: autoDraw = False
5.7997 	EXP 	unnamed TextStim: autoDraw = False
5.7997 	EXP 	unnamed TextStim: autoDraw = False
5.7997 	EXP 	unnamed TextStim: autoDraw = False
5.7997 	EXP 	unnamed TextStim: autoDraw = False
5.7997 	EXP 	unnamed TextStim: autoDraw = False
5.7997 	EXP 	unnamed TextStim: autoDraw = False
5.7997 	EXP 	unnamed TextStim: autoDraw = False
5.7997 	EXP 	unnamed TextStim: autoDraw = False
6.8154 	INFO 	using sysFont 
6.8163 	EXP 	Created unnamed TextStim = TextStim(__class__=<class 'psychopy.visual.text.TextStim'>, alignHoriz='center', alignVert='center', antialias=True, autoLog=True, bold=False, color='black', colorSpace='named', contrast=1.0, depth=0, flipHoriz=False, flipVert=False, font='', fontFiles=[], height=32, italic=False, name='unnamed TextStim', opacity=1.0, ori=0.0, pos=array([-74.,   0.]), rgb=array([0., 0., 0.]), text='XE', units='pix', win=Window(...), wrapWidth=500)
6.8168 	INFO 	using sysFont 
6.8175 	EXP 	Created unnamed TextStim = TextStim(__class__=<class 'psychopy.visual.text.TextStim'>, alignHoriz='center', alignVert='center', antialias=True, autoLog=True, bold=False, color='black', colorSpace='named', contrast=1.0, depth=0, flipHoriz=False, flipVert=False, font='', fontFiles=[], height=32, italic=False, name='unnamed TextStim', opacity=1.0, ori=0.0, pos=array([0., 0.]), rgb=array([0., 0., 0.]), text='CE', units='pix', win=Window(...), wrapWidth=500)
6.8180 	INFO 	using sysFont 
6.8188 	EXP 	Created unnamed TextStim = TextStim(__class__=<class 'psychopy.visual.text.TextStim'>, alignHoriz='center', alignVert='center', antialias=True, autoLog=True, bold=False, color='black', colorSpace='named', contrast=1.0, depth=0, flipHoriz=False, flipVert=False, font='', fontFiles=[], height=32, italic=False, name='unnamed TextStim', opacity=1.0, ori=0.0, pos=array([74.,  0.]), rgb=array([0., 0., 0.]), text='VS', units='pix', win=Window(...), wrapWidth=500)
6.8193 	INFO 	using sysFont 
6.8201 	EXP 	Created unnamed TextStim = TextStim(__class__=<class 'psychopy.visual.text.TextStim'>, alignHoriz='center', alignVert='center', antialias=True, autoLog=True, bold=False, color='black', colorSpace='named', contrast=1.0, depth=0, flipHoriz=False, flipVert=False, font='', fontFiles=[], height=32, italic=False, name='unnamed TextStim', opacity=1.0, ori=0.0, pos=array([-74.        ,  49.33333333]), rgb=array([0., 0., 0.]), text='FE', units='pix', win=Window(...), wrapWidth=500)
6.8206 	INFO 	using sysFont 
6.8213 	EXP 	Created unnamed TextStim = TextStim(__class__=<class 'psychopy.visual.text.TextStim'>, alignHoriz='center', alignVert='center', antialias=True, autoLog=True, bold=False, color='black', colorSpace='named', contrast=1.0, depth=0, flipHoriz=False, flipVert=False, font='', fontFiles=[], height=32, italic=False, name='unnamed TextStim', opacity=1.0, ori=0.0, pos=array([ 0.        , 49.33333333]), rgb=array([0., 0., 0.]), text='DE', units='pix', win=Window(...), wrapWidth=500)
6.8219 	INFO 	using sysFont 
6.8227 	EXP 	Created unnamed TextStim = TextStim(__class__=<class 'psychopy.visual.text.TextStim'>, alignHoriz='center', alignVert='center', antialias=True, autoLog=True, bold=False, color='black', colorSpace='named', contrast=1.0, depth=0, flipHoriz=False, flipVert=False, font='', fontFiles=[], height=32, italic=False, name='unnamed TextStim', opacity=1.0, ori=0.0, pos=array([74.        , 49.33333333]), rgb=array([0., 0., 0.]), text='CZ', units='pix', win=Window(...), wrapWidth=500)
6.8232 	INFO 	using sysFont 
6.8239 	EXP 	Created unnamed TextStim = TextStim(__class__=<class 'psychopy.visual.text.TextStim'>, alignHoriz='center', alignVert='center', antialias=True, autoLog=True, bold=False, color='black', colorSpace='named', contrast=1.0, depth=0, flipHoriz=False, flipVert=False, font='', fontFiles=[], height=32, italic=False, name='unnamed TextStim', opacity=1.0, ori=0.0, pos=array([-74.        ,  98.66666667]), rgb=array([0., 0., 0.]), text='KE', units='pix', win=Window(...), wrapWidth=500)
6.8244 	INFO 	using sysFont 
6.8252 	EXP 	Created unnamed TextStim = TextStim(__class__=<class 'psychopy.visual.text.TextStim'>, alignHoriz='center', alignVert='center', antialias=True, autoLog=True, bold=False, color='black', colorSpace='named', contrast=1.0, depth=0, flipHoriz=False, flipVert=False, font='', fontFiles=[], height=32, italic=False, name='unnamed TextStim', opacity=1.0, ori=0.0, pos=array([ 0.        , 98.66666667]), rgb=array([0., 0., 0.]), text='FE', units='pix', win=Window(...), wrapWidth=500)
6.8257 	INFO 	using sysFont 
6.8265 	EXP 	Created unnamed TextStim = TextStim(__class__=<class 'psychopy.visual.text.TextStim'>, alignHoriz='center', alignVert='center', antialias=True, autoLog=True, bold=False, color='black', colorSpace='named', contrast=1.0, depth=0, flipHoriz=False, flipVert=False, font='', fontFiles=[], height=32, italic=False, name='unnamed TextStim', opacity=1.0, ori=0.0, pos=array([74.        , 98.66666667]), rgb=array([0., 0., 0.]), text='ML', units='pix', win=Window(...), wrapWidth=500)
6.8307 	EXP 	unnamed TextStim: autoDraw = True
6.8307 	EXP 	unnamed TextStim: autoDraw = True
6.8307 	EXP 	unnamed TextStim: autoDraw = True
6.8307 	EXP 	unnamed TextStim: autoDraw = True
6.8307 	EXP 	unnamed TextStim: autoDraw = True
6.8307 	EXP 	unnamed TextStim: autoDraw = True
6.8307 	EXP 	unnamed TextStim: autoDraw = True
6.8307 	EXP 	unnamed TextStim: autoDraw = True
6.8307 	EXP 	unnamed TextStim: autoDraw = True
6.8307 	EXP 	unnamed TextStim: autoDraw = True
7.3329 	EXP 	unnamed TextStim: autoDraw = False
7.3329 	EXP 	unnamed TextStim: autoDraw = False
7.3329 	EXP 	unnamed TextStim: autoDraw = False
7.3329 	EXP 	unnamed TextStim: autoDraw = False
7.3329 	EXP 	unnamed TextStim: autoDraw = False
7.3329 	EXP 	unnamed TextStim: autoDraw = False
7.3329 	EXP 	unnamed TextStim: autoDraw = False
7.3329 	EXP 	unnamed TextStim: autoDraw = False
7.3329 	EXP 	unnamed TextStim: autoDraw = False
7.3329 	EXP 	unnamed TextStim: autoDraw = False
8.3346 	INFO 	using sysFont Arial
8.3358 	EXP 	Created unnamed TextStim = TextStim(__class__=<class 'psychopy.visual.text.TextStim'>, alignHoriz='center', alignVert='center', antialias=True, autoLog=True, bold=False, color='black', colorSpace='named', contrast=1.0, depth=0, flipHoriz=False, flipVert=False, font='Arial', fontFiles=[], height=32, italic=False, name='unnamed TextStim', opacity=1.0, ori=0.0, pos=array([0., 0.]), rgb=array([0., 0., 0.]), text='Po treningu', units='pix', win=Window(...), wrapWidth=1920)
8.3564 	INFO 	using sysFont 
8.3573 	EXP 	Created unnamed TextStim = TextStim(__class__=<class 'psychopy.visual.text.TextStim'>, alignHoriz='center', alignVert='center', antialias=True, autoLog=True, bold=False, color='black', colorSpace='named', contrast=1.0, depth=0, flipHoriz=False, flipVert=False, font='', fontFiles=[], height=32, italic=False, name='unnamed TextStim', opacity=1.0, ori=0.0, pos=array([-74.,   0.]), rgb=array([0., 0., 0.]), text='JO', units='pix', win=Window(...), wrapWidth=500)
8.3579 	INFO 	using sysFont 
8.3587 	EXP 	Created unnamed TextStim = TextStim(__class__=<class 'psychopy.visual.text.TextStim'>, alignHoriz='center', alignVert='center', antialias=True, autoLog=True, bold=False, color='black', colorSpace='named', contrast=1.0, depth=0, flipHoriz=False, flipVert=False, font='', fontFiles=[], height=32, italic=False, name='unnamed TextStim', opacity=1.0, ori=0.0, pos=array([0., 0.]), rgb=array([0., 0., 0.]), text='AO', units='pix', win=Window(...), wrapWidth=500)
8.3591 	INFO 	using sysFont 
8.3599 	EXP 	Created unnamed TextStim = TextStim(__class__=<class 'psychopy.visual.text.TextStim'>, alignHoriz='center', alignVert='center', antialias=True, autoLog=True, bold=False, color='black', colorSpace='named', contrast=1.0, depth=0, flipHoriz=False, flipVert=False, font='', fontFiles=[], height=32, italic=False, name='unnamed TextStim', opacity=1.0, ori=0.0, pos=array([74.,  0.]), rgb=array([0., 0., 0.]), text='TO', units='pix', win=Window(...), wrapWidth=500)
8.3604 	INFO 	using sysFont 
8.3612 	EXP 	Created unnamed TextStim = TextStim(__class__=<class 'psychopy.visual.text.TextStim'>, alignHoriz='center', alignVert='center', antialias=True, autoLog=True, bold=False, color='black', colorSpace='named', contrast=1.0, depth=0, flipHoriz=False, flipVert=False, font='', fontFiles=[], height=32, italic=False, name='unnamed TextStim', opacity=1.0, ori=0.0, pos=array([-74.        ,  49.33333333]), rgb=array([0., 0., 0.]), text='VZ', units='pix', win=Window(...), wrapWidth=500)
8.3617 	INFO 	using sysFont 
8.3625 	EXP 	Created unnamed TextStim = TextStim(__class__=<class 'psychopy.visual.text.TextStim'>, alignHoriz='center', alignVert='center', antialias=True, autoLog=True, bold=False, color='black', colorSpace='named', contrast=1.0, depth=0, flipHoriz=False, flipVert=False, font='', fontFiles=[], height=32, italic=False, name='unnamed TextStim', opacity=1.0, ori=0.0, pos=array([ 0.        , 49.33333333]), rgb=array([0., 0., 0.]), text='IO', units='pix', win=Window(...), wrapWidth=500)
8.3630 	INFO 	using sysFont 
8.3650 	EXP 	Created unnamed TextStim = TextStim(__class__=<class 'psychopy.visual.text.TextStim'>, alignHoriz='center', alignVert='center', antialias=True, autoLog=True, bold=False, color='black', colorSpace='named', contrast=1.0, depth=0, flipHoriz=False, flipVert=False, font='', fontFiles=[], height=32, italic=False, name='unnamed TextStim', opacity=1.0, ori=0.0, pos=array([74.        , 49.33333333]), rgb=array([0., 0., 0.]), text='EZ', units='pix', win=Window(...), wrapWidth=500)
8.3660 	INFO 	using sysFont 
8.3669 	EXP 	Created unnamed TextStim = TextStim(__class__=<class 'psychopy.visual.text.TextStim'>, alignHoriz='center', alignVert='center', antialias=True, autoLog=True, bold=False, color='black', colorSpace='named', contrast=1.0, depth=0, flipHoriz=False, flipVert=False, font='', fontFiles=[], height=32, italic=False, name='unnamed TextStim', opacity=1.0, ori=0.0, pos=array([-74.        ,  98.66666667]), rgb=array([0., 0., 0.]), text='LZ', units='pix', win=Window(...), wrapWidth=500)
8.3674 	INFO 	using sysFont 
8.3682 	EXP 	Created unnamed TextStim = TextStim(__class__=<class 'psychopy.visual.text.TextStim'>, alignHoriz='center', alignVert='center', antialias=True, autoLog=True, bold=False, color='black', colorSpace='named', contrast=1.0, depth=0, flipHoriz=False, flipVert=False, font='', fontFiles=[], height=32, italic=False, name='unnamed TextStim', opacity=1.0, ori=0.0, pos=array([ 0.        , 98.66666667]), rgb=array([0., 0., 0.]), text='TZ', units='pix', win=Window(...), wrapWidth=500)
8.3687 	INFO 	using sysFont 
8.3695 	EXP 	Created unnamed TextStim = TextStim(__class__=<class 'psychopy.visual.text.TextStim'>, alignHoriz='center', alignVert='center', antialias=True, autoLog=True, bold=False, color='black', colorSpace='named', contrast=1.0, depth=0, flipHoriz=False, flipVert=False, font='', fontFiles=[], height=32, italic=False, name='unnamed TextStim', opacity=1.0, ori=0.0, pos=array([74.        , 98.66666667]), rgb=array([0., 0., 0.]), text='QZ', units='pix', win=Window(...), wrapWidth=500)
8.3731 	EXP 	unnamed TextStim: autoDraw = True
8.3731 	EXP 	unnamed TextStim: autoDraw = True
8.3731 	EXP 	unnamed TextStim: autoDraw = True
8.3731 	EXP 	unnamed TextStim: autoDraw = True
8.3731 	EXP 	unnamed TextStim: autoDraw = True
8.3731 	EXP 	unnamed TextStim: autoDraw = True
8.3731 	EXP 	unnamed TextStim: autoDraw = True
8.3731 	EXP 	unnamed TextStim: autoDraw = True
8.3731 	EXP 	unnamed TextStim: autoDraw = True
8.3731 	EXP 	unnamed TextStim: autoDraw = True
9.5324 	EXP 	unnamed TextStim: autoDraw = False
9.5324 	EXP 	unnamed TextStim: autoDraw = False
9.5324 	EXP 	unnamed TextStim: autoDraw = False
9.5324 	EXP 	unnamed TextStim: autoDraw = False
9.5324 	EXP 	unnamed TextStim: autoDraw = False
9.5324 	EXP 	unnamed TextStim: autoDraw = False
9.5324 	EXP 	unnamed TextStim: autoDraw = False
9.5324 	EXP 	unnamed TextStim: autoDraw = False
9.5324 	EXP 	unnamed TextStim: autoDraw = False
9.5324 	EXP 	unnamed TextStim: autoDraw = False
10.5359 	INFO 	using sysFont 
10.5368 	EXP 	Created unnamed TextStim = TextStim(__class__=<class 'psychopy.visual.text.TextStim'>, alignHoriz='center', alignVert='center', antialias=True, autoLog=True, bold=False, color='black', colorSpace='named', contrast=1.0, depth=0, flipHoriz=False, flipVert=False, font='', fontFiles=[], height=32, italic=False, name='unnamed TextStim', opacity=1.0, ori=0.0, pos=array([-74.,   0.]), rgb=array([0., 0., 0.]), text='OM', units='pix', win=Window(...), wrapWidth=500)
10.5373 	INFO 	using sysFont 
10.5381 	EXP 	Created unnamed TextStim = TextStim(__class__=<class 'psychopy.visual.text.TextStim'>, alignHoriz='center', alignVert='center', antialias=True, autoLog=True, bold=False, color='black', colorSpace='named', contrast=1.0, depth=0, flipHoriz=False, flipVert=False, font='', fontFiles=[], height=32, italic=False, name='unnamed TextStim', opacity=1.0, ori=0.0, pos=array([0., 0.]), rgb=array([0., 0., 0.]), text='PM', units='pix', win=Window(...), wrapWidth=500)
10.5385 	INFO 	using sysFont 
10.5394 	EXP 	Created unnamed TextStim = TextStim(__class__=<class 'psychopy.visual.text.TextStim'>, alignHoriz='center', alignVert='center', antialias=True, autoLog=True, bold=False, color='black', colorSpace='named', contrast=1.0, depth=0, flipHoriz=False, flipVert=False, font='', fontFiles=[], height=32, italic=False, name='unnamed TextStim', opacity=1.0, ori=0.0, pos=array([-74.        ,  49.33333333]), rgb=array([0., 0., 0.]), text='BM', units='pix', win=Window(...), wrapWidth=500)
10.5398 	INFO 	using sysFont 
10.5407 	EXP 	Created unnamed TextStim = TextStim(__class__=<class 'psychopy.visual.text.TextStim'>, alignHoriz='center', alignVert='center', antialias=True, autoLog=True, bold=False, color='black', colorSpace='named', contrast=1.0, depth=0, flipHoriz=False, flipVert=False, font='', fontFiles=[], height=32, italic=False, name='unnamed TextStim', opacity=1.0, ori=0.0, pos=array([ 0.        , 49.33333333]), rgb=array([0., 0., 0.]), text='QM', units='pix', win=Window(...), wrapWidth=500)
10.5434 	EXP 	unnamed TextStim: autoDraw = True
10.5434 	EXP 	unnamed TextStim: autoDraw = True
10.5434 	EXP 	unnamed TextStim: autoDraw = True
10.5434 	EXP 	unnamed TextStim: autoDraw = True
10.5434 	EXP 	unnamed TextStim: autoDraw = True
12.1487 	EXP 	unnamed TextStim: autoDraw = False
12.1487 	EXP 	unnamed TextStim: autoDraw = False
12.1487 	EXP 	unnamed TextStim: autoDraw = False
12.1487 	EXP 	unnamed TextStim: autoDraw = False
12.1487 	EXP 	unnamed TextStim: autoDraw = False
