2.8728 	INFO 	Screen res set as: 1920x1080
2.8737 	INFO 	Loaded monitor calibration from ['2018_09_18 09:28']
3.3871 	EXP 	Created window1 = Window(allowGUI=True, allowStencil=False, args=UNKNOWN, autoLog=True, bitsMode=UNKNOWN, blendMode='avg', color='Gainsboro', colorSpace='named', fullscr=UNKNOWN, gamma=None, kwargs=UNKNOWN, lms=UNKNOWN, monitor=<psychopy.monitors.calibTools.Monitor object at 0x7fda540d6ef0>, multiSample=False, name='window1', numSamples=2, pos=None, screen=0, size=array([1920, 1080]), stereo=False, units='pix', useFBO=False, useRetina=False, viewOri=0.0, viewPos=None, viewScale=None, waitBlanking=True, winType='pygame')
3.3872 	INFO 	Detected framerate: 30 frames per sec.
3.3872 	INFO 	Mouse: using default window
3.4194 	INFO 	using sysFont Arial
3.4234 	EXP 	Created unnamed TextStim = TextStim(__class__=<class 'psychopy.visual.text.TextStim'>, alignHoriz='center', alignVert='center', antialias=True, autoLog=True, bold=False, color='black', colorSpace='named', contrast=1.0, depth=0, flipHoriz=False, flipVert=False, font='Arial', fontFiles=[], height=32, italic=False, name='unnamed TextStim', opacity=1.0, ori=0.0, pos=array([   0., -300.]), rgb=array([0., 0., 0.]), text=str(...), units='pix', win=Window(...), wrapWidth=1920)
3.4243 	INFO 	using sysFont Arial
3.4253 	EXP 	Created unnamed TextStim = TextStim(__class__=<class 'psychopy.visual.text.TextStim'>, alignHoriz='center', alignVert='center', antialias=True, autoLog=True, bold=False, color='black', colorSpace='named', contrast=1.0, depth=0, flipHoriz=False, flipVert=False, font='Arial', fontFiles=[], height=32, italic=False, name='unnamed TextStim', opacity=1.0, ori=0.0, pos=array([0., 0.]), rgb=array([0., 0., 0.]), text='Wstęp', units='pix', win=Window(...), wrapWidth=1920)
5.0684 	INFO 	using sysFont 
5.0701 	EXP 	Created unnamed TextStim = TextStim(__class__=<class 'psychopy.visual.text.TextStim'>, alignHoriz='center', alignVert='center', antialias=True, autoLog=True, bold=False, color='black', colorSpace='named', contrast=1.0, depth=0, flipHoriz=False, flipVert=False, font='', fontFiles=[], height=32, italic=False, name='unnamed TextStim', opacity=1.0, ori=0.0, pos=array([-74.,   0.]), rgb=array([0., 0., 0.]), text='WE', units='pix', win=Window(...), wrapWidth=500)
5.0708 	INFO 	using sysFont 
5.0716 	EXP 	Created unnamed TextStim = TextStim(__class__=<class 'psychopy.visual.text.TextStim'>, alignHoriz='center', alignVert='center', antialias=True, autoLog=True, bold=False, color='black', colorSpace='named', contrast=1.0, depth=0, flipHoriz=False, flipVert=False, font='', fontFiles=[], height=32, italic=False, name='unnamed TextStim', opacity=1.0, ori=0.0, pos=array([0., 0.]), rgb=array([0., 0., 0.]), text='EX', units='pix', win=Window(...), wrapWidth=500)
5.0721 	INFO 	using sysFont 
5.0729 	EXP 	Created unnamed TextStim = TextStim(__class__=<class 'psychopy.visual.text.TextStim'>, alignHoriz='center', alignVert='center', antialias=True, autoLog=True, bold=False, color='black', colorSpace='named', contrast=1.0, depth=0, flipHoriz=False, flipVert=False, font='', fontFiles=[], height=32, italic=False, name='unnamed TextStim', opacity=1.0, ori=0.0, pos=array([74.,  0.]), rgb=array([0., 0., 0.]), text='WX', units='pix', win=Window(...), wrapWidth=500)
5.0734 	INFO 	using sysFont 
5.0743 	EXP 	Created unnamed TextStim = TextStim(__class__=<class 'psychopy.visual.text.TextStim'>, alignHoriz='center', alignVert='center', antialias=True, autoLog=True, bold=False, color='black', colorSpace='named', contrast=1.0, depth=0, flipHoriz=False, flipVert=False, font='', fontFiles=[], height=32, italic=False, name='unnamed TextStim', opacity=1.0, ori=0.0, pos=array([-74.,  74.]), rgb=array([0., 0., 0.]), text='OV', units='pix', win=Window(...), wrapWidth=500)
5.0748 	INFO 	using sysFont 
5.0756 	EXP 	Created unnamed TextStim = TextStim(__class__=<class 'psychopy.visual.text.TextStim'>, alignHoriz='center', alignVert='center', antialias=True, autoLog=True, bold=False, color='black', colorSpace='named', contrast=1.0, depth=0, flipHoriz=False, flipVert=False, font='', fontFiles=[], height=32, italic=False, name='unnamed TextStim', opacity=1.0, ori=0.0, pos=array([ 0., 74.]), rgb=array([0., 0., 0.]), text='XX', units='pix', win=Window(...), wrapWidth=500)
5.0761 	INFO 	using sysFont 
5.0770 	EXP 	Created unnamed TextStim = TextStim(__class__=<class 'psychopy.visual.text.TextStim'>, alignHoriz='center', alignVert='center', antialias=True, autoLog=True, bold=False, color='black', colorSpace='named', contrast=1.0, depth=0, flipHoriz=False, flipVert=False, font='', fontFiles=[], height=32, italic=False, name='unnamed TextStim', opacity=1.0, ori=0.0, pos=array([74., 74.]), rgb=array([0., 0., 0.]), text='XV', units='pix', win=Window(...), wrapWidth=500)
5.0775 	INFO 	using sysFont 
5.0783 	EXP 	Created unnamed TextStim = TextStim(__class__=<class 'psychopy.visual.text.TextStim'>, alignHoriz='center', alignVert='center', antialias=True, autoLog=True, bold=False, color='black', colorSpace='named', contrast=1.0, depth=0, flipHoriz=False, flipVert=False, font='', fontFiles=[], height=32, italic=False, name='unnamed TextStim', opacity=1.0, ori=0.0, pos=array([-74., 148.]), rgb=array([0., 0., 0.]), text='AE', units='pix', win=Window(...), wrapWidth=500)
5.0789 	INFO 	using sysFont 
5.0797 	EXP 	Created unnamed TextStim = TextStim(__class__=<class 'psychopy.visual.text.TextStim'>, alignHoriz='center', alignVert='center', antialias=True, autoLog=True, bold=False, color='black', colorSpace='named', contrast=1.0, depth=0, flipHoriz=False, flipVert=False, font='', fontFiles=[], height=32, italic=False, name='unnamed TextStim', opacity=1.0, ori=0.0, pos=array([  0., 148.]), rgb=array([0., 0., 0.]), text='IE', units='pix', win=Window(...), wrapWidth=500)
5.0802 	INFO 	using sysFont 
5.0812 	EXP 	Created unnamed TextStim = TextStim(__class__=<class 'psychopy.visual.text.TextStim'>, alignHoriz='center', alignVert='center', antialias=True, autoLog=True, bold=False, color='black', colorSpace='named', contrast=1.0, depth=0, flipHoriz=False, flipVert=False, font='', fontFiles=[], height=32, italic=False, name='unnamed TextStim', opacity=1.0, ori=0.0, pos=array([ 74., 148.]), rgb=array([0., 0., 0.]), text='UX', units='pix', win=Window(...), wrapWidth=500)
5.0848 	EXP 	unnamed TextStim: autoDraw = True
5.0848 	EXP 	unnamed TextStim: autoDraw = True
5.0848 	EXP 	unnamed TextStim: autoDraw = True
5.0848 	EXP 	unnamed TextStim: autoDraw = True
5.0848 	EXP 	unnamed TextStim: autoDraw = True
5.0848 	EXP 	unnamed TextStim: autoDraw = True
5.0848 	EXP 	unnamed TextStim: autoDraw = True
5.0848 	EXP 	unnamed TextStim: autoDraw = True
5.0848 	EXP 	unnamed TextStim: autoDraw = True
5.0848 	EXP 	unnamed TextStim: autoDraw = True
8.3362 	EXP 	unnamed TextStim: autoDraw = False
8.3362 	EXP 	unnamed TextStim: autoDraw = False
8.3362 	EXP 	unnamed TextStim: autoDraw = False
8.3362 	EXP 	unnamed TextStim: autoDraw = False
8.3362 	EXP 	unnamed TextStim: autoDraw = False
8.3362 	EXP 	unnamed TextStim: autoDraw = False
8.3362 	EXP 	unnamed TextStim: autoDraw = False
8.3362 	EXP 	unnamed TextStim: autoDraw = False
8.3362 	EXP 	unnamed TextStim: autoDraw = False
8.3362 	EXP 	unnamed TextStim: autoDraw = False
9.3414 	INFO 	using sysFont 
9.3424 	EXP 	Created unnamed TextStim = TextStim(__class__=<class 'psychopy.visual.text.TextStim'>, alignHoriz='center', alignVert='center', antialias=True, autoLog=True, bold=False, color='black', colorSpace='named', contrast=1.0, depth=0, flipHoriz=False, flipVert=False, font='', fontFiles=[], height=32, italic=False, name='unnamed TextStim', opacity=1.0, ori=0.0, pos=array([-74.,   0.]), rgb=array([0., 0., 0.]), text='QD', units='pix', win=Window(...), wrapWidth=500)
9.3429 	INFO 	using sysFont 
9.3436 	EXP 	Created unnamed TextStim = TextStim(__class__=<class 'psychopy.visual.text.TextStim'>, alignHoriz='center', alignVert='center', antialias=True, autoLog=True, bold=False, color='black', colorSpace='named', contrast=1.0, depth=0, flipHoriz=False, flipVert=False, font='', fontFiles=[], height=32, italic=False, name='unnamed TextStim', opacity=1.0, ori=0.0, pos=array([0., 0.]), rgb=array([0., 0., 0.]), text='FE', units='pix', win=Window(...), wrapWidth=500)
9.3441 	INFO 	using sysFont 
9.3450 	EXP 	Created unnamed TextStim = TextStim(__class__=<class 'psychopy.visual.text.TextStim'>, alignHoriz='center', alignVert='center', antialias=True, autoLog=True, bold=False, color='black', colorSpace='named', contrast=1.0, depth=0, flipHoriz=False, flipVert=False, font='', fontFiles=[], height=32, italic=False, name='unnamed TextStim', opacity=1.0, ori=0.0, pos=array([74.,  0.]), rgb=array([0., 0., 0.]), text='PE', units='pix', win=Window(...), wrapWidth=500)
9.3455 	INFO 	using sysFont 
9.3463 	EXP 	Created unnamed TextStim = TextStim(__class__=<class 'psychopy.visual.text.TextStim'>, alignHoriz='center', alignVert='center', antialias=True, autoLog=True, bold=False, color='black', colorSpace='named', contrast=1.0, depth=0, flipHoriz=False, flipVert=False, font='', fontFiles=[], height=32, italic=False, name='unnamed TextStim', opacity=1.0, ori=0.0, pos=array([-74.,  74.]), rgb=array([0., 0., 0.]), text='AS', units='pix', win=Window(...), wrapWidth=500)
9.3468 	INFO 	using sysFont 
9.3477 	EXP 	Created unnamed TextStim = TextStim(__class__=<class 'psychopy.visual.text.TextStim'>, alignHoriz='center', alignVert='center', antialias=True, autoLog=True, bold=False, color='black', colorSpace='named', contrast=1.0, depth=0, flipHoriz=False, flipVert=False, font='', fontFiles=[], height=32, italic=False, name='unnamed TextStim', opacity=1.0, ori=0.0, pos=array([ 0., 74.]), rgb=array([0., 0., 0.]), text='ME', units='pix', win=Window(...), wrapWidth=500)
9.3482 	INFO 	using sysFont 
9.3490 	EXP 	Created unnamed TextStim = TextStim(__class__=<class 'psychopy.visual.text.TextStim'>, alignHoriz='center', alignVert='center', antialias=True, autoLog=True, bold=False, color='black', colorSpace='named', contrast=1.0, depth=0, flipHoriz=False, flipVert=False, font='', fontFiles=[], height=32, italic=False, name='unnamed TextStim', opacity=1.0, ori=0.0, pos=array([74., 74.]), rgb=array([0., 0., 0.]), text='XE', units='pix', win=Window(...), wrapWidth=500)
9.3495 	INFO 	using sysFont 
9.3503 	EXP 	Created unnamed TextStim = TextStim(__class__=<class 'psychopy.visual.text.TextStim'>, alignHoriz='center', alignVert='center', antialias=True, autoLog=True, bold=False, color='black', colorSpace='named', contrast=1.0, depth=0, flipHoriz=False, flipVert=False, font='', fontFiles=[], height=32, italic=False, name='unnamed TextStim', opacity=1.0, ori=0.0, pos=array([-74., 148.]), rgb=array([0., 0., 0.]), text='SS', units='pix', win=Window(...), wrapWidth=500)
9.3508 	INFO 	using sysFont 
9.3516 	EXP 	Created unnamed TextStim = TextStim(__class__=<class 'psychopy.visual.text.TextStim'>, alignHoriz='center', alignVert='center', antialias=True, autoLog=True, bold=False, color='black', colorSpace='named', contrast=1.0, depth=0, flipHoriz=False, flipVert=False, font='', fontFiles=[], height=32, italic=False, name='unnamed TextStim', opacity=1.0, ori=0.0, pos=array([  0., 148.]), rgb=array([0., 0., 0.]), text='BE', units='pix', win=Window(...), wrapWidth=500)
9.3522 	INFO 	using sysFont 
9.3530 	EXP 	Created unnamed TextStim = TextStim(__class__=<class 'psychopy.visual.text.TextStim'>, alignHoriz='center', alignVert='center', antialias=True, autoLog=True, bold=False, color='black', colorSpace='named', contrast=1.0, depth=0, flipHoriz=False, flipVert=False, font='', fontFiles=[], height=32, italic=False, name='unnamed TextStim', opacity=1.0, ori=0.0, pos=array([ 74., 148.]), rgb=array([0., 0., 0.]), text='KE', units='pix', win=Window(...), wrapWidth=500)
9.3569 	EXP 	unnamed TextStim: autoDraw = True
9.3569 	EXP 	unnamed TextStim: autoDraw = True
9.3569 	EXP 	unnamed TextStim: autoDraw = True
9.3569 	EXP 	unnamed TextStim: autoDraw = True
9.3569 	EXP 	unnamed TextStim: autoDraw = True
9.3569 	EXP 	unnamed TextStim: autoDraw = True
9.3569 	EXP 	unnamed TextStim: autoDraw = True
9.3569 	EXP 	unnamed TextStim: autoDraw = True
9.3569 	EXP 	unnamed TextStim: autoDraw = True
9.3569 	EXP 	unnamed TextStim: autoDraw = True
10.1858 	EXP 	unnamed TextStim: autoDraw = False
10.1858 	EXP 	unnamed TextStim: autoDraw = False
10.1858 	EXP 	unnamed TextStim: autoDraw = False
10.1858 	EXP 	unnamed TextStim: autoDraw = False
10.1858 	EXP 	unnamed TextStim: autoDraw = False
10.1858 	EXP 	unnamed TextStim: autoDraw = False
10.1858 	EXP 	unnamed TextStim: autoDraw = False
10.1858 	EXP 	unnamed TextStim: autoDraw = False
10.1858 	EXP 	unnamed TextStim: autoDraw = False
10.1858 	EXP 	unnamed TextStim: autoDraw = False
11.1878 	INFO 	using sysFont Arial
11.1891 	EXP 	Created unnamed TextStim = TextStim(__class__=<class 'psychopy.visual.text.TextStim'>, alignHoriz='center', alignVert='center', antialias=True, autoLog=True, bold=False, color='black', colorSpace='named', contrast=1.0, depth=0, flipHoriz=False, flipVert=False, font='Arial', fontFiles=[], height=32, italic=False, name='unnamed TextStim', opacity=1.0, ori=0.0, pos=array([0., 0.]), rgb=array([0., 0., 0.]), text='Po treningu', units='pix', win=Window(...), wrapWidth=1920)
12.4158 	INFO 	using sysFont 
12.4168 	EXP 	Created unnamed TextStim = TextStim(__class__=<class 'psychopy.visual.text.TextStim'>, alignHoriz='center', alignVert='center', antialias=True, autoLog=True, bold=False, color='black', colorSpace='named', contrast=1.0, depth=0, flipHoriz=False, flipVert=False, font='', fontFiles=[], height=32, italic=False, name='unnamed TextStim', opacity=1.0, ori=0.0, pos=array([-111.,  -37.]), rgb=array([0., 0., 0.]), text='UF', units='pix', win=Window(...), wrapWidth=500)
12.4173 	INFO 	using sysFont 
12.4181 	EXP 	Created unnamed TextStim = TextStim(__class__=<class 'psychopy.visual.text.TextStim'>, alignHoriz='center', alignVert='center', antialias=True, autoLog=True, bold=False, color='black', colorSpace='named', contrast=1.0, depth=0, flipHoriz=False, flipVert=False, font='', fontFiles=[], height=32, italic=False, name='unnamed TextStim', opacity=1.0, ori=0.0, pos=array([-37., -37.]), rgb=array([0., 0., 0.]), text='XF', units='pix', win=Window(...), wrapWidth=500)
12.4186 	INFO 	using sysFont 
12.4194 	EXP 	Created unnamed TextStim = TextStim(__class__=<class 'psychopy.visual.text.TextStim'>, alignHoriz='center', alignVert='center', antialias=True, autoLog=True, bold=False, color='black', colorSpace='named', contrast=1.0, depth=0, flipHoriz=False, flipVert=False, font='', fontFiles=[], height=32, italic=False, name='unnamed TextStim', opacity=1.0, ori=0.0, pos=array([ 37., -37.]), rgb=array([0., 0., 0.]), text='EB', units='pix', win=Window(...), wrapWidth=500)
12.4200 	INFO 	using sysFont 
12.4208 	EXP 	Created unnamed TextStim = TextStim(__class__=<class 'psychopy.visual.text.TextStim'>, alignHoriz='center', alignVert='center', antialias=True, autoLog=True, bold=False, color='black', colorSpace='named', contrast=1.0, depth=0, flipHoriz=False, flipVert=False, font='', fontFiles=[], height=32, italic=False, name='unnamed TextStim', opacity=1.0, ori=0.0, pos=array([111., -37.]), rgb=array([0., 0., 0.]), text='VG', units='pix', win=Window(...), wrapWidth=500)
12.4213 	INFO 	using sysFont 
12.4221 	EXP 	Created unnamed TextStim = TextStim(__class__=<class 'psychopy.visual.text.TextStim'>, alignHoriz='center', alignVert='center', antialias=True, autoLog=True, bold=False, color='black', colorSpace='named', contrast=1.0, depth=0, flipHoriz=False, flipVert=False, font='', fontFiles=[], height=32, italic=False, name='unnamed TextStim', opacity=1.0, ori=0.0, pos=array([-111.,   37.]), rgb=array([0., 0., 0.]), text='DH', units='pix', win=Window(...), wrapWidth=500)
12.4226 	INFO 	using sysFont 
12.4234 	EXP 	Created unnamed TextStim = TextStim(__class__=<class 'psychopy.visual.text.TextStim'>, alignHoriz='center', alignVert='center', antialias=True, autoLog=True, bold=False, color='black', colorSpace='named', contrast=1.0, depth=0, flipHoriz=False, flipVert=False, font='', fontFiles=[], height=32, italic=False, name='unnamed TextStim', opacity=1.0, ori=0.0, pos=array([-37.,  37.]), rgb=array([0., 0., 0.]), text='CZ', units='pix', win=Window(...), wrapWidth=500)
12.4240 	INFO 	using sysFont 
12.4247 	EXP 	Created unnamed TextStim = TextStim(__class__=<class 'psychopy.visual.text.TextStim'>, alignHoriz='center', alignVert='center', antialias=True, autoLog=True, bold=False, color='black', colorSpace='named', contrast=1.0, depth=0, flipHoriz=False, flipVert=False, font='', fontFiles=[], height=32, italic=False, name='unnamed TextStim', opacity=1.0, ori=0.0, pos=array([37., 37.]), rgb=array([0., 0., 0.]), text='AE', units='pix', win=Window(...), wrapWidth=500)
12.4253 	INFO 	using sysFont 
12.4261 	EXP 	Created unnamed TextStim = TextStim(__class__=<class 'psychopy.visual.text.TextStim'>, alignHoriz='center', alignVert='center', antialias=True, autoLog=True, bold=False, color='black', colorSpace='named', contrast=1.0, depth=0, flipHoriz=False, flipVert=False, font='', fontFiles=[], height=32, italic=False, name='unnamed TextStim', opacity=1.0, ori=0.0, pos=array([111.,  37.]), rgb=array([0., 0., 0.]), text='TH', units='pix', win=Window(...), wrapWidth=500)
12.4266 	INFO 	using sysFont 
12.4274 	EXP 	Created unnamed TextStim = TextStim(__class__=<class 'psychopy.visual.text.TextStim'>, alignHoriz='center', alignVert='center', antialias=True, autoLog=True, bold=False, color='black', colorSpace='named', contrast=1.0, depth=0, flipHoriz=False, flipVert=False, font='', fontFiles=[], height=32, italic=False, name='unnamed TextStim', opacity=1.0, ori=0.0, pos=array([-111.,  111.]), rgb=array([0., 0., 0.]), text='XF', units='pix', win=Window(...), wrapWidth=500)
12.4279 	INFO 	using sysFont 
12.4287 	EXP 	Created unnamed TextStim = TextStim(__class__=<class 'psychopy.visual.text.TextStim'>, alignHoriz='center', alignVert='center', antialias=True, autoLog=True, bold=False, color='black', colorSpace='named', contrast=1.0, depth=0, flipHoriz=False, flipVert=False, font='', fontFiles=[], height=32, italic=False, name='unnamed TextStim', opacity=1.0, ori=0.0, pos=array([-37., 111.]), rgb=array([0., 0., 0.]), text='FL', units='pix', win=Window(...), wrapWidth=500)
12.4293 	INFO 	using sysFont 
12.4301 	EXP 	Created unnamed TextStim = TextStim(__class__=<class 'psychopy.visual.text.TextStim'>, alignHoriz='center', alignVert='center', antialias=True, autoLog=True, bold=False, color='black', colorSpace='named', contrast=1.0, depth=0, flipHoriz=False, flipVert=False, font='', fontFiles=[], height=32, italic=False, name='unnamed TextStim', opacity=1.0, ori=0.0, pos=array([ 37., 111.]), rgb=array([0., 0., 0.]), text='SY', units='pix', win=Window(...), wrapWidth=500)
12.4306 	INFO 	using sysFont 
12.4315 	EXP 	Created unnamed TextStim = TextStim(__class__=<class 'psychopy.visual.text.TextStim'>, alignHoriz='center', alignVert='center', antialias=True, autoLog=True, bold=False, color='black', colorSpace='named', contrast=1.0, depth=0, flipHoriz=False, flipVert=False, font='', fontFiles=[], height=32, italic=False, name='unnamed TextStim', opacity=1.0, ori=0.0, pos=array([111., 111.]), rgb=array([0., 0., 0.]), text='BF', units='pix', win=Window(...), wrapWidth=500)
12.4320 	INFO 	using sysFont 
12.4329 	EXP 	Created unnamed TextStim = TextStim(__class__=<class 'psychopy.visual.text.TextStim'>, alignHoriz='center', alignVert='center', antialias=True, autoLog=True, bold=False, color='black', colorSpace='named', contrast=1.0, depth=0, flipHoriz=False, flipVert=False, font='', fontFiles=[], height=32, italic=False, name='unnamed TextStim', opacity=1.0, ori=0.0, pos=array([-111.,  185.]), rgb=array([0., 0., 0.]), text='JE', units='pix', win=Window(...), wrapWidth=500)
12.4334 	INFO 	using sysFont 
12.4342 	EXP 	Created unnamed TextStim = TextStim(__class__=<class 'psychopy.visual.text.TextStim'>, alignHoriz='center', alignVert='center', antialias=True, autoLog=True, bold=False, color='black', colorSpace='named', contrast=1.0, depth=0, flipHoriz=False, flipVert=False, font='', fontFiles=[], height=32, italic=False, name='unnamed TextStim', opacity=1.0, ori=0.0, pos=array([-37., 185.]), rgb=array([0., 0., 0.]), text='XL', units='pix', win=Window(...), wrapWidth=500)
12.4347 	INFO 	using sysFont 
12.4356 	EXP 	Created unnamed TextStim = TextStim(__class__=<class 'psychopy.visual.text.TextStim'>, alignHoriz='center', alignVert='center', antialias=True, autoLog=True, bold=False, color='black', colorSpace='named', contrast=1.0, depth=0, flipHoriz=False, flipVert=False, font='', fontFiles=[], height=32, italic=False, name='unnamed TextStim', opacity=1.0, ori=0.0, pos=array([ 37., 185.]), rgb=array([0., 0., 0.]), text='NF', units='pix', win=Window(...), wrapWidth=500)
12.4361 	INFO 	using sysFont 
12.4369 	EXP 	Created unnamed TextStim = TextStim(__class__=<class 'psychopy.visual.text.TextStim'>, alignHoriz='center', alignVert='center', antialias=True, autoLog=True, bold=False, color='black', colorSpace='named', contrast=1.0, depth=0, flipHoriz=False, flipVert=False, font='', fontFiles=[], height=32, italic=False, name='unnamed TextStim', opacity=1.0, ori=0.0, pos=array([111., 185.]), rgb=array([0., 0., 0.]), text='AF', units='pix', win=Window(...), wrapWidth=500)
12.4418 	EXP 	unnamed TextStim: autoDraw = True
12.4418 	EXP 	unnamed TextStim: autoDraw = True
12.4418 	EXP 	unnamed TextStim: autoDraw = True
12.4418 	EXP 	unnamed TextStim: autoDraw = True
12.4418 	EXP 	unnamed TextStim: autoDraw = True
12.4418 	EXP 	unnamed TextStim: autoDraw = True
12.4418 	EXP 	unnamed TextStim: autoDraw = True
12.4418 	EXP 	unnamed TextStim: autoDraw = True
12.4418 	EXP 	unnamed TextStim: autoDraw = True
12.4418 	EXP 	unnamed TextStim: autoDraw = True
12.4418 	EXP 	unnamed TextStim: autoDraw = True
12.4418 	EXP 	unnamed TextStim: autoDraw = True
12.4418 	EXP 	unnamed TextStim: autoDraw = True
12.4418 	EXP 	unnamed TextStim: autoDraw = True
12.4418 	EXP 	unnamed TextStim: autoDraw = True
12.4418 	EXP 	unnamed TextStim: autoDraw = True
12.4418 	EXP 	unnamed TextStim: autoDraw = True
14.2683 	EXP 	unnamed TextStim: autoDraw = False
14.2683 	EXP 	unnamed TextStim: autoDraw = False
14.2683 	EXP 	unnamed TextStim: autoDraw = False
14.2683 	EXP 	unnamed TextStim: autoDraw = False
14.2683 	EXP 	unnamed TextStim: autoDraw = False
14.2683 	EXP 	unnamed TextStim: autoDraw = False
14.2683 	EXP 	unnamed TextStim: autoDraw = False
14.2683 	EXP 	unnamed TextStim: autoDraw = False
14.2683 	EXP 	unnamed TextStim: autoDraw = False
14.2683 	EXP 	unnamed TextStim: autoDraw = False
14.2683 	EXP 	unnamed TextStim: autoDraw = False
14.2683 	EXP 	unnamed TextStim: autoDraw = False
14.2683 	EXP 	unnamed TextStim: autoDraw = False
14.2683 	EXP 	unnamed TextStim: autoDraw = False
14.2683 	EXP 	unnamed TextStim: autoDraw = False
14.2683 	EXP 	unnamed TextStim: autoDraw = False
14.2683 	EXP 	unnamed TextStim: autoDraw = False
15.2771 	INFO 	using sysFont 
15.2780 	EXP 	Created unnamed TextStim = TextStim(__class__=<class 'psychopy.visual.text.TextStim'>, alignHoriz='center', alignVert='center', antialias=True, autoLog=True, bold=False, color='black', colorSpace='named', contrast=1.0, depth=0, flipHoriz=False, flipVert=False, font='', fontFiles=[], height=32, italic=False, name='unnamed TextStim', opacity=1.0, ori=0.0, pos=array([-148.,  -74.]), rgb=array([0., 0., 0.]), text='CT', units='pix', win=Window(...), wrapWidth=500)
15.2785 	INFO 	using sysFont 
15.2793 	EXP 	Created unnamed TextStim = TextStim(__class__=<class 'psychopy.visual.text.TextStim'>, alignHoriz='center', alignVert='center', antialias=True, autoLog=True, bold=False, color='black', colorSpace='named', contrast=1.0, depth=0, flipHoriz=False, flipVert=False, font='', fontFiles=[], height=32, italic=False, name='unnamed TextStim', opacity=1.0, ori=0.0, pos=array([-74., -74.]), rgb=array([0., 0., 0.]), text='LZ', units='pix', win=Window(...), wrapWidth=500)
15.2798 	INFO 	using sysFont 
15.2806 	EXP 	Created unnamed TextStim = TextStim(__class__=<class 'psychopy.visual.text.TextStim'>, alignHoriz='center', alignVert='center', antialias=True, autoLog=True, bold=False, color='black', colorSpace='named', contrast=1.0, depth=0, flipHoriz=False, flipVert=False, font='', fontFiles=[], height=32, italic=False, name='unnamed TextStim', opacity=1.0, ori=0.0, pos=array([  0., -74.]), rgb=array([0., 0., 0.]), text='VT', units='pix', win=Window(...), wrapWidth=500)
15.2811 	INFO 	using sysFont 
15.2819 	EXP 	Created unnamed TextStim = TextStim(__class__=<class 'psychopy.visual.text.TextStim'>, alignHoriz='center', alignVert='center', antialias=True, autoLog=True, bold=False, color='black', colorSpace='named', contrast=1.0, depth=0, flipHoriz=False, flipVert=False, font='', fontFiles=[], height=32, italic=False, name='unnamed TextStim', opacity=1.0, ori=0.0, pos=array([ 74., -74.]), rgb=array([0., 0., 0.]), text='ZZ', units='pix', win=Window(...), wrapWidth=500)
15.2824 	INFO 	using sysFont 
15.2832 	EXP 	Created unnamed TextStim = TextStim(__class__=<class 'psychopy.visual.text.TextStim'>, alignHoriz='center', alignVert='center', antialias=True, autoLog=True, bold=False, color='black', colorSpace='named', contrast=1.0, depth=0, flipHoriz=False, flipVert=False, font='', fontFiles=[], height=32, italic=False, name='unnamed TextStim', opacity=1.0, ori=0.0, pos=array([148., -74.]), rgb=array([0., 0., 0.]), text='QP', units='pix', win=Window(...), wrapWidth=500)
15.2837 	INFO 	using sysFont 
15.2845 	EXP 	Created unnamed TextStim = TextStim(__class__=<class 'psychopy.visual.text.TextStim'>, alignHoriz='center', alignVert='center', antialias=True, autoLog=True, bold=False, color='black', colorSpace='named', contrast=1.0, depth=0, flipHoriz=False, flipVert=False, font='', fontFiles=[], height=32, italic=False, name='unnamed TextStim', opacity=1.0, ori=0.0, pos=array([-148.,    0.]), rgb=array([0., 0., 0.]), text='KX', units='pix', win=Window(...), wrapWidth=500)
15.2850 	INFO 	using sysFont 
15.2858 	EXP 	Created unnamed TextStim = TextStim(__class__=<class 'psychopy.visual.text.TextStim'>, alignHoriz='center', alignVert='center', antialias=True, autoLog=True, bold=False, color='black', colorSpace='named', contrast=1.0, depth=0, flipHoriz=False, flipVert=False, font='', fontFiles=[], height=32, italic=False, name='unnamed TextStim', opacity=1.0, ori=0.0, pos=array([-74.,   0.]), rgb=array([0., 0., 0.]), text='IU', units='pix', win=Window(...), wrapWidth=500)
15.2863 	INFO 	using sysFont 
15.2871 	EXP 	Created unnamed TextStim = TextStim(__class__=<class 'psychopy.visual.text.TextStim'>, alignHoriz='center', alignVert='center', antialias=True, autoLog=True, bold=False, color='black', colorSpace='named', contrast=1.0, depth=0, flipHoriz=False, flipVert=False, font='', fontFiles=[], height=32, italic=False, name='unnamed TextStim', opacity=1.0, ori=0.0, pos=array([0., 0.]), rgb=array([0., 0., 0.]), text='HC', units='pix', win=Window(...), wrapWidth=500)
15.2876 	INFO 	using sysFont 
15.2885 	EXP 	Created unnamed TextStim = TextStim(__class__=<class 'psychopy.visual.text.TextStim'>, alignHoriz='center', alignVert='center', antialias=True, autoLog=True, bold=False, color='black', colorSpace='named', contrast=1.0, depth=0, flipHoriz=False, flipVert=False, font='', fontFiles=[], height=32, italic=False, name='unnamed TextStim', opacity=1.0, ori=0.0, pos=array([74.,  0.]), rgb=array([0., 0., 0.]), text='QC', units='pix', win=Window(...), wrapWidth=500)
15.2890 	INFO 	using sysFont 
15.2898 	EXP 	Created unnamed TextStim = TextStim(__class__=<class 'psychopy.visual.text.TextStim'>, alignHoriz='center', alignVert='center', antialias=True, autoLog=True, bold=False, color='black', colorSpace='named', contrast=1.0, depth=0, flipHoriz=False, flipVert=False, font='', fontFiles=[], height=32, italic=False, name='unnamed TextStim', opacity=1.0, ori=0.0, pos=array([148.,   0.]), rgb=array([0., 0., 0.]), text='YZ', units='pix', win=Window(...), wrapWidth=500)
15.2903 	INFO 	using sysFont 
15.2911 	EXP 	Created unnamed TextStim = TextStim(__class__=<class 'psychopy.visual.text.TextStim'>, alignHoriz='center', alignVert='center', antialias=True, autoLog=True, bold=False, color='black', colorSpace='named', contrast=1.0, depth=0, flipHoriz=False, flipVert=False, font='', fontFiles=[], height=32, italic=False, name='unnamed TextStim', opacity=1.0, ori=0.0, pos=array([-148.,   74.]), rgb=array([0., 0., 0.]), text='JX', units='pix', win=Window(...), wrapWidth=500)
15.2916 	INFO 	using sysFont 
15.2924 	EXP 	Created unnamed TextStim = TextStim(__class__=<class 'psychopy.visual.text.TextStim'>, alignHoriz='center', alignVert='center', antialias=True, autoLog=True, bold=False, color='black', colorSpace='named', contrast=1.0, depth=0, flipHoriz=False, flipVert=False, font='', fontFiles=[], height=32, italic=False, name='unnamed TextStim', opacity=1.0, ori=0.0, pos=array([-74.,  74.]), rgb=array([0., 0., 0.]), text='XU', units='pix', win=Window(...), wrapWidth=500)
15.2929 	INFO 	using sysFont 
15.2937 	EXP 	Created unnamed TextStim = TextStim(__class__=<class 'psychopy.visual.text.TextStim'>, alignHoriz='center', alignVert='center', antialias=True, autoLog=True, bold=False, color='black', colorSpace='named', contrast=1.0, depth=0, flipHoriz=False, flipVert=False, font='', fontFiles=[], height=32, italic=False, name='unnamed TextStim', opacity=1.0, ori=0.0, pos=array([ 0., 74.]), rgb=array([0., 0., 0.]), text='IC', units='pix', win=Window(...), wrapWidth=500)
15.2942 	INFO 	using sysFont 
15.2950 	EXP 	Created unnamed TextStim = TextStim(__class__=<class 'psychopy.visual.text.TextStim'>, alignHoriz='center', alignVert='center', antialias=True, autoLog=True, bold=False, color='black', colorSpace='named', contrast=1.0, depth=0, flipHoriz=False, flipVert=False, font='', fontFiles=[], height=32, italic=False, name='unnamed TextStim', opacity=1.0, ori=0.0, pos=array([74., 74.]), rgb=array([0., 0., 0.]), text='PP', units='pix', win=Window(...), wrapWidth=500)
15.2955 	INFO 	using sysFont 
15.2963 	EXP 	Created unnamed TextStim = TextStim(__class__=<class 'psychopy.visual.text.TextStim'>, alignHoriz='center', alignVert='center', antialias=True, autoLog=True, bold=False, color='black', colorSpace='named', contrast=1.0, depth=0, flipHoriz=False, flipVert=False, font='', fontFiles=[], height=32, italic=False, name='unnamed TextStim', opacity=1.0, ori=0.0, pos=array([148.,  74.]), rgb=array([0., 0., 0.]), text='EX', units='pix', win=Window(...), wrapWidth=500)
15.2968 	INFO 	using sysFont 
15.2976 	EXP 	Created unnamed TextStim = TextStim(__class__=<class 'psychopy.visual.text.TextStim'>, alignHoriz='center', alignVert='center', antialias=True, autoLog=True, bold=False, color='black', colorSpace='named', contrast=1.0, depth=0, flipHoriz=False, flipVert=False, font='', fontFiles=[], height=32, italic=False, name='unnamed TextStim', opacity=1.0, ori=0.0, pos=array([-148.,  148.]), rgb=array([0., 0., 0.]), text='TJ', units='pix', win=Window(...), wrapWidth=500)
15.2981 	INFO 	using sysFont 
15.2989 	EXP 	Created unnamed TextStim = TextStim(__class__=<class 'psychopy.visual.text.TextStim'>, alignHoriz='center', alignVert='center', antialias=True, autoLog=True, bold=False, color='black', colorSpace='named', contrast=1.0, depth=0, flipHoriz=False, flipVert=False, font='', fontFiles=[], height=32, italic=False, name='unnamed TextStim', opacity=1.0, ori=0.0, pos=array([-74., 148.]), rgb=array([0., 0., 0.]), text='IB', units='pix', win=Window(...), wrapWidth=500)
15.2995 	INFO 	using sysFont 
15.3003 	EXP 	Created unnamed TextStim = TextStim(__class__=<class 'psychopy.visual.text.TextStim'>, alignHoriz='center', alignVert='center', antialias=True, autoLog=True, bold=False, color='black', colorSpace='named', contrast=1.0, depth=0, flipHoriz=False, flipVert=False, font='', fontFiles=[], height=32, italic=False, name='unnamed TextStim', opacity=1.0, ori=0.0, pos=array([  0., 148.]), rgb=array([0., 0., 0.]), text='MX', units='pix', win=Window(...), wrapWidth=500)
15.3009 	INFO 	using sysFont 
15.3017 	EXP 	Created unnamed TextStim = TextStim(__class__=<class 'psychopy.visual.text.TextStim'>, alignHoriz='center', alignVert='center', antialias=True, autoLog=True, bold=False, color='black', colorSpace='named', contrast=1.0, depth=0, flipHoriz=False, flipVert=False, font='', fontFiles=[], height=32, italic=False, name='unnamed TextStim', opacity=1.0, ori=0.0, pos=array([ 74., 148.]), rgb=array([0., 0., 0.]), text='QE', units='pix', win=Window(...), wrapWidth=500)
15.3022 	INFO 	using sysFont 
15.3031 	EXP 	Created unnamed TextStim = TextStim(__class__=<class 'psychopy.visual.text.TextStim'>, alignHoriz='center', alignVert='center', antialias=True, autoLog=True, bold=False, color='black', colorSpace='named', contrast=1.0, depth=0, flipHoriz=False, flipVert=False, font='', fontFiles=[], height=32, italic=False, name='unnamed TextStim', opacity=1.0, ori=0.0, pos=array([148., 148.]), rgb=array([0., 0., 0.]), text='BX', units='pix', win=Window(...), wrapWidth=500)
15.3036 	INFO 	using sysFont 
15.3053 	EXP 	Created unnamed TextStim = TextStim(__class__=<class 'psychopy.visual.text.TextStim'>, alignHoriz='center', alignVert='center', antialias=True, autoLog=True, bold=False, color='black', colorSpace='named', contrast=1.0, depth=0, flipHoriz=False, flipVert=False, font='', fontFiles=[], height=32, italic=False, name='unnamed TextStim', opacity=1.0, ori=0.0, pos=array([-148.,  222.]), rgb=array([0., 0., 0.]), text='UR', units='pix', win=Window(...), wrapWidth=500)
15.3058 	INFO 	using sysFont 
15.3066 	EXP 	Created unnamed TextStim = TextStim(__class__=<class 'psychopy.visual.text.TextStim'>, alignHoriz='center', alignVert='center', antialias=True, autoLog=True, bold=False, color='black', colorSpace='named', contrast=1.0, depth=0, flipHoriz=False, flipVert=False, font='', fontFiles=[], height=32, italic=False, name='unnamed TextStim', opacity=1.0, ori=0.0, pos=array([-74., 222.]), rgb=array([0., 0., 0.]), text='ZD', units='pix', win=Window(...), wrapWidth=500)
15.3071 	INFO 	using sysFont 
15.3080 	EXP 	Created unnamed TextStim = TextStim(__class__=<class 'psychopy.visual.text.TextStim'>, alignHoriz='center', alignVert='center', antialias=True, autoLog=True, bold=False, color='black', colorSpace='named', contrast=1.0, depth=0, flipHoriz=False, flipVert=False, font='', fontFiles=[], height=32, italic=False, name='unnamed TextStim', opacity=1.0, ori=0.0, pos=array([  0., 222.]), rgb=array([0., 0., 0.]), text='SR', units='pix', win=Window(...), wrapWidth=500)
15.3085 	INFO 	using sysFont 
15.3093 	EXP 	Created unnamed TextStim = TextStim(__class__=<class 'psychopy.visual.text.TextStim'>, alignHoriz='center', alignVert='center', antialias=True, autoLog=True, bold=False, color='black', colorSpace='named', contrast=1.0, depth=0, flipHoriz=False, flipVert=False, font='', fontFiles=[], height=32, italic=False, name='unnamed TextStim', opacity=1.0, ori=0.0, pos=array([ 74., 222.]), rgb=array([0., 0., 0.]), text='ZZ', units='pix', win=Window(...), wrapWidth=500)
15.3098 	INFO 	using sysFont 
15.3106 	EXP 	Created unnamed TextStim = TextStim(__class__=<class 'psychopy.visual.text.TextStim'>, alignHoriz='center', alignVert='center', antialias=True, autoLog=True, bold=False, color='black', colorSpace='named', contrast=1.0, depth=0, flipHoriz=False, flipVert=False, font='', fontFiles=[], height=32, italic=False, name='unnamed TextStim', opacity=1.0, ori=0.0, pos=array([148., 222.]), rgb=array([0., 0., 0.]), text='XT', units='pix', win=Window(...), wrapWidth=500)
15.3178 	EXP 	unnamed TextStim: autoDraw = True
15.3178 	EXP 	unnamed TextStim: autoDraw = True
15.3178 	EXP 	unnamed TextStim: autoDraw = True
15.3178 	EXP 	unnamed TextStim: autoDraw = True
15.3178 	EXP 	unnamed TextStim: autoDraw = True
15.3178 	EXP 	unnamed TextStim: autoDraw = True
15.3178 	EXP 	unnamed TextStim: autoDraw = True
15.3178 	EXP 	unnamed TextStim: autoDraw = True
15.3178 	EXP 	unnamed TextStim: autoDraw = True
15.3178 	EXP 	unnamed TextStim: autoDraw = True
15.3178 	EXP 	unnamed TextStim: autoDraw = True
15.3178 	EXP 	unnamed TextStim: autoDraw = True
15.3178 	EXP 	unnamed TextStim: autoDraw = True
15.3178 	EXP 	unnamed TextStim: autoDraw = True
15.3178 	EXP 	unnamed TextStim: autoDraw = True
15.3178 	EXP 	unnamed TextStim: autoDraw = True
15.3178 	EXP 	unnamed TextStim: autoDraw = True
15.3178 	EXP 	unnamed TextStim: autoDraw = True
15.3178 	EXP 	unnamed TextStim: autoDraw = True
15.3178 	EXP 	unnamed TextStim: autoDraw = True
15.3178 	EXP 	unnamed TextStim: autoDraw = True
15.3178 	EXP 	unnamed TextStim: autoDraw = True
15.3178 	EXP 	unnamed TextStim: autoDraw = True
15.3178 	EXP 	unnamed TextStim: autoDraw = True
15.3178 	EXP 	unnamed TextStim: autoDraw = True
15.3178 	EXP 	unnamed TextStim: autoDraw = True
17.3344 	EXP 	unnamed TextStim: autoDraw = False
17.3344 	EXP 	unnamed TextStim: autoDraw = False
17.3344 	EXP 	unnamed TextStim: autoDraw = False
17.3344 	EXP 	unnamed TextStim: autoDraw = False
17.3344 	EXP 	unnamed TextStim: autoDraw = False
17.3344 	EXP 	unnamed TextStim: autoDraw = False
17.3344 	EXP 	unnamed TextStim: autoDraw = False
17.3344 	EXP 	unnamed TextStim: autoDraw = False
17.3344 	EXP 	unnamed TextStim: autoDraw = False
17.3344 	EXP 	unnamed TextStim: autoDraw = False
17.3344 	EXP 	unnamed TextStim: autoDraw = False
17.3344 	EXP 	unnamed TextStim: autoDraw = False
17.3344 	EXP 	unnamed TextStim: autoDraw = False
17.3344 	EXP 	unnamed TextStim: autoDraw = False
17.3344 	EXP 	unnamed TextStim: autoDraw = False
17.3344 	EXP 	unnamed TextStim: autoDraw = False
17.3344 	EXP 	unnamed TextStim: autoDraw = False
17.3344 	EXP 	unnamed TextStim: autoDraw = False
17.3344 	EXP 	unnamed TextStim: autoDraw = False
17.3344 	EXP 	unnamed TextStim: autoDraw = False
17.3344 	EXP 	unnamed TextStim: autoDraw = False
17.3344 	EXP 	unnamed TextStim: autoDraw = False
17.3344 	EXP 	unnamed TextStim: autoDraw = False
17.3344 	EXP 	unnamed TextStim: autoDraw = False
17.3344 	EXP 	unnamed TextStim: autoDraw = False
17.3344 	EXP 	unnamed TextStim: autoDraw = False
18.3448 	INFO 	using sysFont 
18.3458 	EXP 	Created unnamed TextStim = TextStim(__class__=<class 'psychopy.visual.text.TextStim'>, alignHoriz='center', alignVert='center', antialias=True, autoLog=True, bold=False, color='black', colorSpace='named', contrast=1.0, depth=0, flipHoriz=False, flipVert=False, font='', fontFiles=[], height=32, italic=False, name='unnamed TextStim', opacity=1.0, ori=0.0, pos=array([-185., -111.]), rgb=array([0., 0., 0.]), text='RJ', units='pix', win=Window(...), wrapWidth=500)
18.3463 	INFO 	using sysFont 
18.3471 	EXP 	Created unnamed TextStim = TextStim(__class__=<class 'psychopy.visual.text.TextStim'>, alignHoriz='center', alignVert='center', antialias=True, autoLog=True, bold=False, color='black', colorSpace='named', contrast=1.0, depth=0, flipHoriz=False, flipVert=False, font='', fontFiles=[], height=32, italic=False, name='unnamed TextStim', opacity=1.0, ori=0.0, pos=array([-111., -111.]), rgb=array([0., 0., 0.]), text='OD', units='pix', win=Window(...), wrapWidth=500)
18.3476 	INFO 	using sysFont 
18.3484 	EXP 	Created unnamed TextStim = TextStim(__class__=<class 'psychopy.visual.text.TextStim'>, alignHoriz='center', alignVert='center', antialias=True, autoLog=True, bold=False, color='black', colorSpace='named', contrast=1.0, depth=0, flipHoriz=False, flipVert=False, font='', fontFiles=[], height=32, italic=False, name='unnamed TextStim', opacity=1.0, ori=0.0, pos=array([ -37., -111.]), rgb=array([0., 0., 0.]), text='BK', units='pix', win=Window(...), wrapWidth=500)
18.3490 	INFO 	using sysFont 
18.3497 	EXP 	Created unnamed TextStim = TextStim(__class__=<class 'psychopy.visual.text.TextStim'>, alignHoriz='center', alignVert='center', antialias=True, autoLog=True, bold=False, color='black', colorSpace='named', contrast=1.0, depth=0, flipHoriz=False, flipVert=False, font='', fontFiles=[], height=32, italic=False, name='unnamed TextStim', opacity=1.0, ori=0.0, pos=array([  37., -111.]), rgb=array([0., 0., 0.]), text='AA', units='pix', win=Window(...), wrapWidth=500)
18.3502 	INFO 	using sysFont 
18.3510 	EXP 	Created unnamed TextStim = TextStim(__class__=<class 'psychopy.visual.text.TextStim'>, alignHoriz='center', alignVert='center', antialias=True, autoLog=True, bold=False, color='black', colorSpace='named', contrast=1.0, depth=0, flipHoriz=False, flipVert=False, font='', fontFiles=[], height=32, italic=False, name='unnamed TextStim', opacity=1.0, ori=0.0, pos=array([ 111., -111.]), rgb=array([0., 0., 0.]), text='IJ', units='pix', win=Window(...), wrapWidth=500)
18.3515 	INFO 	using sysFont 
18.3523 	EXP 	Created unnamed TextStim = TextStim(__class__=<class 'psychopy.visual.text.TextStim'>, alignHoriz='center', alignVert='center', antialias=True, autoLog=True, bold=False, color='black', colorSpace='named', contrast=1.0, depth=0, flipHoriz=False, flipVert=False, font='', fontFiles=[], height=32, italic=False, name='unnamed TextStim', opacity=1.0, ori=0.0, pos=array([ 185., -111.]), rgb=array([0., 0., 0.]), text='ON', units='pix', win=Window(...), wrapWidth=500)
18.3529 	INFO 	using sysFont 
18.3536 	EXP 	Created unnamed TextStim = TextStim(__class__=<class 'psychopy.visual.text.TextStim'>, alignHoriz='center', alignVert='center', antialias=True, autoLog=True, bold=False, color='black', colorSpace='named', contrast=1.0, depth=0, flipHoriz=False, flipVert=False, font='', fontFiles=[], height=32, italic=False, name='unnamed TextStim', opacity=1.0, ori=0.0, pos=array([-185.,  -37.]), rgb=array([0., 0., 0.]), text='VH', units='pix', win=Window(...), wrapWidth=500)
18.3541 	INFO 	using sysFont 
18.3550 	EXP 	Created unnamed TextStim = TextStim(__class__=<class 'psychopy.visual.text.TextStim'>, alignHoriz='center', alignVert='center', antialias=True, autoLog=True, bold=False, color='black', colorSpace='named', contrast=1.0, depth=0, flipHoriz=False, flipVert=False, font='', fontFiles=[], height=32, italic=False, name='unnamed TextStim', opacity=1.0, ori=0.0, pos=array([-111.,  -37.]), rgb=array([0., 0., 0.]), text='GV', units='pix', win=Window(...), wrapWidth=500)
18.3555 	INFO 	using sysFont 
18.3563 	EXP 	Created unnamed TextStim = TextStim(__class__=<class 'psychopy.visual.text.TextStim'>, alignHoriz='center', alignVert='center', antialias=True, autoLog=True, bold=False, color='black', colorSpace='named', contrast=1.0, depth=0, flipHoriz=False, flipVert=False, font='', fontFiles=[], height=32, italic=False, name='unnamed TextStim', opacity=1.0, ori=0.0, pos=array([-37., -37.]), rgb=array([0., 0., 0.]), text='JO', units='pix', win=Window(...), wrapWidth=500)
18.3568 	INFO 	using sysFont 
18.3576 	EXP 	Created unnamed TextStim = TextStim(__class__=<class 'psychopy.visual.text.TextStim'>, alignHoriz='center', alignVert='center', antialias=True, autoLog=True, bold=False, color='black', colorSpace='named', contrast=1.0, depth=0, flipHoriz=False, flipVert=False, font='', fontFiles=[], height=32, italic=False, name='unnamed TextStim', opacity=1.0, ori=0.0, pos=array([ 37., -37.]), rgb=array([0., 0., 0.]), text='DB', units='pix', win=Window(...), wrapWidth=500)
18.3582 	INFO 	using sysFont 
18.3590 	EXP 	Created unnamed TextStim = TextStim(__class__=<class 'psychopy.visual.text.TextStim'>, alignHoriz='center', alignVert='center', antialias=True, autoLog=True, bold=False, color='black', colorSpace='named', contrast=1.0, depth=0, flipHoriz=False, flipVert=False, font='', fontFiles=[], height=32, italic=False, name='unnamed TextStim', opacity=1.0, ori=0.0, pos=array([111., -37.]), rgb=array([0., 0., 0.]), text='ZR', units='pix', win=Window(...), wrapWidth=500)
18.3595 	INFO 	using sysFont 
18.3603 	EXP 	Created unnamed TextStim = TextStim(__class__=<class 'psychopy.visual.text.TextStim'>, alignHoriz='center', alignVert='center', antialias=True, autoLog=True, bold=False, color='black', colorSpace='named', contrast=1.0, depth=0, flipHoriz=False, flipVert=False, font='', fontFiles=[], height=32, italic=False, name='unnamed TextStim', opacity=1.0, ori=0.0, pos=array([185., -37.]), rgb=array([0., 0., 0.]), text='PU', units='pix', win=Window(...), wrapWidth=500)
18.3608 	INFO 	using sysFont 
18.3616 	EXP 	Created unnamed TextStim = TextStim(__class__=<class 'psychopy.visual.text.TextStim'>, alignHoriz='center', alignVert='center', antialias=True, autoLog=True, bold=False, color='black', colorSpace='named', contrast=1.0, depth=0, flipHoriz=False, flipVert=False, font='', fontFiles=[], height=32, italic=False, name='unnamed TextStim', opacity=1.0, ori=0.0, pos=array([-185.,   37.]), rgb=array([0., 0., 0.]), text='NL', units='pix', win=Window(...), wrapWidth=500)
18.3621 	INFO 	using sysFont 
18.3629 	EXP 	Created unnamed TextStim = TextStim(__class__=<class 'psychopy.visual.text.TextStim'>, alignHoriz='center', alignVert='center', antialias=True, autoLog=True, bold=False, color='black', colorSpace='named', contrast=1.0, depth=0, flipHoriz=False, flipVert=False, font='', fontFiles=[], height=32, italic=False, name='unnamed TextStim', opacity=1.0, ori=0.0, pos=array([-111.,   37.]), rgb=array([0., 0., 0.]), text='EQ', units='pix', win=Window(...), wrapWidth=500)
18.3634 	INFO 	using sysFont 
18.3642 	EXP 	Created unnamed TextStim = TextStim(__class__=<class 'psychopy.visual.text.TextStim'>, alignHoriz='center', alignVert='center', antialias=True, autoLog=True, bold=False, color='black', colorSpace='named', contrast=1.0, depth=0, flipHoriz=False, flipVert=False, font='', fontFiles=[], height=32, italic=False, name='unnamed TextStim', opacity=1.0, ori=0.0, pos=array([-37.,  37.]), rgb=array([0., 0., 0.]), text='XY', units='pix', win=Window(...), wrapWidth=500)
18.3647 	INFO 	using sysFont 
18.3655 	EXP 	Created unnamed TextStim = TextStim(__class__=<class 'psychopy.visual.text.TextStim'>, alignHoriz='center', alignVert='center', antialias=True, autoLog=True, bold=False, color='black', colorSpace='named', contrast=1.0, depth=0, flipHoriz=False, flipVert=False, font='', fontFiles=[], height=32, italic=False, name='unnamed TextStim', opacity=1.0, ori=0.0, pos=array([37., 37.]), rgb=array([0., 0., 0.]), text='LN', units='pix', win=Window(...), wrapWidth=500)
18.3660 	INFO 	using sysFont 
18.3668 	EXP 	Created unnamed TextStim = TextStim(__class__=<class 'psychopy.visual.text.TextStim'>, alignHoriz='center', alignVert='center', antialias=True, autoLog=True, bold=False, color='black', colorSpace='named', contrast=1.0, depth=0, flipHoriz=False, flipVert=False, font='', fontFiles=[], height=32, italic=False, name='unnamed TextStim', opacity=1.0, ori=0.0, pos=array([111.,  37.]), rgb=array([0., 0., 0.]), text='XY', units='pix', win=Window(...), wrapWidth=500)
18.3673 	INFO 	using sysFont 
18.3682 	EXP 	Created unnamed TextStim = TextStim(__class__=<class 'psychopy.visual.text.TextStim'>, alignHoriz='center', alignVert='center', antialias=True, autoLog=True, bold=False, color='black', colorSpace='named', contrast=1.0, depth=0, flipHoriz=False, flipVert=False, font='', fontFiles=[], height=32, italic=False, name='unnamed TextStim', opacity=1.0, ori=0.0, pos=array([185.,  37.]), rgb=array([0., 0., 0.]), text='QC', units='pix', win=Window(...), wrapWidth=500)
18.3687 	INFO 	using sysFont 
18.3695 	EXP 	Created unnamed TextStim = TextStim(__class__=<class 'psychopy.visual.text.TextStim'>, alignHoriz='center', alignVert='center', antialias=True, autoLog=True, bold=False, color='black', colorSpace='named', contrast=1.0, depth=0, flipHoriz=False, flipVert=False, font='', fontFiles=[], height=32, italic=False, name='unnamed TextStim', opacity=1.0, ori=0.0, pos=array([-185.,  111.]), rgb=array([0., 0., 0.]), text='VL', units='pix', win=Window(...), wrapWidth=500)
18.3700 	INFO 	using sysFont 
18.3708 	EXP 	Created unnamed TextStim = TextStim(__class__=<class 'psychopy.visual.text.TextStim'>, alignHoriz='center', alignVert='center', antialias=True, autoLog=True, bold=False, color='black', colorSpace='named', contrast=1.0, depth=0, flipHoriz=False, flipVert=False, font='', fontFiles=[], height=32, italic=False, name='unnamed TextStim', opacity=1.0, ori=0.0, pos=array([-111.,  111.]), rgb=array([0., 0., 0.]), text='PD', units='pix', win=Window(...), wrapWidth=500)
18.3713 	INFO 	using sysFont 
18.3730 	EXP 	Created unnamed TextStim = TextStim(__class__=<class 'psychopy.visual.text.TextStim'>, alignHoriz='center', alignVert='center', antialias=True, autoLog=True, bold=False, color='black', colorSpace='named', contrast=1.0, depth=0, flipHoriz=False, flipVert=False, font='', fontFiles=[], height=32, italic=False, name='unnamed TextStim', opacity=1.0, ori=0.0, pos=array([-37., 111.]), rgb=array([0., 0., 0.]), text='KP', units='pix', win=Window(...), wrapWidth=500)
18.3735 	INFO 	using sysFont 
18.3743 	EXP 	Created unnamed TextStim = TextStim(__class__=<class 'psychopy.visual.text.TextStim'>, alignHoriz='center', alignVert='center', antialias=True, autoLog=True, bold=False, color='black', colorSpace='named', contrast=1.0, depth=0, flipHoriz=False, flipVert=False, font='', fontFiles=[], height=32, italic=False, name='unnamed TextStim', opacity=1.0, ori=0.0, pos=array([ 37., 111.]), rgb=array([0., 0., 0.]), text='GY', units='pix', win=Window(...), wrapWidth=500)
18.3748 	INFO 	using sysFont 
18.3756 	EXP 	Created unnamed TextStim = TextStim(__class__=<class 'psychopy.visual.text.TextStim'>, alignHoriz='center', alignVert='center', antialias=True, autoLog=True, bold=False, color='black', colorSpace='named', contrast=1.0, depth=0, flipHoriz=False, flipVert=False, font='', fontFiles=[], height=32, italic=False, name='unnamed TextStim', opacity=1.0, ori=0.0, pos=array([111., 111.]), rgb=array([0., 0., 0.]), text='FS', units='pix', win=Window(...), wrapWidth=500)
18.3761 	INFO 	using sysFont 
18.3770 	EXP 	Created unnamed TextStim = TextStim(__class__=<class 'psychopy.visual.text.TextStim'>, alignHoriz='center', alignVert='center', antialias=True, autoLog=True, bold=False, color='black', colorSpace='named', contrast=1.0, depth=0, flipHoriz=False, flipVert=False, font='', fontFiles=[], height=32, italic=False, name='unnamed TextStim', opacity=1.0, ori=0.0, pos=array([185., 111.]), rgb=array([0., 0., 0.]), text='VD', units='pix', win=Window(...), wrapWidth=500)
18.3775 	INFO 	using sysFont 
18.3784 	EXP 	Created unnamed TextStim = TextStim(__class__=<class 'psychopy.visual.text.TextStim'>, alignHoriz='center', alignVert='center', antialias=True, autoLog=True, bold=False, color='black', colorSpace='named', contrast=1.0, depth=0, flipHoriz=False, flipVert=False, font='', fontFiles=[], height=32, italic=False, name='unnamed TextStim', opacity=1.0, ori=0.0, pos=array([-185.,  185.]), rgb=array([0., 0., 0.]), text='AZ', units='pix', win=Window(...), wrapWidth=500)
18.3789 	INFO 	using sysFont 
18.3798 	EXP 	Created unnamed TextStim = TextStim(__class__=<class 'psychopy.visual.text.TextStim'>, alignHoriz='center', alignVert='center', antialias=True, autoLog=True, bold=False, color='black', colorSpace='named', contrast=1.0, depth=0, flipHoriz=False, flipVert=False, font='', fontFiles=[], height=32, italic=False, name='unnamed TextStim', opacity=1.0, ori=0.0, pos=array([-111.,  185.]), rgb=array([0., 0., 0.]), text='TU', units='pix', win=Window(...), wrapWidth=500)
18.3804 	INFO 	using sysFont 
18.3812 	EXP 	Created unnamed TextStim = TextStim(__class__=<class 'psychopy.visual.text.TextStim'>, alignHoriz='center', alignVert='center', antialias=True, autoLog=True, bold=False, color='black', colorSpace='named', contrast=1.0, depth=0, flipHoriz=False, flipVert=False, font='', fontFiles=[], height=32, italic=False, name='unnamed TextStim', opacity=1.0, ori=0.0, pos=array([-37., 185.]), rgb=array([0., 0., 0.]), text='JK', units='pix', win=Window(...), wrapWidth=500)
18.3818 	INFO 	using sysFont 
18.3826 	EXP 	Created unnamed TextStim = TextStim(__class__=<class 'psychopy.visual.text.TextStim'>, alignHoriz='center', alignVert='center', antialias=True, autoLog=True, bold=False, color='black', colorSpace='named', contrast=1.0, depth=0, flipHoriz=False, flipVert=False, font='', fontFiles=[], height=32, italic=False, name='unnamed TextStim', opacity=1.0, ori=0.0, pos=array([ 37., 185.]), rgb=array([0., 0., 0.]), text='QK', units='pix', win=Window(...), wrapWidth=500)
18.3831 	INFO 	using sysFont 
18.3840 	EXP 	Created unnamed TextStim = TextStim(__class__=<class 'psychopy.visual.text.TextStim'>, alignHoriz='center', alignVert='center', antialias=True, autoLog=True, bold=False, color='black', colorSpace='named', contrast=1.0, depth=0, flipHoriz=False, flipVert=False, font='', fontFiles=[], height=32, italic=False, name='unnamed TextStim', opacity=1.0, ori=0.0, pos=array([111., 185.]), rgb=array([0., 0., 0.]), text='BN', units='pix', win=Window(...), wrapWidth=500)
18.3845 	INFO 	using sysFont 
18.3853 	EXP 	Created unnamed TextStim = TextStim(__class__=<class 'psychopy.visual.text.TextStim'>, alignHoriz='center', alignVert='center', antialias=True, autoLog=True, bold=False, color='black', colorSpace='named', contrast=1.0, depth=0, flipHoriz=False, flipVert=False, font='', fontFiles=[], height=32, italic=False, name='unnamed TextStim', opacity=1.0, ori=0.0, pos=array([185., 185.]), rgb=array([0., 0., 0.]), text='WU', units='pix', win=Window(...), wrapWidth=500)
18.3859 	INFO 	using sysFont 
18.3867 	EXP 	Created unnamed TextStim = TextStim(__class__=<class 'psychopy.visual.text.TextStim'>, alignHoriz='center', alignVert='center', antialias=True, autoLog=True, bold=False, color='black', colorSpace='named', contrast=1.0, depth=0, flipHoriz=False, flipVert=False, font='', fontFiles=[], height=32, italic=False, name='unnamed TextStim', opacity=1.0, ori=0.0, pos=array([-185.,  259.]), rgb=array([0., 0., 0.]), text='JL', units='pix', win=Window(...), wrapWidth=500)
18.3872 	INFO 	using sysFont 
18.3881 	EXP 	Created unnamed TextStim = TextStim(__class__=<class 'psychopy.visual.text.TextStim'>, alignHoriz='center', alignVert='center', antialias=True, autoLog=True, bold=False, color='black', colorSpace='named', contrast=1.0, depth=0, flipHoriz=False, flipVert=False, font='', fontFiles=[], height=32, italic=False, name='unnamed TextStim', opacity=1.0, ori=0.0, pos=array([-111.,  259.]), rgb=array([0., 0., 0.]), text='SY', units='pix', win=Window(...), wrapWidth=500)
18.3886 	INFO 	using sysFont 
18.3894 	EXP 	Created unnamed TextStim = TextStim(__class__=<class 'psychopy.visual.text.TextStim'>, alignHoriz='center', alignVert='center', antialias=True, autoLog=True, bold=False, color='black', colorSpace='named', contrast=1.0, depth=0, flipHoriz=False, flipVert=False, font='', fontFiles=[], height=32, italic=False, name='unnamed TextStim', opacity=1.0, ori=0.0, pos=array([-37., 259.]), rgb=array([0., 0., 0.]), text='EH', units='pix', win=Window(...), wrapWidth=500)
18.3900 	INFO 	using sysFont 
18.3908 	EXP 	Created unnamed TextStim = TextStim(__class__=<class 'psychopy.visual.text.TextStim'>, alignHoriz='center', alignVert='center', antialias=True, autoLog=True, bold=False, color='black', colorSpace='named', contrast=1.0, depth=0, flipHoriz=False, flipVert=False, font='', fontFiles=[], height=32, italic=False, name='unnamed TextStim', opacity=1.0, ori=0.0, pos=array([ 37., 259.]), rgb=array([0., 0., 0.]), text='IY', units='pix', win=Window(...), wrapWidth=500)
18.3913 	INFO 	using sysFont 
18.3921 	EXP 	Created unnamed TextStim = TextStim(__class__=<class 'psychopy.visual.text.TextStim'>, alignHoriz='center', alignVert='center', antialias=True, autoLog=True, bold=False, color='black', colorSpace='named', contrast=1.0, depth=0, flipHoriz=False, flipVert=False, font='', fontFiles=[], height=32, italic=False, name='unnamed TextStim', opacity=1.0, ori=0.0, pos=array([111., 259.]), rgb=array([0., 0., 0.]), text='DS', units='pix', win=Window(...), wrapWidth=500)
18.3927 	INFO 	using sysFont 
18.3935 	EXP 	Created unnamed TextStim = TextStim(__class__=<class 'psychopy.visual.text.TextStim'>, alignHoriz='center', alignVert='center', antialias=True, autoLog=True, bold=False, color='black', colorSpace='named', contrast=1.0, depth=0, flipHoriz=False, flipVert=False, font='', fontFiles=[], height=32, italic=False, name='unnamed TextStim', opacity=1.0, ori=0.0, pos=array([185., 259.]), rgb=array([0., 0., 0.]), text='BW', units='pix', win=Window(...), wrapWidth=500)
18.4079 	EXP 	unnamed TextStim: autoDraw = True
18.4079 	EXP 	unnamed TextStim: autoDraw = True
18.4079 	EXP 	unnamed TextStim: autoDraw = True
18.4079 	EXP 	unnamed TextStim: autoDraw = True
18.4079 	EXP 	unnamed TextStim: autoDraw = True
18.4079 	EXP 	unnamed TextStim: autoDraw = True
18.4079 	EXP 	unnamed TextStim: autoDraw = True
18.4079 	EXP 	unnamed TextStim: autoDraw = True
18.4079 	EXP 	unnamed TextStim: autoDraw = True
18.4079 	EXP 	unnamed TextStim: autoDraw = True
18.4079 	EXP 	unnamed TextStim: autoDraw = True
18.4079 	EXP 	unnamed TextStim: autoDraw = True
18.4079 	EXP 	unnamed TextStim: autoDraw = True
18.4079 	EXP 	unnamed TextStim: autoDraw = True
18.4079 	EXP 	unnamed TextStim: autoDraw = True
18.4079 	EXP 	unnamed TextStim: autoDraw = True
18.4079 	EXP 	unnamed TextStim: autoDraw = True
18.4079 	EXP 	unnamed TextStim: autoDraw = True
18.4079 	EXP 	unnamed TextStim: autoDraw = True
18.4079 	EXP 	unnamed TextStim: autoDraw = True
18.4079 	EXP 	unnamed TextStim: autoDraw = True
18.4079 	EXP 	unnamed TextStim: autoDraw = True
18.4079 	EXP 	unnamed TextStim: autoDraw = True
18.4079 	EXP 	unnamed TextStim: autoDraw = True
18.4079 	EXP 	unnamed TextStim: autoDraw = True
18.4079 	EXP 	unnamed TextStim: autoDraw = True
18.4079 	EXP 	unnamed TextStim: autoDraw = True
18.4079 	EXP 	unnamed TextStim: autoDraw = True
18.4079 	EXP 	unnamed TextStim: autoDraw = True
18.4079 	EXP 	unnamed TextStim: autoDraw = True
18.4079 	EXP 	unnamed TextStim: autoDraw = True
18.4079 	EXP 	unnamed TextStim: autoDraw = True
18.4079 	EXP 	unnamed TextStim: autoDraw = True
18.4079 	EXP 	unnamed TextStim: autoDraw = True
18.4079 	EXP 	unnamed TextStim: autoDraw = True
18.4079 	EXP 	unnamed TextStim: autoDraw = True
18.4079 	EXP 	unnamed TextStim: autoDraw = True
24.1995 	EXP 	unnamed TextStim: autoDraw = False
24.1995 	EXP 	unnamed TextStim: autoDraw = False
24.1995 	EXP 	unnamed TextStim: autoDraw = False
24.1995 	EXP 	unnamed TextStim: autoDraw = False
24.1995 	EXP 	unnamed TextStim: autoDraw = False
24.1995 	EXP 	unnamed TextStim: autoDraw = False
24.1995 	EXP 	unnamed TextStim: autoDraw = False
24.1995 	EXP 	unnamed TextStim: autoDraw = False
24.1995 	EXP 	unnamed TextStim: autoDraw = False
24.1995 	EXP 	unnamed TextStim: autoDraw = False
24.1995 	EXP 	unnamed TextStim: autoDraw = False
24.1995 	EXP 	unnamed TextStim: autoDraw = False
24.1995 	EXP 	unnamed TextStim: autoDraw = False
24.1995 	EXP 	unnamed TextStim: autoDraw = False
24.1995 	EXP 	unnamed TextStim: autoDraw = False
24.1995 	EXP 	unnamed TextStim: autoDraw = False
24.1995 	EXP 	unnamed TextStim: autoDraw = False
24.1995 	EXP 	unnamed TextStim: autoDraw = False
24.1995 	EXP 	unnamed TextStim: autoDraw = False
24.1995 	EXP 	unnamed TextStim: autoDraw = False
24.1995 	EXP 	unnamed TextStim: autoDraw = False
24.1995 	EXP 	unnamed TextStim: autoDraw = False
24.1995 	EXP 	unnamed TextStim: autoDraw = False
24.1995 	EXP 	unnamed TextStim: autoDraw = False
24.1995 	EXP 	unnamed TextStim: autoDraw = False
24.1995 	EXP 	unnamed TextStim: autoDraw = False
24.1995 	EXP 	unnamed TextStim: autoDraw = False
24.1995 	EXP 	unnamed TextStim: autoDraw = False
24.1995 	EXP 	unnamed TextStim: autoDraw = False
24.1995 	EXP 	unnamed TextStim: autoDraw = False
24.1995 	EXP 	unnamed TextStim: autoDraw = False
24.1995 	EXP 	unnamed TextStim: autoDraw = False
24.1995 	EXP 	unnamed TextStim: autoDraw = False
24.1995 	EXP 	unnamed TextStim: autoDraw = False
24.1995 	EXP 	unnamed TextStim: autoDraw = False
24.1995 	EXP 	unnamed TextStim: autoDraw = False
24.1995 	EXP 	unnamed TextStim: autoDraw = False
25.2023 	INFO 	using sysFont Arial
25.2032 	EXP 	Created unnamed TextStim = TextStim(__class__=<class 'psychopy.visual.text.TextStim'>, alignHoriz='center', alignVert='center', antialias=True, autoLog=True, bold=False, color='black', colorSpace='named', contrast=1.0, depth=0, flipHoriz=False, flipVert=False, font='Arial', fontFiles=[], height=32, italic=False, name='unnamed TextStim', opacity=1.0, ori=0.0, pos=array([0., 0.]), rgb=array([0., 0., 0.]), text='end', units='pix', win=Window(...), wrapWidth=1920)
