2.0055 	INFO 	Screen res set as: 1920x1080
2.0062 	INFO 	Loaded monitor calibration from ['2018_09_18 09:28']
2.4796 	EXP 	Created window1 = Window(allowGUI=True, allowStencil=False, args=UNKNOWN, autoLog=True, bitsMode=UNKNOWN, blendMode='avg', color='Gainsboro', colorSpace='named', fullscr=UNKNOWN, gamma=None, kwargs=UNKNOWN, lms=UNKNOWN, monitor=<psychopy.monitors.calibTools.Monitor object at 0x7f8c8c081f28>, multiSample=False, name='window1', numSamples=2, pos=None, screen=0, size=array([1920, 1080]), stereo=False, units='pix', useFBO=False, useRetina=False, viewOri=0.0, viewPos=None, viewScale=None, waitBlanking=True, winType='pygame')
2.4796 	INFO 	Detected framerate: 30 frames per sec.
2.4797 	INFO 	Mouse: using default window
2.5059 	INFO 	using sysFont Arial
2.5083 	EXP 	Created unnamed TextStim = TextStim(__class__=<class 'psychopy.visual.text.TextStim'>, alignHoriz='center', alignVert='center', antialias=True, autoLog=True, bold=False, color='black', colorSpace='named', contrast=1.0, depth=0, flipHoriz=False, flipVert=False, font='Arial', fontFiles=[], height=32, italic=False, name='unnamed TextStim', opacity=1.0, ori=0.0, pos=array([   0., -300.]), rgb=array([0., 0., 0.]), text=str(...), units='pix', win=Window(...), wrapWidth=1920)
2.5089 	INFO 	using sysFont Arial
2.5095 	EXP 	Created unnamed TextStim = TextStim(__class__=<class 'psychopy.visual.text.TextStim'>, alignHoriz='center', alignVert='center', antialias=True, autoLog=True, bold=False, color='black', colorSpace='named', contrast=1.0, depth=0, flipHoriz=False, flipVert=False, font='Arial', fontFiles=[], height=32, italic=False, name='unnamed TextStim', opacity=1.0, ori=0.0, pos=array([0., 0.]), rgb=array([0., 0., 0.]), text='Wstęp', units='pix', win=Window(...), wrapWidth=1920)
3.3407 	INFO 	using sysFont 
3.3414 	EXP 	Created unnamed TextStim = TextStim(__class__=<class 'psychopy.visual.text.TextStim'>, alignHoriz='center', alignVert='center', antialias=True, autoLog=True, bold=False, color='black', colorSpace='named', contrast=1.0, depth=0, flipHoriz=False, flipVert=False, font='', fontFiles=[], height=32, italic=False, name='unnamed TextStim', opacity=1.0, ori=0.0, pos=array([-74.,   0.]), rgb=array([0., 0., 0.]), text='GU', units='pix', win=Window(...), wrapWidth=500)
3.3418 	INFO 	using sysFont 
3.3423 	EXP 	Created unnamed TextStim = TextStim(__class__=<class 'psychopy.visual.text.TextStim'>, alignHoriz='center', alignVert='center', antialias=True, autoLog=True, bold=False, color='black', colorSpace='named', contrast=1.0, depth=0, flipHoriz=False, flipVert=False, font='', fontFiles=[], height=32, italic=False, name='unnamed TextStim', opacity=1.0, ori=0.0, pos=array([0., 0.]), rgb=array([0., 0., 0.]), text='BF', units='pix', win=Window(...), wrapWidth=500)
3.3425 	INFO 	using sysFont 
3.3430 	EXP 	Created unnamed TextStim = TextStim(__class__=<class 'psychopy.visual.text.TextStim'>, alignHoriz='center', alignVert='center', antialias=True, autoLog=True, bold=False, color='black', colorSpace='named', contrast=1.0, depth=0, flipHoriz=False, flipVert=False, font='', fontFiles=[], height=32, italic=False, name='unnamed TextStim', opacity=1.0, ori=0.0, pos=array([74.,  0.]), rgb=array([0., 0., 0.]), text='OF', units='pix', win=Window(...), wrapWidth=500)
3.3433 	INFO 	using sysFont 
3.3448 	EXP 	Created unnamed TextStim = TextStim(__class__=<class 'psychopy.visual.text.TextStim'>, alignHoriz='center', alignVert='center', antialias=True, autoLog=True, bold=False, color='black', colorSpace='named', contrast=1.0, depth=0, flipHoriz=False, flipVert=False, font='', fontFiles=[], height=32, italic=False, name='unnamed TextStim', opacity=1.0, ori=0.0, pos=array([-74.        ,  49.33333333]), rgb=array([0., 0., 0.]), text='SP', units='pix', win=Window(...), wrapWidth=500)
3.3460 	INFO 	using sysFont 
3.3466 	EXP 	Created unnamed TextStim = TextStim(__class__=<class 'psychopy.visual.text.TextStim'>, alignHoriz='center', alignVert='center', antialias=True, autoLog=True, bold=False, color='black', colorSpace='named', contrast=1.0, depth=0, flipHoriz=False, flipVert=False, font='', fontFiles=[], height=32, italic=False, name='unnamed TextStim', opacity=1.0, ori=0.0, pos=array([ 0.        , 49.33333333]), rgb=array([0., 0., 0.]), text='PR', units='pix', win=Window(...), wrapWidth=500)
3.3470 	INFO 	using sysFont 
3.3474 	EXP 	Created unnamed TextStim = TextStim(__class__=<class 'psychopy.visual.text.TextStim'>, alignHoriz='center', alignVert='center', antialias=True, autoLog=True, bold=False, color='black', colorSpace='named', contrast=1.0, depth=0, flipHoriz=False, flipVert=False, font='', fontFiles=[], height=32, italic=False, name='unnamed TextStim', opacity=1.0, ori=0.0, pos=array([74.        , 49.33333333]), rgb=array([0., 0., 0.]), text='IR', units='pix', win=Window(...), wrapWidth=500)
3.3477 	INFO 	using sysFont 
3.3482 	EXP 	Created unnamed TextStim = TextStim(__class__=<class 'psychopy.visual.text.TextStim'>, alignHoriz='center', alignVert='center', antialias=True, autoLog=True, bold=False, color='black', colorSpace='named', contrast=1.0, depth=0, flipHoriz=False, flipVert=False, font='', fontFiles=[], height=32, italic=False, name='unnamed TextStim', opacity=1.0, ori=0.0, pos=array([-74.        ,  98.66666667]), rgb=array([0., 0., 0.]), text='TR', units='pix', win=Window(...), wrapWidth=500)
3.3485 	INFO 	using sysFont 
3.3490 	EXP 	Created unnamed TextStim = TextStim(__class__=<class 'psychopy.visual.text.TextStim'>, alignHoriz='center', alignVert='center', antialias=True, autoLog=True, bold=False, color='black', colorSpace='named', contrast=1.0, depth=0, flipHoriz=False, flipVert=False, font='', fontFiles=[], height=32, italic=False, name='unnamed TextStim', opacity=1.0, ori=0.0, pos=array([ 0.        , 98.66666667]), rgb=array([0., 0., 0.]), text='PF', units='pix', win=Window(...), wrapWidth=500)
3.3493 	INFO 	using sysFont 
3.3498 	EXP 	Created unnamed TextStim = TextStim(__class__=<class 'psychopy.visual.text.TextStim'>, alignHoriz='center', alignVert='center', antialias=True, autoLog=True, bold=False, color='black', colorSpace='named', contrast=1.0, depth=0, flipHoriz=False, flipVert=False, font='', fontFiles=[], height=32, italic=False, name='unnamed TextStim', opacity=1.0, ori=0.0, pos=array([74.        , 98.66666667]), rgb=array([0., 0., 0.]), text='ER', units='pix', win=Window(...), wrapWidth=500)
3.3522 	EXP 	unnamed TextStim: autoDraw = True
3.3522 	EXP 	unnamed TextStim: autoDraw = True
3.3522 	EXP 	unnamed TextStim: autoDraw = True
3.3522 	EXP 	unnamed TextStim: autoDraw = True
3.3522 	EXP 	unnamed TextStim: autoDraw = True
3.3522 	EXP 	unnamed TextStim: autoDraw = True
3.3522 	EXP 	unnamed TextStim: autoDraw = True
3.3522 	EXP 	unnamed TextStim: autoDraw = True
3.3522 	EXP 	unnamed TextStim: autoDraw = True
3.3522 	EXP 	unnamed TextStim: autoDraw = True
3.7627 	EXP 	unnamed TextStim: autoDraw = False
3.7627 	EXP 	unnamed TextStim: autoDraw = False
3.7627 	EXP 	unnamed TextStim: autoDraw = False
3.7627 	EXP 	unnamed TextStim: autoDraw = False
3.7627 	EXP 	unnamed TextStim: autoDraw = False
3.7627 	EXP 	unnamed TextStim: autoDraw = False
3.7627 	EXP 	unnamed TextStim: autoDraw = False
3.7627 	EXP 	unnamed TextStim: autoDraw = False
3.7627 	EXP 	unnamed TextStim: autoDraw = False
3.7627 	EXP 	unnamed TextStim: autoDraw = False
4.7652 	INFO 	using sysFont 
4.7657 	EXP 	Created unnamed TextStim = TextStim(__class__=<class 'psychopy.visual.text.TextStim'>, alignHoriz='center', alignVert='center', antialias=True, autoLog=True, bold=False, color='black', colorSpace='named', contrast=1.0, depth=0, flipHoriz=False, flipVert=False, font='', fontFiles=[], height=32, italic=False, name='unnamed TextStim', opacity=1.0, ori=0.0, pos=array([-74.,   0.]), rgb=array([0., 0., 0.]), text='PB', units='pix', win=Window(...), wrapWidth=500)
4.7659 	INFO 	using sysFont 
4.7663 	EXP 	Created unnamed TextStim = TextStim(__class__=<class 'psychopy.visual.text.TextStim'>, alignHoriz='center', alignVert='center', antialias=True, autoLog=True, bold=False, color='black', colorSpace='named', contrast=1.0, depth=0, flipHoriz=False, flipVert=False, font='', fontFiles=[], height=32, italic=False, name='unnamed TextStim', opacity=1.0, ori=0.0, pos=array([0., 0.]), rgb=array([0., 0., 0.]), text='AB', units='pix', win=Window(...), wrapWidth=500)
4.7666 	INFO 	using sysFont 
4.7669 	EXP 	Created unnamed TextStim = TextStim(__class__=<class 'psychopy.visual.text.TextStim'>, alignHoriz='center', alignVert='center', antialias=True, autoLog=True, bold=False, color='black', colorSpace='named', contrast=1.0, depth=0, flipHoriz=False, flipVert=False, font='', fontFiles=[], height=32, italic=False, name='unnamed TextStim', opacity=1.0, ori=0.0, pos=array([74.,  0.]), rgb=array([0., 0., 0.]), text='FE', units='pix', win=Window(...), wrapWidth=500)
4.7672 	INFO 	using sysFont 
4.7675 	EXP 	Created unnamed TextStim = TextStim(__class__=<class 'psychopy.visual.text.TextStim'>, alignHoriz='center', alignVert='center', antialias=True, autoLog=True, bold=False, color='black', colorSpace='named', contrast=1.0, depth=0, flipHoriz=False, flipVert=False, font='', fontFiles=[], height=32, italic=False, name='unnamed TextStim', opacity=1.0, ori=0.0, pos=array([-74.        ,  49.33333333]), rgb=array([0., 0., 0.]), text='OA', units='pix', win=Window(...), wrapWidth=500)
4.7678 	INFO 	using sysFont 
4.7681 	EXP 	Created unnamed TextStim = TextStim(__class__=<class 'psychopy.visual.text.TextStim'>, alignHoriz='center', alignVert='center', antialias=True, autoLog=True, bold=False, color='black', colorSpace='named', contrast=1.0, depth=0, flipHoriz=False, flipVert=False, font='', fontFiles=[], height=32, italic=False, name='unnamed TextStim', opacity=1.0, ori=0.0, pos=array([ 0.        , 49.33333333]), rgb=array([0., 0., 0.]), text='CA', units='pix', win=Window(...), wrapWidth=500)
4.7684 	INFO 	using sysFont 
4.7687 	EXP 	Created unnamed TextStim = TextStim(__class__=<class 'psychopy.visual.text.TextStim'>, alignHoriz='center', alignVert='center', antialias=True, autoLog=True, bold=False, color='black', colorSpace='named', contrast=1.0, depth=0, flipHoriz=False, flipVert=False, font='', fontFiles=[], height=32, italic=False, name='unnamed TextStim', opacity=1.0, ori=0.0, pos=array([74.        , 49.33333333]), rgb=array([0., 0., 0.]), text='TE', units='pix', win=Window(...), wrapWidth=500)
4.7690 	INFO 	using sysFont 
4.7693 	EXP 	Created unnamed TextStim = TextStim(__class__=<class 'psychopy.visual.text.TextStim'>, alignHoriz='center', alignVert='center', antialias=True, autoLog=True, bold=False, color='black', colorSpace='named', contrast=1.0, depth=0, flipHoriz=False, flipVert=False, font='', fontFiles=[], height=32, italic=False, name='unnamed TextStim', opacity=1.0, ori=0.0, pos=array([-74.        ,  98.66666667]), rgb=array([0., 0., 0.]), text='XA', units='pix', win=Window(...), wrapWidth=500)
4.7696 	INFO 	using sysFont 
4.7700 	EXP 	Created unnamed TextStim = TextStim(__class__=<class 'psychopy.visual.text.TextStim'>, alignHoriz='center', alignVert='center', antialias=True, autoLog=True, bold=False, color='black', colorSpace='named', contrast=1.0, depth=0, flipHoriz=False, flipVert=False, font='', fontFiles=[], height=32, italic=False, name='unnamed TextStim', opacity=1.0, ori=0.0, pos=array([ 0.        , 98.66666667]), rgb=array([0., 0., 0.]), text='CB', units='pix', win=Window(...), wrapWidth=500)
4.7702 	INFO 	using sysFont 
4.7706 	EXP 	Created unnamed TextStim = TextStim(__class__=<class 'psychopy.visual.text.TextStim'>, alignHoriz='center', alignVert='center', antialias=True, autoLog=True, bold=False, color='black', colorSpace='named', contrast=1.0, depth=0, flipHoriz=False, flipVert=False, font='', fontFiles=[], height=32, italic=False, name='unnamed TextStim', opacity=1.0, ori=0.0, pos=array([74.        , 98.66666667]), rgb=array([0., 0., 0.]), text='NB', units='pix', win=Window(...), wrapWidth=500)
4.7731 	EXP 	unnamed TextStim: autoDraw = True
4.7731 	EXP 	unnamed TextStim: autoDraw = True
4.7731 	EXP 	unnamed TextStim: autoDraw = True
4.7731 	EXP 	unnamed TextStim: autoDraw = True
4.7731 	EXP 	unnamed TextStim: autoDraw = True
4.7731 	EXP 	unnamed TextStim: autoDraw = True
4.7731 	EXP 	unnamed TextStim: autoDraw = True
4.7731 	EXP 	unnamed TextStim: autoDraw = True
4.7731 	EXP 	unnamed TextStim: autoDraw = True
4.7731 	EXP 	unnamed TextStim: autoDraw = True
5.1125 	EXP 	unnamed TextStim: autoDraw = False
5.1125 	EXP 	unnamed TextStim: autoDraw = False
5.1125 	EXP 	unnamed TextStim: autoDraw = False
5.1125 	EXP 	unnamed TextStim: autoDraw = False
5.1125 	EXP 	unnamed TextStim: autoDraw = False
5.1125 	EXP 	unnamed TextStim: autoDraw = False
5.1125 	EXP 	unnamed TextStim: autoDraw = False
5.1125 	EXP 	unnamed TextStim: autoDraw = False
5.1125 	EXP 	unnamed TextStim: autoDraw = False
5.1125 	EXP 	unnamed TextStim: autoDraw = False
6.1143 	INFO 	using sysFont Arial
6.1149 	EXP 	Created unnamed TextStim = TextStim(__class__=<class 'psychopy.visual.text.TextStim'>, alignHoriz='center', alignVert='center', antialias=True, autoLog=True, bold=False, color='black', colorSpace='named', contrast=1.0, depth=0, flipHoriz=False, flipVert=False, font='Arial', fontFiles=[], height=32, italic=False, name='unnamed TextStim', opacity=1.0, ori=0.0, pos=array([0., 0.]), rgb=array([0., 0., 0.]), text='Po treningu', units='pix', win=Window(...), wrapWidth=1920)
