3.1679 	INFO 	Screen res set as: 1920x1080
3.1689 	INFO 	Loaded monitor calibration from ['2018_09_18 09:28']
3.8655 	EXP 	Created window1 = Window(allowGUI=True, allowStencil=False, args=UNKNOWN, autoLog=True, bitsMode=UNKNOWN, blendMode='avg', color='Gainsboro', colorSpace='named', fullscr=UNKNOWN, gamma=None, kwargs=UNKNOWN, lms=UNKNOWN, monitor=<psychopy.monitors.calibTools.Monitor object at 0x7ff7541a7ef0>, multiSample=False, name='window1', numSamples=2, pos=None, screen=0, size=array([1920, 1080]), stereo=False, units='pix', useFBO=False, useRetina=False, viewOri=0.0, viewPos=None, viewScale=None, waitBlanking=True, winType='pygame')
3.8655 	INFO 	Detected framerate: 30 frames per sec.
3.8655 	INFO 	Mouse: using default window
3.9035 	INFO 	using sysFont Arial
3.9075 	EXP 	Created unnamed TextStim = TextStim(__class__=<class 'psychopy.visual.text.TextStim'>, alignHoriz='center', alignVert='center', antialias=True, autoLog=True, bold=False, color='black', colorSpace='named', contrast=1.0, depth=0, flipHoriz=False, flipVert=False, font='Arial', fontFiles=[], height=32, italic=False, name='unnamed TextStim', opacity=1.0, ori=0.0, pos=array([   0., -300.]), rgb=array([0., 0., 0.]), text=str(...), units='pix', win=Window(...), wrapWidth=1920)
3.9084 	INFO 	using sysFont Arial
3.9093 	EXP 	Created unnamed TextStim = TextStim(__class__=<class 'psychopy.visual.text.TextStim'>, alignHoriz='center', alignVert='center', antialias=True, autoLog=True, bold=False, color='black', colorSpace='named', contrast=1.0, depth=0, flipHoriz=False, flipVert=False, font='Arial', fontFiles=[], height=32, italic=False, name='unnamed TextStim', opacity=1.0, ori=0.0, pos=array([0., 0.]), rgb=array([0., 0., 0.]), text='Wstęp', units='pix', win=Window(...), wrapWidth=1920)
5.1478 	INFO 	using sysFont 
5.1492 	EXP 	Created unnamed TextStim = TextStim(__class__=<class 'psychopy.visual.text.TextStim'>, alignHoriz='center', alignVert='center', antialias=True, autoLog=True, bold=False, color='black', colorSpace='named', contrast=1.0, depth=0, flipHoriz=False, flipVert=False, font='', fontFiles=[], height=32, italic=False, name='unnamed TextStim', opacity=1.0, ori=0.0, pos=array([-74.,   0.]), rgb=array([0., 0., 0.]), text='OW', units='pix', win=Window(...), wrapWidth=500)
5.1500 	INFO 	using sysFont 
5.1513 	EXP 	Created unnamed TextStim = TextStim(__class__=<class 'psychopy.visual.text.TextStim'>, alignHoriz='center', alignVert='center', antialias=True, autoLog=True, bold=False, color='black', colorSpace='named', contrast=1.0, depth=0, flipHoriz=False, flipVert=False, font='', fontFiles=[], height=32, italic=False, name='unnamed TextStim', opacity=1.0, ori=0.0, pos=array([0., 0.]), rgb=array([0., 0., 0.]), text='GS', units='pix', win=Window(...), wrapWidth=500)
5.1521 	INFO 	using sysFont 
5.1532 	EXP 	Created unnamed TextStim = TextStim(__class__=<class 'psychopy.visual.text.TextStim'>, alignHoriz='center', alignVert='center', antialias=True, autoLog=True, bold=False, color='black', colorSpace='named', contrast=1.0, depth=0, flipHoriz=False, flipVert=False, font='', fontFiles=[], height=32, italic=False, name='unnamed TextStim', opacity=1.0, ori=0.0, pos=array([74.,  0.]), rgb=array([0., 0., 0.]), text='WW', units='pix', win=Window(...), wrapWidth=500)
5.1540 	INFO 	using sysFont 
5.1554 	EXP 	Created unnamed TextStim = TextStim(__class__=<class 'psychopy.visual.text.TextStim'>, alignHoriz='center', alignVert='center', antialias=True, autoLog=True, bold=False, color='black', colorSpace='named', contrast=1.0, depth=0, flipHoriz=False, flipVert=False, font='', fontFiles=[], height=32, italic=False, name='unnamed TextStim', opacity=1.0, ori=0.0, pos=array([-74.        ,  49.33333333]), rgb=array([0., 0., 0.]), text='QW', units='pix', win=Window(...), wrapWidth=500)
5.1562 	INFO 	using sysFont 
5.1575 	EXP 	Created unnamed TextStim = TextStim(__class__=<class 'psychopy.visual.text.TextStim'>, alignHoriz='center', alignVert='center', antialias=True, autoLog=True, bold=False, color='black', colorSpace='named', contrast=1.0, depth=0, flipHoriz=False, flipVert=False, font='', fontFiles=[], height=32, italic=False, name='unnamed TextStim', opacity=1.0, ori=0.0, pos=array([ 0.        , 49.33333333]), rgb=array([0., 0., 0.]), text='XC', units='pix', win=Window(...), wrapWidth=500)
5.1584 	INFO 	using sysFont 
5.1597 	EXP 	Created unnamed TextStim = TextStim(__class__=<class 'psychopy.visual.text.TextStim'>, alignHoriz='center', alignVert='center', antialias=True, autoLog=True, bold=False, color='black', colorSpace='named', contrast=1.0, depth=0, flipHoriz=False, flipVert=False, font='', fontFiles=[], height=32, italic=False, name='unnamed TextStim', opacity=1.0, ori=0.0, pos=array([74.        , 49.33333333]), rgb=array([0., 0., 0.]), text='GC', units='pix', win=Window(...), wrapWidth=500)
5.1605 	INFO 	using sysFont 
5.1618 	EXP 	Created unnamed TextStim = TextStim(__class__=<class 'psychopy.visual.text.TextStim'>, alignHoriz='center', alignVert='center', antialias=True, autoLog=True, bold=False, color='black', colorSpace='named', contrast=1.0, depth=0, flipHoriz=False, flipVert=False, font='', fontFiles=[], height=32, italic=False, name='unnamed TextStim', opacity=1.0, ori=0.0, pos=array([-74.        ,  98.66666667]), rgb=array([0., 0., 0.]), text='CC', units='pix', win=Window(...), wrapWidth=500)
5.1626 	INFO 	using sysFont 
5.1641 	EXP 	Created unnamed TextStim = TextStim(__class__=<class 'psychopy.visual.text.TextStim'>, alignHoriz='center', alignVert='center', antialias=True, autoLog=True, bold=False, color='black', colorSpace='named', contrast=1.0, depth=0, flipHoriz=False, flipVert=False, font='', fontFiles=[], height=32, italic=False, name='unnamed TextStim', opacity=1.0, ori=0.0, pos=array([ 0.        , 98.66666667]), rgb=array([0., 0., 0.]), text='OY', units='pix', win=Window(...), wrapWidth=500)
5.1649 	INFO 	using sysFont 
5.1663 	EXP 	Created unnamed TextStim = TextStim(__class__=<class 'psychopy.visual.text.TextStim'>, alignHoriz='center', alignVert='center', antialias=True, autoLog=True, bold=False, color='black', colorSpace='named', contrast=1.0, depth=0, flipHoriz=False, flipVert=False, font='', fontFiles=[], height=32, italic=False, name='unnamed TextStim', opacity=1.0, ori=0.0, pos=array([74.        , 98.66666667]), rgb=array([0., 0., 0.]), text='RC', units='pix', win=Window(...), wrapWidth=500)
5.1707 	EXP 	unnamed TextStim: autoDraw = True
5.1707 	EXP 	unnamed TextStim: autoDraw = True
5.1707 	EXP 	unnamed TextStim: autoDraw = True
5.1707 	EXP 	unnamed TextStim: autoDraw = True
5.1707 	EXP 	unnamed TextStim: autoDraw = True
5.1707 	EXP 	unnamed TextStim: autoDraw = True
5.1707 	EXP 	unnamed TextStim: autoDraw = True
5.1707 	EXP 	unnamed TextStim: autoDraw = True
5.1707 	EXP 	unnamed TextStim: autoDraw = True
5.1707 	EXP 	unnamed TextStim: autoDraw = True
5.5811 	EXP 	unnamed TextStim: autoDraw = False
5.5811 	EXP 	unnamed TextStim: autoDraw = False
5.5811 	EXP 	unnamed TextStim: autoDraw = False
5.5811 	EXP 	unnamed TextStim: autoDraw = False
5.5811 	EXP 	unnamed TextStim: autoDraw = False
5.5811 	EXP 	unnamed TextStim: autoDraw = False
5.5811 	EXP 	unnamed TextStim: autoDraw = False
5.5811 	EXP 	unnamed TextStim: autoDraw = False
5.5811 	EXP 	unnamed TextStim: autoDraw = False
5.5811 	EXP 	unnamed TextStim: autoDraw = False
6.5858 	INFO 	using sysFont 
6.5867 	EXP 	Created unnamed TextStim = TextStim(__class__=<class 'psychopy.visual.text.TextStim'>, alignHoriz='center', alignVert='center', antialias=True, autoLog=True, bold=False, color='black', colorSpace='named', contrast=1.0, depth=0, flipHoriz=False, flipVert=False, font='', fontFiles=[], height=32, italic=False, name='unnamed TextStim', opacity=1.0, ori=0.0, pos=array([-74.,   0.]), rgb=array([0., 0., 0.]), text='KH', units='pix', win=Window(...), wrapWidth=500)
6.5872 	INFO 	using sysFont 
6.5880 	EXP 	Created unnamed TextStim = TextStim(__class__=<class 'psychopy.visual.text.TextStim'>, alignHoriz='center', alignVert='center', antialias=True, autoLog=True, bold=False, color='black', colorSpace='named', contrast=1.0, depth=0, flipHoriz=False, flipVert=False, font='', fontFiles=[], height=32, italic=False, name='unnamed TextStim', opacity=1.0, ori=0.0, pos=array([0., 0.]), rgb=array([0., 0., 0.]), text='UC', units='pix', win=Window(...), wrapWidth=500)
6.5885 	INFO 	using sysFont 
6.5893 	EXP 	Created unnamed TextStim = TextStim(__class__=<class 'psychopy.visual.text.TextStim'>, alignHoriz='center', alignVert='center', antialias=True, autoLog=True, bold=False, color='black', colorSpace='named', contrast=1.0, depth=0, flipHoriz=False, flipVert=False, font='', fontFiles=[], height=32, italic=False, name='unnamed TextStim', opacity=1.0, ori=0.0, pos=array([74.,  0.]), rgb=array([0., 0., 0.]), text='SC', units='pix', win=Window(...), wrapWidth=500)
6.5898 	INFO 	using sysFont 
6.5906 	EXP 	Created unnamed TextStim = TextStim(__class__=<class 'psychopy.visual.text.TextStim'>, alignHoriz='center', alignVert='center', antialias=True, autoLog=True, bold=False, color='black', colorSpace='named', contrast=1.0, depth=0, flipHoriz=False, flipVert=False, font='', fontFiles=[], height=32, italic=False, name='unnamed TextStim', opacity=1.0, ori=0.0, pos=array([-74.        ,  49.33333333]), rgb=array([0., 0., 0.]), text='DH', units='pix', win=Window(...), wrapWidth=500)
6.5911 	INFO 	using sysFont 
6.5920 	EXP 	Created unnamed TextStim = TextStim(__class__=<class 'psychopy.visual.text.TextStim'>, alignHoriz='center', alignVert='center', antialias=True, autoLog=True, bold=False, color='black', colorSpace='named', contrast=1.0, depth=0, flipHoriz=False, flipVert=False, font='', fontFiles=[], height=32, italic=False, name='unnamed TextStim', opacity=1.0, ori=0.0, pos=array([ 0.        , 49.33333333]), rgb=array([0., 0., 0.]), text='NC', units='pix', win=Window(...), wrapWidth=500)
6.5924 	INFO 	using sysFont 
6.5932 	EXP 	Created unnamed TextStim = TextStim(__class__=<class 'psychopy.visual.text.TextStim'>, alignHoriz='center', alignVert='center', antialias=True, autoLog=True, bold=False, color='black', colorSpace='named', contrast=1.0, depth=0, flipHoriz=False, flipVert=False, font='', fontFiles=[], height=32, italic=False, name='unnamed TextStim', opacity=1.0, ori=0.0, pos=array([74.        , 49.33333333]), rgb=array([0., 0., 0.]), text='JH', units='pix', win=Window(...), wrapWidth=500)
6.5937 	INFO 	using sysFont 
6.5945 	EXP 	Created unnamed TextStim = TextStim(__class__=<class 'psychopy.visual.text.TextStim'>, alignHoriz='center', alignVert='center', antialias=True, autoLog=True, bold=False, color='black', colorSpace='named', contrast=1.0, depth=0, flipHoriz=False, flipVert=False, font='', fontFiles=[], height=32, italic=False, name='unnamed TextStim', opacity=1.0, ori=0.0, pos=array([-74.        ,  98.66666667]), rgb=array([0., 0., 0.]), text='KT', units='pix', win=Window(...), wrapWidth=500)
6.5950 	INFO 	using sysFont 
6.5958 	EXP 	Created unnamed TextStim = TextStim(__class__=<class 'psychopy.visual.text.TextStim'>, alignHoriz='center', alignVert='center', antialias=True, autoLog=True, bold=False, color='black', colorSpace='named', contrast=1.0, depth=0, flipHoriz=False, flipVert=False, font='', fontFiles=[], height=32, italic=False, name='unnamed TextStim', opacity=1.0, ori=0.0, pos=array([ 0.        , 98.66666667]), rgb=array([0., 0., 0.]), text='OI', units='pix', win=Window(...), wrapWidth=500)
6.5963 	INFO 	using sysFont 
6.5971 	EXP 	Created unnamed TextStim = TextStim(__class__=<class 'psychopy.visual.text.TextStim'>, alignHoriz='center', alignVert='center', antialias=True, autoLog=True, bold=False, color='black', colorSpace='named', contrast=1.0, depth=0, flipHoriz=False, flipVert=False, font='', fontFiles=[], height=32, italic=False, name='unnamed TextStim', opacity=1.0, ori=0.0, pos=array([74.        , 98.66666667]), rgb=array([0., 0., 0.]), text='LC', units='pix', win=Window(...), wrapWidth=500)
6.6009 	EXP 	unnamed TextStim: autoDraw = True
6.6009 	EXP 	unnamed TextStim: autoDraw = True
6.6009 	EXP 	unnamed TextStim: autoDraw = True
6.6009 	EXP 	unnamed TextStim: autoDraw = True
6.6009 	EXP 	unnamed TextStim: autoDraw = True
6.6009 	EXP 	unnamed TextStim: autoDraw = True
6.6009 	EXP 	unnamed TextStim: autoDraw = True
6.6009 	EXP 	unnamed TextStim: autoDraw = True
6.6009 	EXP 	unnamed TextStim: autoDraw = True
6.6009 	EXP 	unnamed TextStim: autoDraw = True
7.1971 	EXP 	unnamed TextStim: autoDraw = False
7.1971 	EXP 	unnamed TextStim: autoDraw = False
7.1971 	EXP 	unnamed TextStim: autoDraw = False
7.1971 	EXP 	unnamed TextStim: autoDraw = False
7.1971 	EXP 	unnamed TextStim: autoDraw = False
7.1971 	EXP 	unnamed TextStim: autoDraw = False
7.1971 	EXP 	unnamed TextStim: autoDraw = False
7.1971 	EXP 	unnamed TextStim: autoDraw = False
7.1971 	EXP 	unnamed TextStim: autoDraw = False
7.1971 	EXP 	unnamed TextStim: autoDraw = False
8.1992 	INFO 	using sysFont Arial
8.2004 	EXP 	Created unnamed TextStim = TextStim(__class__=<class 'psychopy.visual.text.TextStim'>, alignHoriz='center', alignVert='center', antialias=True, autoLog=True, bold=False, color='black', colorSpace='named', contrast=1.0, depth=0, flipHoriz=False, flipVert=False, font='Arial', fontFiles=[], height=32, italic=False, name='unnamed TextStim', opacity=1.0, ori=0.0, pos=array([0., 0.]), rgb=array([0., 0., 0.]), text='Po treningu', units='pix', win=Window(...), wrapWidth=1920)
8.5396 	INFO 	using sysFont 
8.5406 	EXP 	Created unnamed TextStim = TextStim(__class__=<class 'psychopy.visual.text.TextStim'>, alignHoriz='center', alignVert='center', antialias=True, autoLog=True, bold=False, color='black', colorSpace='named', contrast=1.0, depth=0, flipHoriz=False, flipVert=False, font='', fontFiles=[], height=32, italic=False, name='unnamed TextStim', opacity=1.0, ori=0.0, pos=array([-74.,   0.]), rgb=array([0., 0., 0.]), text='FA', units='pix', win=Window(...), wrapWidth=500)
8.5411 	INFO 	using sysFont 
8.5419 	EXP 	Created unnamed TextStim = TextStim(__class__=<class 'psychopy.visual.text.TextStim'>, alignHoriz='center', alignVert='center', antialias=True, autoLog=True, bold=False, color='black', colorSpace='named', contrast=1.0, depth=0, flipHoriz=False, flipVert=False, font='', fontFiles=[], height=32, italic=False, name='unnamed TextStim', opacity=1.0, ori=0.0, pos=array([0., 0.]), rgb=array([0., 0., 0.]), text='UY', units='pix', win=Window(...), wrapWidth=500)
8.5425 	INFO 	using sysFont 
8.5433 	EXP 	Created unnamed TextStim = TextStim(__class__=<class 'psychopy.visual.text.TextStim'>, alignHoriz='center', alignVert='center', antialias=True, autoLog=True, bold=False, color='black', colorSpace='named', contrast=1.0, depth=0, flipHoriz=False, flipVert=False, font='', fontFiles=[], height=32, italic=False, name='unnamed TextStim', opacity=1.0, ori=0.0, pos=array([74.,  0.]), rgb=array([0., 0., 0.]), text='EY', units='pix', win=Window(...), wrapWidth=500)
8.5438 	INFO 	using sysFont 
8.5447 	EXP 	Created unnamed TextStim = TextStim(__class__=<class 'psychopy.visual.text.TextStim'>, alignHoriz='center', alignVert='center', antialias=True, autoLog=True, bold=False, color='black', colorSpace='named', contrast=1.0, depth=0, flipHoriz=False, flipVert=False, font='', fontFiles=[], height=32, italic=False, name='unnamed TextStim', opacity=1.0, ori=0.0, pos=array([-74.        ,  49.33333333]), rgb=array([0., 0., 0.]), text='AN', units='pix', win=Window(...), wrapWidth=500)
8.5455 	INFO 	using sysFont 
8.5473 	EXP 	Created unnamed TextStim = TextStim(__class__=<class 'psychopy.visual.text.TextStim'>, alignHoriz='center', alignVert='center', antialias=True, autoLog=True, bold=False, color='black', colorSpace='named', contrast=1.0, depth=0, flipHoriz=False, flipVert=False, font='', fontFiles=[], height=32, italic=False, name='unnamed TextStim', opacity=1.0, ori=0.0, pos=array([ 0.        , 49.33333333]), rgb=array([0., 0., 0.]), text='NN', units='pix', win=Window(...), wrapWidth=500)
8.5478 	INFO 	using sysFont 
8.5486 	EXP 	Created unnamed TextStim = TextStim(__class__=<class 'psychopy.visual.text.TextStim'>, alignHoriz='center', alignVert='center', antialias=True, autoLog=True, bold=False, color='black', colorSpace='named', contrast=1.0, depth=0, flipHoriz=False, flipVert=False, font='', fontFiles=[], height=32, italic=False, name='unnamed TextStim', opacity=1.0, ori=0.0, pos=array([74.        , 49.33333333]), rgb=array([0., 0., 0.]), text='HW', units='pix', win=Window(...), wrapWidth=500)
8.5491 	INFO 	using sysFont 
8.5501 	EXP 	Created unnamed TextStim = TextStim(__class__=<class 'psychopy.visual.text.TextStim'>, alignHoriz='center', alignVert='center', antialias=True, autoLog=True, bold=False, color='black', colorSpace='named', contrast=1.0, depth=0, flipHoriz=False, flipVert=False, font='', fontFiles=[], height=32, italic=False, name='unnamed TextStim', opacity=1.0, ori=0.0, pos=array([-74.        ,  98.66666667]), rgb=array([0., 0., 0.]), text='SN', units='pix', win=Window(...), wrapWidth=500)
8.5506 	INFO 	using sysFont 
8.5514 	EXP 	Created unnamed TextStim = TextStim(__class__=<class 'psychopy.visual.text.TextStim'>, alignHoriz='center', alignVert='center', antialias=True, autoLog=True, bold=False, color='black', colorSpace='named', contrast=1.0, depth=0, flipHoriz=False, flipVert=False, font='', fontFiles=[], height=32, italic=False, name='unnamed TextStim', opacity=1.0, ori=0.0, pos=array([ 0.        , 98.66666667]), rgb=array([0., 0., 0.]), text='HN', units='pix', win=Window(...), wrapWidth=500)
8.5520 	INFO 	using sysFont 
8.5528 	EXP 	Created unnamed TextStim = TextStim(__class__=<class 'psychopy.visual.text.TextStim'>, alignHoriz='center', alignVert='center', antialias=True, autoLog=True, bold=False, color='black', colorSpace='named', contrast=1.0, depth=0, flipHoriz=False, flipVert=False, font='', fontFiles=[], height=32, italic=False, name='unnamed TextStim', opacity=1.0, ori=0.0, pos=array([74.        , 98.66666667]), rgb=array([0., 0., 0.]), text='NW', units='pix', win=Window(...), wrapWidth=500)
8.5563 	EXP 	unnamed TextStim: autoDraw = True
8.5563 	EXP 	unnamed TextStim: autoDraw = True
8.5563 	EXP 	unnamed TextStim: autoDraw = True
8.5563 	EXP 	unnamed TextStim: autoDraw = True
8.5563 	EXP 	unnamed TextStim: autoDraw = True
8.5563 	EXP 	unnamed TextStim: autoDraw = True
8.5563 	EXP 	unnamed TextStim: autoDraw = True
8.5563 	EXP 	unnamed TextStim: autoDraw = True
8.5563 	EXP 	unnamed TextStim: autoDraw = True
8.5563 	EXP 	unnamed TextStim: autoDraw = True
8.7969 	EXP 	unnamed TextStim: autoDraw = False
8.7969 	EXP 	unnamed TextStim: autoDraw = False
8.7969 	EXP 	unnamed TextStim: autoDraw = False
8.7969 	EXP 	unnamed TextStim: autoDraw = False
8.7969 	EXP 	unnamed TextStim: autoDraw = False
8.7969 	EXP 	unnamed TextStim: autoDraw = False
8.7969 	EXP 	unnamed TextStim: autoDraw = False
8.7969 	EXP 	unnamed TextStim: autoDraw = False
8.7969 	EXP 	unnamed TextStim: autoDraw = False
8.7969 	EXP 	unnamed TextStim: autoDraw = False
9.8061 	INFO 	using sysFont 
9.8070 	EXP 	Created unnamed TextStim = TextStim(__class__=<class 'psychopy.visual.text.TextStim'>, alignHoriz='center', alignVert='center', antialias=True, autoLog=True, bold=False, color='black', colorSpace='named', contrast=1.0, depth=0, flipHoriz=False, flipVert=False, font='', fontFiles=[], height=32, italic=False, name='unnamed TextStim', opacity=1.0, ori=0.0, pos=array([-74.,   0.]), rgb=array([0., 0., 0.]), text='HL', units='pix', win=Window(...), wrapWidth=500)
9.8075 	INFO 	using sysFont 
9.8083 	EXP 	Created unnamed TextStim = TextStim(__class__=<class 'psychopy.visual.text.TextStim'>, alignHoriz='center', alignVert='center', antialias=True, autoLog=True, bold=False, color='black', colorSpace='named', contrast=1.0, depth=0, flipHoriz=False, flipVert=False, font='', fontFiles=[], height=32, italic=False, name='unnamed TextStim', opacity=1.0, ori=0.0, pos=array([0., 0.]), rgb=array([0., 0., 0.]), text='JG', units='pix', win=Window(...), wrapWidth=500)
9.8088 	INFO 	using sysFont 
9.8097 	EXP 	Created unnamed TextStim = TextStim(__class__=<class 'psychopy.visual.text.TextStim'>, alignHoriz='center', alignVert='center', antialias=True, autoLog=True, bold=False, color='black', colorSpace='named', contrast=1.0, depth=0, flipHoriz=False, flipVert=False, font='', fontFiles=[], height=32, italic=False, name='unnamed TextStim', opacity=1.0, ori=0.0, pos=array([74.,  0.]), rgb=array([0., 0., 0.]), text='PG', units='pix', win=Window(...), wrapWidth=500)
9.8102 	INFO 	using sysFont 
9.8110 	EXP 	Created unnamed TextStim = TextStim(__class__=<class 'psychopy.visual.text.TextStim'>, alignHoriz='center', alignVert='center', antialias=True, autoLog=True, bold=False, color='black', colorSpace='named', contrast=1.0, depth=0, flipHoriz=False, flipVert=False, font='', fontFiles=[], height=32, italic=False, name='unnamed TextStim', opacity=1.0, ori=0.0, pos=array([-74.        ,  49.33333333]), rgb=array([0., 0., 0.]), text='TY', units='pix', win=Window(...), wrapWidth=500)
9.8114 	INFO 	using sysFont 
9.8123 	EXP 	Created unnamed TextStim = TextStim(__class__=<class 'psychopy.visual.text.TextStim'>, alignHoriz='center', alignVert='center', antialias=True, autoLog=True, bold=False, color='black', colorSpace='named', contrast=1.0, depth=0, flipHoriz=False, flipVert=False, font='', fontFiles=[], height=32, italic=False, name='unnamed TextStim', opacity=1.0, ori=0.0, pos=array([ 0.        , 49.33333333]), rgb=array([0., 0., 0.]), text='DY', units='pix', win=Window(...), wrapWidth=500)
9.8128 	INFO 	using sysFont 
9.8136 	EXP 	Created unnamed TextStim = TextStim(__class__=<class 'psychopy.visual.text.TextStim'>, alignHoriz='center', alignVert='center', antialias=True, autoLog=True, bold=False, color='black', colorSpace='named', contrast=1.0, depth=0, flipHoriz=False, flipVert=False, font='', fontFiles=[], height=32, italic=False, name='unnamed TextStim', opacity=1.0, ori=0.0, pos=array([74.        , 49.33333333]), rgb=array([0., 0., 0.]), text='TP', units='pix', win=Window(...), wrapWidth=500)
9.8141 	INFO 	using sysFont 
9.8149 	EXP 	Created unnamed TextStim = TextStim(__class__=<class 'psychopy.visual.text.TextStim'>, alignHoriz='center', alignVert='center', antialias=True, autoLog=True, bold=False, color='black', colorSpace='named', contrast=1.0, depth=0, flipHoriz=False, flipVert=False, font='', fontFiles=[], height=32, italic=False, name='unnamed TextStim', opacity=1.0, ori=0.0, pos=array([-74.        ,  98.66666667]), rgb=array([0., 0., 0.]), text='YY', units='pix', win=Window(...), wrapWidth=500)
9.8153 	INFO 	using sysFont 
9.8161 	EXP 	Created unnamed TextStim = TextStim(__class__=<class 'psychopy.visual.text.TextStim'>, alignHoriz='center', alignVert='center', antialias=True, autoLog=True, bold=False, color='black', colorSpace='named', contrast=1.0, depth=0, flipHoriz=False, flipVert=False, font='', fontFiles=[], height=32, italic=False, name='unnamed TextStim', opacity=1.0, ori=0.0, pos=array([ 0.        , 98.66666667]), rgb=array([0., 0., 0.]), text='JY', units='pix', win=Window(...), wrapWidth=500)
9.8166 	INFO 	using sysFont 
9.8174 	EXP 	Created unnamed TextStim = TextStim(__class__=<class 'psychopy.visual.text.TextStim'>, alignHoriz='center', alignVert='center', antialias=True, autoLog=True, bold=False, color='black', colorSpace='named', contrast=1.0, depth=0, flipHoriz=False, flipVert=False, font='', fontFiles=[], height=32, italic=False, name='unnamed TextStim', opacity=1.0, ori=0.0, pos=array([74.        , 98.66666667]), rgb=array([0., 0., 0.]), text='PP', units='pix', win=Window(...), wrapWidth=500)
9.8214 	EXP 	unnamed TextStim: autoDraw = True
9.8214 	EXP 	unnamed TextStim: autoDraw = True
9.8214 	EXP 	unnamed TextStim: autoDraw = True
9.8214 	EXP 	unnamed TextStim: autoDraw = True
9.8214 	EXP 	unnamed TextStim: autoDraw = True
9.8214 	EXP 	unnamed TextStim: autoDraw = True
9.8214 	EXP 	unnamed TextStim: autoDraw = True
9.8214 	EXP 	unnamed TextStim: autoDraw = True
9.8214 	EXP 	unnamed TextStim: autoDraw = True
9.8214 	EXP 	unnamed TextStim: autoDraw = True
10.0966 	EXP 	unnamed TextStim: autoDraw = False
10.0966 	EXP 	unnamed TextStim: autoDraw = False
10.0966 	EXP 	unnamed TextStim: autoDraw = False
10.0966 	EXP 	unnamed TextStim: autoDraw = False
10.0966 	EXP 	unnamed TextStim: autoDraw = False
10.0966 	EXP 	unnamed TextStim: autoDraw = False
10.0966 	EXP 	unnamed TextStim: autoDraw = False
10.0966 	EXP 	unnamed TextStim: autoDraw = False
10.0966 	EXP 	unnamed TextStim: autoDraw = False
10.0966 	EXP 	unnamed TextStim: autoDraw = False
11.1070 	INFO 	using sysFont 
11.1080 	EXP 	Created unnamed TextStim = TextStim(__class__=<class 'psychopy.visual.text.TextStim'>, alignHoriz='center', alignVert='center', antialias=True, autoLog=True, bold=False, color='black', colorSpace='named', contrast=1.0, depth=0, flipHoriz=False, flipVert=False, font='', fontFiles=[], height=32, italic=False, name='unnamed TextStim', opacity=1.0, ori=0.0, pos=array([-74.,   0.]), rgb=array([0., 0., 0.]), text='AF', units='pix', win=Window(...), wrapWidth=500)
11.1085 	INFO 	using sysFont 
11.1093 	EXP 	Created unnamed TextStim = TextStim(__class__=<class 'psychopy.visual.text.TextStim'>, alignHoriz='center', alignVert='center', antialias=True, autoLog=True, bold=False, color='black', colorSpace='named', contrast=1.0, depth=0, flipHoriz=False, flipVert=False, font='', fontFiles=[], height=32, italic=False, name='unnamed TextStim', opacity=1.0, ori=0.0, pos=array([0., 0.]), rgb=array([0., 0., 0.]), text='TO', units='pix', win=Window(...), wrapWidth=500)
11.1099 	INFO 	using sysFont 
11.1107 	EXP 	Created unnamed TextStim = TextStim(__class__=<class 'psychopy.visual.text.TextStim'>, alignHoriz='center', alignVert='center', antialias=True, autoLog=True, bold=False, color='black', colorSpace='named', contrast=1.0, depth=0, flipHoriz=False, flipVert=False, font='', fontFiles=[], height=32, italic=False, name='unnamed TextStim', opacity=1.0, ori=0.0, pos=array([74.,  0.]), rgb=array([0., 0., 0.]), text='MF', units='pix', win=Window(...), wrapWidth=500)
11.1112 	INFO 	using sysFont 
11.1122 	EXP 	Created unnamed TextStim = TextStim(__class__=<class 'psychopy.visual.text.TextStim'>, alignHoriz='center', alignVert='center', antialias=True, autoLog=True, bold=False, color='black', colorSpace='named', contrast=1.0, depth=0, flipHoriz=False, flipVert=False, font='', fontFiles=[], height=32, italic=False, name='unnamed TextStim', opacity=1.0, ori=0.0, pos=array([-74.        ,  49.33333333]), rgb=array([0., 0., 0.]), text='ZF', units='pix', win=Window(...), wrapWidth=500)
11.1127 	INFO 	using sysFont 
11.1135 	EXP 	Created unnamed TextStim = TextStim(__class__=<class 'psychopy.visual.text.TextStim'>, alignHoriz='center', alignVert='center', antialias=True, autoLog=True, bold=False, color='black', colorSpace='named', contrast=1.0, depth=0, flipHoriz=False, flipVert=False, font='', fontFiles=[], height=32, italic=False, name='unnamed TextStim', opacity=1.0, ori=0.0, pos=array([ 0.        , 49.33333333]), rgb=array([0., 0., 0.]), text='BE', units='pix', win=Window(...), wrapWidth=500)
11.1140 	INFO 	using sysFont 
11.1149 	EXP 	Created unnamed TextStim = TextStim(__class__=<class 'psychopy.visual.text.TextStim'>, alignHoriz='center', alignVert='center', antialias=True, autoLog=True, bold=False, color='black', colorSpace='named', contrast=1.0, depth=0, flipHoriz=False, flipVert=False, font='', fontFiles=[], height=32, italic=False, name='unnamed TextStim', opacity=1.0, ori=0.0, pos=array([74.        , 49.33333333]), rgb=array([0., 0., 0.]), text='EF', units='pix', win=Window(...), wrapWidth=500)
11.1154 	INFO 	using sysFont 
11.1162 	EXP 	Created unnamed TextStim = TextStim(__class__=<class 'psychopy.visual.text.TextStim'>, alignHoriz='center', alignVert='center', antialias=True, autoLog=True, bold=False, color='black', colorSpace='named', contrast=1.0, depth=0, flipHoriz=False, flipVert=False, font='', fontFiles=[], height=32, italic=False, name='unnamed TextStim', opacity=1.0, ori=0.0, pos=array([-74.        ,  98.66666667]), rgb=array([0., 0., 0.]), text='FE', units='pix', win=Window(...), wrapWidth=500)
11.1168 	INFO 	using sysFont 
11.1176 	EXP 	Created unnamed TextStim = TextStim(__class__=<class 'psychopy.visual.text.TextStim'>, alignHoriz='center', alignVert='center', antialias=True, autoLog=True, bold=False, color='black', colorSpace='named', contrast=1.0, depth=0, flipHoriz=False, flipVert=False, font='', fontFiles=[], height=32, italic=False, name='unnamed TextStim', opacity=1.0, ori=0.0, pos=array([ 0.        , 98.66666667]), rgb=array([0., 0., 0.]), text='QE', units='pix', win=Window(...), wrapWidth=500)
11.1181 	INFO 	using sysFont 
11.1191 	EXP 	Created unnamed TextStim = TextStim(__class__=<class 'psychopy.visual.text.TextStim'>, alignHoriz='center', alignVert='center', antialias=True, autoLog=True, bold=False, color='black', colorSpace='named', contrast=1.0, depth=0, flipHoriz=False, flipVert=False, font='', fontFiles=[], height=32, italic=False, name='unnamed TextStim', opacity=1.0, ori=0.0, pos=array([74.        , 98.66666667]), rgb=array([0., 0., 0.]), text='RP', units='pix', win=Window(...), wrapWidth=500)
11.1233 	EXP 	unnamed TextStim: autoDraw = True
11.1233 	EXP 	unnamed TextStim: autoDraw = True
11.1233 	EXP 	unnamed TextStim: autoDraw = True
11.1233 	EXP 	unnamed TextStim: autoDraw = True
11.1233 	EXP 	unnamed TextStim: autoDraw = True
11.1233 	EXP 	unnamed TextStim: autoDraw = True
11.1233 	EXP 	unnamed TextStim: autoDraw = True
11.1233 	EXP 	unnamed TextStim: autoDraw = True
11.1233 	EXP 	unnamed TextStim: autoDraw = True
11.1233 	EXP 	unnamed TextStim: autoDraw = True
11.3798 	EXP 	unnamed TextStim: autoDraw = False
11.3798 	EXP 	unnamed TextStim: autoDraw = False
11.3798 	EXP 	unnamed TextStim: autoDraw = False
11.3798 	EXP 	unnamed TextStim: autoDraw = False
11.3798 	EXP 	unnamed TextStim: autoDraw = False
11.3798 	EXP 	unnamed TextStim: autoDraw = False
11.3798 	EXP 	unnamed TextStim: autoDraw = False
11.3798 	EXP 	unnamed TextStim: autoDraw = False
11.3798 	EXP 	unnamed TextStim: autoDraw = False
11.3798 	EXP 	unnamed TextStim: autoDraw = False
12.3823 	INFO 	using sysFont Arial
12.3832 	EXP 	Created unnamed TextStim = TextStim(__class__=<class 'psychopy.visual.text.TextStim'>, alignHoriz='center', alignVert='center', antialias=True, autoLog=True, bold=False, color='black', colorSpace='named', contrast=1.0, depth=0, flipHoriz=False, flipVert=False, font='Arial', fontFiles=[], height=32, italic=False, name='unnamed TextStim', opacity=1.0, ori=0.0, pos=array([0., 0.]), rgb=array([0., 0., 0.]), text='end', units='pix', win=Window(...), wrapWidth=1920)
