2.6886 	INFO 	Screen res set as: 1920x1080
2.6896 	INFO 	Loaded monitor calibration from ['2018_09_18 09:28']
3.1344 	EXP 	Created window1 = Window(allowGUI=True, allowStencil=False, args=UNKNOWN, autoLog=True, bitsMode=UNKNOWN, blendMode='avg', color='Gainsboro', colorSpace='named', fullscr=UNKNOWN, gamma=None, kwargs=UNKNOWN, lms=UNKNOWN, monitor=<psychopy.monitors.calibTools.Monitor object at 0x7f037c19bef0>, multiSample=False, name='window1', numSamples=2, pos=None, screen=0, size=array([1920, 1080]), stereo=False, units='pix', useFBO=False, useRetina=False, viewOri=0.0, viewPos=None, viewScale=None, waitBlanking=True, winType='pygame')
3.1345 	INFO 	Detected framerate: 30 frames per sec.
3.1345 	INFO 	Mouse: using default window
3.1706 	INFO 	using sysFont Arial
3.1745 	EXP 	Created unnamed TextStim = TextStim(__class__=<class 'psychopy.visual.text.TextStim'>, alignHoriz='center', alignVert='center', antialias=True, autoLog=True, bold=False, color='black', colorSpace='named', contrast=1.0, depth=0, flipHoriz=False, flipVert=False, font='Arial', fontFiles=[], height=32, italic=False, name='unnamed TextStim', opacity=1.0, ori=0.0, pos=array([   0., -300.]), rgb=array([0., 0., 0.]), text=str(...), units='pix', win=Window(...), wrapWidth=1920)
3.1753 	INFO 	using sysFont Arial
3.1763 	EXP 	Created unnamed TextStim = TextStim(__class__=<class 'psychopy.visual.text.TextStim'>, alignHoriz='center', alignVert='center', antialias=True, autoLog=True, bold=False, color='black', colorSpace='named', contrast=1.0, depth=0, flipHoriz=False, flipVert=False, font='Arial', fontFiles=[], height=32, italic=False, name='unnamed TextStim', opacity=1.0, ori=0.0, pos=array([0., 0.]), rgb=array([0., 0., 0.]), text='Wstęp', units='pix', win=Window(...), wrapWidth=1920)
4.1667 	INFO 	using sysFont 
4.1678 	EXP 	Created unnamed TextStim = TextStim(__class__=<class 'psychopy.visual.text.TextStim'>, alignHoriz='center', alignVert='center', antialias=True, autoLog=True, bold=False, color='black', colorSpace='named', contrast=1.0, depth=0, flipHoriz=False, flipVert=False, font='', fontFiles=[], height=32, italic=False, name='unnamed TextStim', opacity=1.0, ori=0.0, pos=array([-74.,   0.]), rgb=array([0., 0., 0.]), text='LX', units='pix', win=Window(...), wrapWidth=500)
4.1684 	INFO 	using sysFont 
4.1692 	EXP 	Created unnamed TextStim = TextStim(__class__=<class 'psychopy.visual.text.TextStim'>, alignHoriz='center', alignVert='center', antialias=True, autoLog=True, bold=False, color='black', colorSpace='named', contrast=1.0, depth=0, flipHoriz=False, flipVert=False, font='', fontFiles=[], height=32, italic=False, name='unnamed TextStim', opacity=1.0, ori=0.0, pos=array([0., 0.]), rgb=array([0., 0., 0.]), text='CX', units='pix', win=Window(...), wrapWidth=500)
4.1697 	INFO 	using sysFont 
4.1706 	EXP 	Created unnamed TextStim = TextStim(__class__=<class 'psychopy.visual.text.TextStim'>, alignHoriz='center', alignVert='center', antialias=True, autoLog=True, bold=False, color='black', colorSpace='named', contrast=1.0, depth=0, flipHoriz=False, flipVert=False, font='', fontFiles=[], height=32, italic=False, name='unnamed TextStim', opacity=1.0, ori=0.0, pos=array([74.,  0.]), rgb=array([0., 0., 0.]), text='AY', units='pix', win=Window(...), wrapWidth=500)
4.1711 	INFO 	using sysFont 
4.1720 	EXP 	Created unnamed TextStim = TextStim(__class__=<class 'psychopy.visual.text.TextStim'>, alignHoriz='center', alignVert='center', antialias=True, autoLog=True, bold=False, color='black', colorSpace='named', contrast=1.0, depth=0, flipHoriz=False, flipVert=False, font='', fontFiles=[], height=32, italic=False, name='unnamed TextStim', opacity=1.0, ori=0.0, pos=array([-74.,  73.]), rgb=array([0., 0., 0.]), text='DJ', units='pix', win=Window(...), wrapWidth=500)
4.1727 	INFO 	using sysFont 
4.1735 	EXP 	Created unnamed TextStim = TextStim(__class__=<class 'psychopy.visual.text.TextStim'>, alignHoriz='center', alignVert='center', antialias=True, autoLog=True, bold=False, color='black', colorSpace='named', contrast=1.0, depth=0, flipHoriz=False, flipVert=False, font='', fontFiles=[], height=32, italic=False, name='unnamed TextStim', opacity=1.0, ori=0.0, pos=array([ 0., 73.]), rgb=array([0., 0., 0.]), text='WN', units='pix', win=Window(...), wrapWidth=500)
4.1741 	INFO 	using sysFont 
4.1751 	EXP 	Created unnamed TextStim = TextStim(__class__=<class 'psychopy.visual.text.TextStim'>, alignHoriz='center', alignVert='center', antialias=True, autoLog=True, bold=False, color='black', colorSpace='named', contrast=1.0, depth=0, flipHoriz=False, flipVert=False, font='', fontFiles=[], height=32, italic=False, name='unnamed TextStim', opacity=1.0, ori=0.0, pos=array([74., 73.]), rgb=array([0., 0., 0.]), text='ON', units='pix', win=Window(...), wrapWidth=500)
4.1757 	INFO 	using sysFont 
4.1766 	EXP 	Created unnamed TextStim = TextStim(__class__=<class 'psychopy.visual.text.TextStim'>, alignHoriz='center', alignVert='center', antialias=True, autoLog=True, bold=False, color='black', colorSpace='named', contrast=1.0, depth=0, flipHoriz=False, flipVert=False, font='', fontFiles=[], height=32, italic=False, name='unnamed TextStim', opacity=1.0, ori=0.0, pos=array([-74., 146.]), rgb=array([0., 0., 0.]), text='NJ', units='pix', win=Window(...), wrapWidth=500)
4.1772 	INFO 	using sysFont 
4.1780 	EXP 	Created unnamed TextStim = TextStim(__class__=<class 'psychopy.visual.text.TextStim'>, alignHoriz='center', alignVert='center', antialias=True, autoLog=True, bold=False, color='black', colorSpace='named', contrast=1.0, depth=0, flipHoriz=False, flipVert=False, font='', fontFiles=[], height=32, italic=False, name='unnamed TextStim', opacity=1.0, ori=0.0, pos=array([  0., 146.]), rgb=array([0., 0., 0.]), text='FN', units='pix', win=Window(...), wrapWidth=500)
4.1786 	INFO 	using sysFont 
4.1796 	EXP 	Created unnamed TextStim = TextStim(__class__=<class 'psychopy.visual.text.TextStim'>, alignHoriz='center', alignVert='center', antialias=True, autoLog=True, bold=False, color='black', colorSpace='named', contrast=1.0, depth=0, flipHoriz=False, flipVert=False, font='', fontFiles=[], height=32, italic=False, name='unnamed TextStim', opacity=1.0, ori=0.0, pos=array([ 74., 146.]), rgb=array([0., 0., 0.]), text='TN', units='pix', win=Window(...), wrapWidth=500)
4.1834 	EXP 	unnamed TextStim: autoDraw = True
4.1834 	EXP 	unnamed TextStim: autoDraw = True
4.1834 	EXP 	unnamed TextStim: autoDraw = True
4.1834 	EXP 	unnamed TextStim: autoDraw = True
4.1834 	EXP 	unnamed TextStim: autoDraw = True
4.1834 	EXP 	unnamed TextStim: autoDraw = True
4.1834 	EXP 	unnamed TextStim: autoDraw = True
4.1834 	EXP 	unnamed TextStim: autoDraw = True
4.1834 	EXP 	unnamed TextStim: autoDraw = True
4.1834 	EXP 	unnamed TextStim: autoDraw = True
6.5495 	EXP 	unnamed TextStim: autoDraw = False
6.5495 	EXP 	unnamed TextStim: autoDraw = False
6.5495 	EXP 	unnamed TextStim: autoDraw = False
6.5495 	EXP 	unnamed TextStim: autoDraw = False
6.5495 	EXP 	unnamed TextStim: autoDraw = False
6.5495 	EXP 	unnamed TextStim: autoDraw = False
6.5495 	EXP 	unnamed TextStim: autoDraw = False
6.5495 	EXP 	unnamed TextStim: autoDraw = False
6.5495 	EXP 	unnamed TextStim: autoDraw = False
6.5495 	EXP 	unnamed TextStim: autoDraw = False
7.5639 	INFO 	using sysFont 
7.5649 	EXP 	Created unnamed TextStim = TextStim(__class__=<class 'psychopy.visual.text.TextStim'>, alignHoriz='center', alignVert='center', antialias=True, autoLog=True, bold=False, color='black', colorSpace='named', contrast=1.0, depth=0, flipHoriz=False, flipVert=False, font='', fontFiles=[], height=32, italic=False, name='unnamed TextStim', opacity=1.0, ori=0.0, pos=array([-74.,   0.]), rgb=array([0., 0., 0.]), text='TK', units='pix', win=Window(...), wrapWidth=500)
7.5654 	INFO 	using sysFont 
7.5662 	EXP 	Created unnamed TextStim = TextStim(__class__=<class 'psychopy.visual.text.TextStim'>, alignHoriz='center', alignVert='center', antialias=True, autoLog=True, bold=False, color='black', colorSpace='named', contrast=1.0, depth=0, flipHoriz=False, flipVert=False, font='', fontFiles=[], height=32, italic=False, name='unnamed TextStim', opacity=1.0, ori=0.0, pos=array([0., 0.]), rgb=array([0., 0., 0.]), text='CZ', units='pix', win=Window(...), wrapWidth=500)
7.5667 	INFO 	using sysFont 
7.5675 	EXP 	Created unnamed TextStim = TextStim(__class__=<class 'psychopy.visual.text.TextStim'>, alignHoriz='center', alignVert='center', antialias=True, autoLog=True, bold=False, color='black', colorSpace='named', contrast=1.0, depth=0, flipHoriz=False, flipVert=False, font='', fontFiles=[], height=32, italic=False, name='unnamed TextStim', opacity=1.0, ori=0.0, pos=array([74.,  0.]), rgb=array([0., 0., 0.]), text='EK', units='pix', win=Window(...), wrapWidth=500)
7.5680 	INFO 	using sysFont 
7.5688 	EXP 	Created unnamed TextStim = TextStim(__class__=<class 'psychopy.visual.text.TextStim'>, alignHoriz='center', alignVert='center', antialias=True, autoLog=True, bold=False, color='black', colorSpace='named', contrast=1.0, depth=0, flipHoriz=False, flipVert=False, font='', fontFiles=[], height=32, italic=False, name='unnamed TextStim', opacity=1.0, ori=0.0, pos=array([-74.,  73.]), rgb=array([0., 0., 0.]), text='SZ', units='pix', win=Window(...), wrapWidth=500)
7.5693 	INFO 	using sysFont 
7.5702 	EXP 	Created unnamed TextStim = TextStim(__class__=<class 'psychopy.visual.text.TextStim'>, alignHoriz='center', alignVert='center', antialias=True, autoLog=True, bold=False, color='black', colorSpace='named', contrast=1.0, depth=0, flipHoriz=False, flipVert=False, font='', fontFiles=[], height=32, italic=False, name='unnamed TextStim', opacity=1.0, ori=0.0, pos=array([ 0., 73.]), rgb=array([0., 0., 0.]), text='GB', units='pix', win=Window(...), wrapWidth=500)
7.5707 	INFO 	using sysFont 
7.5715 	EXP 	Created unnamed TextStim = TextStim(__class__=<class 'psychopy.visual.text.TextStim'>, alignHoriz='center', alignVert='center', antialias=True, autoLog=True, bold=False, color='black', colorSpace='named', contrast=1.0, depth=0, flipHoriz=False, flipVert=False, font='', fontFiles=[], height=32, italic=False, name='unnamed TextStim', opacity=1.0, ori=0.0, pos=array([74., 73.]), rgb=array([0., 0., 0.]), text='UZ', units='pix', win=Window(...), wrapWidth=500)
7.5721 	INFO 	using sysFont 
7.5729 	EXP 	Created unnamed TextStim = TextStim(__class__=<class 'psychopy.visual.text.TextStim'>, alignHoriz='center', alignVert='center', antialias=True, autoLog=True, bold=False, color='black', colorSpace='named', contrast=1.0, depth=0, flipHoriz=False, flipVert=False, font='', fontFiles=[], height=32, italic=False, name='unnamed TextStim', opacity=1.0, ori=0.0, pos=array([-74., 146.]), rgb=array([0., 0., 0.]), text='ZK', units='pix', win=Window(...), wrapWidth=500)
7.5734 	INFO 	using sysFont 
7.5742 	EXP 	Created unnamed TextStim = TextStim(__class__=<class 'psychopy.visual.text.TextStim'>, alignHoriz='center', alignVert='center', antialias=True, autoLog=True, bold=False, color='black', colorSpace='named', contrast=1.0, depth=0, flipHoriz=False, flipVert=False, font='', fontFiles=[], height=32, italic=False, name='unnamed TextStim', opacity=1.0, ori=0.0, pos=array([  0., 146.]), rgb=array([0., 0., 0.]), text='VZ', units='pix', win=Window(...), wrapWidth=500)
7.5747 	INFO 	using sysFont 
7.5756 	EXP 	Created unnamed TextStim = TextStim(__class__=<class 'psychopy.visual.text.TextStim'>, alignHoriz='center', alignVert='center', antialias=True, autoLog=True, bold=False, color='black', colorSpace='named', contrast=1.0, depth=0, flipHoriz=False, flipVert=False, font='', fontFiles=[], height=32, italic=False, name='unnamed TextStim', opacity=1.0, ori=0.0, pos=array([ 74., 146.]), rgb=array([0., 0., 0.]), text='XZ', units='pix', win=Window(...), wrapWidth=500)
7.5795 	EXP 	unnamed TextStim: autoDraw = True
7.5795 	EXP 	unnamed TextStim: autoDraw = True
7.5795 	EXP 	unnamed TextStim: autoDraw = True
7.5795 	EXP 	unnamed TextStim: autoDraw = True
7.5795 	EXP 	unnamed TextStim: autoDraw = True
7.5795 	EXP 	unnamed TextStim: autoDraw = True
7.5795 	EXP 	unnamed TextStim: autoDraw = True
7.5795 	EXP 	unnamed TextStim: autoDraw = True
7.5795 	EXP 	unnamed TextStim: autoDraw = True
7.5795 	EXP 	unnamed TextStim: autoDraw = True
8.1325 	EXP 	unnamed TextStim: autoDraw = False
8.1325 	EXP 	unnamed TextStim: autoDraw = False
8.1325 	EXP 	unnamed TextStim: autoDraw = False
8.1325 	EXP 	unnamed TextStim: autoDraw = False
8.1325 	EXP 	unnamed TextStim: autoDraw = False
8.1325 	EXP 	unnamed TextStim: autoDraw = False
8.1325 	EXP 	unnamed TextStim: autoDraw = False
8.1325 	EXP 	unnamed TextStim: autoDraw = False
8.1325 	EXP 	unnamed TextStim: autoDraw = False
8.1325 	EXP 	unnamed TextStim: autoDraw = False
9.1348 	INFO 	using sysFont Arial
9.1360 	EXP 	Created unnamed TextStim = TextStim(__class__=<class 'psychopy.visual.text.TextStim'>, alignHoriz='center', alignVert='center', antialias=True, autoLog=True, bold=False, color='black', colorSpace='named', contrast=1.0, depth=0, flipHoriz=False, flipVert=False, font='Arial', fontFiles=[], height=32, italic=False, name='unnamed TextStim', opacity=1.0, ori=0.0, pos=array([0., 0.]), rgb=array([0., 0., 0.]), text='Po treningu', units='pix', win=Window(...), wrapWidth=1920)
10.1153 	INFO 	using sysFont 
10.1163 	EXP 	Created unnamed TextStim = TextStim(__class__=<class 'psychopy.visual.text.TextStim'>, alignHoriz='center', alignVert='center', antialias=True, autoLog=True, bold=False, color='black', colorSpace='named', contrast=1.0, depth=0, flipHoriz=False, flipVert=False, font='', fontFiles=[], height=32, italic=False, name='unnamed TextStim', opacity=1.0, ori=0.0, pos=array([-74.,   0.]), rgb=array([0., 0., 0.]), text='VX', units='pix', win=Window(...), wrapWidth=500)
10.1170 	INFO 	using sysFont 
10.1178 	EXP 	Created unnamed TextStim = TextStim(__class__=<class 'psychopy.visual.text.TextStim'>, alignHoriz='center', alignVert='center', antialias=True, autoLog=True, bold=False, color='black', colorSpace='named', contrast=1.0, depth=0, flipHoriz=False, flipVert=False, font='', fontFiles=[], height=32, italic=False, name='unnamed TextStim', opacity=1.0, ori=0.0, pos=array([0., 0.]), rgb=array([0., 0., 0.]), text='GV', units='pix', win=Window(...), wrapWidth=500)
10.1183 	INFO 	using sysFont 
10.1192 	EXP 	Created unnamed TextStim = TextStim(__class__=<class 'psychopy.visual.text.TextStim'>, alignHoriz='center', alignVert='center', antialias=True, autoLog=True, bold=False, color='black', colorSpace='named', contrast=1.0, depth=0, flipHoriz=False, flipVert=False, font='', fontFiles=[], height=32, italic=False, name='unnamed TextStim', opacity=1.0, ori=0.0, pos=array([74.,  0.]), rgb=array([0., 0., 0.]), text='JX', units='pix', win=Window(...), wrapWidth=500)
10.1197 	INFO 	using sysFont 
10.1205 	EXP 	Created unnamed TextStim = TextStim(__class__=<class 'psychopy.visual.text.TextStim'>, alignHoriz='center', alignVert='center', antialias=True, autoLog=True, bold=False, color='black', colorSpace='named', contrast=1.0, depth=0, flipHoriz=False, flipVert=False, font='', fontFiles=[], height=32, italic=False, name='unnamed TextStim', opacity=1.0, ori=0.0, pos=array([148.,   0.]), rgb=array([0., 0., 0.]), text='LL', units='pix', win=Window(...), wrapWidth=500)
10.1211 	INFO 	using sysFont 
10.1220 	EXP 	Created unnamed TextStim = TextStim(__class__=<class 'psychopy.visual.text.TextStim'>, alignHoriz='center', alignVert='center', antialias=True, autoLog=True, bold=False, color='black', colorSpace='named', contrast=1.0, depth=0, flipHoriz=False, flipVert=False, font='', fontFiles=[], height=32, italic=False, name='unnamed TextStim', opacity=1.0, ori=0.0, pos=array([-74.,  73.]), rgb=array([0., 0., 0.]), text='DC', units='pix', win=Window(...), wrapWidth=500)
10.1225 	INFO 	using sysFont 
10.1234 	EXP 	Created unnamed TextStim = TextStim(__class__=<class 'psychopy.visual.text.TextStim'>, alignHoriz='center', alignVert='center', antialias=True, autoLog=True, bold=False, color='black', colorSpace='named', contrast=1.0, depth=0, flipHoriz=False, flipVert=False, font='', fontFiles=[], height=32, italic=False, name='unnamed TextStim', opacity=1.0, ori=0.0, pos=array([ 0., 73.]), rgb=array([0., 0., 0.]), text='LW', units='pix', win=Window(...), wrapWidth=500)
10.1239 	INFO 	using sysFont 
10.1248 	EXP 	Created unnamed TextStim = TextStim(__class__=<class 'psychopy.visual.text.TextStim'>, alignHoriz='center', alignVert='center', antialias=True, autoLog=True, bold=False, color='black', colorSpace='named', contrast=1.0, depth=0, flipHoriz=False, flipVert=False, font='', fontFiles=[], height=32, italic=False, name='unnamed TextStim', opacity=1.0, ori=0.0, pos=array([74., 73.]), rgb=array([0., 0., 0.]), text='OM', units='pix', win=Window(...), wrapWidth=500)
10.1254 	INFO 	using sysFont 
10.1262 	EXP 	Created unnamed TextStim = TextStim(__class__=<class 'psychopy.visual.text.TextStim'>, alignHoriz='center', alignVert='center', antialias=True, autoLog=True, bold=False, color='black', colorSpace='named', contrast=1.0, depth=0, flipHoriz=False, flipVert=False, font='', fontFiles=[], height=32, italic=False, name='unnamed TextStim', opacity=1.0, ori=0.0, pos=array([148.,  73.]), rgb=array([0., 0., 0.]), text='IM', units='pix', win=Window(...), wrapWidth=500)
10.1267 	INFO 	using sysFont 
10.1276 	EXP 	Created unnamed TextStim = TextStim(__class__=<class 'psychopy.visual.text.TextStim'>, alignHoriz='center', alignVert='center', antialias=True, autoLog=True, bold=False, color='black', colorSpace='named', contrast=1.0, depth=0, flipHoriz=False, flipVert=False, font='', fontFiles=[], height=32, italic=False, name='unnamed TextStim', opacity=1.0, ori=0.0, pos=array([-74., 146.]), rgb=array([0., 0., 0.]), text='HX', units='pix', win=Window(...), wrapWidth=500)
10.1281 	INFO 	using sysFont 
10.1290 	EXP 	Created unnamed TextStim = TextStim(__class__=<class 'psychopy.visual.text.TextStim'>, alignHoriz='center', alignVert='center', antialias=True, autoLog=True, bold=False, color='black', colorSpace='named', contrast=1.0, depth=0, flipHoriz=False, flipVert=False, font='', fontFiles=[], height=32, italic=False, name='unnamed TextStim', opacity=1.0, ori=0.0, pos=array([  0., 146.]), rgb=array([0., 0., 0.]), text='ED', units='pix', win=Window(...), wrapWidth=500)
10.1297 	INFO 	using sysFont 
10.1305 	EXP 	Created unnamed TextStim = TextStim(__class__=<class 'psychopy.visual.text.TextStim'>, alignHoriz='center', alignVert='center', antialias=True, autoLog=True, bold=False, color='black', colorSpace='named', contrast=1.0, depth=0, flipHoriz=False, flipVert=False, font='', fontFiles=[], height=32, italic=False, name='unnamed TextStim', opacity=1.0, ori=0.0, pos=array([ 74., 146.]), rgb=array([0., 0., 0.]), text='IX', units='pix', win=Window(...), wrapWidth=500)
10.1311 	INFO 	using sysFont 
10.1319 	EXP 	Created unnamed TextStim = TextStim(__class__=<class 'psychopy.visual.text.TextStim'>, alignHoriz='center', alignVert='center', antialias=True, autoLog=True, bold=False, color='black', colorSpace='named', contrast=1.0, depth=0, flipHoriz=False, flipVert=False, font='', fontFiles=[], height=32, italic=False, name='unnamed TextStim', opacity=1.0, ori=0.0, pos=array([148., 146.]), rgb=array([0., 0., 0.]), text='ZI', units='pix', win=Window(...), wrapWidth=500)
10.1325 	INFO 	using sysFont 
10.1334 	EXP 	Created unnamed TextStim = TextStim(__class__=<class 'psychopy.visual.text.TextStim'>, alignHoriz='center', alignVert='center', antialias=True, autoLog=True, bold=False, color='black', colorSpace='named', contrast=1.0, depth=0, flipHoriz=False, flipVert=False, font='', fontFiles=[], height=32, italic=False, name='unnamed TextStim', opacity=1.0, ori=0.0, pos=array([-74., 219.]), rgb=array([0., 0., 0.]), text='KL', units='pix', win=Window(...), wrapWidth=500)
10.1340 	INFO 	using sysFont 
10.1348 	EXP 	Created unnamed TextStim = TextStim(__class__=<class 'psychopy.visual.text.TextStim'>, alignHoriz='center', alignVert='center', antialias=True, autoLog=True, bold=False, color='black', colorSpace='named', contrast=1.0, depth=0, flipHoriz=False, flipVert=False, font='', fontFiles=[], height=32, italic=False, name='unnamed TextStim', opacity=1.0, ori=0.0, pos=array([  0., 219.]), rgb=array([0., 0., 0.]), text='BW', units='pix', win=Window(...), wrapWidth=500)
10.1354 	INFO 	using sysFont 
10.1363 	EXP 	Created unnamed TextStim = TextStim(__class__=<class 'psychopy.visual.text.TextStim'>, alignHoriz='center', alignVert='center', antialias=True, autoLog=True, bold=False, color='black', colorSpace='named', contrast=1.0, depth=0, flipHoriz=False, flipVert=False, font='', fontFiles=[], height=32, italic=False, name='unnamed TextStim', opacity=1.0, ori=0.0, pos=array([ 74., 219.]), rgb=array([0., 0., 0.]), text='RL', units='pix', win=Window(...), wrapWidth=500)
10.1369 	INFO 	using sysFont 
10.1379 	EXP 	Created unnamed TextStim = TextStim(__class__=<class 'psychopy.visual.text.TextStim'>, alignHoriz='center', alignVert='center', antialias=True, autoLog=True, bold=False, color='black', colorSpace='named', contrast=1.0, depth=0, flipHoriz=False, flipVert=False, font='', fontFiles=[], height=32, italic=False, name='unnamed TextStim', opacity=1.0, ori=0.0, pos=array([148., 219.]), rgb=array([0., 0., 0.]), text='QE', units='pix', win=Window(...), wrapWidth=500)
10.1430 	EXP 	unnamed TextStim: autoDraw = True
10.1430 	EXP 	unnamed TextStim: autoDraw = True
10.1430 	EXP 	unnamed TextStim: autoDraw = True
10.1430 	EXP 	unnamed TextStim: autoDraw = True
10.1430 	EXP 	unnamed TextStim: autoDraw = True
10.1430 	EXP 	unnamed TextStim: autoDraw = True
10.1430 	EXP 	unnamed TextStim: autoDraw = True
10.1430 	EXP 	unnamed TextStim: autoDraw = True
10.1430 	EXP 	unnamed TextStim: autoDraw = True
10.1430 	EXP 	unnamed TextStim: autoDraw = True
10.1430 	EXP 	unnamed TextStim: autoDraw = True
10.1430 	EXP 	unnamed TextStim: autoDraw = True
10.1430 	EXP 	unnamed TextStim: autoDraw = True
10.1430 	EXP 	unnamed TextStim: autoDraw = True
10.1430 	EXP 	unnamed TextStim: autoDraw = True
10.1430 	EXP 	unnamed TextStim: autoDraw = True
10.1430 	EXP 	unnamed TextStim: autoDraw = True
11.1486 	EXP 	unnamed TextStim: autoDraw = False
11.1486 	EXP 	unnamed TextStim: autoDraw = False
11.1486 	EXP 	unnamed TextStim: autoDraw = False
11.1486 	EXP 	unnamed TextStim: autoDraw = False
11.1486 	EXP 	unnamed TextStim: autoDraw = False
11.1486 	EXP 	unnamed TextStim: autoDraw = False
11.1486 	EXP 	unnamed TextStim: autoDraw = False
11.1486 	EXP 	unnamed TextStim: autoDraw = False
11.1486 	EXP 	unnamed TextStim: autoDraw = False
11.1486 	EXP 	unnamed TextStim: autoDraw = False
11.1486 	EXP 	unnamed TextStim: autoDraw = False
11.1486 	EXP 	unnamed TextStim: autoDraw = False
11.1486 	EXP 	unnamed TextStim: autoDraw = False
11.1486 	EXP 	unnamed TextStim: autoDraw = False
11.1486 	EXP 	unnamed TextStim: autoDraw = False
11.1486 	EXP 	unnamed TextStim: autoDraw = False
11.1486 	EXP 	unnamed TextStim: autoDraw = False
12.1765 	INFO 	using sysFont 
12.1774 	EXP 	Created unnamed TextStim = TextStim(__class__=<class 'psychopy.visual.text.TextStim'>, alignHoriz='center', alignVert='center', antialias=True, autoLog=True, bold=False, color='black', colorSpace='named', contrast=1.0, depth=0, flipHoriz=False, flipVert=False, font='', fontFiles=[], height=32, italic=False, name='unnamed TextStim', opacity=1.0, ori=0.0, pos=array([-74.,   0.]), rgb=array([0., 0., 0.]), text='GQ', units='pix', win=Window(...), wrapWidth=500)
12.1780 	INFO 	using sysFont 
12.1787 	EXP 	Created unnamed TextStim = TextStim(__class__=<class 'psychopy.visual.text.TextStim'>, alignHoriz='center', alignVert='center', antialias=True, autoLog=True, bold=False, color='black', colorSpace='named', contrast=1.0, depth=0, flipHoriz=False, flipVert=False, font='', fontFiles=[], height=32, italic=False, name='unnamed TextStim', opacity=1.0, ori=0.0, pos=array([0., 0.]), rgb=array([0., 0., 0.]), text='LF', units='pix', win=Window(...), wrapWidth=500)
12.1792 	INFO 	using sysFont 
12.1800 	EXP 	Created unnamed TextStim = TextStim(__class__=<class 'psychopy.visual.text.TextStim'>, alignHoriz='center', alignVert='center', antialias=True, autoLog=True, bold=False, color='black', colorSpace='named', contrast=1.0, depth=0, flipHoriz=False, flipVert=False, font='', fontFiles=[], height=32, italic=False, name='unnamed TextStim', opacity=1.0, ori=0.0, pos=array([74.,  0.]), rgb=array([0., 0., 0.]), text='NV', units='pix', win=Window(...), wrapWidth=500)
12.1805 	INFO 	using sysFont 
12.1814 	EXP 	Created unnamed TextStim = TextStim(__class__=<class 'psychopy.visual.text.TextStim'>, alignHoriz='center', alignVert='center', antialias=True, autoLog=True, bold=False, color='black', colorSpace='named', contrast=1.0, depth=0, flipHoriz=False, flipVert=False, font='', fontFiles=[], height=32, italic=False, name='unnamed TextStim', opacity=1.0, ori=0.0, pos=array([148.,   0.]), rgb=array([0., 0., 0.]), text='FQ', units='pix', win=Window(...), wrapWidth=500)
12.1819 	INFO 	using sysFont 
12.1827 	EXP 	Created unnamed TextStim = TextStim(__class__=<class 'psychopy.visual.text.TextStim'>, alignHoriz='center', alignVert='center', antialias=True, autoLog=True, bold=False, color='black', colorSpace='named', contrast=1.0, depth=0, flipHoriz=False, flipVert=False, font='', fontFiles=[], height=32, italic=False, name='unnamed TextStim', opacity=1.0, ori=0.0, pos=array([222.,   0.]), rgb=array([0., 0., 0.]), text='WA', units='pix', win=Window(...), wrapWidth=500)
12.1832 	INFO 	using sysFont 
12.1840 	EXP 	Created unnamed TextStim = TextStim(__class__=<class 'psychopy.visual.text.TextStim'>, alignHoriz='center', alignVert='center', antialias=True, autoLog=True, bold=False, color='black', colorSpace='named', contrast=1.0, depth=0, flipHoriz=False, flipVert=False, font='', fontFiles=[], height=32, italic=False, name='unnamed TextStim', opacity=1.0, ori=0.0, pos=array([-74.,  73.]), rgb=array([0., 0., 0.]), text='JD', units='pix', win=Window(...), wrapWidth=500)
12.1845 	INFO 	using sysFont 
12.1854 	EXP 	Created unnamed TextStim = TextStim(__class__=<class 'psychopy.visual.text.TextStim'>, alignHoriz='center', alignVert='center', antialias=True, autoLog=True, bold=False, color='black', colorSpace='named', contrast=1.0, depth=0, flipHoriz=False, flipVert=False, font='', fontFiles=[], height=32, italic=False, name='unnamed TextStim', opacity=1.0, ori=0.0, pos=array([ 0., 73.]), rgb=array([0., 0., 0.]), text='XJ', units='pix', win=Window(...), wrapWidth=500)
12.1859 	INFO 	using sysFont 
12.1867 	EXP 	Created unnamed TextStim = TextStim(__class__=<class 'psychopy.visual.text.TextStim'>, alignHoriz='center', alignVert='center', antialias=True, autoLog=True, bold=False, color='black', colorSpace='named', contrast=1.0, depth=0, flipHoriz=False, flipVert=False, font='', fontFiles=[], height=32, italic=False, name='unnamed TextStim', opacity=1.0, ori=0.0, pos=array([74., 73.]), rgb=array([0., 0., 0.]), text='DQ', units='pix', win=Window(...), wrapWidth=500)
12.1873 	INFO 	using sysFont 
12.1881 	EXP 	Created unnamed TextStim = TextStim(__class__=<class 'psychopy.visual.text.TextStim'>, alignHoriz='center', alignVert='center', antialias=True, autoLog=True, bold=False, color='black', colorSpace='named', contrast=1.0, depth=0, flipHoriz=False, flipVert=False, font='', fontFiles=[], height=32, italic=False, name='unnamed TextStim', opacity=1.0, ori=0.0, pos=array([148.,  73.]), rgb=array([0., 0., 0.]), text='TG', units='pix', win=Window(...), wrapWidth=500)
12.1886 	INFO 	using sysFont 
12.1894 	EXP 	Created unnamed TextStim = TextStim(__class__=<class 'psychopy.visual.text.TextStim'>, alignHoriz='center', alignVert='center', antialias=True, autoLog=True, bold=False, color='black', colorSpace='named', contrast=1.0, depth=0, flipHoriz=False, flipVert=False, font='', fontFiles=[], height=32, italic=False, name='unnamed TextStim', opacity=1.0, ori=0.0, pos=array([222.,  73.]), rgb=array([0., 0., 0.]), text='HQ', units='pix', win=Window(...), wrapWidth=500)
12.1899 	INFO 	using sysFont 
12.1908 	EXP 	Created unnamed TextStim = TextStim(__class__=<class 'psychopy.visual.text.TextStim'>, alignHoriz='center', alignVert='center', antialias=True, autoLog=True, bold=False, color='black', colorSpace='named', contrast=1.0, depth=0, flipHoriz=False, flipVert=False, font='', fontFiles=[], height=32, italic=False, name='unnamed TextStim', opacity=1.0, ori=0.0, pos=array([-74., 146.]), rgb=array([0., 0., 0.]), text='RB', units='pix', win=Window(...), wrapWidth=500)
12.1913 	INFO 	using sysFont 
12.1921 	EXP 	Created unnamed TextStim = TextStim(__class__=<class 'psychopy.visual.text.TextStim'>, alignHoriz='center', alignVert='center', antialias=True, autoLog=True, bold=False, color='black', colorSpace='named', contrast=1.0, depth=0, flipHoriz=False, flipVert=False, font='', fontFiles=[], height=32, italic=False, name='unnamed TextStim', opacity=1.0, ori=0.0, pos=array([  0., 146.]), rgb=array([0., 0., 0.]), text='YB', units='pix', win=Window(...), wrapWidth=500)
12.1927 	INFO 	using sysFont 
12.1935 	EXP 	Created unnamed TextStim = TextStim(__class__=<class 'psychopy.visual.text.TextStim'>, alignHoriz='center', alignVert='center', antialias=True, autoLog=True, bold=False, color='black', colorSpace='named', contrast=1.0, depth=0, flipHoriz=False, flipVert=False, font='', fontFiles=[], height=32, italic=False, name='unnamed TextStim', opacity=1.0, ori=0.0, pos=array([ 74., 146.]), rgb=array([0., 0., 0.]), text='DB', units='pix', win=Window(...), wrapWidth=500)
12.1940 	INFO 	using sysFont 
12.1948 	EXP 	Created unnamed TextStim = TextStim(__class__=<class 'psychopy.visual.text.TextStim'>, alignHoriz='center', alignVert='center', antialias=True, autoLog=True, bold=False, color='black', colorSpace='named', contrast=1.0, depth=0, flipHoriz=False, flipVert=False, font='', fontFiles=[], height=32, italic=False, name='unnamed TextStim', opacity=1.0, ori=0.0, pos=array([148., 146.]), rgb=array([0., 0., 0.]), text='DT', units='pix', win=Window(...), wrapWidth=500)
12.1953 	INFO 	using sysFont 
12.1961 	EXP 	Created unnamed TextStim = TextStim(__class__=<class 'psychopy.visual.text.TextStim'>, alignHoriz='center', alignVert='center', antialias=True, autoLog=True, bold=False, color='black', colorSpace='named', contrast=1.0, depth=0, flipHoriz=False, flipVert=False, font='', fontFiles=[], height=32, italic=False, name='unnamed TextStim', opacity=1.0, ori=0.0, pos=array([222., 146.]), rgb=array([0., 0., 0.]), text='BA', units='pix', win=Window(...), wrapWidth=500)
12.1966 	INFO 	using sysFont 
12.1974 	EXP 	Created unnamed TextStim = TextStim(__class__=<class 'psychopy.visual.text.TextStim'>, alignHoriz='center', alignVert='center', antialias=True, autoLog=True, bold=False, color='black', colorSpace='named', contrast=1.0, depth=0, flipHoriz=False, flipVert=False, font='', fontFiles=[], height=32, italic=False, name='unnamed TextStim', opacity=1.0, ori=0.0, pos=array([-74., 219.]), rgb=array([0., 0., 0.]), text='WZ', units='pix', win=Window(...), wrapWidth=500)
12.1980 	INFO 	using sysFont 
12.1988 	EXP 	Created unnamed TextStim = TextStim(__class__=<class 'psychopy.visual.text.TextStim'>, alignHoriz='center', alignVert='center', antialias=True, autoLog=True, bold=False, color='black', colorSpace='named', contrast=1.0, depth=0, flipHoriz=False, flipVert=False, font='', fontFiles=[], height=32, italic=False, name='unnamed TextStim', opacity=1.0, ori=0.0, pos=array([  0., 219.]), rgb=array([0., 0., 0.]), text='EJ', units='pix', win=Window(...), wrapWidth=500)
12.1994 	INFO 	using sysFont 
12.2002 	EXP 	Created unnamed TextStim = TextStim(__class__=<class 'psychopy.visual.text.TextStim'>, alignHoriz='center', alignVert='center', antialias=True, autoLog=True, bold=False, color='black', colorSpace='named', contrast=1.0, depth=0, flipHoriz=False, flipVert=False, font='', fontFiles=[], height=32, italic=False, name='unnamed TextStim', opacity=1.0, ori=0.0, pos=array([ 74., 219.]), rgb=array([0., 0., 0.]), text='PO', units='pix', win=Window(...), wrapWidth=500)
12.2008 	INFO 	using sysFont 
12.2016 	EXP 	Created unnamed TextStim = TextStim(__class__=<class 'psychopy.visual.text.TextStim'>, alignHoriz='center', alignVert='center', antialias=True, autoLog=True, bold=False, color='black', colorSpace='named', contrast=1.0, depth=0, flipHoriz=False, flipVert=False, font='', fontFiles=[], height=32, italic=False, name='unnamed TextStim', opacity=1.0, ori=0.0, pos=array([148., 219.]), rgb=array([0., 0., 0.]), text='AJ', units='pix', win=Window(...), wrapWidth=500)
12.2022 	INFO 	using sysFont 
12.2030 	EXP 	Created unnamed TextStim = TextStim(__class__=<class 'psychopy.visual.text.TextStim'>, alignHoriz='center', alignVert='center', antialias=True, autoLog=True, bold=False, color='black', colorSpace='named', contrast=1.0, depth=0, flipHoriz=False, flipVert=False, font='', fontFiles=[], height=32, italic=False, name='unnamed TextStim', opacity=1.0, ori=0.0, pos=array([222., 219.]), rgb=array([0., 0., 0.]), text='HR', units='pix', win=Window(...), wrapWidth=500)
12.2035 	INFO 	using sysFont 
12.2053 	EXP 	Created unnamed TextStim = TextStim(__class__=<class 'psychopy.visual.text.TextStim'>, alignHoriz='center', alignVert='center', antialias=True, autoLog=True, bold=False, color='black', colorSpace='named', contrast=1.0, depth=0, flipHoriz=False, flipVert=False, font='', fontFiles=[], height=32, italic=False, name='unnamed TextStim', opacity=1.0, ori=0.0, pos=array([-74., 292.]), rgb=array([0., 0., 0.]), text='TD', units='pix', win=Window(...), wrapWidth=500)
12.2058 	INFO 	using sysFont 
12.2066 	EXP 	Created unnamed TextStim = TextStim(__class__=<class 'psychopy.visual.text.TextStim'>, alignHoriz='center', alignVert='center', antialias=True, autoLog=True, bold=False, color='black', colorSpace='named', contrast=1.0, depth=0, flipHoriz=False, flipVert=False, font='', fontFiles=[], height=32, italic=False, name='unnamed TextStim', opacity=1.0, ori=0.0, pos=array([  0., 292.]), rgb=array([0., 0., 0.]), text='BB', units='pix', win=Window(...), wrapWidth=500)
12.2072 	INFO 	using sysFont 
12.2080 	EXP 	Created unnamed TextStim = TextStim(__class__=<class 'psychopy.visual.text.TextStim'>, alignHoriz='center', alignVert='center', antialias=True, autoLog=True, bold=False, color='black', colorSpace='named', contrast=1.0, depth=0, flipHoriz=False, flipVert=False, font='', fontFiles=[], height=32, italic=False, name='unnamed TextStim', opacity=1.0, ori=0.0, pos=array([ 74., 292.]), rgb=array([0., 0., 0.]), text='HO', units='pix', win=Window(...), wrapWidth=500)
12.2086 	INFO 	using sysFont 
12.2094 	EXP 	Created unnamed TextStim = TextStim(__class__=<class 'psychopy.visual.text.TextStim'>, alignHoriz='center', alignVert='center', antialias=True, autoLog=True, bold=False, color='black', colorSpace='named', contrast=1.0, depth=0, flipHoriz=False, flipVert=False, font='', fontFiles=[], height=32, italic=False, name='unnamed TextStim', opacity=1.0, ori=0.0, pos=array([148., 292.]), rgb=array([0., 0., 0.]), text='JQ', units='pix', win=Window(...), wrapWidth=500)
12.2099 	INFO 	using sysFont 
12.2108 	EXP 	Created unnamed TextStim = TextStim(__class__=<class 'psychopy.visual.text.TextStim'>, alignHoriz='center', alignVert='center', antialias=True, autoLog=True, bold=False, color='black', colorSpace='named', contrast=1.0, depth=0, flipHoriz=False, flipVert=False, font='', fontFiles=[], height=32, italic=False, name='unnamed TextStim', opacity=1.0, ori=0.0, pos=array([222., 292.]), rgb=array([0., 0., 0.]), text='UD', units='pix', win=Window(...), wrapWidth=500)
12.2182 	EXP 	unnamed TextStim: autoDraw = True
12.2182 	EXP 	unnamed TextStim: autoDraw = True
12.2182 	EXP 	unnamed TextStim: autoDraw = True
12.2182 	EXP 	unnamed TextStim: autoDraw = True
12.2182 	EXP 	unnamed TextStim: autoDraw = True
12.2182 	EXP 	unnamed TextStim: autoDraw = True
12.2182 	EXP 	unnamed TextStim: autoDraw = True
12.2182 	EXP 	unnamed TextStim: autoDraw = True
12.2182 	EXP 	unnamed TextStim: autoDraw = True
12.2182 	EXP 	unnamed TextStim: autoDraw = True
12.2182 	EXP 	unnamed TextStim: autoDraw = True
12.2182 	EXP 	unnamed TextStim: autoDraw = True
12.2182 	EXP 	unnamed TextStim: autoDraw = True
12.2182 	EXP 	unnamed TextStim: autoDraw = True
12.2182 	EXP 	unnamed TextStim: autoDraw = True
12.2182 	EXP 	unnamed TextStim: autoDraw = True
12.2182 	EXP 	unnamed TextStim: autoDraw = True
12.2182 	EXP 	unnamed TextStim: autoDraw = True
12.2182 	EXP 	unnamed TextStim: autoDraw = True
12.2182 	EXP 	unnamed TextStim: autoDraw = True
12.2182 	EXP 	unnamed TextStim: autoDraw = True
12.2182 	EXP 	unnamed TextStim: autoDraw = True
12.2182 	EXP 	unnamed TextStim: autoDraw = True
12.2182 	EXP 	unnamed TextStim: autoDraw = True
12.2182 	EXP 	unnamed TextStim: autoDraw = True
12.2182 	EXP 	unnamed TextStim: autoDraw = True
12.5982 	EXP 	unnamed TextStim: autoDraw = False
12.5982 	EXP 	unnamed TextStim: autoDraw = False
12.5982 	EXP 	unnamed TextStim: autoDraw = False
12.5982 	EXP 	unnamed TextStim: autoDraw = False
12.5982 	EXP 	unnamed TextStim: autoDraw = False
12.5982 	EXP 	unnamed TextStim: autoDraw = False
12.5982 	EXP 	unnamed TextStim: autoDraw = False
12.5982 	EXP 	unnamed TextStim: autoDraw = False
12.5982 	EXP 	unnamed TextStim: autoDraw = False
12.5982 	EXP 	unnamed TextStim: autoDraw = False
12.5982 	EXP 	unnamed TextStim: autoDraw = False
12.5982 	EXP 	unnamed TextStim: autoDraw = False
12.5982 	EXP 	unnamed TextStim: autoDraw = False
12.5982 	EXP 	unnamed TextStim: autoDraw = False
12.5982 	EXP 	unnamed TextStim: autoDraw = False
12.5982 	EXP 	unnamed TextStim: autoDraw = False
12.5982 	EXP 	unnamed TextStim: autoDraw = False
12.5982 	EXP 	unnamed TextStim: autoDraw = False
12.5982 	EXP 	unnamed TextStim: autoDraw = False
12.5982 	EXP 	unnamed TextStim: autoDraw = False
12.5982 	EXP 	unnamed TextStim: autoDraw = False
12.5982 	EXP 	unnamed TextStim: autoDraw = False
12.5982 	EXP 	unnamed TextStim: autoDraw = False
12.5982 	EXP 	unnamed TextStim: autoDraw = False
12.5982 	EXP 	unnamed TextStim: autoDraw = False
12.5982 	EXP 	unnamed TextStim: autoDraw = False
13.6074 	INFO 	using sysFont 
13.6083 	EXP 	Created unnamed TextStim = TextStim(__class__=<class 'psychopy.visual.text.TextStim'>, alignHoriz='center', alignVert='center', antialias=True, autoLog=True, bold=False, color='black', colorSpace='named', contrast=1.0, depth=0, flipHoriz=False, flipVert=False, font='', fontFiles=[], height=32, italic=False, name='unnamed TextStim', opacity=1.0, ori=0.0, pos=array([-74.,   0.]), rgb=array([0., 0., 0.]), text='FF', units='pix', win=Window(...), wrapWidth=500)
13.6088 	INFO 	using sysFont 
13.6096 	EXP 	Created unnamed TextStim = TextStim(__class__=<class 'psychopy.visual.text.TextStim'>, alignHoriz='center', alignVert='center', antialias=True, autoLog=True, bold=False, color='black', colorSpace='named', contrast=1.0, depth=0, flipHoriz=False, flipVert=False, font='', fontFiles=[], height=32, italic=False, name='unnamed TextStim', opacity=1.0, ori=0.0, pos=array([0., 0.]), rgb=array([0., 0., 0.]), text='BF', units='pix', win=Window(...), wrapWidth=500)
13.6101 	INFO 	using sysFont 
13.6109 	EXP 	Created unnamed TextStim = TextStim(__class__=<class 'psychopy.visual.text.TextStim'>, alignHoriz='center', alignVert='center', antialias=True, autoLog=True, bold=False, color='black', colorSpace='named', contrast=1.0, depth=0, flipHoriz=False, flipVert=False, font='', fontFiles=[], height=32, italic=False, name='unnamed TextStim', opacity=1.0, ori=0.0, pos=array([74.,  0.]), rgb=array([0., 0., 0.]), text='BV', units='pix', win=Window(...), wrapWidth=500)
13.6114 	INFO 	using sysFont 
13.6122 	EXP 	Created unnamed TextStim = TextStim(__class__=<class 'psychopy.visual.text.TextStim'>, alignHoriz='center', alignVert='center', antialias=True, autoLog=True, bold=False, color='black', colorSpace='named', contrast=1.0, depth=0, flipHoriz=False, flipVert=False, font='', fontFiles=[], height=32, italic=False, name='unnamed TextStim', opacity=1.0, ori=0.0, pos=array([148.,   0.]), rgb=array([0., 0., 0.]), text='XF', units='pix', win=Window(...), wrapWidth=500)
13.6127 	INFO 	using sysFont 
13.6135 	EXP 	Created unnamed TextStim = TextStim(__class__=<class 'psychopy.visual.text.TextStim'>, alignHoriz='center', alignVert='center', antialias=True, autoLog=True, bold=False, color='black', colorSpace='named', contrast=1.0, depth=0, flipHoriz=False, flipVert=False, font='', fontFiles=[], height=32, italic=False, name='unnamed TextStim', opacity=1.0, ori=0.0, pos=array([222.,   0.]), rgb=array([0., 0., 0.]), text='BJ', units='pix', win=Window(...), wrapWidth=500)
13.6140 	INFO 	using sysFont 
13.6148 	EXP 	Created unnamed TextStim = TextStim(__class__=<class 'psychopy.visual.text.TextStim'>, alignHoriz='center', alignVert='center', antialias=True, autoLog=True, bold=False, color='black', colorSpace='named', contrast=1.0, depth=0, flipHoriz=False, flipVert=False, font='', fontFiles=[], height=32, italic=False, name='unnamed TextStim', opacity=1.0, ori=0.0, pos=array([296.,   0.]), rgb=array([0., 0., 0.]), text='ID', units='pix', win=Window(...), wrapWidth=500)
13.6153 	INFO 	using sysFont 
13.6161 	EXP 	Created unnamed TextStim = TextStim(__class__=<class 'psychopy.visual.text.TextStim'>, alignHoriz='center', alignVert='center', antialias=True, autoLog=True, bold=False, color='black', colorSpace='named', contrast=1.0, depth=0, flipHoriz=False, flipVert=False, font='', fontFiles=[], height=32, italic=False, name='unnamed TextStim', opacity=1.0, ori=0.0, pos=array([-74.,  73.]), rgb=array([0., 0., 0.]), text='GX', units='pix', win=Window(...), wrapWidth=500)
13.6166 	INFO 	using sysFont 
13.6175 	EXP 	Created unnamed TextStim = TextStim(__class__=<class 'psychopy.visual.text.TextStim'>, alignHoriz='center', alignVert='center', antialias=True, autoLog=True, bold=False, color='black', colorSpace='named', contrast=1.0, depth=0, flipHoriz=False, flipVert=False, font='', fontFiles=[], height=32, italic=False, name='unnamed TextStim', opacity=1.0, ori=0.0, pos=array([ 0., 73.]), rgb=array([0., 0., 0.]), text='QB', units='pix', win=Window(...), wrapWidth=500)
13.6180 	INFO 	using sysFont 
13.6188 	EXP 	Created unnamed TextStim = TextStim(__class__=<class 'psychopy.visual.text.TextStim'>, alignHoriz='center', alignVert='center', antialias=True, autoLog=True, bold=False, color='black', colorSpace='named', contrast=1.0, depth=0, flipHoriz=False, flipVert=False, font='', fontFiles=[], height=32, italic=False, name='unnamed TextStim', opacity=1.0, ori=0.0, pos=array([74., 73.]), rgb=array([0., 0., 0.]), text='XO', units='pix', win=Window(...), wrapWidth=500)
13.6193 	INFO 	using sysFont 
13.6201 	EXP 	Created unnamed TextStim = TextStim(__class__=<class 'psychopy.visual.text.TextStim'>, alignHoriz='center', alignVert='center', antialias=True, autoLog=True, bold=False, color='black', colorSpace='named', contrast=1.0, depth=0, flipHoriz=False, flipVert=False, font='', fontFiles=[], height=32, italic=False, name='unnamed TextStim', opacity=1.0, ori=0.0, pos=array([148.,  73.]), rgb=array([0., 0., 0.]), text='DI', units='pix', win=Window(...), wrapWidth=500)
13.6206 	INFO 	using sysFont 
13.6214 	EXP 	Created unnamed TextStim = TextStim(__class__=<class 'psychopy.visual.text.TextStim'>, alignHoriz='center', alignVert='center', antialias=True, autoLog=True, bold=False, color='black', colorSpace='named', contrast=1.0, depth=0, flipHoriz=False, flipVert=False, font='', fontFiles=[], height=32, italic=False, name='unnamed TextStim', opacity=1.0, ori=0.0, pos=array([222.,  73.]), rgb=array([0., 0., 0.]), text='QT', units='pix', win=Window(...), wrapWidth=500)
13.6219 	INFO 	using sysFont 
13.6227 	EXP 	Created unnamed TextStim = TextStim(__class__=<class 'psychopy.visual.text.TextStim'>, alignHoriz='center', alignVert='center', antialias=True, autoLog=True, bold=False, color='black', colorSpace='named', contrast=1.0, depth=0, flipHoriz=False, flipVert=False, font='', fontFiles=[], height=32, italic=False, name='unnamed TextStim', opacity=1.0, ori=0.0, pos=array([296.,  73.]), rgb=array([0., 0., 0.]), text='PO', units='pix', win=Window(...), wrapWidth=500)
13.6232 	INFO 	using sysFont 
13.6240 	EXP 	Created unnamed TextStim = TextStim(__class__=<class 'psychopy.visual.text.TextStim'>, alignHoriz='center', alignVert='center', antialias=True, autoLog=True, bold=False, color='black', colorSpace='named', contrast=1.0, depth=0, flipHoriz=False, flipVert=False, font='', fontFiles=[], height=32, italic=False, name='unnamed TextStim', opacity=1.0, ori=0.0, pos=array([-74., 146.]), rgb=array([0., 0., 0.]), text='NT', units='pix', win=Window(...), wrapWidth=500)
13.6245 	INFO 	using sysFont 
13.6254 	EXP 	Created unnamed TextStim = TextStim(__class__=<class 'psychopy.visual.text.TextStim'>, alignHoriz='center', alignVert='center', antialias=True, autoLog=True, bold=False, color='black', colorSpace='named', contrast=1.0, depth=0, flipHoriz=False, flipVert=False, font='', fontFiles=[], height=32, italic=False, name='unnamed TextStim', opacity=1.0, ori=0.0, pos=array([  0., 146.]), rgb=array([0., 0., 0.]), text='WM', units='pix', win=Window(...), wrapWidth=500)
13.6259 	INFO 	using sysFont 
13.6266 	EXP 	Created unnamed TextStim = TextStim(__class__=<class 'psychopy.visual.text.TextStim'>, alignHoriz='center', alignVert='center', antialias=True, autoLog=True, bold=False, color='black', colorSpace='named', contrast=1.0, depth=0, flipHoriz=False, flipVert=False, font='', fontFiles=[], height=32, italic=False, name='unnamed TextStim', opacity=1.0, ori=0.0, pos=array([ 74., 146.]), rgb=array([0., 0., 0.]), text='FV', units='pix', win=Window(...), wrapWidth=500)
13.6272 	INFO 	using sysFont 
13.6280 	EXP 	Created unnamed TextStim = TextStim(__class__=<class 'psychopy.visual.text.TextStim'>, alignHoriz='center', alignVert='center', antialias=True, autoLog=True, bold=False, color='black', colorSpace='named', contrast=1.0, depth=0, flipHoriz=False, flipVert=False, font='', fontFiles=[], height=32, italic=False, name='unnamed TextStim', opacity=1.0, ori=0.0, pos=array([148., 146.]), rgb=array([0., 0., 0.]), text='BX', units='pix', win=Window(...), wrapWidth=500)
13.6285 	INFO 	using sysFont 
13.6293 	EXP 	Created unnamed TextStim = TextStim(__class__=<class 'psychopy.visual.text.TextStim'>, alignHoriz='center', alignVert='center', antialias=True, autoLog=True, bold=False, color='black', colorSpace='named', contrast=1.0, depth=0, flipHoriz=False, flipVert=False, font='', fontFiles=[], height=32, italic=False, name='unnamed TextStim', opacity=1.0, ori=0.0, pos=array([222., 146.]), rgb=array([0., 0., 0.]), text='DF', units='pix', win=Window(...), wrapWidth=500)
13.6298 	INFO 	using sysFont 
13.6306 	EXP 	Created unnamed TextStim = TextStim(__class__=<class 'psychopy.visual.text.TextStim'>, alignHoriz='center', alignVert='center', antialias=True, autoLog=True, bold=False, color='black', colorSpace='named', contrast=1.0, depth=0, flipHoriz=False, flipVert=False, font='', fontFiles=[], height=32, italic=False, name='unnamed TextStim', opacity=1.0, ori=0.0, pos=array([296., 146.]), rgb=array([0., 0., 0.]), text='WM', units='pix', win=Window(...), wrapWidth=500)
13.6311 	INFO 	using sysFont 
13.6319 	EXP 	Created unnamed TextStim = TextStim(__class__=<class 'psychopy.visual.text.TextStim'>, alignHoriz='center', alignVert='center', antialias=True, autoLog=True, bold=False, color='black', colorSpace='named', contrast=1.0, depth=0, flipHoriz=False, flipVert=False, font='', fontFiles=[], height=32, italic=False, name='unnamed TextStim', opacity=1.0, ori=0.0, pos=array([-74., 219.]), rgb=array([0., 0., 0.]), text='ZT', units='pix', win=Window(...), wrapWidth=500)
13.6324 	INFO 	using sysFont 
13.6332 	EXP 	Created unnamed TextStim = TextStim(__class__=<class 'psychopy.visual.text.TextStim'>, alignHoriz='center', alignVert='center', antialias=True, autoLog=True, bold=False, color='black', colorSpace='named', contrast=1.0, depth=0, flipHoriz=False, flipVert=False, font='', fontFiles=[], height=32, italic=False, name='unnamed TextStim', opacity=1.0, ori=0.0, pos=array([  0., 219.]), rgb=array([0., 0., 0.]), text='VY', units='pix', win=Window(...), wrapWidth=500)
13.6337 	INFO 	using sysFont 
13.6353 	EXP 	Created unnamed TextStim = TextStim(__class__=<class 'psychopy.visual.text.TextStim'>, alignHoriz='center', alignVert='center', antialias=True, autoLog=True, bold=False, color='black', colorSpace='named', contrast=1.0, depth=0, flipHoriz=False, flipVert=False, font='', fontFiles=[], height=32, italic=False, name='unnamed TextStim', opacity=1.0, ori=0.0, pos=array([ 74., 219.]), rgb=array([0., 0., 0.]), text='YQ', units='pix', win=Window(...), wrapWidth=500)
13.6358 	INFO 	using sysFont 
13.6366 	EXP 	Created unnamed TextStim = TextStim(__class__=<class 'psychopy.visual.text.TextStim'>, alignHoriz='center', alignVert='center', antialias=True, autoLog=True, bold=False, color='black', colorSpace='named', contrast=1.0, depth=0, flipHoriz=False, flipVert=False, font='', fontFiles=[], height=32, italic=False, name='unnamed TextStim', opacity=1.0, ori=0.0, pos=array([148., 219.]), rgb=array([0., 0., 0.]), text='KY', units='pix', win=Window(...), wrapWidth=500)
13.6371 	INFO 	using sysFont 
13.6379 	EXP 	Created unnamed TextStim = TextStim(__class__=<class 'psychopy.visual.text.TextStim'>, alignHoriz='center', alignVert='center', antialias=True, autoLog=True, bold=False, color='black', colorSpace='named', contrast=1.0, depth=0, flipHoriz=False, flipVert=False, font='', fontFiles=[], height=32, italic=False, name='unnamed TextStim', opacity=1.0, ori=0.0, pos=array([222., 219.]), rgb=array([0., 0., 0.]), text='ZJ', units='pix', win=Window(...), wrapWidth=500)
13.6384 	INFO 	using sysFont 
13.6392 	EXP 	Created unnamed TextStim = TextStim(__class__=<class 'psychopy.visual.text.TextStim'>, alignHoriz='center', alignVert='center', antialias=True, autoLog=True, bold=False, color='black', colorSpace='named', contrast=1.0, depth=0, flipHoriz=False, flipVert=False, font='', fontFiles=[], height=32, italic=False, name='unnamed TextStim', opacity=1.0, ori=0.0, pos=array([296., 219.]), rgb=array([0., 0., 0.]), text='ED', units='pix', win=Window(...), wrapWidth=500)
13.6397 	INFO 	using sysFont 
13.6405 	EXP 	Created unnamed TextStim = TextStim(__class__=<class 'psychopy.visual.text.TextStim'>, alignHoriz='center', alignVert='center', antialias=True, autoLog=True, bold=False, color='black', colorSpace='named', contrast=1.0, depth=0, flipHoriz=False, flipVert=False, font='', fontFiles=[], height=32, italic=False, name='unnamed TextStim', opacity=1.0, ori=0.0, pos=array([-74., 292.]), rgb=array([0., 0., 0.]), text='VR', units='pix', win=Window(...), wrapWidth=500)
13.6410 	INFO 	using sysFont 
13.6419 	EXP 	Created unnamed TextStim = TextStim(__class__=<class 'psychopy.visual.text.TextStim'>, alignHoriz='center', alignVert='center', antialias=True, autoLog=True, bold=False, color='black', colorSpace='named', contrast=1.0, depth=0, flipHoriz=False, flipVert=False, font='', fontFiles=[], height=32, italic=False, name='unnamed TextStim', opacity=1.0, ori=0.0, pos=array([  0., 292.]), rgb=array([0., 0., 0.]), text='RY', units='pix', win=Window(...), wrapWidth=500)
13.6424 	INFO 	using sysFont 
13.6432 	EXP 	Created unnamed TextStim = TextStim(__class__=<class 'psychopy.visual.text.TextStim'>, alignHoriz='center', alignVert='center', antialias=True, autoLog=True, bold=False, color='black', colorSpace='named', contrast=1.0, depth=0, flipHoriz=False, flipVert=False, font='', fontFiles=[], height=32, italic=False, name='unnamed TextStim', opacity=1.0, ori=0.0, pos=array([ 74., 292.]), rgb=array([0., 0., 0.]), text='QA', units='pix', win=Window(...), wrapWidth=500)
13.6438 	INFO 	using sysFont 
13.6446 	EXP 	Created unnamed TextStim = TextStim(__class__=<class 'psychopy.visual.text.TextStim'>, alignHoriz='center', alignVert='center', antialias=True, autoLog=True, bold=False, color='black', colorSpace='named', contrast=1.0, depth=0, flipHoriz=False, flipVert=False, font='', fontFiles=[], height=32, italic=False, name='unnamed TextStim', opacity=1.0, ori=0.0, pos=array([148., 292.]), rgb=array([0., 0., 0.]), text='KM', units='pix', win=Window(...), wrapWidth=500)
13.6451 	INFO 	using sysFont 
13.6460 	EXP 	Created unnamed TextStim = TextStim(__class__=<class 'psychopy.visual.text.TextStim'>, alignHoriz='center', alignVert='center', antialias=True, autoLog=True, bold=False, color='black', colorSpace='named', contrast=1.0, depth=0, flipHoriz=False, flipVert=False, font='', fontFiles=[], height=32, italic=False, name='unnamed TextStim', opacity=1.0, ori=0.0, pos=array([222., 292.]), rgb=array([0., 0., 0.]), text='DB', units='pix', win=Window(...), wrapWidth=500)
13.6465 	INFO 	using sysFont 
13.6474 	EXP 	Created unnamed TextStim = TextStim(__class__=<class 'psychopy.visual.text.TextStim'>, alignHoriz='center', alignVert='center', antialias=True, autoLog=True, bold=False, color='black', colorSpace='named', contrast=1.0, depth=0, flipHoriz=False, flipVert=False, font='', fontFiles=[], height=32, italic=False, name='unnamed TextStim', opacity=1.0, ori=0.0, pos=array([296., 292.]), rgb=array([0., 0., 0.]), text='OA', units='pix', win=Window(...), wrapWidth=500)
13.6479 	INFO 	using sysFont 
13.6488 	EXP 	Created unnamed TextStim = TextStim(__class__=<class 'psychopy.visual.text.TextStim'>, alignHoriz='center', alignVert='center', antialias=True, autoLog=True, bold=False, color='black', colorSpace='named', contrast=1.0, depth=0, flipHoriz=False, flipVert=False, font='', fontFiles=[], height=32, italic=False, name='unnamed TextStim', opacity=1.0, ori=0.0, pos=array([-74., 365.]), rgb=array([0., 0., 0.]), text='MC', units='pix', win=Window(...), wrapWidth=500)
13.6493 	INFO 	using sysFont 
13.6501 	EXP 	Created unnamed TextStim = TextStim(__class__=<class 'psychopy.visual.text.TextStim'>, alignHoriz='center', alignVert='center', antialias=True, autoLog=True, bold=False, color='black', colorSpace='named', contrast=1.0, depth=0, flipHoriz=False, flipVert=False, font='', fontFiles=[], height=32, italic=False, name='unnamed TextStim', opacity=1.0, ori=0.0, pos=array([  0., 365.]), rgb=array([0., 0., 0.]), text='GJ', units='pix', win=Window(...), wrapWidth=500)
13.6507 	INFO 	using sysFont 
13.6515 	EXP 	Created unnamed TextStim = TextStim(__class__=<class 'psychopy.visual.text.TextStim'>, alignHoriz='center', alignVert='center', antialias=True, autoLog=True, bold=False, color='black', colorSpace='named', contrast=1.0, depth=0, flipHoriz=False, flipVert=False, font='', fontFiles=[], height=32, italic=False, name='unnamed TextStim', opacity=1.0, ori=0.0, pos=array([ 74., 365.]), rgb=array([0., 0., 0.]), text='CL', units='pix', win=Window(...), wrapWidth=500)
13.6520 	INFO 	using sysFont 
13.6529 	EXP 	Created unnamed TextStim = TextStim(__class__=<class 'psychopy.visual.text.TextStim'>, alignHoriz='center', alignVert='center', antialias=True, autoLog=True, bold=False, color='black', colorSpace='named', contrast=1.0, depth=0, flipHoriz=False, flipVert=False, font='', fontFiles=[], height=32, italic=False, name='unnamed TextStim', opacity=1.0, ori=0.0, pos=array([148., 365.]), rgb=array([0., 0., 0.]), text='TM', units='pix', win=Window(...), wrapWidth=500)
13.6534 	INFO 	using sysFont 
13.6542 	EXP 	Created unnamed TextStim = TextStim(__class__=<class 'psychopy.visual.text.TextStim'>, alignHoriz='center', alignVert='center', antialias=True, autoLog=True, bold=False, color='black', colorSpace='named', contrast=1.0, depth=0, flipHoriz=False, flipVert=False, font='', fontFiles=[], height=32, italic=False, name='unnamed TextStim', opacity=1.0, ori=0.0, pos=array([222., 365.]), rgb=array([0., 0., 0.]), text='CJ', units='pix', win=Window(...), wrapWidth=500)
13.6548 	INFO 	using sysFont 
13.6555 	EXP 	Created unnamed TextStim = TextStim(__class__=<class 'psychopy.visual.text.TextStim'>, alignHoriz='center', alignVert='center', antialias=True, autoLog=True, bold=False, color='black', colorSpace='named', contrast=1.0, depth=0, flipHoriz=False, flipVert=False, font='', fontFiles=[], height=32, italic=False, name='unnamed TextStim', opacity=1.0, ori=0.0, pos=array([296., 365.]), rgb=array([0., 0., 0.]), text='ZZ', units='pix', win=Window(...), wrapWidth=500)
13.6721 	EXP 	unnamed TextStim: autoDraw = True
13.6721 	EXP 	unnamed TextStim: autoDraw = True
13.6721 	EXP 	unnamed TextStim: autoDraw = True
13.6721 	EXP 	unnamed TextStim: autoDraw = True
13.6721 	EXP 	unnamed TextStim: autoDraw = True
13.6721 	EXP 	unnamed TextStim: autoDraw = True
13.6721 	EXP 	unnamed TextStim: autoDraw = True
13.6721 	EXP 	unnamed TextStim: autoDraw = True
13.6721 	EXP 	unnamed TextStim: autoDraw = True
13.6721 	EXP 	unnamed TextStim: autoDraw = True
13.6721 	EXP 	unnamed TextStim: autoDraw = True
13.6721 	EXP 	unnamed TextStim: autoDraw = True
13.6721 	EXP 	unnamed TextStim: autoDraw = True
13.6721 	EXP 	unnamed TextStim: autoDraw = True
13.6721 	EXP 	unnamed TextStim: autoDraw = True
13.6721 	EXP 	unnamed TextStim: autoDraw = True
13.6721 	EXP 	unnamed TextStim: autoDraw = True
13.6721 	EXP 	unnamed TextStim: autoDraw = True
13.6721 	EXP 	unnamed TextStim: autoDraw = True
13.6721 	EXP 	unnamed TextStim: autoDraw = True
13.6721 	EXP 	unnamed TextStim: autoDraw = True
13.6721 	EXP 	unnamed TextStim: autoDraw = True
13.6721 	EXP 	unnamed TextStim: autoDraw = True
13.6721 	EXP 	unnamed TextStim: autoDraw = True
13.6721 	EXP 	unnamed TextStim: autoDraw = True
13.6721 	EXP 	unnamed TextStim: autoDraw = True
13.6721 	EXP 	unnamed TextStim: autoDraw = True
13.6721 	EXP 	unnamed TextStim: autoDraw = True
13.6721 	EXP 	unnamed TextStim: autoDraw = True
13.6721 	EXP 	unnamed TextStim: autoDraw = True
13.6721 	EXP 	unnamed TextStim: autoDraw = True
13.6721 	EXP 	unnamed TextStim: autoDraw = True
13.6721 	EXP 	unnamed TextStim: autoDraw = True
13.6721 	EXP 	unnamed TextStim: autoDraw = True
13.6721 	EXP 	unnamed TextStim: autoDraw = True
13.6721 	EXP 	unnamed TextStim: autoDraw = True
13.6721 	EXP 	unnamed TextStim: autoDraw = True
13.9812 	EXP 	unnamed TextStim: autoDraw = False
13.9812 	EXP 	unnamed TextStim: autoDraw = False
13.9812 	EXP 	unnamed TextStim: autoDraw = False
13.9812 	EXP 	unnamed TextStim: autoDraw = False
13.9812 	EXP 	unnamed TextStim: autoDraw = False
13.9812 	EXP 	unnamed TextStim: autoDraw = False
13.9812 	EXP 	unnamed TextStim: autoDraw = False
13.9812 	EXP 	unnamed TextStim: autoDraw = False
13.9812 	EXP 	unnamed TextStim: autoDraw = False
13.9812 	EXP 	unnamed TextStim: autoDraw = False
13.9812 	EXP 	unnamed TextStim: autoDraw = False
13.9812 	EXP 	unnamed TextStim: autoDraw = False
13.9812 	EXP 	unnamed TextStim: autoDraw = False
13.9812 	EXP 	unnamed TextStim: autoDraw = False
13.9812 	EXP 	unnamed TextStim: autoDraw = False
13.9812 	EXP 	unnamed TextStim: autoDraw = False
13.9812 	EXP 	unnamed TextStim: autoDraw = False
13.9812 	EXP 	unnamed TextStim: autoDraw = False
13.9812 	EXP 	unnamed TextStim: autoDraw = False
13.9812 	EXP 	unnamed TextStim: autoDraw = False
13.9812 	EXP 	unnamed TextStim: autoDraw = False
13.9812 	EXP 	unnamed TextStim: autoDraw = False
13.9812 	EXP 	unnamed TextStim: autoDraw = False
13.9812 	EXP 	unnamed TextStim: autoDraw = False
13.9812 	EXP 	unnamed TextStim: autoDraw = False
13.9812 	EXP 	unnamed TextStim: autoDraw = False
13.9812 	EXP 	unnamed TextStim: autoDraw = False
13.9812 	EXP 	unnamed TextStim: autoDraw = False
13.9812 	EXP 	unnamed TextStim: autoDraw = False
13.9812 	EXP 	unnamed TextStim: autoDraw = False
13.9812 	EXP 	unnamed TextStim: autoDraw = False
13.9812 	EXP 	unnamed TextStim: autoDraw = False
13.9812 	EXP 	unnamed TextStim: autoDraw = False
13.9812 	EXP 	unnamed TextStim: autoDraw = False
13.9812 	EXP 	unnamed TextStim: autoDraw = False
13.9812 	EXP 	unnamed TextStim: autoDraw = False
13.9812 	EXP 	unnamed TextStim: autoDraw = False
14.9835 	INFO 	using sysFont Arial
14.9844 	EXP 	Created unnamed TextStim = TextStim(__class__=<class 'psychopy.visual.text.TextStim'>, alignHoriz='center', alignVert='center', antialias=True, autoLog=True, bold=False, color='black', colorSpace='named', contrast=1.0, depth=0, flipHoriz=False, flipVert=False, font='Arial', fontFiles=[], height=32, italic=False, name='unnamed TextStim', opacity=1.0, ori=0.0, pos=array([0., 0.]), rgb=array([0., 0., 0.]), text='end', units='pix', win=Window(...), wrapWidth=1920)
