3.9977 	INFO 	Screen res set as: 1920x1080
3.9990 	INFO 	Loaded monitor calibration from ['2018_09_18 09:28']
4.5898 	EXP 	Created window1 = Window(allowGUI=True, allowStencil=False, args=UNKNOWN, autoLog=True, bitsMode=UNKNOWN, blendMode='avg', color='Gainsboro', colorSpace='named', fullscr=UNKNOWN, gamma=None, kwargs=UNKNOWN, lms=UNKNOWN, monitor=<psychopy.monitors.calibTools.Monitor object at 0x7f64300c6ef0>, multiSample=False, name='window1', numSamples=2, pos=None, screen=0, size=array([1920, 1080]), stereo=False, units='pix', useFBO=False, useRetina=False, viewOri=0.0, viewPos=None, viewScale=None, waitBlanking=True, winType='pygame')
4.5899 	INFO 	Detected framerate: 30 frames per sec.
4.5899 	INFO 	Mouse: using default window
4.6386 	INFO 	using sysFont Arial
4.6445 	EXP 	Created unnamed TextStim = TextStim(__class__=<class 'psychopy.visual.text.TextStim'>, alignHoriz='center', alignVert='center', antialias=True, autoLog=True, bold=False, color='black', colorSpace='named', contrast=1.0, depth=0, flipHoriz=False, flipVert=False, font='Arial', fontFiles=[], height=32, italic=False, name='unnamed TextStim', opacity=1.0, ori=0.0, pos=array([   0., -300.]), rgb=array([0., 0., 0.]), text=str(...), units='pix', win=Window(...), wrapWidth=1920)
4.6460 	INFO 	using sysFont Arial
4.6478 	EXP 	Created unnamed TextStim = TextStim(__class__=<class 'psychopy.visual.text.TextStim'>, alignHoriz='center', alignVert='center', antialias=True, autoLog=True, bold=False, color='black', colorSpace='named', contrast=1.0, depth=0, flipHoriz=False, flipVert=False, font='Arial', fontFiles=[], height=32, italic=False, name='unnamed TextStim', opacity=1.0, ori=0.0, pos=array([0., 0.]), rgb=array([0., 0., 0.]), text='Wstęp', units='pix', win=Window(...), wrapWidth=1920)
5.9249 	INFO 	using sysFont 
5.9260 	EXP 	Created unnamed TextStim = TextStim(__class__=<class 'psychopy.visual.text.TextStim'>, alignHoriz='center', alignVert='center', antialias=True, autoLog=True, bold=False, color='black', colorSpace='named', contrast=1.0, depth=0, flipHoriz=False, flipVert=False, font='', fontFiles=[], height=32, italic=False, name='unnamed TextStim', opacity=1.0, ori=0.0, pos=array([-74.,   0.]), rgb=array([0., 0., 0.]), text='AO', units='pix', win=Window(...), wrapWidth=500)
5.9265 	INFO 	using sysFont 
5.9272 	EXP 	Created unnamed TextStim = TextStim(__class__=<class 'psychopy.visual.text.TextStim'>, alignHoriz='center', alignVert='center', antialias=True, autoLog=True, bold=False, color='black', colorSpace='named', contrast=1.0, depth=0, flipHoriz=False, flipVert=False, font='', fontFiles=[], height=32, italic=False, name='unnamed TextStim', opacity=1.0, ori=0.0, pos=array([0., 0.]), rgb=array([0., 0., 0.]), text='ZO', units='pix', win=Window(...), wrapWidth=500)
5.9277 	INFO 	using sysFont 
5.9285 	EXP 	Created unnamed TextStim = TextStim(__class__=<class 'psychopy.visual.text.TextStim'>, alignHoriz='center', alignVert='center', antialias=True, autoLog=True, bold=False, color='black', colorSpace='named', contrast=1.0, depth=0, flipHoriz=False, flipVert=False, font='', fontFiles=[], height=32, italic=False, name='unnamed TextStim', opacity=1.0, ori=0.0, pos=array([74.,  0.]), rgb=array([0., 0., 0.]), text='BU', units='pix', win=Window(...), wrapWidth=500)
5.9290 	INFO 	using sysFont 
5.9298 	EXP 	Created unnamed TextStim = TextStim(__class__=<class 'psychopy.visual.text.TextStim'>, alignHoriz='center', alignVert='center', antialias=True, autoLog=True, bold=False, color='black', colorSpace='named', contrast=1.0, depth=0, flipHoriz=False, flipVert=False, font='', fontFiles=[], height=32, italic=False, name='unnamed TextStim', opacity=1.0, ori=0.0, pos=array([-74.        ,  49.33333333]), rgb=array([0., 0., 0.]), text='IL', units='pix', win=Window(...), wrapWidth=500)
5.9304 	INFO 	using sysFont 
5.9312 	EXP 	Created unnamed TextStim = TextStim(__class__=<class 'psychopy.visual.text.TextStim'>, alignHoriz='center', alignVert='center', antialias=True, autoLog=True, bold=False, color='black', colorSpace='named', contrast=1.0, depth=0, flipHoriz=False, flipVert=False, font='', fontFiles=[], height=32, italic=False, name='unnamed TextStim', opacity=1.0, ori=0.0, pos=array([ 0.        , 49.33333333]), rgb=array([0., 0., 0.]), text='BL', units='pix', win=Window(...), wrapWidth=500)
5.9317 	INFO 	using sysFont 
5.9326 	EXP 	Created unnamed TextStim = TextStim(__class__=<class 'psychopy.visual.text.TextStim'>, alignHoriz='center', alignVert='center', antialias=True, autoLog=True, bold=False, color='black', colorSpace='named', contrast=1.0, depth=0, flipHoriz=False, flipVert=False, font='', fontFiles=[], height=32, italic=False, name='unnamed TextStim', opacity=1.0, ori=0.0, pos=array([74.        , 49.33333333]), rgb=array([0., 0., 0.]), text='XG', units='pix', win=Window(...), wrapWidth=500)
5.9331 	INFO 	using sysFont 
5.9339 	EXP 	Created unnamed TextStim = TextStim(__class__=<class 'psychopy.visual.text.TextStim'>, alignHoriz='center', alignVert='center', antialias=True, autoLog=True, bold=False, color='black', colorSpace='named', contrast=1.0, depth=0, flipHoriz=False, flipVert=False, font='', fontFiles=[], height=32, italic=False, name='unnamed TextStim', opacity=1.0, ori=0.0, pos=array([-74.        ,  98.66666667]), rgb=array([0., 0., 0.]), text='ML', units='pix', win=Window(...), wrapWidth=500)
5.9345 	INFO 	using sysFont 
5.9354 	EXP 	Created unnamed TextStim = TextStim(__class__=<class 'psychopy.visual.text.TextStim'>, alignHoriz='center', alignVert='center', antialias=True, autoLog=True, bold=False, color='black', colorSpace='named', contrast=1.0, depth=0, flipHoriz=False, flipVert=False, font='', fontFiles=[], height=32, italic=False, name='unnamed TextStim', opacity=1.0, ori=0.0, pos=array([ 0.        , 98.66666667]), rgb=array([0., 0., 0.]), text='XL', units='pix', win=Window(...), wrapWidth=500)
5.9360 	INFO 	using sysFont 
5.9368 	EXP 	Created unnamed TextStim = TextStim(__class__=<class 'psychopy.visual.text.TextStim'>, alignHoriz='center', alignVert='center', antialias=True, autoLog=True, bold=False, color='black', colorSpace='named', contrast=1.0, depth=0, flipHoriz=False, flipVert=False, font='', fontFiles=[], height=32, italic=False, name='unnamed TextStim', opacity=1.0, ori=0.0, pos=array([74.        , 98.66666667]), rgb=array([0., 0., 0.]), text='WL', units='pix', win=Window(...), wrapWidth=500)
5.9403 	EXP 	unnamed TextStim: autoDraw = True
5.9403 	EXP 	unnamed TextStim: autoDraw = True
5.9403 	EXP 	unnamed TextStim: autoDraw = True
5.9403 	EXP 	unnamed TextStim: autoDraw = True
5.9403 	EXP 	unnamed TextStim: autoDraw = True
5.9403 	EXP 	unnamed TextStim: autoDraw = True
5.9403 	EXP 	unnamed TextStim: autoDraw = True
5.9403 	EXP 	unnamed TextStim: autoDraw = True
5.9403 	EXP 	unnamed TextStim: autoDraw = True
5.9403 	EXP 	unnamed TextStim: autoDraw = True
6.3356 	EXP 	unnamed TextStim: autoDraw = False
6.3356 	EXP 	unnamed TextStim: autoDraw = False
6.3356 	EXP 	unnamed TextStim: autoDraw = False
6.3356 	EXP 	unnamed TextStim: autoDraw = False
6.3356 	EXP 	unnamed TextStim: autoDraw = False
6.3356 	EXP 	unnamed TextStim: autoDraw = False
6.3356 	EXP 	unnamed TextStim: autoDraw = False
6.3356 	EXP 	unnamed TextStim: autoDraw = False
6.3356 	EXP 	unnamed TextStim: autoDraw = False
6.3356 	EXP 	unnamed TextStim: autoDraw = False
7.3512 	INFO 	using sysFont 
7.3521 	EXP 	Created unnamed TextStim = TextStim(__class__=<class 'psychopy.visual.text.TextStim'>, alignHoriz='center', alignVert='center', antialias=True, autoLog=True, bold=False, color='black', colorSpace='named', contrast=1.0, depth=0, flipHoriz=False, flipVert=False, font='', fontFiles=[], height=32, italic=False, name='unnamed TextStim', opacity=1.0, ori=0.0, pos=array([-74.,   0.]), rgb=array([0., 0., 0.]), text='HU', units='pix', win=Window(...), wrapWidth=500)
7.3526 	INFO 	using sysFont 
7.3534 	EXP 	Created unnamed TextStim = TextStim(__class__=<class 'psychopy.visual.text.TextStim'>, alignHoriz='center', alignVert='center', antialias=True, autoLog=True, bold=False, color='black', colorSpace='named', contrast=1.0, depth=0, flipHoriz=False, flipVert=False, font='', fontFiles=[], height=32, italic=False, name='unnamed TextStim', opacity=1.0, ori=0.0, pos=array([0., 0.]), rgb=array([0., 0., 0.]), text='MU', units='pix', win=Window(...), wrapWidth=500)
7.3538 	INFO 	using sysFont 
7.3547 	EXP 	Created unnamed TextStim = TextStim(__class__=<class 'psychopy.visual.text.TextStim'>, alignHoriz='center', alignVert='center', antialias=True, autoLog=True, bold=False, color='black', colorSpace='named', contrast=1.0, depth=0, flipHoriz=False, flipVert=False, font='', fontFiles=[], height=32, italic=False, name='unnamed TextStim', opacity=1.0, ori=0.0, pos=array([74.,  0.]), rgb=array([0., 0., 0.]), text='BO', units='pix', win=Window(...), wrapWidth=500)
7.3552 	INFO 	using sysFont 
7.3560 	EXP 	Created unnamed TextStim = TextStim(__class__=<class 'psychopy.visual.text.TextStim'>, alignHoriz='center', alignVert='center', antialias=True, autoLog=True, bold=False, color='black', colorSpace='named', contrast=1.0, depth=0, flipHoriz=False, flipVert=False, font='', fontFiles=[], height=32, italic=False, name='unnamed TextStim', opacity=1.0, ori=0.0, pos=array([-74.        ,  49.33333333]), rgb=array([0., 0., 0.]), text='TG', units='pix', win=Window(...), wrapWidth=500)
7.3565 	INFO 	using sysFont 
7.3573 	EXP 	Created unnamed TextStim = TextStim(__class__=<class 'psychopy.visual.text.TextStim'>, alignHoriz='center', alignVert='center', antialias=True, autoLog=True, bold=False, color='black', colorSpace='named', contrast=1.0, depth=0, flipHoriz=False, flipVert=False, font='', fontFiles=[], height=32, italic=False, name='unnamed TextStim', opacity=1.0, ori=0.0, pos=array([ 0.        , 49.33333333]), rgb=array([0., 0., 0.]), text='WO', units='pix', win=Window(...), wrapWidth=500)
7.3578 	INFO 	using sysFont 
7.3586 	EXP 	Created unnamed TextStim = TextStim(__class__=<class 'psychopy.visual.text.TextStim'>, alignHoriz='center', alignVert='center', antialias=True, autoLog=True, bold=False, color='black', colorSpace='named', contrast=1.0, depth=0, flipHoriz=False, flipVert=False, font='', fontFiles=[], height=32, italic=False, name='unnamed TextStim', opacity=1.0, ori=0.0, pos=array([74.        , 49.33333333]), rgb=array([0., 0., 0.]), text='FG', units='pix', win=Window(...), wrapWidth=500)
7.3591 	INFO 	using sysFont 
7.3599 	EXP 	Created unnamed TextStim = TextStim(__class__=<class 'psychopy.visual.text.TextStim'>, alignHoriz='center', alignVert='center', antialias=True, autoLog=True, bold=False, color='black', colorSpace='named', contrast=1.0, depth=0, flipHoriz=False, flipVert=False, font='', fontFiles=[], height=32, italic=False, name='unnamed TextStim', opacity=1.0, ori=0.0, pos=array([-74.        ,  98.66666667]), rgb=array([0., 0., 0.]), text='PQ', units='pix', win=Window(...), wrapWidth=500)
7.3604 	INFO 	using sysFont 
7.3613 	EXP 	Created unnamed TextStim = TextStim(__class__=<class 'psychopy.visual.text.TextStim'>, alignHoriz='center', alignVert='center', antialias=True, autoLog=True, bold=False, color='black', colorSpace='named', contrast=1.0, depth=0, flipHoriz=False, flipVert=False, font='', fontFiles=[], height=32, italic=False, name='unnamed TextStim', opacity=1.0, ori=0.0, pos=array([ 0.        , 98.66666667]), rgb=array([0., 0., 0.]), text='CO', units='pix', win=Window(...), wrapWidth=500)
7.3618 	INFO 	using sysFont 
7.3626 	EXP 	Created unnamed TextStim = TextStim(__class__=<class 'psychopy.visual.text.TextStim'>, alignHoriz='center', alignVert='center', antialias=True, autoLog=True, bold=False, color='black', colorSpace='named', contrast=1.0, depth=0, flipHoriz=False, flipVert=False, font='', fontFiles=[], height=32, italic=False, name='unnamed TextStim', opacity=1.0, ori=0.0, pos=array([74.        , 98.66666667]), rgb=array([0., 0., 0.]), text='UO', units='pix', win=Window(...), wrapWidth=500)
7.3670 	EXP 	unnamed TextStim: autoDraw = True
7.3670 	EXP 	unnamed TextStim: autoDraw = True
7.3670 	EXP 	unnamed TextStim: autoDraw = True
7.3670 	EXP 	unnamed TextStim: autoDraw = True
7.3670 	EXP 	unnamed TextStim: autoDraw = True
7.3670 	EXP 	unnamed TextStim: autoDraw = True
7.3670 	EXP 	unnamed TextStim: autoDraw = True
7.3670 	EXP 	unnamed TextStim: autoDraw = True
7.3670 	EXP 	unnamed TextStim: autoDraw = True
7.3670 	EXP 	unnamed TextStim: autoDraw = True
7.4509 	EXP 	unnamed TextStim: autoDraw = False
7.4509 	EXP 	unnamed TextStim: autoDraw = False
7.4509 	EXP 	unnamed TextStim: autoDraw = False
7.4509 	EXP 	unnamed TextStim: autoDraw = False
7.4509 	EXP 	unnamed TextStim: autoDraw = False
7.4509 	EXP 	unnamed TextStim: autoDraw = False
7.4509 	EXP 	unnamed TextStim: autoDraw = False
7.4509 	EXP 	unnamed TextStim: autoDraw = False
7.4509 	EXP 	unnamed TextStim: autoDraw = False
7.4509 	EXP 	unnamed TextStim: autoDraw = False
8.4557 	INFO 	using sysFont Arial
8.4573 	EXP 	Created unnamed TextStim = TextStim(__class__=<class 'psychopy.visual.text.TextStim'>, alignHoriz='center', alignVert='center', antialias=True, autoLog=True, bold=False, color='black', colorSpace='named', contrast=1.0, depth=0, flipHoriz=False, flipVert=False, font='Arial', fontFiles=[], height=32, italic=False, name='unnamed TextStim', opacity=1.0, ori=0.0, pos=array([0., 0.]), rgb=array([0., 0., 0.]), text='Po treningu', units='pix', win=Window(...), wrapWidth=1920)
