2.6952 	INFO 	Screen res set as: 1920x1080
2.6971 	INFO 	Loaded monitor calibration from ['2018_09_18 09:28']
3.2905 	EXP 	Created window1 = Window(allowGUI=True, allowStencil=False, args=UNKNOWN, autoLog=True, bitsMode=UNKNOWN, blendMode='avg', color='Gainsboro', colorSpace='named', fullscr=UNKNOWN, gamma=None, kwargs=UNKNOWN, lms=UNKNOWN, monitor=<psychopy.monitors.calibTools.Monitor object at 0x7f537d9f4ef0>, multiSample=False, name='window1', numSamples=2, pos=None, screen=0, size=array([1920, 1080]), stereo=False, units='pix', useFBO=False, useRetina=False, viewOri=0.0, viewPos=None, viewScale=None, waitBlanking=True, winType='pygame')
3.2905 	INFO 	Detected framerate: 30 frames per sec.
3.2906 	INFO 	Mouse: using default window
3.3275 	INFO 	using sysFont Arial
3.3327 	EXP 	Created unnamed TextStim = TextStim(__class__=<class 'psychopy.visual.text.TextStim'>, alignHoriz='center', alignVert='center', antialias=True, autoLog=True, bold=False, color='black', colorSpace='named', contrast=1.0, depth=0, flipHoriz=False, flipVert=False, font='Arial', fontFiles=[], height=32, italic=False, name='unnamed TextStim', opacity=1.0, ori=0.0, pos=array([   0., -300.]), rgb=array([0., 0., 0.]), text=str(...), units='pix', win=Window(...), wrapWidth=1920)
3.3339 	INFO 	using sysFont Arial
3.3352 	EXP 	Created unnamed TextStim = TextStim(__class__=<class 'psychopy.visual.text.TextStim'>, alignHoriz='center', alignVert='center', antialias=True, autoLog=True, bold=False, color='black', colorSpace='named', contrast=1.0, depth=0, flipHoriz=False, flipVert=False, font='Arial', fontFiles=[], height=32, italic=False, name='unnamed TextStim', opacity=1.0, ori=0.0, pos=array([0., 0.]), rgb=array([0., 0., 0.]), text='Wstęp', units='pix', win=Window(...), wrapWidth=1920)
4.5474 	INFO 	using sysFont 
4.5484 	EXP 	Created unnamed TextStim = TextStim(__class__=<class 'psychopy.visual.text.TextStim'>, alignHoriz='center', alignVert='center', antialias=True, autoLog=True, bold=False, color='black', colorSpace='named', contrast=1.0, depth=0, flipHoriz=False, flipVert=False, font='', fontFiles=[], height=32, italic=False, name='unnamed TextStim', opacity=1.0, ori=0.0, pos=array([-74.,   0.]), rgb=array([0., 0., 0.]), text='FW', units='pix', win=Window(...), wrapWidth=500)
4.5492 	INFO 	using sysFont 
4.5504 	EXP 	Created unnamed TextStim = TextStim(__class__=<class 'psychopy.visual.text.TextStim'>, alignHoriz='center', alignVert='center', antialias=True, autoLog=True, bold=False, color='black', colorSpace='named', contrast=1.0, depth=0, flipHoriz=False, flipVert=False, font='', fontFiles=[], height=32, italic=False, name='unnamed TextStim', opacity=1.0, ori=0.0, pos=array([0., 0.]), rgb=array([0., 0., 0.]), text='FC', units='pix', win=Window(...), wrapWidth=500)
4.5513 	INFO 	using sysFont 
4.5525 	EXP 	Created unnamed TextStim = TextStim(__class__=<class 'psychopy.visual.text.TextStim'>, alignHoriz='center', alignVert='center', antialias=True, autoLog=True, bold=False, color='black', colorSpace='named', contrast=1.0, depth=0, flipHoriz=False, flipVert=False, font='', fontFiles=[], height=32, italic=False, name='unnamed TextStim', opacity=1.0, ori=0.0, pos=array([74.,  0.]), rgb=array([0., 0., 0.]), text='CW', units='pix', win=Window(...), wrapWidth=500)
4.5531 	INFO 	using sysFont 
4.5554 	EXP 	Created unnamed TextStim = TextStim(__class__=<class 'psychopy.visual.text.TextStim'>, alignHoriz='center', alignVert='center', antialias=True, autoLog=True, bold=False, color='black', colorSpace='named', contrast=1.0, depth=0, flipHoriz=False, flipVert=False, font='', fontFiles=[], height=32, italic=False, name='unnamed TextStim', opacity=1.0, ori=0.0, pos=array([-74.,  73.]), rgb=array([0., 0., 0.]), text='FI', units='pix', win=Window(...), wrapWidth=500)
4.5563 	INFO 	using sysFont 
4.5573 	EXP 	Created unnamed TextStim = TextStim(__class__=<class 'psychopy.visual.text.TextStim'>, alignHoriz='center', alignVert='center', antialias=True, autoLog=True, bold=False, color='black', colorSpace='named', contrast=1.0, depth=0, flipHoriz=False, flipVert=False, font='', fontFiles=[], height=32, italic=False, name='unnamed TextStim', opacity=1.0, ori=0.0, pos=array([ 0., 73.]), rgb=array([0., 0., 0.]), text='OO', units='pix', win=Window(...), wrapWidth=500)
4.5580 	INFO 	using sysFont 
4.5589 	EXP 	Created unnamed TextStim = TextStim(__class__=<class 'psychopy.visual.text.TextStim'>, alignHoriz='center', alignVert='center', antialias=True, autoLog=True, bold=False, color='black', colorSpace='named', contrast=1.0, depth=0, flipHoriz=False, flipVert=False, font='', fontFiles=[], height=32, italic=False, name='unnamed TextStim', opacity=1.0, ori=0.0, pos=array([74., 73.]), rgb=array([0., 0., 0.]), text='LI', units='pix', win=Window(...), wrapWidth=500)
4.5596 	INFO 	using sysFont 
4.5611 	EXP 	Created unnamed TextStim = TextStim(__class__=<class 'psychopy.visual.text.TextStim'>, alignHoriz='center', alignVert='center', antialias=True, autoLog=True, bold=False, color='black', colorSpace='named', contrast=1.0, depth=0, flipHoriz=False, flipVert=False, font='', fontFiles=[], height=32, italic=False, name='unnamed TextStim', opacity=1.0, ori=0.0, pos=array([-74., 146.]), rgb=array([0., 0., 0.]), text='MW', units='pix', win=Window(...), wrapWidth=500)
4.5619 	INFO 	using sysFont 
4.5634 	EXP 	Created unnamed TextStim = TextStim(__class__=<class 'psychopy.visual.text.TextStim'>, alignHoriz='center', alignVert='center', antialias=True, autoLog=True, bold=False, color='black', colorSpace='named', contrast=1.0, depth=0, flipHoriz=False, flipVert=False, font='', fontFiles=[], height=32, italic=False, name='unnamed TextStim', opacity=1.0, ori=0.0, pos=array([  0., 146.]), rgb=array([0., 0., 0.]), text='AQ', units='pix', win=Window(...), wrapWidth=500)
4.5642 	INFO 	using sysFont 
4.5654 	EXP 	Created unnamed TextStim = TextStim(__class__=<class 'psychopy.visual.text.TextStim'>, alignHoriz='center', alignVert='center', antialias=True, autoLog=True, bold=False, color='black', colorSpace='named', contrast=1.0, depth=0, flipHoriz=False, flipVert=False, font='', fontFiles=[], height=32, italic=False, name='unnamed TextStim', opacity=1.0, ori=0.0, pos=array([ 74., 146.]), rgb=array([0., 0., 0.]), text='BW', units='pix', win=Window(...), wrapWidth=500)
4.5687 	EXP 	unnamed TextStim: autoDraw = True
4.5687 	EXP 	unnamed TextStim: autoDraw = True
4.5687 	EXP 	unnamed TextStim: autoDraw = True
4.5687 	EXP 	unnamed TextStim: autoDraw = True
4.5687 	EXP 	unnamed TextStim: autoDraw = True
4.5687 	EXP 	unnamed TextStim: autoDraw = True
4.5687 	EXP 	unnamed TextStim: autoDraw = True
4.5687 	EXP 	unnamed TextStim: autoDraw = True
4.5687 	EXP 	unnamed TextStim: autoDraw = True
4.5687 	EXP 	unnamed TextStim: autoDraw = True
4.9379 	EXP 	unnamed TextStim: autoDraw = False
4.9379 	EXP 	unnamed TextStim: autoDraw = False
4.9379 	EXP 	unnamed TextStim: autoDraw = False
4.9379 	EXP 	unnamed TextStim: autoDraw = False
4.9379 	EXP 	unnamed TextStim: autoDraw = False
4.9379 	EXP 	unnamed TextStim: autoDraw = False
4.9379 	EXP 	unnamed TextStim: autoDraw = False
4.9379 	EXP 	unnamed TextStim: autoDraw = False
4.9379 	EXP 	unnamed TextStim: autoDraw = False
4.9379 	EXP 	unnamed TextStim: autoDraw = False
5.9476 	INFO 	using sysFont 
5.9486 	EXP 	Created unnamed TextStim = TextStim(__class__=<class 'psychopy.visual.text.TextStim'>, alignHoriz='center', alignVert='center', antialias=True, autoLog=True, bold=False, color='black', colorSpace='named', contrast=1.0, depth=0, flipHoriz=False, flipVert=False, font='', fontFiles=[], height=32, italic=False, name='unnamed TextStim', opacity=1.0, ori=0.0, pos=array([-74.,   0.]), rgb=array([0., 0., 0.]), text='LR', units='pix', win=Window(...), wrapWidth=500)
5.9491 	INFO 	using sysFont 
5.9499 	EXP 	Created unnamed TextStim = TextStim(__class__=<class 'psychopy.visual.text.TextStim'>, alignHoriz='center', alignVert='center', antialias=True, autoLog=True, bold=False, color='black', colorSpace='named', contrast=1.0, depth=0, flipHoriz=False, flipVert=False, font='', fontFiles=[], height=32, italic=False, name='unnamed TextStim', opacity=1.0, ori=0.0, pos=array([0., 0.]), rgb=array([0., 0., 0.]), text='WH', units='pix', win=Window(...), wrapWidth=500)
5.9503 	INFO 	using sysFont 
5.9511 	EXP 	Created unnamed TextStim = TextStim(__class__=<class 'psychopy.visual.text.TextStim'>, alignHoriz='center', alignVert='center', antialias=True, autoLog=True, bold=False, color='black', colorSpace='named', contrast=1.0, depth=0, flipHoriz=False, flipVert=False, font='', fontFiles=[], height=32, italic=False, name='unnamed TextStim', opacity=1.0, ori=0.0, pos=array([74.,  0.]), rgb=array([0., 0., 0.]), text='DH', units='pix', win=Window(...), wrapWidth=500)
5.9516 	INFO 	using sysFont 
5.9525 	EXP 	Created unnamed TextStim = TextStim(__class__=<class 'psychopy.visual.text.TextStim'>, alignHoriz='center', alignVert='center', antialias=True, autoLog=True, bold=False, color='black', colorSpace='named', contrast=1.0, depth=0, flipHoriz=False, flipVert=False, font='', fontFiles=[], height=32, italic=False, name='unnamed TextStim', opacity=1.0, ori=0.0, pos=array([-74.,  73.]), rgb=array([0., 0., 0.]), text='SB', units='pix', win=Window(...), wrapWidth=500)
5.9530 	INFO 	using sysFont 
5.9538 	EXP 	Created unnamed TextStim = TextStim(__class__=<class 'psychopy.visual.text.TextStim'>, alignHoriz='center', alignVert='center', antialias=True, autoLog=True, bold=False, color='black', colorSpace='named', contrast=1.0, depth=0, flipHoriz=False, flipVert=False, font='', fontFiles=[], height=32, italic=False, name='unnamed TextStim', opacity=1.0, ori=0.0, pos=array([ 0., 73.]), rgb=array([0., 0., 0.]), text='BB', units='pix', win=Window(...), wrapWidth=500)
5.9543 	INFO 	using sysFont 
5.9551 	EXP 	Created unnamed TextStim = TextStim(__class__=<class 'psychopy.visual.text.TextStim'>, alignHoriz='center', alignVert='center', antialias=True, autoLog=True, bold=False, color='black', colorSpace='named', contrast=1.0, depth=0, flipHoriz=False, flipVert=False, font='', fontFiles=[], height=32, italic=False, name='unnamed TextStim', opacity=1.0, ori=0.0, pos=array([74., 73.]), rgb=array([0., 0., 0.]), text='DS', units='pix', win=Window(...), wrapWidth=500)
5.9556 	INFO 	using sysFont 
5.9564 	EXP 	Created unnamed TextStim = TextStim(__class__=<class 'psychopy.visual.text.TextStim'>, alignHoriz='center', alignVert='center', antialias=True, autoLog=True, bold=False, color='black', colorSpace='named', contrast=1.0, depth=0, flipHoriz=False, flipVert=False, font='', fontFiles=[], height=32, italic=False, name='unnamed TextStim', opacity=1.0, ori=0.0, pos=array([-74., 146.]), rgb=array([0., 0., 0.]), text='HB', units='pix', win=Window(...), wrapWidth=500)
5.9569 	INFO 	using sysFont 
5.9577 	EXP 	Created unnamed TextStim = TextStim(__class__=<class 'psychopy.visual.text.TextStim'>, alignHoriz='center', alignVert='center', antialias=True, autoLog=True, bold=False, color='black', colorSpace='named', contrast=1.0, depth=0, flipHoriz=False, flipVert=False, font='', fontFiles=[], height=32, italic=False, name='unnamed TextStim', opacity=1.0, ori=0.0, pos=array([  0., 146.]), rgb=array([0., 0., 0.]), text='ZB', units='pix', win=Window(...), wrapWidth=500)
5.9582 	INFO 	using sysFont 
5.9591 	EXP 	Created unnamed TextStim = TextStim(__class__=<class 'psychopy.visual.text.TextStim'>, alignHoriz='center', alignVert='center', antialias=True, autoLog=True, bold=False, color='black', colorSpace='named', contrast=1.0, depth=0, flipHoriz=False, flipVert=False, font='', fontFiles=[], height=32, italic=False, name='unnamed TextStim', opacity=1.0, ori=0.0, pos=array([ 74., 146.]), rgb=array([0., 0., 0.]), text='GS', units='pix', win=Window(...), wrapWidth=500)
5.9630 	EXP 	unnamed TextStim: autoDraw = True
5.9630 	EXP 	unnamed TextStim: autoDraw = True
5.9630 	EXP 	unnamed TextStim: autoDraw = True
5.9630 	EXP 	unnamed TextStim: autoDraw = True
5.9630 	EXP 	unnamed TextStim: autoDraw = True
5.9630 	EXP 	unnamed TextStim: autoDraw = True
5.9630 	EXP 	unnamed TextStim: autoDraw = True
5.9630 	EXP 	unnamed TextStim: autoDraw = True
5.9630 	EXP 	unnamed TextStim: autoDraw = True
5.9630 	EXP 	unnamed TextStim: autoDraw = True
6.7555 	EXP 	unnamed TextStim: autoDraw = False
6.7555 	EXP 	unnamed TextStim: autoDraw = False
6.7555 	EXP 	unnamed TextStim: autoDraw = False
6.7555 	EXP 	unnamed TextStim: autoDraw = False
6.7555 	EXP 	unnamed TextStim: autoDraw = False
6.7555 	EXP 	unnamed TextStim: autoDraw = False
6.7555 	EXP 	unnamed TextStim: autoDraw = False
6.7555 	EXP 	unnamed TextStim: autoDraw = False
6.7555 	EXP 	unnamed TextStim: autoDraw = False
6.7555 	EXP 	unnamed TextStim: autoDraw = False
7.7578 	INFO 	using sysFont Arial
7.7590 	EXP 	Created unnamed TextStim = TextStim(__class__=<class 'psychopy.visual.text.TextStim'>, alignHoriz='center', alignVert='center', antialias=True, autoLog=True, bold=False, color='black', colorSpace='named', contrast=1.0, depth=0, flipHoriz=False, flipVert=False, font='Arial', fontFiles=[], height=32, italic=False, name='unnamed TextStim', opacity=1.0, ori=0.0, pos=array([0., 0.]), rgb=array([0., 0., 0.]), text='Po treningu', units='pix', win=Window(...), wrapWidth=1920)
8.4223 	INFO 	using sysFont 
8.4232 	EXP 	Created unnamed TextStim = TextStim(__class__=<class 'psychopy.visual.text.TextStim'>, alignHoriz='center', alignVert='center', antialias=True, autoLog=True, bold=False, color='black', colorSpace='named', contrast=1.0, depth=0, flipHoriz=False, flipVert=False, font='', fontFiles=[], height=32, italic=False, name='unnamed TextStim', opacity=1.0, ori=0.0, pos=array([-74.,   0.]), rgb=array([0., 0., 0.]), text='XQ', units='pix', win=Window(...), wrapWidth=500)
8.4237 	INFO 	using sysFont 
8.4245 	EXP 	Created unnamed TextStim = TextStim(__class__=<class 'psychopy.visual.text.TextStim'>, alignHoriz='center', alignVert='center', antialias=True, autoLog=True, bold=False, color='black', colorSpace='named', contrast=1.0, depth=0, flipHoriz=False, flipVert=False, font='', fontFiles=[], height=32, italic=False, name='unnamed TextStim', opacity=1.0, ori=0.0, pos=array([0., 0.]), rgb=array([0., 0., 0.]), text='ZB', units='pix', win=Window(...), wrapWidth=500)
8.4250 	INFO 	using sysFont 
8.4258 	EXP 	Created unnamed TextStim = TextStim(__class__=<class 'psychopy.visual.text.TextStim'>, alignHoriz='center', alignVert='center', antialias=True, autoLog=True, bold=False, color='black', colorSpace='named', contrast=1.0, depth=0, flipHoriz=False, flipVert=False, font='', fontFiles=[], height=32, italic=False, name='unnamed TextStim', opacity=1.0, ori=0.0, pos=array([74.,  0.]), rgb=array([0., 0., 0.]), text='EB', units='pix', win=Window(...), wrapWidth=500)
8.4264 	INFO 	using sysFont 
8.4272 	EXP 	Created unnamed TextStim = TextStim(__class__=<class 'psychopy.visual.text.TextStim'>, alignHoriz='center', alignVert='center', antialias=True, autoLog=True, bold=False, color='black', colorSpace='named', contrast=1.0, depth=0, flipHoriz=False, flipVert=False, font='', fontFiles=[], height=32, italic=False, name='unnamed TextStim', opacity=1.0, ori=0.0, pos=array([148.,   0.]), rgb=array([0., 0., 0.]), text='WG', units='pix', win=Window(...), wrapWidth=500)
8.4277 	INFO 	using sysFont 
8.4286 	EXP 	Created unnamed TextStim = TextStim(__class__=<class 'psychopy.visual.text.TextStim'>, alignHoriz='center', alignVert='center', antialias=True, autoLog=True, bold=False, color='black', colorSpace='named', contrast=1.0, depth=0, flipHoriz=False, flipVert=False, font='', fontFiles=[], height=32, italic=False, name='unnamed TextStim', opacity=1.0, ori=0.0, pos=array([-74.,  73.]), rgb=array([0., 0., 0.]), text='ZQ', units='pix', win=Window(...), wrapWidth=500)
8.4291 	INFO 	using sysFont 
8.4299 	EXP 	Created unnamed TextStim = TextStim(__class__=<class 'psychopy.visual.text.TextStim'>, alignHoriz='center', alignVert='center', antialias=True, autoLog=True, bold=False, color='black', colorSpace='named', contrast=1.0, depth=0, flipHoriz=False, flipVert=False, font='', fontFiles=[], height=32, italic=False, name='unnamed TextStim', opacity=1.0, ori=0.0, pos=array([ 0., 73.]), rgb=array([0., 0., 0.]), text='AB', units='pix', win=Window(...), wrapWidth=500)
8.4304 	INFO 	using sysFont 
8.4312 	EXP 	Created unnamed TextStim = TextStim(__class__=<class 'psychopy.visual.text.TextStim'>, alignHoriz='center', alignVert='center', antialias=True, autoLog=True, bold=False, color='black', colorSpace='named', contrast=1.0, depth=0, flipHoriz=False, flipVert=False, font='', fontFiles=[], height=32, italic=False, name='unnamed TextStim', opacity=1.0, ori=0.0, pos=array([74., 73.]), rgb=array([0., 0., 0.]), text='CG', units='pix', win=Window(...), wrapWidth=500)
8.4317 	INFO 	using sysFont 
8.4325 	EXP 	Created unnamed TextStim = TextStim(__class__=<class 'psychopy.visual.text.TextStim'>, alignHoriz='center', alignVert='center', antialias=True, autoLog=True, bold=False, color='black', colorSpace='named', contrast=1.0, depth=0, flipHoriz=False, flipVert=False, font='', fontFiles=[], height=32, italic=False, name='unnamed TextStim', opacity=1.0, ori=0.0, pos=array([148.,  73.]), rgb=array([0., 0., 0.]), text='AB', units='pix', win=Window(...), wrapWidth=500)
8.4331 	INFO 	using sysFont 
8.4339 	EXP 	Created unnamed TextStim = TextStim(__class__=<class 'psychopy.visual.text.TextStim'>, alignHoriz='center', alignVert='center', antialias=True, autoLog=True, bold=False, color='black', colorSpace='named', contrast=1.0, depth=0, flipHoriz=False, flipVert=False, font='', fontFiles=[], height=32, italic=False, name='unnamed TextStim', opacity=1.0, ori=0.0, pos=array([-74., 146.]), rgb=array([0., 0., 0.]), text='ZW', units='pix', win=Window(...), wrapWidth=500)
8.4344 	INFO 	using sysFont 
8.4353 	EXP 	Created unnamed TextStim = TextStim(__class__=<class 'psychopy.visual.text.TextStim'>, alignHoriz='center', alignVert='center', antialias=True, autoLog=True, bold=False, color='black', colorSpace='named', contrast=1.0, depth=0, flipHoriz=False, flipVert=False, font='', fontFiles=[], height=32, italic=False, name='unnamed TextStim', opacity=1.0, ori=0.0, pos=array([  0., 146.]), rgb=array([0., 0., 0.]), text='HP', units='pix', win=Window(...), wrapWidth=500)
8.4358 	INFO 	using sysFont 
8.4366 	EXP 	Created unnamed TextStim = TextStim(__class__=<class 'psychopy.visual.text.TextStim'>, alignHoriz='center', alignVert='center', antialias=True, autoLog=True, bold=False, color='black', colorSpace='named', contrast=1.0, depth=0, flipHoriz=False, flipVert=False, font='', fontFiles=[], height=32, italic=False, name='unnamed TextStim', opacity=1.0, ori=0.0, pos=array([ 74., 146.]), rgb=array([0., 0., 0.]), text='UK', units='pix', win=Window(...), wrapWidth=500)
8.4372 	INFO 	using sysFont 
8.4380 	EXP 	Created unnamed TextStim = TextStim(__class__=<class 'psychopy.visual.text.TextStim'>, alignHoriz='center', alignVert='center', antialias=True, autoLog=True, bold=False, color='black', colorSpace='named', contrast=1.0, depth=0, flipHoriz=False, flipVert=False, font='', fontFiles=[], height=32, italic=False, name='unnamed TextStim', opacity=1.0, ori=0.0, pos=array([148., 146.]), rgb=array([0., 0., 0.]), text='PB', units='pix', win=Window(...), wrapWidth=500)
8.4386 	INFO 	using sysFont 
8.4393 	EXP 	Created unnamed TextStim = TextStim(__class__=<class 'psychopy.visual.text.TextStim'>, alignHoriz='center', alignVert='center', antialias=True, autoLog=True, bold=False, color='black', colorSpace='named', contrast=1.0, depth=0, flipHoriz=False, flipVert=False, font='', fontFiles=[], height=32, italic=False, name='unnamed TextStim', opacity=1.0, ori=0.0, pos=array([-74., 219.]), rgb=array([0., 0., 0.]), text='LL', units='pix', win=Window(...), wrapWidth=500)
8.4399 	INFO 	using sysFont 
8.4407 	EXP 	Created unnamed TextStim = TextStim(__class__=<class 'psychopy.visual.text.TextStim'>, alignHoriz='center', alignVert='center', antialias=True, autoLog=True, bold=False, color='black', colorSpace='named', contrast=1.0, depth=0, flipHoriz=False, flipVert=False, font='', fontFiles=[], height=32, italic=False, name='unnamed TextStim', opacity=1.0, ori=0.0, pos=array([  0., 219.]), rgb=array([0., 0., 0.]), text='GG', units='pix', win=Window(...), wrapWidth=500)
8.4412 	INFO 	using sysFont 
8.4420 	EXP 	Created unnamed TextStim = TextStim(__class__=<class 'psychopy.visual.text.TextStim'>, alignHoriz='center', alignVert='center', antialias=True, autoLog=True, bold=False, color='black', colorSpace='named', contrast=1.0, depth=0, flipHoriz=False, flipVert=False, font='', fontFiles=[], height=32, italic=False, name='unnamed TextStim', opacity=1.0, ori=0.0, pos=array([ 74., 219.]), rgb=array([0., 0., 0.]), text='SG', units='pix', win=Window(...), wrapWidth=500)
8.4426 	INFO 	using sysFont 
8.4435 	EXP 	Created unnamed TextStim = TextStim(__class__=<class 'psychopy.visual.text.TextStim'>, alignHoriz='center', alignVert='center', antialias=True, autoLog=True, bold=False, color='black', colorSpace='named', contrast=1.0, depth=0, flipHoriz=False, flipVert=False, font='', fontFiles=[], height=32, italic=False, name='unnamed TextStim', opacity=1.0, ori=0.0, pos=array([148., 219.]), rgb=array([0., 0., 0.]), text='QB', units='pix', win=Window(...), wrapWidth=500)
8.4483 	EXP 	unnamed TextStim: autoDraw = True
8.4483 	EXP 	unnamed TextStim: autoDraw = True
8.4483 	EXP 	unnamed TextStim: autoDraw = True
8.4483 	EXP 	unnamed TextStim: autoDraw = True
8.4483 	EXP 	unnamed TextStim: autoDraw = True
8.4483 	EXP 	unnamed TextStim: autoDraw = True
8.4483 	EXP 	unnamed TextStim: autoDraw = True
8.4483 	EXP 	unnamed TextStim: autoDraw = True
8.4483 	EXP 	unnamed TextStim: autoDraw = True
8.4483 	EXP 	unnamed TextStim: autoDraw = True
8.4483 	EXP 	unnamed TextStim: autoDraw = True
8.4483 	EXP 	unnamed TextStim: autoDraw = True
8.4483 	EXP 	unnamed TextStim: autoDraw = True
8.4483 	EXP 	unnamed TextStim: autoDraw = True
8.4483 	EXP 	unnamed TextStim: autoDraw = True
8.4483 	EXP 	unnamed TextStim: autoDraw = True
8.4483 	EXP 	unnamed TextStim: autoDraw = True
11.2545 	EXP 	unnamed TextStim: autoDraw = False
11.2545 	EXP 	unnamed TextStim: autoDraw = False
11.2545 	EXP 	unnamed TextStim: autoDraw = False
11.2545 	EXP 	unnamed TextStim: autoDraw = False
11.2545 	EXP 	unnamed TextStim: autoDraw = False
11.2545 	EXP 	unnamed TextStim: autoDraw = False
11.2545 	EXP 	unnamed TextStim: autoDraw = False
11.2545 	EXP 	unnamed TextStim: autoDraw = False
11.2545 	EXP 	unnamed TextStim: autoDraw = False
11.2545 	EXP 	unnamed TextStim: autoDraw = False
11.2545 	EXP 	unnamed TextStim: autoDraw = False
11.2545 	EXP 	unnamed TextStim: autoDraw = False
11.2545 	EXP 	unnamed TextStim: autoDraw = False
11.2545 	EXP 	unnamed TextStim: autoDraw = False
11.2545 	EXP 	unnamed TextStim: autoDraw = False
11.2545 	EXP 	unnamed TextStim: autoDraw = False
11.2545 	EXP 	unnamed TextStim: autoDraw = False
12.2623 	INFO 	using sysFont 
12.2632 	EXP 	Created unnamed TextStim = TextStim(__class__=<class 'psychopy.visual.text.TextStim'>, alignHoriz='center', alignVert='center', antialias=True, autoLog=True, bold=False, color='black', colorSpace='named', contrast=1.0, depth=0, flipHoriz=False, flipVert=False, font='', fontFiles=[], height=32, italic=False, name='unnamed TextStim', opacity=1.0, ori=0.0, pos=array([-74.,   0.]), rgb=array([0., 0., 0.]), text='LS', units='pix', win=Window(...), wrapWidth=500)
12.2637 	INFO 	using sysFont 
12.2645 	EXP 	Created unnamed TextStim = TextStim(__class__=<class 'psychopy.visual.text.TextStim'>, alignHoriz='center', alignVert='center', antialias=True, autoLog=True, bold=False, color='black', colorSpace='named', contrast=1.0, depth=0, flipHoriz=False, flipVert=False, font='', fontFiles=[], height=32, italic=False, name='unnamed TextStim', opacity=1.0, ori=0.0, pos=array([0., 0.]), rgb=array([0., 0., 0.]), text='UY', units='pix', win=Window(...), wrapWidth=500)
12.2649 	INFO 	using sysFont 
12.2658 	EXP 	Created unnamed TextStim = TextStim(__class__=<class 'psychopy.visual.text.TextStim'>, alignHoriz='center', alignVert='center', antialias=True, autoLog=True, bold=False, color='black', colorSpace='named', contrast=1.0, depth=0, flipHoriz=False, flipVert=False, font='', fontFiles=[], height=32, italic=False, name='unnamed TextStim', opacity=1.0, ori=0.0, pos=array([74.,  0.]), rgb=array([0., 0., 0.]), text='WH', units='pix', win=Window(...), wrapWidth=500)
12.2663 	INFO 	using sysFont 
12.2670 	EXP 	Created unnamed TextStim = TextStim(__class__=<class 'psychopy.visual.text.TextStim'>, alignHoriz='center', alignVert='center', antialias=True, autoLog=True, bold=False, color='black', colorSpace='named', contrast=1.0, depth=0, flipHoriz=False, flipVert=False, font='', fontFiles=[], height=32, italic=False, name='unnamed TextStim', opacity=1.0, ori=0.0, pos=array([148.,   0.]), rgb=array([0., 0., 0.]), text='YI', units='pix', win=Window(...), wrapWidth=500)
12.2675 	INFO 	using sysFont 
12.2683 	EXP 	Created unnamed TextStim = TextStim(__class__=<class 'psychopy.visual.text.TextStim'>, alignHoriz='center', alignVert='center', antialias=True, autoLog=True, bold=False, color='black', colorSpace='named', contrast=1.0, depth=0, flipHoriz=False, flipVert=False, font='', fontFiles=[], height=32, italic=False, name='unnamed TextStim', opacity=1.0, ori=0.0, pos=array([222.,   0.]), rgb=array([0., 0., 0.]), text='DY', units='pix', win=Window(...), wrapWidth=500)
12.2688 	INFO 	using sysFont 
12.2696 	EXP 	Created unnamed TextStim = TextStim(__class__=<class 'psychopy.visual.text.TextStim'>, alignHoriz='center', alignVert='center', antialias=True, autoLog=True, bold=False, color='black', colorSpace='named', contrast=1.0, depth=0, flipHoriz=False, flipVert=False, font='', fontFiles=[], height=32, italic=False, name='unnamed TextStim', opacity=1.0, ori=0.0, pos=array([-74.,  73.]), rgb=array([0., 0., 0.]), text='RC', units='pix', win=Window(...), wrapWidth=500)
12.2701 	INFO 	using sysFont 
12.2709 	EXP 	Created unnamed TextStim = TextStim(__class__=<class 'psychopy.visual.text.TextStim'>, alignHoriz='center', alignVert='center', antialias=True, autoLog=True, bold=False, color='black', colorSpace='named', contrast=1.0, depth=0, flipHoriz=False, flipVert=False, font='', fontFiles=[], height=32, italic=False, name='unnamed TextStim', opacity=1.0, ori=0.0, pos=array([ 0., 73.]), rgb=array([0., 0., 0.]), text='NX', units='pix', win=Window(...), wrapWidth=500)
12.2714 	INFO 	using sysFont 
12.2723 	EXP 	Created unnamed TextStim = TextStim(__class__=<class 'psychopy.visual.text.TextStim'>, alignHoriz='center', alignVert='center', antialias=True, autoLog=True, bold=False, color='black', colorSpace='named', contrast=1.0, depth=0, flipHoriz=False, flipVert=False, font='', fontFiles=[], height=32, italic=False, name='unnamed TextStim', opacity=1.0, ori=0.0, pos=array([74., 73.]), rgb=array([0., 0., 0.]), text='MC', units='pix', win=Window(...), wrapWidth=500)
12.2728 	INFO 	using sysFont 
12.2736 	EXP 	Created unnamed TextStim = TextStim(__class__=<class 'psychopy.visual.text.TextStim'>, alignHoriz='center', alignVert='center', antialias=True, autoLog=True, bold=False, color='black', colorSpace='named', contrast=1.0, depth=0, flipHoriz=False, flipVert=False, font='', fontFiles=[], height=32, italic=False, name='unnamed TextStim', opacity=1.0, ori=0.0, pos=array([148.,  73.]), rgb=array([0., 0., 0.]), text='LU', units='pix', win=Window(...), wrapWidth=500)
12.2741 	INFO 	using sysFont 
12.2749 	EXP 	Created unnamed TextStim = TextStim(__class__=<class 'psychopy.visual.text.TextStim'>, alignHoriz='center', alignVert='center', antialias=True, autoLog=True, bold=False, color='black', colorSpace='named', contrast=1.0, depth=0, flipHoriz=False, flipVert=False, font='', fontFiles=[], height=32, italic=False, name='unnamed TextStim', opacity=1.0, ori=0.0, pos=array([222.,  73.]), rgb=array([0., 0., 0.]), text='JR', units='pix', win=Window(...), wrapWidth=500)
12.2754 	INFO 	using sysFont 
12.2761 	EXP 	Created unnamed TextStim = TextStim(__class__=<class 'psychopy.visual.text.TextStim'>, alignHoriz='center', alignVert='center', antialias=True, autoLog=True, bold=False, color='black', colorSpace='named', contrast=1.0, depth=0, flipHoriz=False, flipVert=False, font='', fontFiles=[], height=32, italic=False, name='unnamed TextStim', opacity=1.0, ori=0.0, pos=array([-74., 146.]), rgb=array([0., 0., 0.]), text='HE', units='pix', win=Window(...), wrapWidth=500)
12.2766 	INFO 	using sysFont 
12.2775 	EXP 	Created unnamed TextStim = TextStim(__class__=<class 'psychopy.visual.text.TextStim'>, alignHoriz='center', alignVert='center', antialias=True, autoLog=True, bold=False, color='black', colorSpace='named', contrast=1.0, depth=0, flipHoriz=False, flipVert=False, font='', fontFiles=[], height=32, italic=False, name='unnamed TextStim', opacity=1.0, ori=0.0, pos=array([  0., 146.]), rgb=array([0., 0., 0.]), text='IP', units='pix', win=Window(...), wrapWidth=500)
12.2780 	INFO 	using sysFont 
12.2787 	EXP 	Created unnamed TextStim = TextStim(__class__=<class 'psychopy.visual.text.TextStim'>, alignHoriz='center', alignVert='center', antialias=True, autoLog=True, bold=False, color='black', colorSpace='named', contrast=1.0, depth=0, flipHoriz=False, flipVert=False, font='', fontFiles=[], height=32, italic=False, name='unnamed TextStim', opacity=1.0, ori=0.0, pos=array([ 74., 146.]), rgb=array([0., 0., 0.]), text='LK', units='pix', win=Window(...), wrapWidth=500)
12.2793 	INFO 	using sysFont 
12.2801 	EXP 	Created unnamed TextStim = TextStim(__class__=<class 'psychopy.visual.text.TextStim'>, alignHoriz='center', alignVert='center', antialias=True, autoLog=True, bold=False, color='black', colorSpace='named', contrast=1.0, depth=0, flipHoriz=False, flipVert=False, font='', fontFiles=[], height=32, italic=False, name='unnamed TextStim', opacity=1.0, ori=0.0, pos=array([148., 146.]), rgb=array([0., 0., 0.]), text='KE', units='pix', win=Window(...), wrapWidth=500)
12.2805 	INFO 	using sysFont 
12.2813 	EXP 	Created unnamed TextStim = TextStim(__class__=<class 'psychopy.visual.text.TextStim'>, alignHoriz='center', alignVert='center', antialias=True, autoLog=True, bold=False, color='black', colorSpace='named', contrast=1.0, depth=0, flipHoriz=False, flipVert=False, font='', fontFiles=[], height=32, italic=False, name='unnamed TextStim', opacity=1.0, ori=0.0, pos=array([222., 146.]), rgb=array([0., 0., 0.]), text='IX', units='pix', win=Window(...), wrapWidth=500)
12.2818 	INFO 	using sysFont 
12.2826 	EXP 	Created unnamed TextStim = TextStim(__class__=<class 'psychopy.visual.text.TextStim'>, alignHoriz='center', alignVert='center', antialias=True, autoLog=True, bold=False, color='black', colorSpace='named', contrast=1.0, depth=0, flipHoriz=False, flipVert=False, font='', fontFiles=[], height=32, italic=False, name='unnamed TextStim', opacity=1.0, ori=0.0, pos=array([-74., 219.]), rgb=array([0., 0., 0.]), text='KM', units='pix', win=Window(...), wrapWidth=500)
12.2832 	INFO 	using sysFont 
12.2840 	EXP 	Created unnamed TextStim = TextStim(__class__=<class 'psychopy.visual.text.TextStim'>, alignHoriz='center', alignVert='center', antialias=True, autoLog=True, bold=False, color='black', colorSpace='named', contrast=1.0, depth=0, flipHoriz=False, flipVert=False, font='', fontFiles=[], height=32, italic=False, name='unnamed TextStim', opacity=1.0, ori=0.0, pos=array([  0., 219.]), rgb=array([0., 0., 0.]), text='HU', units='pix', win=Window(...), wrapWidth=500)
12.2845 	INFO 	using sysFont 
12.2853 	EXP 	Created unnamed TextStim = TextStim(__class__=<class 'psychopy.visual.text.TextStim'>, alignHoriz='center', alignVert='center', antialias=True, autoLog=True, bold=False, color='black', colorSpace='named', contrast=1.0, depth=0, flipHoriz=False, flipVert=False, font='', fontFiles=[], height=32, italic=False, name='unnamed TextStim', opacity=1.0, ori=0.0, pos=array([ 74., 219.]), rgb=array([0., 0., 0.]), text='IK', units='pix', win=Window(...), wrapWidth=500)
12.2858 	INFO 	using sysFont 
12.2866 	EXP 	Created unnamed TextStim = TextStim(__class__=<class 'psychopy.visual.text.TextStim'>, alignHoriz='center', alignVert='center', antialias=True, autoLog=True, bold=False, color='black', colorSpace='named', contrast=1.0, depth=0, flipHoriz=False, flipVert=False, font='', fontFiles=[], height=32, italic=False, name='unnamed TextStim', opacity=1.0, ori=0.0, pos=array([148., 219.]), rgb=array([0., 0., 0.]), text='EP', units='pix', win=Window(...), wrapWidth=500)
12.2872 	INFO 	using sysFont 
12.2880 	EXP 	Created unnamed TextStim = TextStim(__class__=<class 'psychopy.visual.text.TextStim'>, alignHoriz='center', alignVert='center', antialias=True, autoLog=True, bold=False, color='black', colorSpace='named', contrast=1.0, depth=0, flipHoriz=False, flipVert=False, font='', fontFiles=[], height=32, italic=False, name='unnamed TextStim', opacity=1.0, ori=0.0, pos=array([222., 219.]), rgb=array([0., 0., 0.]), text='BU', units='pix', win=Window(...), wrapWidth=500)
12.2885 	INFO 	using sysFont 
12.2902 	EXP 	Created unnamed TextStim = TextStim(__class__=<class 'psychopy.visual.text.TextStim'>, alignHoriz='center', alignVert='center', antialias=True, autoLog=True, bold=False, color='black', colorSpace='named', contrast=1.0, depth=0, flipHoriz=False, flipVert=False, font='', fontFiles=[], height=32, italic=False, name='unnamed TextStim', opacity=1.0, ori=0.0, pos=array([-74., 292.]), rgb=array([0., 0., 0.]), text='GS', units='pix', win=Window(...), wrapWidth=500)
12.2907 	INFO 	using sysFont 
12.2915 	EXP 	Created unnamed TextStim = TextStim(__class__=<class 'psychopy.visual.text.TextStim'>, alignHoriz='center', alignVert='center', antialias=True, autoLog=True, bold=False, color='black', colorSpace='named', contrast=1.0, depth=0, flipHoriz=False, flipVert=False, font='', fontFiles=[], height=32, italic=False, name='unnamed TextStim', opacity=1.0, ori=0.0, pos=array([  0., 292.]), rgb=array([0., 0., 0.]), text='CX', units='pix', win=Window(...), wrapWidth=500)
12.2921 	INFO 	using sysFont 
12.2929 	EXP 	Created unnamed TextStim = TextStim(__class__=<class 'psychopy.visual.text.TextStim'>, alignHoriz='center', alignVert='center', antialias=True, autoLog=True, bold=False, color='black', colorSpace='named', contrast=1.0, depth=0, flipHoriz=False, flipVert=False, font='', fontFiles=[], height=32, italic=False, name='unnamed TextStim', opacity=1.0, ori=0.0, pos=array([ 74., 292.]), rgb=array([0., 0., 0.]), text='SO', units='pix', win=Window(...), wrapWidth=500)
12.2935 	INFO 	using sysFont 
12.2943 	EXP 	Created unnamed TextStim = TextStim(__class__=<class 'psychopy.visual.text.TextStim'>, alignHoriz='center', alignVert='center', antialias=True, autoLog=True, bold=False, color='black', colorSpace='named', contrast=1.0, depth=0, flipHoriz=False, flipVert=False, font='', fontFiles=[], height=32, italic=False, name='unnamed TextStim', opacity=1.0, ori=0.0, pos=array([148., 292.]), rgb=array([0., 0., 0.]), text='BP', units='pix', win=Window(...), wrapWidth=500)
12.2948 	INFO 	using sysFont 
12.2956 	EXP 	Created unnamed TextStim = TextStim(__class__=<class 'psychopy.visual.text.TextStim'>, alignHoriz='center', alignVert='center', antialias=True, autoLog=True, bold=False, color='black', colorSpace='named', contrast=1.0, depth=0, flipHoriz=False, flipVert=False, font='', fontFiles=[], height=32, italic=False, name='unnamed TextStim', opacity=1.0, ori=0.0, pos=array([222., 292.]), rgb=array([0., 0., 0.]), text='TX', units='pix', win=Window(...), wrapWidth=500)
12.3025 	EXP 	unnamed TextStim: autoDraw = True
12.3025 	EXP 	unnamed TextStim: autoDraw = True
12.3025 	EXP 	unnamed TextStim: autoDraw = True
12.3025 	EXP 	unnamed TextStim: autoDraw = True
12.3025 	EXP 	unnamed TextStim: autoDraw = True
12.3025 	EXP 	unnamed TextStim: autoDraw = True
12.3025 	EXP 	unnamed TextStim: autoDraw = True
12.3025 	EXP 	unnamed TextStim: autoDraw = True
12.3025 	EXP 	unnamed TextStim: autoDraw = True
12.3025 	EXP 	unnamed TextStim: autoDraw = True
12.3025 	EXP 	unnamed TextStim: autoDraw = True
12.3025 	EXP 	unnamed TextStim: autoDraw = True
12.3025 	EXP 	unnamed TextStim: autoDraw = True
12.3025 	EXP 	unnamed TextStim: autoDraw = True
12.3025 	EXP 	unnamed TextStim: autoDraw = True
12.3025 	EXP 	unnamed TextStim: autoDraw = True
12.3025 	EXP 	unnamed TextStim: autoDraw = True
12.3025 	EXP 	unnamed TextStim: autoDraw = True
12.3025 	EXP 	unnamed TextStim: autoDraw = True
12.3025 	EXP 	unnamed TextStim: autoDraw = True
12.3025 	EXP 	unnamed TextStim: autoDraw = True
12.3025 	EXP 	unnamed TextStim: autoDraw = True
12.3025 	EXP 	unnamed TextStim: autoDraw = True
12.3025 	EXP 	unnamed TextStim: autoDraw = True
12.3025 	EXP 	unnamed TextStim: autoDraw = True
12.3025 	EXP 	unnamed TextStim: autoDraw = True
14.2372 	EXP 	unnamed TextStim: autoDraw = False
14.2372 	EXP 	unnamed TextStim: autoDraw = False
14.2372 	EXP 	unnamed TextStim: autoDraw = False
14.2372 	EXP 	unnamed TextStim: autoDraw = False
14.2372 	EXP 	unnamed TextStim: autoDraw = False
14.2372 	EXP 	unnamed TextStim: autoDraw = False
14.2372 	EXP 	unnamed TextStim: autoDraw = False
14.2372 	EXP 	unnamed TextStim: autoDraw = False
14.2372 	EXP 	unnamed TextStim: autoDraw = False
14.2372 	EXP 	unnamed TextStim: autoDraw = False
14.2372 	EXP 	unnamed TextStim: autoDraw = False
14.2372 	EXP 	unnamed TextStim: autoDraw = False
14.2372 	EXP 	unnamed TextStim: autoDraw = False
14.2372 	EXP 	unnamed TextStim: autoDraw = False
14.2372 	EXP 	unnamed TextStim: autoDraw = False
14.2372 	EXP 	unnamed TextStim: autoDraw = False
14.2372 	EXP 	unnamed TextStim: autoDraw = False
14.2372 	EXP 	unnamed TextStim: autoDraw = False
14.2372 	EXP 	unnamed TextStim: autoDraw = False
14.2372 	EXP 	unnamed TextStim: autoDraw = False
14.2372 	EXP 	unnamed TextStim: autoDraw = False
14.2372 	EXP 	unnamed TextStim: autoDraw = False
14.2372 	EXP 	unnamed TextStim: autoDraw = False
14.2372 	EXP 	unnamed TextStim: autoDraw = False
14.2372 	EXP 	unnamed TextStim: autoDraw = False
14.2372 	EXP 	unnamed TextStim: autoDraw = False
15.2477 	INFO 	using sysFont 
15.2487 	EXP 	Created unnamed TextStim = TextStim(__class__=<class 'psychopy.visual.text.TextStim'>, alignHoriz='center', alignVert='center', antialias=True, autoLog=True, bold=False, color='black', colorSpace='named', contrast=1.0, depth=0, flipHoriz=False, flipVert=False, font='', fontFiles=[], height=32, italic=False, name='unnamed TextStim', opacity=1.0, ori=0.0, pos=array([-74.,   0.]), rgb=array([0., 0., 0.]), text='EX', units='pix', win=Window(...), wrapWidth=500)
15.2492 	INFO 	using sysFont 
15.2500 	EXP 	Created unnamed TextStim = TextStim(__class__=<class 'psychopy.visual.text.TextStim'>, alignHoriz='center', alignVert='center', antialias=True, autoLog=True, bold=False, color='black', colorSpace='named', contrast=1.0, depth=0, flipHoriz=False, flipVert=False, font='', fontFiles=[], height=32, italic=False, name='unnamed TextStim', opacity=1.0, ori=0.0, pos=array([0., 0.]), rgb=array([0., 0., 0.]), text='TI', units='pix', win=Window(...), wrapWidth=500)
15.2506 	INFO 	using sysFont 
15.2514 	EXP 	Created unnamed TextStim = TextStim(__class__=<class 'psychopy.visual.text.TextStim'>, alignHoriz='center', alignVert='center', antialias=True, autoLog=True, bold=False, color='black', colorSpace='named', contrast=1.0, depth=0, flipHoriz=False, flipVert=False, font='', fontFiles=[], height=32, italic=False, name='unnamed TextStim', opacity=1.0, ori=0.0, pos=array([74.,  0.]), rgb=array([0., 0., 0.]), text='OA', units='pix', win=Window(...), wrapWidth=500)
15.2519 	INFO 	using sysFont 
15.2527 	EXP 	Created unnamed TextStim = TextStim(__class__=<class 'psychopy.visual.text.TextStim'>, alignHoriz='center', alignVert='center', antialias=True, autoLog=True, bold=False, color='black', colorSpace='named', contrast=1.0, depth=0, flipHoriz=False, flipVert=False, font='', fontFiles=[], height=32, italic=False, name='unnamed TextStim', opacity=1.0, ori=0.0, pos=array([148.,   0.]), rgb=array([0., 0., 0.]), text='UA', units='pix', win=Window(...), wrapWidth=500)
15.2533 	INFO 	using sysFont 
15.2541 	EXP 	Created unnamed TextStim = TextStim(__class__=<class 'psychopy.visual.text.TextStim'>, alignHoriz='center', alignVert='center', antialias=True, autoLog=True, bold=False, color='black', colorSpace='named', contrast=1.0, depth=0, flipHoriz=False, flipVert=False, font='', fontFiles=[], height=32, italic=False, name='unnamed TextStim', opacity=1.0, ori=0.0, pos=array([222.,   0.]), rgb=array([0., 0., 0.]), text='RY', units='pix', win=Window(...), wrapWidth=500)
15.2546 	INFO 	using sysFont 
15.2555 	EXP 	Created unnamed TextStim = TextStim(__class__=<class 'psychopy.visual.text.TextStim'>, alignHoriz='center', alignVert='center', antialias=True, autoLog=True, bold=False, color='black', colorSpace='named', contrast=1.0, depth=0, flipHoriz=False, flipVert=False, font='', fontFiles=[], height=32, italic=False, name='unnamed TextStim', opacity=1.0, ori=0.0, pos=array([296.,   0.]), rgb=array([0., 0., 0.]), text='IY', units='pix', win=Window(...), wrapWidth=500)
15.2560 	INFO 	using sysFont 
15.2568 	EXP 	Created unnamed TextStim = TextStim(__class__=<class 'psychopy.visual.text.TextStim'>, alignHoriz='center', alignVert='center', antialias=True, autoLog=True, bold=False, color='black', colorSpace='named', contrast=1.0, depth=0, flipHoriz=False, flipVert=False, font='', fontFiles=[], height=32, italic=False, name='unnamed TextStim', opacity=1.0, ori=0.0, pos=array([-74.,  73.]), rgb=array([0., 0., 0.]), text='AF', units='pix', win=Window(...), wrapWidth=500)
15.2573 	INFO 	using sysFont 
15.2582 	EXP 	Created unnamed TextStim = TextStim(__class__=<class 'psychopy.visual.text.TextStim'>, alignHoriz='center', alignVert='center', antialias=True, autoLog=True, bold=False, color='black', colorSpace='named', contrast=1.0, depth=0, flipHoriz=False, flipVert=False, font='', fontFiles=[], height=32, italic=False, name='unnamed TextStim', opacity=1.0, ori=0.0, pos=array([ 0., 73.]), rgb=array([0., 0., 0.]), text='WH', units='pix', win=Window(...), wrapWidth=500)
15.2587 	INFO 	using sysFont 
15.2595 	EXP 	Created unnamed TextStim = TextStim(__class__=<class 'psychopy.visual.text.TextStim'>, alignHoriz='center', alignVert='center', antialias=True, autoLog=True, bold=False, color='black', colorSpace='named', contrast=1.0, depth=0, flipHoriz=False, flipVert=False, font='', fontFiles=[], height=32, italic=False, name='unnamed TextStim', opacity=1.0, ori=0.0, pos=array([74., 73.]), rgb=array([0., 0., 0.]), text='BR', units='pix', win=Window(...), wrapWidth=500)
15.2601 	INFO 	using sysFont 
15.2609 	EXP 	Created unnamed TextStim = TextStim(__class__=<class 'psychopy.visual.text.TextStim'>, alignHoriz='center', alignVert='center', antialias=True, autoLog=True, bold=False, color='black', colorSpace='named', contrast=1.0, depth=0, flipHoriz=False, flipVert=False, font='', fontFiles=[], height=32, italic=False, name='unnamed TextStim', opacity=1.0, ori=0.0, pos=array([148.,  73.]), rgb=array([0., 0., 0.]), text='GR', units='pix', win=Window(...), wrapWidth=500)
15.2615 	INFO 	using sysFont 
15.2623 	EXP 	Created unnamed TextStim = TextStim(__class__=<class 'psychopy.visual.text.TextStim'>, alignHoriz='center', alignVert='center', antialias=True, autoLog=True, bold=False, color='black', colorSpace='named', contrast=1.0, depth=0, flipHoriz=False, flipVert=False, font='', fontFiles=[], height=32, italic=False, name='unnamed TextStim', opacity=1.0, ori=0.0, pos=array([222.,  73.]), rgb=array([0., 0., 0.]), text='XV', units='pix', win=Window(...), wrapWidth=500)
15.2629 	INFO 	using sysFont 
15.2637 	EXP 	Created unnamed TextStim = TextStim(__class__=<class 'psychopy.visual.text.TextStim'>, alignHoriz='center', alignVert='center', antialias=True, autoLog=True, bold=False, color='black', colorSpace='named', contrast=1.0, depth=0, flipHoriz=False, flipVert=False, font='', fontFiles=[], height=32, italic=False, name='unnamed TextStim', opacity=1.0, ori=0.0, pos=array([296.,  73.]), rgb=array([0., 0., 0.]), text='XJ', units='pix', win=Window(...), wrapWidth=500)
15.2642 	INFO 	using sysFont 
15.2651 	EXP 	Created unnamed TextStim = TextStim(__class__=<class 'psychopy.visual.text.TextStim'>, alignHoriz='center', alignVert='center', antialias=True, autoLog=True, bold=False, color='black', colorSpace='named', contrast=1.0, depth=0, flipHoriz=False, flipVert=False, font='', fontFiles=[], height=32, italic=False, name='unnamed TextStim', opacity=1.0, ori=0.0, pos=array([-74., 146.]), rgb=array([0., 0., 0.]), text='NG', units='pix', win=Window(...), wrapWidth=500)
15.2656 	INFO 	using sysFont 
15.2664 	EXP 	Created unnamed TextStim = TextStim(__class__=<class 'psychopy.visual.text.TextStim'>, alignHoriz='center', alignVert='center', antialias=True, autoLog=True, bold=False, color='black', colorSpace='named', contrast=1.0, depth=0, flipHoriz=False, flipVert=False, font='', fontFiles=[], height=32, italic=False, name='unnamed TextStim', opacity=1.0, ori=0.0, pos=array([  0., 146.]), rgb=array([0., 0., 0.]), text='XU', units='pix', win=Window(...), wrapWidth=500)
15.2670 	INFO 	using sysFont 
15.2678 	EXP 	Created unnamed TextStim = TextStim(__class__=<class 'psychopy.visual.text.TextStim'>, alignHoriz='center', alignVert='center', antialias=True, autoLog=True, bold=False, color='black', colorSpace='named', contrast=1.0, depth=0, flipHoriz=False, flipVert=False, font='', fontFiles=[], height=32, italic=False, name='unnamed TextStim', opacity=1.0, ori=0.0, pos=array([ 74., 146.]), rgb=array([0., 0., 0.]), text='KA', units='pix', win=Window(...), wrapWidth=500)
15.2683 	INFO 	using sysFont 
15.2692 	EXP 	Created unnamed TextStim = TextStim(__class__=<class 'psychopy.visual.text.TextStim'>, alignHoriz='center', alignVert='center', antialias=True, autoLog=True, bold=False, color='black', colorSpace='named', contrast=1.0, depth=0, flipHoriz=False, flipVert=False, font='', fontFiles=[], height=32, italic=False, name='unnamed TextStim', opacity=1.0, ori=0.0, pos=array([148., 146.]), rgb=array([0., 0., 0.]), text='PD', units='pix', win=Window(...), wrapWidth=500)
15.2698 	INFO 	using sysFont 
15.2706 	EXP 	Created unnamed TextStim = TextStim(__class__=<class 'psychopy.visual.text.TextStim'>, alignHoriz='center', alignVert='center', antialias=True, autoLog=True, bold=False, color='black', colorSpace='named', contrast=1.0, depth=0, flipHoriz=False, flipVert=False, font='', fontFiles=[], height=32, italic=False, name='unnamed TextStim', opacity=1.0, ori=0.0, pos=array([222., 146.]), rgb=array([0., 0., 0.]), text='FU', units='pix', win=Window(...), wrapWidth=500)
15.2711 	INFO 	using sysFont 
15.2721 	EXP 	Created unnamed TextStim = TextStim(__class__=<class 'psychopy.visual.text.TextStim'>, alignHoriz='center', alignVert='center', antialias=True, autoLog=True, bold=False, color='black', colorSpace='named', contrast=1.0, depth=0, flipHoriz=False, flipVert=False, font='', fontFiles=[], height=32, italic=False, name='unnamed TextStim', opacity=1.0, ori=0.0, pos=array([296., 146.]), rgb=array([0., 0., 0.]), text='RG', units='pix', win=Window(...), wrapWidth=500)
15.2726 	INFO 	using sysFont 
15.2734 	EXP 	Created unnamed TextStim = TextStim(__class__=<class 'psychopy.visual.text.TextStim'>, alignHoriz='center', alignVert='center', antialias=True, autoLog=True, bold=False, color='black', colorSpace='named', contrast=1.0, depth=0, flipHoriz=False, flipVert=False, font='', fontFiles=[], height=32, italic=False, name='unnamed TextStim', opacity=1.0, ori=0.0, pos=array([-74., 219.]), rgb=array([0., 0., 0.]), text='XF', units='pix', win=Window(...), wrapWidth=500)
15.2740 	INFO 	using sysFont 
15.2748 	EXP 	Created unnamed TextStim = TextStim(__class__=<class 'psychopy.visual.text.TextStim'>, alignHoriz='center', alignVert='center', antialias=True, autoLog=True, bold=False, color='black', colorSpace='named', contrast=1.0, depth=0, flipHoriz=False, flipVert=False, font='', fontFiles=[], height=32, italic=False, name='unnamed TextStim', opacity=1.0, ori=0.0, pos=array([  0., 219.]), rgb=array([0., 0., 0.]), text='MH', units='pix', win=Window(...), wrapWidth=500)
15.2753 	INFO 	using sysFont 
15.2769 	EXP 	Created unnamed TextStim = TextStim(__class__=<class 'psychopy.visual.text.TextStim'>, alignHoriz='center', alignVert='center', antialias=True, autoLog=True, bold=False, color='black', colorSpace='named', contrast=1.0, depth=0, flipHoriz=False, flipVert=False, font='', fontFiles=[], height=32, italic=False, name='unnamed TextStim', opacity=1.0, ori=0.0, pos=array([ 74., 219.]), rgb=array([0., 0., 0.]), text='CR', units='pix', win=Window(...), wrapWidth=500)
15.2774 	INFO 	using sysFont 
15.2782 	EXP 	Created unnamed TextStim = TextStim(__class__=<class 'psychopy.visual.text.TextStim'>, alignHoriz='center', alignVert='center', antialias=True, autoLog=True, bold=False, color='black', colorSpace='named', contrast=1.0, depth=0, flipHoriz=False, flipVert=False, font='', fontFiles=[], height=32, italic=False, name='unnamed TextStim', opacity=1.0, ori=0.0, pos=array([148., 219.]), rgb=array([0., 0., 0.]), text='TZ', units='pix', win=Window(...), wrapWidth=500)
15.2788 	INFO 	using sysFont 
15.2796 	EXP 	Created unnamed TextStim = TextStim(__class__=<class 'psychopy.visual.text.TextStim'>, alignHoriz='center', alignVert='center', antialias=True, autoLog=True, bold=False, color='black', colorSpace='named', contrast=1.0, depth=0, flipHoriz=False, flipVert=False, font='', fontFiles=[], height=32, italic=False, name='unnamed TextStim', opacity=1.0, ori=0.0, pos=array([222., 219.]), rgb=array([0., 0., 0.]), text='GH', units='pix', win=Window(...), wrapWidth=500)
15.2801 	INFO 	using sysFont 
15.2810 	EXP 	Created unnamed TextStim = TextStim(__class__=<class 'psychopy.visual.text.TextStim'>, alignHoriz='center', alignVert='center', antialias=True, autoLog=True, bold=False, color='black', colorSpace='named', contrast=1.0, depth=0, flipHoriz=False, flipVert=False, font='', fontFiles=[], height=32, italic=False, name='unnamed TextStim', opacity=1.0, ori=0.0, pos=array([296., 219.]), rgb=array([0., 0., 0.]), text='CV', units='pix', win=Window(...), wrapWidth=500)
15.2815 	INFO 	using sysFont 
15.2823 	EXP 	Created unnamed TextStim = TextStim(__class__=<class 'psychopy.visual.text.TextStim'>, alignHoriz='center', alignVert='center', antialias=True, autoLog=True, bold=False, color='black', colorSpace='named', contrast=1.0, depth=0, flipHoriz=False, flipVert=False, font='', fontFiles=[], height=32, italic=False, name='unnamed TextStim', opacity=1.0, ori=0.0, pos=array([-74., 292.]), rgb=array([0., 0., 0.]), text='CH', units='pix', win=Window(...), wrapWidth=500)
15.2829 	INFO 	using sysFont 
15.2838 	EXP 	Created unnamed TextStim = TextStim(__class__=<class 'psychopy.visual.text.TextStim'>, alignHoriz='center', alignVert='center', antialias=True, autoLog=True, bold=False, color='black', colorSpace='named', contrast=1.0, depth=0, flipHoriz=False, flipVert=False, font='', fontFiles=[], height=32, italic=False, name='unnamed TextStim', opacity=1.0, ori=0.0, pos=array([  0., 292.]), rgb=array([0., 0., 0.]), text='CR', units='pix', win=Window(...), wrapWidth=500)
15.2843 	INFO 	using sysFont 
15.2851 	EXP 	Created unnamed TextStim = TextStim(__class__=<class 'psychopy.visual.text.TextStim'>, alignHoriz='center', alignVert='center', antialias=True, autoLog=True, bold=False, color='black', colorSpace='named', contrast=1.0, depth=0, flipHoriz=False, flipVert=False, font='', fontFiles=[], height=32, italic=False, name='unnamed TextStim', opacity=1.0, ori=0.0, pos=array([ 74., 292.]), rgb=array([0., 0., 0.]), text='IV', units='pix', win=Window(...), wrapWidth=500)
15.2858 	INFO 	using sysFont 
15.2867 	EXP 	Created unnamed TextStim = TextStim(__class__=<class 'psychopy.visual.text.TextStim'>, alignHoriz='center', alignVert='center', antialias=True, autoLog=True, bold=False, color='black', colorSpace='named', contrast=1.0, depth=0, flipHoriz=False, flipVert=False, font='', fontFiles=[], height=32, italic=False, name='unnamed TextStim', opacity=1.0, ori=0.0, pos=array([148., 292.]), rgb=array([0., 0., 0.]), text='TZ', units='pix', win=Window(...), wrapWidth=500)
15.2872 	INFO 	using sysFont 
15.2883 	EXP 	Created unnamed TextStim = TextStim(__class__=<class 'psychopy.visual.text.TextStim'>, alignHoriz='center', alignVert='center', antialias=True, autoLog=True, bold=False, color='black', colorSpace='named', contrast=1.0, depth=0, flipHoriz=False, flipVert=False, font='', fontFiles=[], height=32, italic=False, name='unnamed TextStim', opacity=1.0, ori=0.0, pos=array([222., 292.]), rgb=array([0., 0., 0.]), text='TR', units='pix', win=Window(...), wrapWidth=500)
15.2888 	INFO 	using sysFont 
15.2897 	EXP 	Created unnamed TextStim = TextStim(__class__=<class 'psychopy.visual.text.TextStim'>, alignHoriz='center', alignVert='center', antialias=True, autoLog=True, bold=False, color='black', colorSpace='named', contrast=1.0, depth=0, flipHoriz=False, flipVert=False, font='', fontFiles=[], height=32, italic=False, name='unnamed TextStim', opacity=1.0, ori=0.0, pos=array([296., 292.]), rgb=array([0., 0., 0.]), text='CV', units='pix', win=Window(...), wrapWidth=500)
15.2903 	INFO 	using sysFont 
15.2912 	EXP 	Created unnamed TextStim = TextStim(__class__=<class 'psychopy.visual.text.TextStim'>, alignHoriz='center', alignVert='center', antialias=True, autoLog=True, bold=False, color='black', colorSpace='named', contrast=1.0, depth=0, flipHoriz=False, flipVert=False, font='', fontFiles=[], height=32, italic=False, name='unnamed TextStim', opacity=1.0, ori=0.0, pos=array([-74., 365.]), rgb=array([0., 0., 0.]), text='UZ', units='pix', win=Window(...), wrapWidth=500)
15.2917 	INFO 	using sysFont 
15.2925 	EXP 	Created unnamed TextStim = TextStim(__class__=<class 'psychopy.visual.text.TextStim'>, alignHoriz='center', alignVert='center', antialias=True, autoLog=True, bold=False, color='black', colorSpace='named', contrast=1.0, depth=0, flipHoriz=False, flipVert=False, font='', fontFiles=[], height=32, italic=False, name='unnamed TextStim', opacity=1.0, ori=0.0, pos=array([  0., 365.]), rgb=array([0., 0., 0.]), text='FF', units='pix', win=Window(...), wrapWidth=500)
15.2931 	INFO 	using sysFont 
15.2939 	EXP 	Created unnamed TextStim = TextStim(__class__=<class 'psychopy.visual.text.TextStim'>, alignHoriz='center', alignVert='center', antialias=True, autoLog=True, bold=False, color='black', colorSpace='named', contrast=1.0, depth=0, flipHoriz=False, flipVert=False, font='', fontFiles=[], height=32, italic=False, name='unnamed TextStim', opacity=1.0, ori=0.0, pos=array([ 74., 365.]), rgb=array([0., 0., 0.]), text='JZ', units='pix', win=Window(...), wrapWidth=500)
15.2945 	INFO 	using sysFont 
15.2954 	EXP 	Created unnamed TextStim = TextStim(__class__=<class 'psychopy.visual.text.TextStim'>, alignHoriz='center', alignVert='center', antialias=True, autoLog=True, bold=False, color='black', colorSpace='named', contrast=1.0, depth=0, flipHoriz=False, flipVert=False, font='', fontFiles=[], height=32, italic=False, name='unnamed TextStim', opacity=1.0, ori=0.0, pos=array([148., 365.]), rgb=array([0., 0., 0.]), text='ES', units='pix', win=Window(...), wrapWidth=500)
15.2959 	INFO 	using sysFont 
15.2968 	EXP 	Created unnamed TextStim = TextStim(__class__=<class 'psychopy.visual.text.TextStim'>, alignHoriz='center', alignVert='center', antialias=True, autoLog=True, bold=False, color='black', colorSpace='named', contrast=1.0, depth=0, flipHoriz=False, flipVert=False, font='', fontFiles=[], height=32, italic=False, name='unnamed TextStim', opacity=1.0, ori=0.0, pos=array([222., 365.]), rgb=array([0., 0., 0.]), text='QH', units='pix', win=Window(...), wrapWidth=500)
15.2973 	INFO 	using sysFont 
15.2982 	EXP 	Created unnamed TextStim = TextStim(__class__=<class 'psychopy.visual.text.TextStim'>, alignHoriz='center', alignVert='center', antialias=True, autoLog=True, bold=False, color='black', colorSpace='named', contrast=1.0, depth=0, flipHoriz=False, flipVert=False, font='', fontFiles=[], height=32, italic=False, name='unnamed TextStim', opacity=1.0, ori=0.0, pos=array([296., 365.]), rgb=array([0., 0., 0.]), text='GU', units='pix', win=Window(...), wrapWidth=500)
15.3085 	EXP 	unnamed TextStim: autoDraw = True
15.3085 	EXP 	unnamed TextStim: autoDraw = True
15.3085 	EXP 	unnamed TextStim: autoDraw = True
15.3085 	EXP 	unnamed TextStim: autoDraw = True
15.3085 	EXP 	unnamed TextStim: autoDraw = True
15.3085 	EXP 	unnamed TextStim: autoDraw = True
15.3085 	EXP 	unnamed TextStim: autoDraw = True
15.3085 	EXP 	unnamed TextStim: autoDraw = True
15.3085 	EXP 	unnamed TextStim: autoDraw = True
15.3085 	EXP 	unnamed TextStim: autoDraw = True
15.3085 	EXP 	unnamed TextStim: autoDraw = True
15.3085 	EXP 	unnamed TextStim: autoDraw = True
15.3085 	EXP 	unnamed TextStim: autoDraw = True
15.3085 	EXP 	unnamed TextStim: autoDraw = True
15.3085 	EXP 	unnamed TextStim: autoDraw = True
15.3085 	EXP 	unnamed TextStim: autoDraw = True
15.3085 	EXP 	unnamed TextStim: autoDraw = True
15.3085 	EXP 	unnamed TextStim: autoDraw = True
15.3085 	EXP 	unnamed TextStim: autoDraw = True
15.3085 	EXP 	unnamed TextStim: autoDraw = True
15.3085 	EXP 	unnamed TextStim: autoDraw = True
15.3085 	EXP 	unnamed TextStim: autoDraw = True
15.3085 	EXP 	unnamed TextStim: autoDraw = True
15.3085 	EXP 	unnamed TextStim: autoDraw = True
15.3085 	EXP 	unnamed TextStim: autoDraw = True
15.3085 	EXP 	unnamed TextStim: autoDraw = True
15.3085 	EXP 	unnamed TextStim: autoDraw = True
15.3085 	EXP 	unnamed TextStim: autoDraw = True
15.3085 	EXP 	unnamed TextStim: autoDraw = True
15.3085 	EXP 	unnamed TextStim: autoDraw = True
15.3085 	EXP 	unnamed TextStim: autoDraw = True
15.3085 	EXP 	unnamed TextStim: autoDraw = True
15.3085 	EXP 	unnamed TextStim: autoDraw = True
15.3085 	EXP 	unnamed TextStim: autoDraw = True
15.3085 	EXP 	unnamed TextStim: autoDraw = True
15.3085 	EXP 	unnamed TextStim: autoDraw = True
15.3085 	EXP 	unnamed TextStim: autoDraw = True
16.0703 	EXP 	unnamed TextStim: autoDraw = False
16.0703 	EXP 	unnamed TextStim: autoDraw = False
16.0703 	EXP 	unnamed TextStim: autoDraw = False
16.0703 	EXP 	unnamed TextStim: autoDraw = False
16.0703 	EXP 	unnamed TextStim: autoDraw = False
16.0703 	EXP 	unnamed TextStim: autoDraw = False
16.0703 	EXP 	unnamed TextStim: autoDraw = False
16.0703 	EXP 	unnamed TextStim: autoDraw = False
16.0703 	EXP 	unnamed TextStim: autoDraw = False
16.0703 	EXP 	unnamed TextStim: autoDraw = False
16.0703 	EXP 	unnamed TextStim: autoDraw = False
16.0703 	EXP 	unnamed TextStim: autoDraw = False
16.0703 	EXP 	unnamed TextStim: autoDraw = False
16.0703 	EXP 	unnamed TextStim: autoDraw = False
16.0703 	EXP 	unnamed TextStim: autoDraw = False
16.0703 	EXP 	unnamed TextStim: autoDraw = False
16.0703 	EXP 	unnamed TextStim: autoDraw = False
16.0703 	EXP 	unnamed TextStim: autoDraw = False
16.0703 	EXP 	unnamed TextStim: autoDraw = False
16.0703 	EXP 	unnamed TextStim: autoDraw = False
16.0703 	EXP 	unnamed TextStim: autoDraw = False
16.0703 	EXP 	unnamed TextStim: autoDraw = False
16.0703 	EXP 	unnamed TextStim: autoDraw = False
16.0703 	EXP 	unnamed TextStim: autoDraw = False
16.0703 	EXP 	unnamed TextStim: autoDraw = False
16.0703 	EXP 	unnamed TextStim: autoDraw = False
16.0703 	EXP 	unnamed TextStim: autoDraw = False
16.0703 	EXP 	unnamed TextStim: autoDraw = False
16.0703 	EXP 	unnamed TextStim: autoDraw = False
16.0703 	EXP 	unnamed TextStim: autoDraw = False
16.0703 	EXP 	unnamed TextStim: autoDraw = False
16.0703 	EXP 	unnamed TextStim: autoDraw = False
16.0703 	EXP 	unnamed TextStim: autoDraw = False
16.0703 	EXP 	unnamed TextStim: autoDraw = False
16.0703 	EXP 	unnamed TextStim: autoDraw = False
16.0703 	EXP 	unnamed TextStim: autoDraw = False
16.0703 	EXP 	unnamed TextStim: autoDraw = False
17.0728 	INFO 	using sysFont Arial
17.0738 	EXP 	Created unnamed TextStim = TextStim(__class__=<class 'psychopy.visual.text.TextStim'>, alignHoriz='center', alignVert='center', antialias=True, autoLog=True, bold=False, color='black', colorSpace='named', contrast=1.0, depth=0, flipHoriz=False, flipVert=False, font='Arial', fontFiles=[], height=32, italic=False, name='unnamed TextStim', opacity=1.0, ori=0.0, pos=array([0., 0.]), rgb=array([0., 0., 0.]), text='end', units='pix', win=Window(...), wrapWidth=1920)
