2.6462 	INFO 	Screen res set as: 1920x1080
2.6472 	INFO 	Loaded monitor calibration from ['2018_09_18 09:28']
3.1834 	EXP 	Created window1 = Window(allowGUI=True, allowStencil=False, args=UNKNOWN, autoLog=True, bitsMode=UNKNOWN, blendMode='avg', color='Gainsboro', colorSpace='named', fullscr=UNKNOWN, gamma=None, kwargs=UNKNOWN, lms=UNKNOWN, monitor=<psychopy.monitors.calibTools.Monitor object at 0x7f24ec02cf28>, multiSample=False, name='window1', numSamples=2, pos=None, screen=0, size=array([1920, 1080]), stereo=False, units='pix', useFBO=False, useRetina=False, viewOri=0.0, viewPos=None, viewScale=None, waitBlanking=True, winType='pygame')
3.1834 	INFO 	Detected framerate: 30 frames per sec.
3.1835 	INFO 	Mouse: using default window
3.2230 	INFO 	using sysFont Arial
3.2270 	EXP 	Created unnamed TextStim = TextStim(__class__=<class 'psychopy.visual.text.TextStim'>, alignHoriz='center', alignVert='center', antialias=True, autoLog=True, bold=False, color='black', colorSpace='named', contrast=1.0, depth=0, flipHoriz=False, flipVert=False, font='Arial', fontFiles=[], height=32, italic=False, name='unnamed TextStim', opacity=1.0, ori=0.0, pos=array([   0., -300.]), rgb=array([0., 0., 0.]), text=str(...), units='pix', win=Window(...), wrapWidth=1920)
3.2282 	INFO 	using sysFont Arial
3.2297 	EXP 	Created unnamed TextStim = TextStim(__class__=<class 'psychopy.visual.text.TextStim'>, alignHoriz='center', alignVert='center', antialias=True, autoLog=True, bold=False, color='black', colorSpace='named', contrast=1.0, depth=0, flipHoriz=False, flipVert=False, font='Arial', fontFiles=[], height=32, italic=False, name='unnamed TextStim', opacity=1.0, ori=0.0, pos=array([0., 0.]), rgb=array([0., 0., 0.]), text='Wstęp', units='pix', win=Window(...), wrapWidth=1920)
4.7436 	INFO 	using sysFont 
4.7445 	EXP 	Created unnamed TextStim = TextStim(__class__=<class 'psychopy.visual.text.TextStim'>, alignHoriz='center', alignVert='center', antialias=True, autoLog=True, bold=False, color='black', colorSpace='named', contrast=1.0, depth=0, flipHoriz=False, flipVert=False, font='', fontFiles=[], height=32, italic=False, name='unnamed TextStim', opacity=1.0, ori=0.0, pos=array([-74.,   0.]), rgb=array([0., 0., 0.]), text='YK', units='pix', win=Window(...), wrapWidth=500)
4.7450 	INFO 	using sysFont 
4.7457 	EXP 	Created unnamed TextStim = TextStim(__class__=<class 'psychopy.visual.text.TextStim'>, alignHoriz='center', alignVert='center', antialias=True, autoLog=True, bold=False, color='black', colorSpace='named', contrast=1.0, depth=0, flipHoriz=False, flipVert=False, font='', fontFiles=[], height=32, italic=False, name='unnamed TextStim', opacity=1.0, ori=0.0, pos=array([0., 0.]), rgb=array([0., 0., 0.]), text='DZ', units='pix', win=Window(...), wrapWidth=500)
4.7462 	INFO 	using sysFont 
4.7481 	EXP 	Created unnamed TextStim = TextStim(__class__=<class 'psychopy.visual.text.TextStim'>, alignHoriz='center', alignVert='center', antialias=True, autoLog=True, bold=False, color='black', colorSpace='named', contrast=1.0, depth=0, flipHoriz=False, flipVert=False, font='', fontFiles=[], height=32, italic=False, name='unnamed TextStim', opacity=1.0, ori=0.0, pos=array([74.,  0.]), rgb=array([0., 0., 0.]), text='MK', units='pix', win=Window(...), wrapWidth=500)
4.7488 	INFO 	using sysFont 
4.7497 	EXP 	Created unnamed TextStim = TextStim(__class__=<class 'psychopy.visual.text.TextStim'>, alignHoriz='center', alignVert='center', antialias=True, autoLog=True, bold=False, color='black', colorSpace='named', contrast=1.0, depth=0, flipHoriz=False, flipVert=False, font='', fontFiles=[], height=32, italic=False, name='unnamed TextStim', opacity=1.0, ori=0.0, pos=array([-74.        ,  49.33333333]), rgb=array([0., 0., 0.]), text='AQ', units='pix', win=Window(...), wrapWidth=500)
4.7503 	INFO 	using sysFont 
4.7511 	EXP 	Created unnamed TextStim = TextStim(__class__=<class 'psychopy.visual.text.TextStim'>, alignHoriz='center', alignVert='center', antialias=True, autoLog=True, bold=False, color='black', colorSpace='named', contrast=1.0, depth=0, flipHoriz=False, flipVert=False, font='', fontFiles=[], height=32, italic=False, name='unnamed TextStim', opacity=1.0, ori=0.0, pos=array([ 0.        , 49.33333333]), rgb=array([0., 0., 0.]), text='DE', units='pix', win=Window(...), wrapWidth=500)
4.7516 	INFO 	using sysFont 
4.7524 	EXP 	Created unnamed TextStim = TextStim(__class__=<class 'psychopy.visual.text.TextStim'>, alignHoriz='center', alignVert='center', antialias=True, autoLog=True, bold=False, color='black', colorSpace='named', contrast=1.0, depth=0, flipHoriz=False, flipVert=False, font='', fontFiles=[], height=32, italic=False, name='unnamed TextStim', opacity=1.0, ori=0.0, pos=array([74.        , 49.33333333]), rgb=array([0., 0., 0.]), text='TQ', units='pix', win=Window(...), wrapWidth=500)
4.7530 	INFO 	using sysFont 
4.7538 	EXP 	Created unnamed TextStim = TextStim(__class__=<class 'psychopy.visual.text.TextStim'>, alignHoriz='center', alignVert='center', antialias=True, autoLog=True, bold=False, color='black', colorSpace='named', contrast=1.0, depth=0, flipHoriz=False, flipVert=False, font='', fontFiles=[], height=32, italic=False, name='unnamed TextStim', opacity=1.0, ori=0.0, pos=array([-74.        ,  98.66666667]), rgb=array([0., 0., 0.]), text='XK', units='pix', win=Window(...), wrapWidth=500)
4.7543 	INFO 	using sysFont 
4.7552 	EXP 	Created unnamed TextStim = TextStim(__class__=<class 'psychopy.visual.text.TextStim'>, alignHoriz='center', alignVert='center', antialias=True, autoLog=True, bold=False, color='black', colorSpace='named', contrast=1.0, depth=0, flipHoriz=False, flipVert=False, font='', fontFiles=[], height=32, italic=False, name='unnamed TextStim', opacity=1.0, ori=0.0, pos=array([ 0.        , 98.66666667]), rgb=array([0., 0., 0.]), text='VZ', units='pix', win=Window(...), wrapWidth=500)
4.7558 	INFO 	using sysFont 
4.7566 	EXP 	Created unnamed TextStim = TextStim(__class__=<class 'psychopy.visual.text.TextStim'>, alignHoriz='center', alignVert='center', antialias=True, autoLog=True, bold=False, color='black', colorSpace='named', contrast=1.0, depth=0, flipHoriz=False, flipVert=False, font='', fontFiles=[], height=32, italic=False, name='unnamed TextStim', opacity=1.0, ori=0.0, pos=array([74.        , 98.66666667]), rgb=array([0., 0., 0.]), text='PK', units='pix', win=Window(...), wrapWidth=500)
4.7594 	EXP 	unnamed TextStim: autoDraw = True
4.7594 	EXP 	unnamed TextStim: autoDraw = True
4.7594 	EXP 	unnamed TextStim: autoDraw = True
4.7594 	EXP 	unnamed TextStim: autoDraw = True
4.7594 	EXP 	unnamed TextStim: autoDraw = True
4.7594 	EXP 	unnamed TextStim: autoDraw = True
4.7594 	EXP 	unnamed TextStim: autoDraw = True
4.7594 	EXP 	unnamed TextStim: autoDraw = True
4.7594 	EXP 	unnamed TextStim: autoDraw = True
4.7594 	EXP 	unnamed TextStim: autoDraw = True
5.4156 	EXP 	unnamed TextStim: autoDraw = False
5.4156 	EXP 	unnamed TextStim: autoDraw = False
5.4156 	EXP 	unnamed TextStim: autoDraw = False
5.4156 	EXP 	unnamed TextStim: autoDraw = False
5.4156 	EXP 	unnamed TextStim: autoDraw = False
5.4156 	EXP 	unnamed TextStim: autoDraw = False
5.4156 	EXP 	unnamed TextStim: autoDraw = False
5.4156 	EXP 	unnamed TextStim: autoDraw = False
5.4156 	EXP 	unnamed TextStim: autoDraw = False
5.4156 	EXP 	unnamed TextStim: autoDraw = False
6.4205 	INFO 	using sysFont 
6.4215 	EXP 	Created unnamed TextStim = TextStim(__class__=<class 'psychopy.visual.text.TextStim'>, alignHoriz='center', alignVert='center', antialias=True, autoLog=True, bold=False, color='black', colorSpace='named', contrast=1.0, depth=0, flipHoriz=False, flipVert=False, font='', fontFiles=[], height=32, italic=False, name='unnamed TextStim', opacity=1.0, ori=0.0, pos=array([-74.,   0.]), rgb=array([0., 0., 0.]), text='LY', units='pix', win=Window(...), wrapWidth=500)
6.4220 	INFO 	using sysFont 
6.4227 	EXP 	Created unnamed TextStim = TextStim(__class__=<class 'psychopy.visual.text.TextStim'>, alignHoriz='center', alignVert='center', antialias=True, autoLog=True, bold=False, color='black', colorSpace='named', contrast=1.0, depth=0, flipHoriz=False, flipVert=False, font='', fontFiles=[], height=32, italic=False, name='unnamed TextStim', opacity=1.0, ori=0.0, pos=array([0., 0.]), rgb=array([0., 0., 0.]), text='GG', units='pix', win=Window(...), wrapWidth=500)
6.4232 	INFO 	using sysFont 
6.4241 	EXP 	Created unnamed TextStim = TextStim(__class__=<class 'psychopy.visual.text.TextStim'>, alignHoriz='center', alignVert='center', antialias=True, autoLog=True, bold=False, color='black', colorSpace='named', contrast=1.0, depth=0, flipHoriz=False, flipVert=False, font='', fontFiles=[], height=32, italic=False, name='unnamed TextStim', opacity=1.0, ori=0.0, pos=array([74.,  0.]), rgb=array([0., 0., 0.]), text='OY', units='pix', win=Window(...), wrapWidth=500)
6.4246 	INFO 	using sysFont 
6.4254 	EXP 	Created unnamed TextStim = TextStim(__class__=<class 'psychopy.visual.text.TextStim'>, alignHoriz='center', alignVert='center', antialias=True, autoLog=True, bold=False, color='black', colorSpace='named', contrast=1.0, depth=0, flipHoriz=False, flipVert=False, font='', fontFiles=[], height=32, italic=False, name='unnamed TextStim', opacity=1.0, ori=0.0, pos=array([-74.        ,  49.33333333]), rgb=array([0., 0., 0.]), text='YK', units='pix', win=Window(...), wrapWidth=500)
6.4259 	INFO 	using sysFont 
6.4267 	EXP 	Created unnamed TextStim = TextStim(__class__=<class 'psychopy.visual.text.TextStim'>, alignHoriz='center', alignVert='center', antialias=True, autoLog=True, bold=False, color='black', colorSpace='named', contrast=1.0, depth=0, flipHoriz=False, flipVert=False, font='', fontFiles=[], height=32, italic=False, name='unnamed TextStim', opacity=1.0, ori=0.0, pos=array([ 0.        , 49.33333333]), rgb=array([0., 0., 0.]), text='BK', units='pix', win=Window(...), wrapWidth=500)
6.4272 	INFO 	using sysFont 
6.4281 	EXP 	Created unnamed TextStim = TextStim(__class__=<class 'psychopy.visual.text.TextStim'>, alignHoriz='center', alignVert='center', antialias=True, autoLog=True, bold=False, color='black', colorSpace='named', contrast=1.0, depth=0, flipHoriz=False, flipVert=False, font='', fontFiles=[], height=32, italic=False, name='unnamed TextStim', opacity=1.0, ori=0.0, pos=array([74.        , 49.33333333]), rgb=array([0., 0., 0.]), text='LX', units='pix', win=Window(...), wrapWidth=500)
6.4286 	INFO 	using sysFont 
6.4294 	EXP 	Created unnamed TextStim = TextStim(__class__=<class 'psychopy.visual.text.TextStim'>, alignHoriz='center', alignVert='center', antialias=True, autoLog=True, bold=False, color='black', colorSpace='named', contrast=1.0, depth=0, flipHoriz=False, flipVert=False, font='', fontFiles=[], height=32, italic=False, name='unnamed TextStim', opacity=1.0, ori=0.0, pos=array([-74.        ,  98.66666667]), rgb=array([0., 0., 0.]), text='UY', units='pix', win=Window(...), wrapWidth=500)
6.4299 	INFO 	using sysFont 
6.4307 	EXP 	Created unnamed TextStim = TextStim(__class__=<class 'psychopy.visual.text.TextStim'>, alignHoriz='center', alignVert='center', antialias=True, autoLog=True, bold=False, color='black', colorSpace='named', contrast=1.0, depth=0, flipHoriz=False, flipVert=False, font='', fontFiles=[], height=32, italic=False, name='unnamed TextStim', opacity=1.0, ori=0.0, pos=array([ 0.        , 98.66666667]), rgb=array([0., 0., 0.]), text='HK', units='pix', win=Window(...), wrapWidth=500)
6.4312 	INFO 	using sysFont 
6.4320 	EXP 	Created unnamed TextStim = TextStim(__class__=<class 'psychopy.visual.text.TextStim'>, alignHoriz='center', alignVert='center', antialias=True, autoLog=True, bold=False, color='black', colorSpace='named', contrast=1.0, depth=0, flipHoriz=False, flipVert=False, font='', fontFiles=[], height=32, italic=False, name='unnamed TextStim', opacity=1.0, ori=0.0, pos=array([74.        , 98.66666667]), rgb=array([0., 0., 0.]), text='DY', units='pix', win=Window(...), wrapWidth=500)
6.4361 	EXP 	unnamed TextStim: autoDraw = True
6.4361 	EXP 	unnamed TextStim: autoDraw = True
6.4361 	EXP 	unnamed TextStim: autoDraw = True
6.4361 	EXP 	unnamed TextStim: autoDraw = True
6.4361 	EXP 	unnamed TextStim: autoDraw = True
6.4361 	EXP 	unnamed TextStim: autoDraw = True
6.4361 	EXP 	unnamed TextStim: autoDraw = True
6.4361 	EXP 	unnamed TextStim: autoDraw = True
6.4361 	EXP 	unnamed TextStim: autoDraw = True
6.4361 	EXP 	unnamed TextStim: autoDraw = True
7.1487 	EXP 	unnamed TextStim: autoDraw = False
7.1487 	EXP 	unnamed TextStim: autoDraw = False
7.1487 	EXP 	unnamed TextStim: autoDraw = False
7.1487 	EXP 	unnamed TextStim: autoDraw = False
7.1487 	EXP 	unnamed TextStim: autoDraw = False
7.1487 	EXP 	unnamed TextStim: autoDraw = False
7.1487 	EXP 	unnamed TextStim: autoDraw = False
7.1487 	EXP 	unnamed TextStim: autoDraw = False
7.1487 	EXP 	unnamed TextStim: autoDraw = False
7.1487 	EXP 	unnamed TextStim: autoDraw = False
8.1511 	INFO 	using sysFont Arial
8.1524 	EXP 	Created unnamed TextStim = TextStim(__class__=<class 'psychopy.visual.text.TextStim'>, alignHoriz='center', alignVert='center', antialias=True, autoLog=True, bold=False, color='black', colorSpace='named', contrast=1.0, depth=0, flipHoriz=False, flipVert=False, font='Arial', fontFiles=[], height=32, italic=False, name='unnamed TextStim', opacity=1.0, ori=0.0, pos=array([0., 0.]), rgb=array([0., 0., 0.]), text='Po treningu', units='pix', win=Window(...), wrapWidth=1920)
8.6580 	INFO 	using sysFont 
8.6589 	EXP 	Created unnamed TextStim = TextStim(__class__=<class 'psychopy.visual.text.TextStim'>, alignHoriz='center', alignVert='center', antialias=True, autoLog=True, bold=False, color='black', colorSpace='named', contrast=1.0, depth=0, flipHoriz=False, flipVert=False, font='', fontFiles=[], height=32, italic=False, name='unnamed TextStim', opacity=1.0, ori=0.0, pos=array([-74.,   0.]), rgb=array([0., 0., 0.]), text='QB', units='pix', win=Window(...), wrapWidth=500)
8.6594 	INFO 	using sysFont 
8.6602 	EXP 	Created unnamed TextStim = TextStim(__class__=<class 'psychopy.visual.text.TextStim'>, alignHoriz='center', alignVert='center', antialias=True, autoLog=True, bold=False, color='black', colorSpace='named', contrast=1.0, depth=0, flipHoriz=False, flipVert=False, font='', fontFiles=[], height=32, italic=False, name='unnamed TextStim', opacity=1.0, ori=0.0, pos=array([0., 0.]), rgb=array([0., 0., 0.]), text='IR', units='pix', win=Window(...), wrapWidth=500)
8.6607 	INFO 	using sysFont 
8.6615 	EXP 	Created unnamed TextStim = TextStim(__class__=<class 'psychopy.visual.text.TextStim'>, alignHoriz='center', alignVert='center', antialias=True, autoLog=True, bold=False, color='black', colorSpace='named', contrast=1.0, depth=0, flipHoriz=False, flipVert=False, font='', fontFiles=[], height=32, italic=False, name='unnamed TextStim', opacity=1.0, ori=0.0, pos=array([74.,  0.]), rgb=array([0., 0., 0.]), text='GX', units='pix', win=Window(...), wrapWidth=500)
8.6620 	INFO 	using sysFont 
8.6629 	EXP 	Created unnamed TextStim = TextStim(__class__=<class 'psychopy.visual.text.TextStim'>, alignHoriz='center', alignVert='center', antialias=True, autoLog=True, bold=False, color='black', colorSpace='named', contrast=1.0, depth=0, flipHoriz=False, flipVert=False, font='', fontFiles=[], height=32, italic=False, name='unnamed TextStim', opacity=1.0, ori=0.0, pos=array([-74.        ,  49.33333333]), rgb=array([0., 0., 0.]), text='SB', units='pix', win=Window(...), wrapWidth=500)
8.6635 	INFO 	using sysFont 
8.6643 	EXP 	Created unnamed TextStim = TextStim(__class__=<class 'psychopy.visual.text.TextStim'>, alignHoriz='center', alignVert='center', antialias=True, autoLog=True, bold=False, color='black', colorSpace='named', contrast=1.0, depth=0, flipHoriz=False, flipVert=False, font='', fontFiles=[], height=32, italic=False, name='unnamed TextStim', opacity=1.0, ori=0.0, pos=array([ 0.        , 49.33333333]), rgb=array([0., 0., 0.]), text='DX', units='pix', win=Window(...), wrapWidth=500)
8.6648 	INFO 	using sysFont 
8.6656 	EXP 	Created unnamed TextStim = TextStim(__class__=<class 'psychopy.visual.text.TextStim'>, alignHoriz='center', alignVert='center', antialias=True, autoLog=True, bold=False, color='black', colorSpace='named', contrast=1.0, depth=0, flipHoriz=False, flipVert=False, font='', fontFiles=[], height=32, italic=False, name='unnamed TextStim', opacity=1.0, ori=0.0, pos=array([74.        , 49.33333333]), rgb=array([0., 0., 0.]), text='JB', units='pix', win=Window(...), wrapWidth=500)
8.6661 	INFO 	using sysFont 
8.6670 	EXP 	Created unnamed TextStim = TextStim(__class__=<class 'psychopy.visual.text.TextStim'>, alignHoriz='center', alignVert='center', antialias=True, autoLog=True, bold=False, color='black', colorSpace='named', contrast=1.0, depth=0, flipHoriz=False, flipVert=False, font='', fontFiles=[], height=32, italic=False, name='unnamed TextStim', opacity=1.0, ori=0.0, pos=array([-74.        ,  98.66666667]), rgb=array([0., 0., 0.]), text='QE', units='pix', win=Window(...), wrapWidth=500)
8.6675 	INFO 	using sysFont 
8.6683 	EXP 	Created unnamed TextStim = TextStim(__class__=<class 'psychopy.visual.text.TextStim'>, alignHoriz='center', alignVert='center', antialias=True, autoLog=True, bold=False, color='black', colorSpace='named', contrast=1.0, depth=0, flipHoriz=False, flipVert=False, font='', fontFiles=[], height=32, italic=False, name='unnamed TextStim', opacity=1.0, ori=0.0, pos=array([ 0.        , 98.66666667]), rgb=array([0., 0., 0.]), text='IX', units='pix', win=Window(...), wrapWidth=500)
8.6688 	INFO 	using sysFont 
8.6696 	EXP 	Created unnamed TextStim = TextStim(__class__=<class 'psychopy.visual.text.TextStim'>, alignHoriz='center', alignVert='center', antialias=True, autoLog=True, bold=False, color='black', colorSpace='named', contrast=1.0, depth=0, flipHoriz=False, flipVert=False, font='', fontFiles=[], height=32, italic=False, name='unnamed TextStim', opacity=1.0, ori=0.0, pos=array([74.        , 98.66666667]), rgb=array([0., 0., 0.]), text='CX', units='pix', win=Window(...), wrapWidth=500)
8.6731 	EXP 	unnamed TextStim: autoDraw = True
8.6731 	EXP 	unnamed TextStim: autoDraw = True
8.6731 	EXP 	unnamed TextStim: autoDraw = True
8.6731 	EXP 	unnamed TextStim: autoDraw = True
8.6731 	EXP 	unnamed TextStim: autoDraw = True
8.6731 	EXP 	unnamed TextStim: autoDraw = True
8.6731 	EXP 	unnamed TextStim: autoDraw = True
8.6731 	EXP 	unnamed TextStim: autoDraw = True
8.6731 	EXP 	unnamed TextStim: autoDraw = True
8.6731 	EXP 	unnamed TextStim: autoDraw = True
9.9148 	EXP 	unnamed TextStim: autoDraw = False
9.9148 	EXP 	unnamed TextStim: autoDraw = False
9.9148 	EXP 	unnamed TextStim: autoDraw = False
9.9148 	EXP 	unnamed TextStim: autoDraw = False
9.9148 	EXP 	unnamed TextStim: autoDraw = False
9.9148 	EXP 	unnamed TextStim: autoDraw = False
9.9148 	EXP 	unnamed TextStim: autoDraw = False
9.9148 	EXP 	unnamed TextStim: autoDraw = False
9.9148 	EXP 	unnamed TextStim: autoDraw = False
9.9148 	EXP 	unnamed TextStim: autoDraw = False
