2.5612 	INFO 	Screen res set as: 1920x1080
2.5622 	INFO 	Loaded monitor calibration from ['2018_09_18 09:28']
3.0969 	EXP 	Created window1 = Window(allowGUI=True, allowStencil=False, args=UNKNOWN, autoLog=True, bitsMode=UNKNOWN, blendMode='avg', color='Gainsboro', colorSpace='named', fullscr=UNKNOWN, gamma=None, kwargs=UNKNOWN, lms=UNKNOWN, monitor=<psychopy.monitors.calibTools.Monitor object at 0x7f362c066ef0>, multiSample=False, name='window1', numSamples=2, pos=None, screen=0, size=array([1920, 1080]), stereo=False, units='pix', useFBO=False, useRetina=False, viewOri=0.0, viewPos=None, viewScale=None, waitBlanking=True, winType='pygame')
3.0970 	INFO 	Detected framerate: 30 frames per sec.
3.0970 	INFO 	Mouse: using default window
3.1420 	INFO 	using sysFont Arial
3.1461 	EXP 	Created unnamed TextStim = TextStim(__class__=<class 'psychopy.visual.text.TextStim'>, alignHoriz='center', alignVert='center', antialias=True, autoLog=True, bold=False, color='black', colorSpace='named', contrast=1.0, depth=0, flipHoriz=False, flipVert=False, font='Arial', fontFiles=[], height=32, italic=False, name='unnamed TextStim', opacity=1.0, ori=0.0, pos=array([   0., -300.]), rgb=array([0., 0., 0.]), text=str(...), units='pix', win=Window(...), wrapWidth=1920)
3.1470 	INFO 	using sysFont Arial
3.1480 	EXP 	Created unnamed TextStim = TextStim(__class__=<class 'psychopy.visual.text.TextStim'>, alignHoriz='center', alignVert='center', antialias=True, autoLog=True, bold=False, color='black', colorSpace='named', contrast=1.0, depth=0, flipHoriz=False, flipVert=False, font='Arial', fontFiles=[], height=32, italic=False, name='unnamed TextStim', opacity=1.0, ori=0.0, pos=array([0., 0.]), rgb=array([0., 0., 0.]), text='Wstęp', units='pix', win=Window(...), wrapWidth=1920)
5.0984 	INFO 	using sysFont 
5.0994 	EXP 	Created unnamed TextStim = TextStim(__class__=<class 'psychopy.visual.text.TextStim'>, alignHoriz='center', alignVert='center', antialias=True, autoLog=True, bold=False, color='black', colorSpace='named', contrast=1.0, depth=0, flipHoriz=False, flipVert=False, font='', fontFiles=[], height=32, italic=False, name='unnamed TextStim', opacity=1.0, ori=0.0, pos=array([ -74., -111.]), rgb=array([0., 0., 0.]), text='HS', units='pix', win=Window(...), wrapWidth=500)
5.0999 	INFO 	using sysFont 
5.1009 	EXP 	Created unnamed TextStim = TextStim(__class__=<class 'psychopy.visual.text.TextStim'>, alignHoriz='center', alignVert='center', antialias=True, autoLog=True, bold=False, color='black', colorSpace='named', contrast=1.0, depth=0, flipHoriz=False, flipVert=False, font='', fontFiles=[], height=32, italic=False, name='unnamed TextStim', opacity=1.0, ori=0.0, pos=array([   0., -111.]), rgb=array([0., 0., 0.]), text='DU', units='pix', win=Window(...), wrapWidth=500)
5.1014 	INFO 	using sysFont 
5.1023 	EXP 	Created unnamed TextStim = TextStim(__class__=<class 'psychopy.visual.text.TextStim'>, alignHoriz='center', alignVert='center', antialias=True, autoLog=True, bold=False, color='black', colorSpace='named', contrast=1.0, depth=0, flipHoriz=False, flipVert=False, font='', fontFiles=[], height=32, italic=False, name='unnamed TextStim', opacity=1.0, ori=0.0, pos=array([  74., -111.]), rgb=array([0., 0., 0.]), text='IS', units='pix', win=Window(...), wrapWidth=500)
5.1029 	INFO 	using sysFont 
5.1037 	EXP 	Created unnamed TextStim = TextStim(__class__=<class 'psychopy.visual.text.TextStim'>, alignHoriz='center', alignVert='center', antialias=True, autoLog=True, bold=False, color='black', colorSpace='named', contrast=1.0, depth=0, flipHoriz=False, flipVert=False, font='', fontFiles=[], height=32, italic=False, name='unnamed TextStim', opacity=1.0, ori=0.0, pos=array([-74.        , -61.66666667]), rgb=array([0., 0., 0.]), text='QY', units='pix', win=Window(...), wrapWidth=500)
5.1043 	INFO 	using sysFont 
5.1053 	EXP 	Created unnamed TextStim = TextStim(__class__=<class 'psychopy.visual.text.TextStim'>, alignHoriz='center', alignVert='center', antialias=True, autoLog=True, bold=False, color='black', colorSpace='named', contrast=1.0, depth=0, flipHoriz=False, flipVert=False, font='', fontFiles=[], height=32, italic=False, name='unnamed TextStim', opacity=1.0, ori=0.0, pos=array([  0.        , -61.66666667]), rgb=array([0., 0., 0.]), text='XQ', units='pix', win=Window(...), wrapWidth=500)
5.1058 	INFO 	using sysFont 
5.1067 	EXP 	Created unnamed TextStim = TextStim(__class__=<class 'psychopy.visual.text.TextStim'>, alignHoriz='center', alignVert='center', antialias=True, autoLog=True, bold=False, color='black', colorSpace='named', contrast=1.0, depth=0, flipHoriz=False, flipVert=False, font='', fontFiles=[], height=32, italic=False, name='unnamed TextStim', opacity=1.0, ori=0.0, pos=array([ 74.        , -61.66666667]), rgb=array([0., 0., 0.]), text='QV', units='pix', win=Window(...), wrapWidth=500)
5.1074 	INFO 	using sysFont 
5.1082 	EXP 	Created unnamed TextStim = TextStim(__class__=<class 'psychopy.visual.text.TextStim'>, alignHoriz='center', alignVert='center', antialias=True, autoLog=True, bold=False, color='black', colorSpace='named', contrast=1.0, depth=0, flipHoriz=False, flipVert=False, font='', fontFiles=[], height=32, italic=False, name='unnamed TextStim', opacity=1.0, ori=0.0, pos=array([-74.        , -12.33333333]), rgb=array([0., 0., 0.]), text='BS', units='pix', win=Window(...), wrapWidth=500)
5.1088 	INFO 	using sysFont 
5.1097 	EXP 	Created unnamed TextStim = TextStim(__class__=<class 'psychopy.visual.text.TextStim'>, alignHoriz='center', alignVert='center', antialias=True, autoLog=True, bold=False, color='black', colorSpace='named', contrast=1.0, depth=0, flipHoriz=False, flipVert=False, font='', fontFiles=[], height=32, italic=False, name='unnamed TextStim', opacity=1.0, ori=0.0, pos=array([  0.        , -12.33333333]), rgb=array([0., 0., 0.]), text='TU', units='pix', win=Window(...), wrapWidth=500)
5.1103 	INFO 	using sysFont 
5.1114 	EXP 	Created unnamed TextStim = TextStim(__class__=<class 'psychopy.visual.text.TextStim'>, alignHoriz='center', alignVert='center', antialias=True, autoLog=True, bold=False, color='black', colorSpace='named', contrast=1.0, depth=0, flipHoriz=False, flipVert=False, font='', fontFiles=[], height=32, italic=False, name='unnamed TextStim', opacity=1.0, ori=0.0, pos=array([ 74.        , -12.33333333]), rgb=array([0., 0., 0.]), text='TS', units='pix', win=Window(...), wrapWidth=500)
5.1150 	EXP 	unnamed TextStim: autoDraw = True
5.1150 	EXP 	unnamed TextStim: autoDraw = True
5.1150 	EXP 	unnamed TextStim: autoDraw = True
5.1150 	EXP 	unnamed TextStim: autoDraw = True
5.1150 	EXP 	unnamed TextStim: autoDraw = True
5.1150 	EXP 	unnamed TextStim: autoDraw = True
5.1150 	EXP 	unnamed TextStim: autoDraw = True
5.1150 	EXP 	unnamed TextStim: autoDraw = True
5.1150 	EXP 	unnamed TextStim: autoDraw = True
5.1150 	EXP 	unnamed TextStim: autoDraw = True
5.8290 	EXP 	unnamed TextStim: autoDraw = False
5.8290 	EXP 	unnamed TextStim: autoDraw = False
5.8290 	EXP 	unnamed TextStim: autoDraw = False
5.8290 	EXP 	unnamed TextStim: autoDraw = False
5.8290 	EXP 	unnamed TextStim: autoDraw = False
5.8290 	EXP 	unnamed TextStim: autoDraw = False
5.8290 	EXP 	unnamed TextStim: autoDraw = False
5.8290 	EXP 	unnamed TextStim: autoDraw = False
5.8290 	EXP 	unnamed TextStim: autoDraw = False
5.8290 	EXP 	unnamed TextStim: autoDraw = False
6.8343 	INFO 	using sysFont 
6.8353 	EXP 	Created unnamed TextStim = TextStim(__class__=<class 'psychopy.visual.text.TextStim'>, alignHoriz='center', alignVert='center', antialias=True, autoLog=True, bold=False, color='black', colorSpace='named', contrast=1.0, depth=0, flipHoriz=False, flipVert=False, font='', fontFiles=[], height=32, italic=False, name='unnamed TextStim', opacity=1.0, ori=0.0, pos=array([ -74., -111.]), rgb=array([0., 0., 0.]), text='PK', units='pix', win=Window(...), wrapWidth=500)
6.8358 	INFO 	using sysFont 
6.8366 	EXP 	Created unnamed TextStim = TextStim(__class__=<class 'psychopy.visual.text.TextStim'>, alignHoriz='center', alignVert='center', antialias=True, autoLog=True, bold=False, color='black', colorSpace='named', contrast=1.0, depth=0, flipHoriz=False, flipVert=False, font='', fontFiles=[], height=32, italic=False, name='unnamed TextStim', opacity=1.0, ori=0.0, pos=array([   0., -111.]), rgb=array([0., 0., 0.]), text='QK', units='pix', win=Window(...), wrapWidth=500)
6.8372 	INFO 	using sysFont 
6.8380 	EXP 	Created unnamed TextStim = TextStim(__class__=<class 'psychopy.visual.text.TextStim'>, alignHoriz='center', alignVert='center', antialias=True, autoLog=True, bold=False, color='black', colorSpace='named', contrast=1.0, depth=0, flipHoriz=False, flipVert=False, font='', fontFiles=[], height=32, italic=False, name='unnamed TextStim', opacity=1.0, ori=0.0, pos=array([  74., -111.]), rgb=array([0., 0., 0.]), text='IP', units='pix', win=Window(...), wrapWidth=500)
6.8385 	INFO 	using sysFont 
6.8394 	EXP 	Created unnamed TextStim = TextStim(__class__=<class 'psychopy.visual.text.TextStim'>, alignHoriz='center', alignVert='center', antialias=True, autoLog=True, bold=False, color='black', colorSpace='named', contrast=1.0, depth=0, flipHoriz=False, flipVert=False, font='', fontFiles=[], height=32, italic=False, name='unnamed TextStim', opacity=1.0, ori=0.0, pos=array([-74.        , -61.66666667]), rgb=array([0., 0., 0.]), text='IL', units='pix', win=Window(...), wrapWidth=500)
6.8399 	INFO 	using sysFont 
6.8407 	EXP 	Created unnamed TextStim = TextStim(__class__=<class 'psychopy.visual.text.TextStim'>, alignHoriz='center', alignVert='center', antialias=True, autoLog=True, bold=False, color='black', colorSpace='named', contrast=1.0, depth=0, flipHoriz=False, flipVert=False, font='', fontFiles=[], height=32, italic=False, name='unnamed TextStim', opacity=1.0, ori=0.0, pos=array([  0.        , -61.66666667]), rgb=array([0., 0., 0.]), text='ML', units='pix', win=Window(...), wrapWidth=500)
6.8412 	INFO 	using sysFont 
6.8421 	EXP 	Created unnamed TextStim = TextStim(__class__=<class 'psychopy.visual.text.TextStim'>, alignHoriz='center', alignVert='center', antialias=True, autoLog=True, bold=False, color='black', colorSpace='named', contrast=1.0, depth=0, flipHoriz=False, flipVert=False, font='', fontFiles=[], height=32, italic=False, name='unnamed TextStim', opacity=1.0, ori=0.0, pos=array([ 74.        , -61.66666667]), rgb=array([0., 0., 0.]), text='JP', units='pix', win=Window(...), wrapWidth=500)
6.8426 	INFO 	using sysFont 
6.8434 	EXP 	Created unnamed TextStim = TextStim(__class__=<class 'psychopy.visual.text.TextStim'>, alignHoriz='center', alignVert='center', antialias=True, autoLog=True, bold=False, color='black', colorSpace='named', contrast=1.0, depth=0, flipHoriz=False, flipVert=False, font='', fontFiles=[], height=32, italic=False, name='unnamed TextStim', opacity=1.0, ori=0.0, pos=array([-74.        , -12.33333333]), rgb=array([0., 0., 0.]), text='WL', units='pix', win=Window(...), wrapWidth=500)
6.8440 	INFO 	using sysFont 
6.8448 	EXP 	Created unnamed TextStim = TextStim(__class__=<class 'psychopy.visual.text.TextStim'>, alignHoriz='center', alignVert='center', antialias=True, autoLog=True, bold=False, color='black', colorSpace='named', contrast=1.0, depth=0, flipHoriz=False, flipVert=False, font='', fontFiles=[], height=32, italic=False, name='unnamed TextStim', opacity=1.0, ori=0.0, pos=array([  0.        , -12.33333333]), rgb=array([0., 0., 0.]), text='RK', units='pix', win=Window(...), wrapWidth=500)
6.8453 	INFO 	using sysFont 
6.8462 	EXP 	Created unnamed TextStim = TextStim(__class__=<class 'psychopy.visual.text.TextStim'>, alignHoriz='center', alignVert='center', antialias=True, autoLog=True, bold=False, color='black', colorSpace='named', contrast=1.0, depth=0, flipHoriz=False, flipVert=False, font='', fontFiles=[], height=32, italic=False, name='unnamed TextStim', opacity=1.0, ori=0.0, pos=array([ 74.        , -12.33333333]), rgb=array([0., 0., 0.]), text='RL', units='pix', win=Window(...), wrapWidth=500)
6.8500 	EXP 	unnamed TextStim: autoDraw = True
6.8500 	EXP 	unnamed TextStim: autoDraw = True
6.8500 	EXP 	unnamed TextStim: autoDraw = True
6.8500 	EXP 	unnamed TextStim: autoDraw = True
6.8500 	EXP 	unnamed TextStim: autoDraw = True
6.8500 	EXP 	unnamed TextStim: autoDraw = True
6.8500 	EXP 	unnamed TextStim: autoDraw = True
6.8500 	EXP 	unnamed TextStim: autoDraw = True
6.8500 	EXP 	unnamed TextStim: autoDraw = True
6.8500 	EXP 	unnamed TextStim: autoDraw = True
7.1952 	EXP 	unnamed TextStim: autoDraw = False
7.1952 	EXP 	unnamed TextStim: autoDraw = False
7.1952 	EXP 	unnamed TextStim: autoDraw = False
7.1952 	EXP 	unnamed TextStim: autoDraw = False
7.1952 	EXP 	unnamed TextStim: autoDraw = False
7.1952 	EXP 	unnamed TextStim: autoDraw = False
7.1952 	EXP 	unnamed TextStim: autoDraw = False
7.1952 	EXP 	unnamed TextStim: autoDraw = False
7.1952 	EXP 	unnamed TextStim: autoDraw = False
7.1952 	EXP 	unnamed TextStim: autoDraw = False
8.1975 	INFO 	using sysFont Arial
8.1988 	EXP 	Created unnamed TextStim = TextStim(__class__=<class 'psychopy.visual.text.TextStim'>, alignHoriz='center', alignVert='center', antialias=True, autoLog=True, bold=False, color='black', colorSpace='named', contrast=1.0, depth=0, flipHoriz=False, flipVert=False, font='Arial', fontFiles=[], height=32, italic=False, name='unnamed TextStim', opacity=1.0, ori=0.0, pos=array([0., 0.]), rgb=array([0., 0., 0.]), text='Po treningu', units='pix', win=Window(...), wrapWidth=1920)
8.6918 	CRITICAL 	Experiment finished by user! f7 pressed.
