2.7306 	INFO 	Screen res set as: 1920x1080
2.7318 	INFO 	Loaded monitor calibration from ['2018_09_18 09:28']
3.3980 	EXP 	Created window1 = Window(allowGUI=True, allowStencil=False, args=UNKNOWN, autoLog=True, bitsMode=UNKNOWN, blendMode='avg', color='Gainsboro', colorSpace='named', fullscr=UNKNOWN, gamma=None, kwargs=UNKNOWN, lms=UNKNOWN, monitor=<psychopy.monitors.calibTools.Monitor object at 0x7f105011bef0>, multiSample=False, name='window1', numSamples=2, pos=None, screen=0, size=array([1920, 1080]), stereo=False, units='pix', useFBO=False, useRetina=False, viewOri=0.0, viewPos=None, viewScale=None, waitBlanking=True, winType='pygame')
3.3980 	INFO 	Detected framerate: 30 frames per sec.
3.3981 	INFO 	Mouse: using default window
3.4429 	INFO 	using sysFont Arial
3.4489 	EXP 	Created unnamed TextStim = TextStim(__class__=<class 'psychopy.visual.text.TextStim'>, alignHoriz='center', alignVert='center', antialias=True, autoLog=True, bold=False, color='black', colorSpace='named', contrast=1.0, depth=0, flipHoriz=False, flipVert=False, font='Arial', fontFiles=[], height=32, italic=False, name='unnamed TextStim', opacity=1.0, ori=0.0, pos=array([   0., -300.]), rgb=array([0., 0., 0.]), text=str(...), units='pix', win=Window(...), wrapWidth=1920)
3.4501 	INFO 	using sysFont Arial
3.4516 	EXP 	Created unnamed TextStim = TextStim(__class__=<class 'psychopy.visual.text.TextStim'>, alignHoriz='center', alignVert='center', antialias=True, autoLog=True, bold=False, color='black', colorSpace='named', contrast=1.0, depth=0, flipHoriz=False, flipVert=False, font='Arial', fontFiles=[], height=32, italic=False, name='unnamed TextStim', opacity=1.0, ori=0.0, pos=array([0., 0.]), rgb=array([0., 0., 0.]), text='Wstęp', units='pix', win=Window(...), wrapWidth=1920)
5.2153 	INFO 	using sysFont 
5.2163 	EXP 	Created unnamed TextStim = TextStim(__class__=<class 'psychopy.visual.text.TextStim'>, alignHoriz='center', alignVert='center', antialias=True, autoLog=True, bold=False, color='black', colorSpace='named', contrast=1.0, depth=0, flipHoriz=False, flipVert=False, font='', fontFiles=[], height=32, italic=False, name='unnamed TextStim', opacity=1.0, ori=0.0, pos=array([-74., -74.]), rgb=array([0., 0., 0.]), text='DW', units='pix', win=Window(...), wrapWidth=500)
5.2169 	INFO 	using sysFont 
5.2178 	EXP 	Created unnamed TextStim = TextStim(__class__=<class 'psychopy.visual.text.TextStim'>, alignHoriz='center', alignVert='center', antialias=True, autoLog=True, bold=False, color='black', colorSpace='named', contrast=1.0, depth=0, flipHoriz=False, flipVert=False, font='', fontFiles=[], height=32, italic=False, name='unnamed TextStim', opacity=1.0, ori=0.0, pos=array([  0., -74.]), rgb=array([0., 0., 0.]), text='LW', units='pix', win=Window(...), wrapWidth=500)
5.2184 	INFO 	using sysFont 
5.2192 	EXP 	Created unnamed TextStim = TextStim(__class__=<class 'psychopy.visual.text.TextStim'>, alignHoriz='center', alignVert='center', antialias=True, autoLog=True, bold=False, color='black', colorSpace='named', contrast=1.0, depth=0, flipHoriz=False, flipVert=False, font='', fontFiles=[], height=32, italic=False, name='unnamed TextStim', opacity=1.0, ori=0.0, pos=array([ 74., -74.]), rgb=array([0., 0., 0.]), text='ZX', units='pix', win=Window(...), wrapWidth=500)
5.2197 	INFO 	using sysFont 
5.2206 	EXP 	Created unnamed TextStim = TextStim(__class__=<class 'psychopy.visual.text.TextStim'>, alignHoriz='center', alignVert='center', antialias=True, autoLog=True, bold=False, color='black', colorSpace='named', contrast=1.0, depth=0, flipHoriz=False, flipVert=False, font='', fontFiles=[], height=32, italic=False, name='unnamed TextStim', opacity=1.0, ori=0.0, pos=array([-74.,   0.]), rgb=array([0., 0., 0.]), text='IW', units='pix', win=Window(...), wrapWidth=500)
5.2212 	INFO 	using sysFont 
5.2219 	EXP 	Created unnamed TextStim = TextStim(__class__=<class 'psychopy.visual.text.TextStim'>, alignHoriz='center', alignVert='center', antialias=True, autoLog=True, bold=False, color='black', colorSpace='named', contrast=1.0, depth=0, flipHoriz=False, flipVert=False, font='', fontFiles=[], height=32, italic=False, name='unnamed TextStim', opacity=1.0, ori=0.0, pos=array([0., 0.]), rgb=array([0., 0., 0.]), text='HB', units='pix', win=Window(...), wrapWidth=500)
5.2225 	INFO 	using sysFont 
5.2235 	EXP 	Created unnamed TextStim = TextStim(__class__=<class 'psychopy.visual.text.TextStim'>, alignHoriz='center', alignVert='center', antialias=True, autoLog=True, bold=False, color='black', colorSpace='named', contrast=1.0, depth=0, flipHoriz=False, flipVert=False, font='', fontFiles=[], height=32, italic=False, name='unnamed TextStim', opacity=1.0, ori=0.0, pos=array([74.,  0.]), rgb=array([0., 0., 0.]), text='AB', units='pix', win=Window(...), wrapWidth=500)
5.2241 	INFO 	using sysFont 
5.2249 	EXP 	Created unnamed TextStim = TextStim(__class__=<class 'psychopy.visual.text.TextStim'>, alignHoriz='center', alignVert='center', antialias=True, autoLog=True, bold=False, color='black', colorSpace='named', contrast=1.0, depth=0, flipHoriz=False, flipVert=False, font='', fontFiles=[], height=32, italic=False, name='unnamed TextStim', opacity=1.0, ori=0.0, pos=array([-74.,  74.]), rgb=array([0., 0., 0.]), text='YD', units='pix', win=Window(...), wrapWidth=500)
5.2255 	INFO 	using sysFont 
5.2264 	EXP 	Created unnamed TextStim = TextStim(__class__=<class 'psychopy.visual.text.TextStim'>, alignHoriz='center', alignVert='center', antialias=True, autoLog=True, bold=False, color='black', colorSpace='named', contrast=1.0, depth=0, flipHoriz=False, flipVert=False, font='', fontFiles=[], height=32, italic=False, name='unnamed TextStim', opacity=1.0, ori=0.0, pos=array([ 0., 74.]), rgb=array([0., 0., 0.]), text='WB', units='pix', win=Window(...), wrapWidth=500)
5.2270 	INFO 	using sysFont 
5.2281 	EXP 	Created unnamed TextStim = TextStim(__class__=<class 'psychopy.visual.text.TextStim'>, alignHoriz='center', alignVert='center', antialias=True, autoLog=True, bold=False, color='black', colorSpace='named', contrast=1.0, depth=0, flipHoriz=False, flipVert=False, font='', fontFiles=[], height=32, italic=False, name='unnamed TextStim', opacity=1.0, ori=0.0, pos=array([74., 74.]), rgb=array([0., 0., 0.]), text='MB', units='pix', win=Window(...), wrapWidth=500)
5.2319 	EXP 	unnamed TextStim: autoDraw = True
5.2319 	EXP 	unnamed TextStim: autoDraw = True
5.2319 	EXP 	unnamed TextStim: autoDraw = True
5.2319 	EXP 	unnamed TextStim: autoDraw = True
5.2319 	EXP 	unnamed TextStim: autoDraw = True
5.2319 	EXP 	unnamed TextStim: autoDraw = True
5.2319 	EXP 	unnamed TextStim: autoDraw = True
5.2319 	EXP 	unnamed TextStim: autoDraw = True
5.2319 	EXP 	unnamed TextStim: autoDraw = True
5.2319 	EXP 	unnamed TextStim: autoDraw = True
7.7126 	EXP 	unnamed TextStim: autoDraw = False
7.7126 	EXP 	unnamed TextStim: autoDraw = False
7.7126 	EXP 	unnamed TextStim: autoDraw = False
7.7126 	EXP 	unnamed TextStim: autoDraw = False
7.7126 	EXP 	unnamed TextStim: autoDraw = False
7.7126 	EXP 	unnamed TextStim: autoDraw = False
7.7126 	EXP 	unnamed TextStim: autoDraw = False
7.7126 	EXP 	unnamed TextStim: autoDraw = False
7.7126 	EXP 	unnamed TextStim: autoDraw = False
7.7126 	EXP 	unnamed TextStim: autoDraw = False
8.7224 	INFO 	using sysFont 
8.7234 	EXP 	Created unnamed TextStim = TextStim(__class__=<class 'psychopy.visual.text.TextStim'>, alignHoriz='center', alignVert='center', antialias=True, autoLog=True, bold=False, color='black', colorSpace='named', contrast=1.0, depth=0, flipHoriz=False, flipVert=False, font='', fontFiles=[], height=32, italic=False, name='unnamed TextStim', opacity=1.0, ori=0.0, pos=array([-74., -74.]), rgb=array([0., 0., 0.]), text='DS', units='pix', win=Window(...), wrapWidth=500)
8.7239 	INFO 	using sysFont 
8.7248 	EXP 	Created unnamed TextStim = TextStim(__class__=<class 'psychopy.visual.text.TextStim'>, alignHoriz='center', alignVert='center', antialias=True, autoLog=True, bold=False, color='black', colorSpace='named', contrast=1.0, depth=0, flipHoriz=False, flipVert=False, font='', fontFiles=[], height=32, italic=False, name='unnamed TextStim', opacity=1.0, ori=0.0, pos=array([  0., -74.]), rgb=array([0., 0., 0.]), text='BS', units='pix', win=Window(...), wrapWidth=500)
8.7253 	INFO 	using sysFont 
8.7262 	EXP 	Created unnamed TextStim = TextStim(__class__=<class 'psychopy.visual.text.TextStim'>, alignHoriz='center', alignVert='center', antialias=True, autoLog=True, bold=False, color='black', colorSpace='named', contrast=1.0, depth=0, flipHoriz=False, flipVert=False, font='', fontFiles=[], height=32, italic=False, name='unnamed TextStim', opacity=1.0, ori=0.0, pos=array([ 74., -74.]), rgb=array([0., 0., 0.]), text='YB', units='pix', win=Window(...), wrapWidth=500)
8.7267 	INFO 	using sysFont 
8.7275 	EXP 	Created unnamed TextStim = TextStim(__class__=<class 'psychopy.visual.text.TextStim'>, alignHoriz='center', alignVert='center', antialias=True, autoLog=True, bold=False, color='black', colorSpace='named', contrast=1.0, depth=0, flipHoriz=False, flipVert=False, font='', fontFiles=[], height=32, italic=False, name='unnamed TextStim', opacity=1.0, ori=0.0, pos=array([-74.,   0.]), rgb=array([0., 0., 0.]), text='NS', units='pix', win=Window(...), wrapWidth=500)
8.7281 	INFO 	using sysFont 
8.7289 	EXP 	Created unnamed TextStim = TextStim(__class__=<class 'psychopy.visual.text.TextStim'>, alignHoriz='center', alignVert='center', antialias=True, autoLog=True, bold=False, color='black', colorSpace='named', contrast=1.0, depth=0, flipHoriz=False, flipVert=False, font='', fontFiles=[], height=32, italic=False, name='unnamed TextStim', opacity=1.0, ori=0.0, pos=array([0., 0.]), rgb=array([0., 0., 0.]), text='RS', units='pix', win=Window(...), wrapWidth=500)
8.7294 	INFO 	using sysFont 
8.7302 	EXP 	Created unnamed TextStim = TextStim(__class__=<class 'psychopy.visual.text.TextStim'>, alignHoriz='center', alignVert='center', antialias=True, autoLog=True, bold=False, color='black', colorSpace='named', contrast=1.0, depth=0, flipHoriz=False, flipVert=False, font='', fontFiles=[], height=32, italic=False, name='unnamed TextStim', opacity=1.0, ori=0.0, pos=array([74.,  0.]), rgb=array([0., 0., 0.]), text='NB', units='pix', win=Window(...), wrapWidth=500)
8.7308 	INFO 	using sysFont 
8.7316 	EXP 	Created unnamed TextStim = TextStim(__class__=<class 'psychopy.visual.text.TextStim'>, alignHoriz='center', alignVert='center', antialias=True, autoLog=True, bold=False, color='black', colorSpace='named', contrast=1.0, depth=0, flipHoriz=False, flipVert=False, font='', fontFiles=[], height=32, italic=False, name='unnamed TextStim', opacity=1.0, ori=0.0, pos=array([-74.,  74.]), rgb=array([0., 0., 0.]), text='EB', units='pix', win=Window(...), wrapWidth=500)
8.7321 	INFO 	using sysFont 
8.7330 	EXP 	Created unnamed TextStim = TextStim(__class__=<class 'psychopy.visual.text.TextStim'>, alignHoriz='center', alignVert='center', antialias=True, autoLog=True, bold=False, color='black', colorSpace='named', contrast=1.0, depth=0, flipHoriz=False, flipVert=False, font='', fontFiles=[], height=32, italic=False, name='unnamed TextStim', opacity=1.0, ori=0.0, pos=array([ 0., 74.]), rgb=array([0., 0., 0.]), text='QY', units='pix', win=Window(...), wrapWidth=500)
8.7335 	INFO 	using sysFont 
8.7344 	EXP 	Created unnamed TextStim = TextStim(__class__=<class 'psychopy.visual.text.TextStim'>, alignHoriz='center', alignVert='center', antialias=True, autoLog=True, bold=False, color='black', colorSpace='named', contrast=1.0, depth=0, flipHoriz=False, flipVert=False, font='', fontFiles=[], height=32, italic=False, name='unnamed TextStim', opacity=1.0, ori=0.0, pos=array([74., 74.]), rgb=array([0., 0., 0.]), text='EQ', units='pix', win=Window(...), wrapWidth=500)
8.7468 	EXP 	unnamed TextStim: autoDraw = True
8.7468 	EXP 	unnamed TextStim: autoDraw = True
8.7468 	EXP 	unnamed TextStim: autoDraw = True
8.7468 	EXP 	unnamed TextStim: autoDraw = True
8.7468 	EXP 	unnamed TextStim: autoDraw = True
8.7468 	EXP 	unnamed TextStim: autoDraw = True
8.7468 	EXP 	unnamed TextStim: autoDraw = True
8.7468 	EXP 	unnamed TextStim: autoDraw = True
8.7468 	EXP 	unnamed TextStim: autoDraw = True
8.7468 	EXP 	unnamed TextStim: autoDraw = True
9.0290 	EXP 	unnamed TextStim: autoDraw = False
9.0290 	EXP 	unnamed TextStim: autoDraw = False
9.0290 	EXP 	unnamed TextStim: autoDraw = False
9.0290 	EXP 	unnamed TextStim: autoDraw = False
9.0290 	EXP 	unnamed TextStim: autoDraw = False
9.0290 	EXP 	unnamed TextStim: autoDraw = False
9.0290 	EXP 	unnamed TextStim: autoDraw = False
9.0290 	EXP 	unnamed TextStim: autoDraw = False
9.0290 	EXP 	unnamed TextStim: autoDraw = False
9.0290 	EXP 	unnamed TextStim: autoDraw = False
10.0313 	INFO 	using sysFont Arial
10.0325 	EXP 	Created unnamed TextStim = TextStim(__class__=<class 'psychopy.visual.text.TextStim'>, alignHoriz='center', alignVert='center', antialias=True, autoLog=True, bold=False, color='black', colorSpace='named', contrast=1.0, depth=0, flipHoriz=False, flipVert=False, font='Arial', fontFiles=[], height=32, italic=False, name='unnamed TextStim', opacity=1.0, ori=0.0, pos=array([0., 0.]), rgb=array([0., 0., 0.]), text='Po treningu', units='pix', win=Window(...), wrapWidth=1920)
11.0684 	INFO 	using sysFont 
11.0693 	EXP 	Created unnamed TextStim = TextStim(__class__=<class 'psychopy.visual.text.TextStim'>, alignHoriz='center', alignVert='center', antialias=True, autoLog=True, bold=False, color='black', colorSpace='named', contrast=1.0, depth=0, flipHoriz=False, flipVert=False, font='', fontFiles=[], height=32, italic=False, name='unnamed TextStim', opacity=1.0, ori=0.0, pos=array([-111., -111.]), rgb=array([0., 0., 0.]), text='UW', units='pix', win=Window(...), wrapWidth=500)
11.0699 	INFO 	using sysFont 
11.0708 	EXP 	Created unnamed TextStim = TextStim(__class__=<class 'psychopy.visual.text.TextStim'>, alignHoriz='center', alignVert='center', antialias=True, autoLog=True, bold=False, color='black', colorSpace='named', contrast=1.0, depth=0, flipHoriz=False, flipVert=False, font='', fontFiles=[], height=32, italic=False, name='unnamed TextStim', opacity=1.0, ori=0.0, pos=array([ -37., -111.]), rgb=array([0., 0., 0.]), text='KI', units='pix', win=Window(...), wrapWidth=500)
11.0713 	INFO 	using sysFont 
11.0722 	EXP 	Created unnamed TextStim = TextStim(__class__=<class 'psychopy.visual.text.TextStim'>, alignHoriz='center', alignVert='center', antialias=True, autoLog=True, bold=False, color='black', colorSpace='named', contrast=1.0, depth=0, flipHoriz=False, flipVert=False, font='', fontFiles=[], height=32, italic=False, name='unnamed TextStim', opacity=1.0, ori=0.0, pos=array([  37., -111.]), rgb=array([0., 0., 0.]), text='NP', units='pix', win=Window(...), wrapWidth=500)
11.0727 	INFO 	using sysFont 
11.0735 	EXP 	Created unnamed TextStim = TextStim(__class__=<class 'psychopy.visual.text.TextStim'>, alignHoriz='center', alignVert='center', antialias=True, autoLog=True, bold=False, color='black', colorSpace='named', contrast=1.0, depth=0, flipHoriz=False, flipVert=False, font='', fontFiles=[], height=32, italic=False, name='unnamed TextStim', opacity=1.0, ori=0.0, pos=array([ 111., -111.]), rgb=array([0., 0., 0.]), text='EW', units='pix', win=Window(...), wrapWidth=500)
11.0740 	INFO 	using sysFont 
11.0750 	EXP 	Created unnamed TextStim = TextStim(__class__=<class 'psychopy.visual.text.TextStim'>, alignHoriz='center', alignVert='center', antialias=True, autoLog=True, bold=False, color='black', colorSpace='named', contrast=1.0, depth=0, flipHoriz=False, flipVert=False, font='', fontFiles=[], height=32, italic=False, name='unnamed TextStim', opacity=1.0, ori=0.0, pos=array([-111.,  -37.]), rgb=array([0., 0., 0.]), text='RB', units='pix', win=Window(...), wrapWidth=500)
11.0755 	INFO 	using sysFont 
11.0764 	EXP 	Created unnamed TextStim = TextStim(__class__=<class 'psychopy.visual.text.TextStim'>, alignHoriz='center', alignVert='center', antialias=True, autoLog=True, bold=False, color='black', colorSpace='named', contrast=1.0, depth=0, flipHoriz=False, flipVert=False, font='', fontFiles=[], height=32, italic=False, name='unnamed TextStim', opacity=1.0, ori=0.0, pos=array([-37., -37.]), rgb=array([0., 0., 0.]), text='YL', units='pix', win=Window(...), wrapWidth=500)
11.0769 	INFO 	using sysFont 
11.0777 	EXP 	Created unnamed TextStim = TextStim(__class__=<class 'psychopy.visual.text.TextStim'>, alignHoriz='center', alignVert='center', antialias=True, autoLog=True, bold=False, color='black', colorSpace='named', contrast=1.0, depth=0, flipHoriz=False, flipVert=False, font='', fontFiles=[], height=32, italic=False, name='unnamed TextStim', opacity=1.0, ori=0.0, pos=array([ 37., -37.]), rgb=array([0., 0., 0.]), text='LK', units='pix', win=Window(...), wrapWidth=500)
11.0782 	INFO 	using sysFont 
11.0791 	EXP 	Created unnamed TextStim = TextStim(__class__=<class 'psychopy.visual.text.TextStim'>, alignHoriz='center', alignVert='center', antialias=True, autoLog=True, bold=False, color='black', colorSpace='named', contrast=1.0, depth=0, flipHoriz=False, flipVert=False, font='', fontFiles=[], height=32, italic=False, name='unnamed TextStim', opacity=1.0, ori=0.0, pos=array([111., -37.]), rgb=array([0., 0., 0.]), text='FB', units='pix', win=Window(...), wrapWidth=500)
11.0797 	INFO 	using sysFont 
11.0806 	EXP 	Created unnamed TextStim = TextStim(__class__=<class 'psychopy.visual.text.TextStim'>, alignHoriz='center', alignVert='center', antialias=True, autoLog=True, bold=False, color='black', colorSpace='named', contrast=1.0, depth=0, flipHoriz=False, flipVert=False, font='', fontFiles=[], height=32, italic=False, name='unnamed TextStim', opacity=1.0, ori=0.0, pos=array([-111.,   37.]), rgb=array([0., 0., 0.]), text='JP', units='pix', win=Window(...), wrapWidth=500)
11.0811 	INFO 	using sysFont 
11.0820 	EXP 	Created unnamed TextStim = TextStim(__class__=<class 'psychopy.visual.text.TextStim'>, alignHoriz='center', alignVert='center', antialias=True, autoLog=True, bold=False, color='black', colorSpace='named', contrast=1.0, depth=0, flipHoriz=False, flipVert=False, font='', fontFiles=[], height=32, italic=False, name='unnamed TextStim', opacity=1.0, ori=0.0, pos=array([-37.,  37.]), rgb=array([0., 0., 0.]), text='EB', units='pix', win=Window(...), wrapWidth=500)
11.0826 	INFO 	using sysFont 
11.0834 	EXP 	Created unnamed TextStim = TextStim(__class__=<class 'psychopy.visual.text.TextStim'>, alignHoriz='center', alignVert='center', antialias=True, autoLog=True, bold=False, color='black', colorSpace='named', contrast=1.0, depth=0, flipHoriz=False, flipVert=False, font='', fontFiles=[], height=32, italic=False, name='unnamed TextStim', opacity=1.0, ori=0.0, pos=array([37., 37.]), rgb=array([0., 0., 0.]), text='IS', units='pix', win=Window(...), wrapWidth=500)
11.0840 	INFO 	using sysFont 
11.0849 	EXP 	Created unnamed TextStim = TextStim(__class__=<class 'psychopy.visual.text.TextStim'>, alignHoriz='center', alignVert='center', antialias=True, autoLog=True, bold=False, color='black', colorSpace='named', contrast=1.0, depth=0, flipHoriz=False, flipVert=False, font='', fontFiles=[], height=32, italic=False, name='unnamed TextStim', opacity=1.0, ori=0.0, pos=array([111.,  37.]), rgb=array([0., 0., 0.]), text='PB', units='pix', win=Window(...), wrapWidth=500)
11.0855 	INFO 	using sysFont 
11.0864 	EXP 	Created unnamed TextStim = TextStim(__class__=<class 'psychopy.visual.text.TextStim'>, alignHoriz='center', alignVert='center', antialias=True, autoLog=True, bold=False, color='black', colorSpace='named', contrast=1.0, depth=0, flipHoriz=False, flipVert=False, font='', fontFiles=[], height=32, italic=False, name='unnamed TextStim', opacity=1.0, ori=0.0, pos=array([-111.,  111.]), rgb=array([0., 0., 0.]), text='OW', units='pix', win=Window(...), wrapWidth=500)
11.0870 	INFO 	using sysFont 
11.0878 	EXP 	Created unnamed TextStim = TextStim(__class__=<class 'psychopy.visual.text.TextStim'>, alignHoriz='center', alignVert='center', antialias=True, autoLog=True, bold=False, color='black', colorSpace='named', contrast=1.0, depth=0, flipHoriz=False, flipVert=False, font='', fontFiles=[], height=32, italic=False, name='unnamed TextStim', opacity=1.0, ori=0.0, pos=array([-37., 111.]), rgb=array([0., 0., 0.]), text='XI', units='pix', win=Window(...), wrapWidth=500)
11.0884 	INFO 	using sysFont 
11.0893 	EXP 	Created unnamed TextStim = TextStim(__class__=<class 'psychopy.visual.text.TextStim'>, alignHoriz='center', alignVert='center', antialias=True, autoLog=True, bold=False, color='black', colorSpace='named', contrast=1.0, depth=0, flipHoriz=False, flipVert=False, font='', fontFiles=[], height=32, italic=False, name='unnamed TextStim', opacity=1.0, ori=0.0, pos=array([ 37., 111.]), rgb=array([0., 0., 0.]), text='NS', units='pix', win=Window(...), wrapWidth=500)
11.0898 	INFO 	using sysFont 
11.0908 	EXP 	Created unnamed TextStim = TextStim(__class__=<class 'psychopy.visual.text.TextStim'>, alignHoriz='center', alignVert='center', antialias=True, autoLog=True, bold=False, color='black', colorSpace='named', contrast=1.0, depth=0, flipHoriz=False, flipVert=False, font='', fontFiles=[], height=32, italic=False, name='unnamed TextStim', opacity=1.0, ori=0.0, pos=array([111., 111.]), rgb=array([0., 0., 0.]), text='GI', units='pix', win=Window(...), wrapWidth=500)
11.0958 	EXP 	unnamed TextStim: autoDraw = True
11.0958 	EXP 	unnamed TextStim: autoDraw = True
11.0958 	EXP 	unnamed TextStim: autoDraw = True
11.0958 	EXP 	unnamed TextStim: autoDraw = True
11.0958 	EXP 	unnamed TextStim: autoDraw = True
11.0958 	EXP 	unnamed TextStim: autoDraw = True
11.0958 	EXP 	unnamed TextStim: autoDraw = True
11.0958 	EXP 	unnamed TextStim: autoDraw = True
11.0958 	EXP 	unnamed TextStim: autoDraw = True
11.0958 	EXP 	unnamed TextStim: autoDraw = True
11.0958 	EXP 	unnamed TextStim: autoDraw = True
11.0958 	EXP 	unnamed TextStim: autoDraw = True
11.0958 	EXP 	unnamed TextStim: autoDraw = True
11.0958 	EXP 	unnamed TextStim: autoDraw = True
11.0958 	EXP 	unnamed TextStim: autoDraw = True
11.0958 	EXP 	unnamed TextStim: autoDraw = True
11.0958 	EXP 	unnamed TextStim: autoDraw = True
14.1113 	EXP 	unnamed TextStim: autoDraw = False
14.1113 	EXP 	unnamed TextStim: autoDraw = False
14.1113 	EXP 	unnamed TextStim: autoDraw = False
14.1113 	EXP 	unnamed TextStim: autoDraw = False
14.1113 	EXP 	unnamed TextStim: autoDraw = False
14.1113 	EXP 	unnamed TextStim: autoDraw = False
14.1113 	EXP 	unnamed TextStim: autoDraw = False
14.1113 	EXP 	unnamed TextStim: autoDraw = False
14.1113 	EXP 	unnamed TextStim: autoDraw = False
14.1113 	EXP 	unnamed TextStim: autoDraw = False
14.1113 	EXP 	unnamed TextStim: autoDraw = False
14.1113 	EXP 	unnamed TextStim: autoDraw = False
14.1113 	EXP 	unnamed TextStim: autoDraw = False
14.1113 	EXP 	unnamed TextStim: autoDraw = False
14.1113 	EXP 	unnamed TextStim: autoDraw = False
14.1113 	EXP 	unnamed TextStim: autoDraw = False
14.1113 	EXP 	unnamed TextStim: autoDraw = False
15.1341 	INFO 	using sysFont 
15.1350 	EXP 	Created unnamed TextStim = TextStim(__class__=<class 'psychopy.visual.text.TextStim'>, alignHoriz='center', alignVert='center', antialias=True, autoLog=True, bold=False, color='black', colorSpace='named', contrast=1.0, depth=0, flipHoriz=False, flipVert=False, font='', fontFiles=[], height=32, italic=False, name='unnamed TextStim', opacity=1.0, ori=0.0, pos=array([-148., -148.]), rgb=array([0., 0., 0.]), text='EC', units='pix', win=Window(...), wrapWidth=500)
15.1356 	INFO 	using sysFont 
15.1364 	EXP 	Created unnamed TextStim = TextStim(__class__=<class 'psychopy.visual.text.TextStim'>, alignHoriz='center', alignVert='center', antialias=True, autoLog=True, bold=False, color='black', colorSpace='named', contrast=1.0, depth=0, flipHoriz=False, flipVert=False, font='', fontFiles=[], height=32, italic=False, name='unnamed TextStim', opacity=1.0, ori=0.0, pos=array([ -74., -148.]), rgb=array([0., 0., 0.]), text='IO', units='pix', win=Window(...), wrapWidth=500)
15.1369 	INFO 	using sysFont 
15.1377 	EXP 	Created unnamed TextStim = TextStim(__class__=<class 'psychopy.visual.text.TextStim'>, alignHoriz='center', alignVert='center', antialias=True, autoLog=True, bold=False, color='black', colorSpace='named', contrast=1.0, depth=0, flipHoriz=False, flipVert=False, font='', fontFiles=[], height=32, italic=False, name='unnamed TextStim', opacity=1.0, ori=0.0, pos=array([   0., -148.]), rgb=array([0., 0., 0.]), text='AW', units='pix', win=Window(...), wrapWidth=500)
15.1382 	INFO 	using sysFont 
15.1391 	EXP 	Created unnamed TextStim = TextStim(__class__=<class 'psychopy.visual.text.TextStim'>, alignHoriz='center', alignVert='center', antialias=True, autoLog=True, bold=False, color='black', colorSpace='named', contrast=1.0, depth=0, flipHoriz=False, flipVert=False, font='', fontFiles=[], height=32, italic=False, name='unnamed TextStim', opacity=1.0, ori=0.0, pos=array([  74., -148.]), rgb=array([0., 0., 0.]), text='JO', units='pix', win=Window(...), wrapWidth=500)
15.1396 	INFO 	using sysFont 
15.1404 	EXP 	Created unnamed TextStim = TextStim(__class__=<class 'psychopy.visual.text.TextStim'>, alignHoriz='center', alignVert='center', antialias=True, autoLog=True, bold=False, color='black', colorSpace='named', contrast=1.0, depth=0, flipHoriz=False, flipVert=False, font='', fontFiles=[], height=32, italic=False, name='unnamed TextStim', opacity=1.0, ori=0.0, pos=array([ 148., -148.]), rgb=array([0., 0., 0.]), text='MQ', units='pix', win=Window(...), wrapWidth=500)
15.1409 	INFO 	using sysFont 
15.1417 	EXP 	Created unnamed TextStim = TextStim(__class__=<class 'psychopy.visual.text.TextStim'>, alignHoriz='center', alignVert='center', antialias=True, autoLog=True, bold=False, color='black', colorSpace='named', contrast=1.0, depth=0, flipHoriz=False, flipVert=False, font='', fontFiles=[], height=32, italic=False, name='unnamed TextStim', opacity=1.0, ori=0.0, pos=array([-148.,  -74.]), rgb=array([0., 0., 0.]), text='RZ', units='pix', win=Window(...), wrapWidth=500)
15.1423 	INFO 	using sysFont 
15.1431 	EXP 	Created unnamed TextStim = TextStim(__class__=<class 'psychopy.visual.text.TextStim'>, alignHoriz='center', alignVert='center', antialias=True, autoLog=True, bold=False, color='black', colorSpace='named', contrast=1.0, depth=0, flipHoriz=False, flipVert=False, font='', fontFiles=[], height=32, italic=False, name='unnamed TextStim', opacity=1.0, ori=0.0, pos=array([-74., -74.]), rgb=array([0., 0., 0.]), text='BG', units='pix', win=Window(...), wrapWidth=500)
15.1436 	INFO 	using sysFont 
15.1445 	EXP 	Created unnamed TextStim = TextStim(__class__=<class 'psychopy.visual.text.TextStim'>, alignHoriz='center', alignVert='center', antialias=True, autoLog=True, bold=False, color='black', colorSpace='named', contrast=1.0, depth=0, flipHoriz=False, flipVert=False, font='', fontFiles=[], height=32, italic=False, name='unnamed TextStim', opacity=1.0, ori=0.0, pos=array([  0., -74.]), rgb=array([0., 0., 0.]), text='TG', units='pix', win=Window(...), wrapWidth=500)
15.1450 	INFO 	using sysFont 
15.1458 	EXP 	Created unnamed TextStim = TextStim(__class__=<class 'psychopy.visual.text.TextStim'>, alignHoriz='center', alignVert='center', antialias=True, autoLog=True, bold=False, color='black', colorSpace='named', contrast=1.0, depth=0, flipHoriz=False, flipVert=False, font='', fontFiles=[], height=32, italic=False, name='unnamed TextStim', opacity=1.0, ori=0.0, pos=array([ 74., -74.]), rgb=array([0., 0., 0.]), text='EK', units='pix', win=Window(...), wrapWidth=500)
15.1463 	INFO 	using sysFont 
15.1471 	EXP 	Created unnamed TextStim = TextStim(__class__=<class 'psychopy.visual.text.TextStim'>, alignHoriz='center', alignVert='center', antialias=True, autoLog=True, bold=False, color='black', colorSpace='named', contrast=1.0, depth=0, flipHoriz=False, flipVert=False, font='', fontFiles=[], height=32, italic=False, name='unnamed TextStim', opacity=1.0, ori=0.0, pos=array([148., -74.]), rgb=array([0., 0., 0.]), text='TG', units='pix', win=Window(...), wrapWidth=500)
15.1476 	INFO 	using sysFont 
15.1485 	EXP 	Created unnamed TextStim = TextStim(__class__=<class 'psychopy.visual.text.TextStim'>, alignHoriz='center', alignVert='center', antialias=True, autoLog=True, bold=False, color='black', colorSpace='named', contrast=1.0, depth=0, flipHoriz=False, flipVert=False, font='', fontFiles=[], height=32, italic=False, name='unnamed TextStim', opacity=1.0, ori=0.0, pos=array([-148.,    0.]), rgb=array([0., 0., 0.]), text='BU', units='pix', win=Window(...), wrapWidth=500)
15.1490 	INFO 	using sysFont 
15.1498 	EXP 	Created unnamed TextStim = TextStim(__class__=<class 'psychopy.visual.text.TextStim'>, alignHoriz='center', alignVert='center', antialias=True, autoLog=True, bold=False, color='black', colorSpace='named', contrast=1.0, depth=0, flipHoriz=False, flipVert=False, font='', fontFiles=[], height=32, italic=False, name='unnamed TextStim', opacity=1.0, ori=0.0, pos=array([-74.,   0.]), rgb=array([0., 0., 0.]), text='HG', units='pix', win=Window(...), wrapWidth=500)
15.1503 	INFO 	using sysFont 
15.1511 	EXP 	Created unnamed TextStim = TextStim(__class__=<class 'psychopy.visual.text.TextStim'>, alignHoriz='center', alignVert='center', antialias=True, autoLog=True, bold=False, color='black', colorSpace='named', contrast=1.0, depth=0, flipHoriz=False, flipVert=False, font='', fontFiles=[], height=32, italic=False, name='unnamed TextStim', opacity=1.0, ori=0.0, pos=array([0., 0.]), rgb=array([0., 0., 0.]), text='KP', units='pix', win=Window(...), wrapWidth=500)
15.1516 	INFO 	using sysFont 
15.1524 	EXP 	Created unnamed TextStim = TextStim(__class__=<class 'psychopy.visual.text.TextStim'>, alignHoriz='center', alignVert='center', antialias=True, autoLog=True, bold=False, color='black', colorSpace='named', contrast=1.0, depth=0, flipHoriz=False, flipVert=False, font='', fontFiles=[], height=32, italic=False, name='unnamed TextStim', opacity=1.0, ori=0.0, pos=array([74.,  0.]), rgb=array([0., 0., 0.]), text='TH', units='pix', win=Window(...), wrapWidth=500)
15.1529 	INFO 	using sysFont 
15.1537 	EXP 	Created unnamed TextStim = TextStim(__class__=<class 'psychopy.visual.text.TextStim'>, alignHoriz='center', alignVert='center', antialias=True, autoLog=True, bold=False, color='black', colorSpace='named', contrast=1.0, depth=0, flipHoriz=False, flipVert=False, font='', fontFiles=[], height=32, italic=False, name='unnamed TextStim', opacity=1.0, ori=0.0, pos=array([148.,   0.]), rgb=array([0., 0., 0.]), text='HG', units='pix', win=Window(...), wrapWidth=500)
15.1542 	INFO 	using sysFont 
15.1550 	EXP 	Created unnamed TextStim = TextStim(__class__=<class 'psychopy.visual.text.TextStim'>, alignHoriz='center', alignVert='center', antialias=True, autoLog=True, bold=False, color='black', colorSpace='named', contrast=1.0, depth=0, flipHoriz=False, flipVert=False, font='', fontFiles=[], height=32, italic=False, name='unnamed TextStim', opacity=1.0, ori=0.0, pos=array([-148.,   74.]), rgb=array([0., 0., 0.]), text='PP', units='pix', win=Window(...), wrapWidth=500)
15.1556 	INFO 	using sysFont 
15.1564 	EXP 	Created unnamed TextStim = TextStim(__class__=<class 'psychopy.visual.text.TextStim'>, alignHoriz='center', alignVert='center', antialias=True, autoLog=True, bold=False, color='black', colorSpace='named', contrast=1.0, depth=0, flipHoriz=False, flipVert=False, font='', fontFiles=[], height=32, italic=False, name='unnamed TextStim', opacity=1.0, ori=0.0, pos=array([-74.,  74.]), rgb=array([0., 0., 0.]), text='ZS', units='pix', win=Window(...), wrapWidth=500)
15.1570 	INFO 	using sysFont 
15.1578 	EXP 	Created unnamed TextStim = TextStim(__class__=<class 'psychopy.visual.text.TextStim'>, alignHoriz='center', alignVert='center', antialias=True, autoLog=True, bold=False, color='black', colorSpace='named', contrast=1.0, depth=0, flipHoriz=False, flipVert=False, font='', fontFiles=[], height=32, italic=False, name='unnamed TextStim', opacity=1.0, ori=0.0, pos=array([ 0., 74.]), rgb=array([0., 0., 0.]), text='LC', units='pix', win=Window(...), wrapWidth=500)
15.1584 	INFO 	using sysFont 
15.1592 	EXP 	Created unnamed TextStim = TextStim(__class__=<class 'psychopy.visual.text.TextStim'>, alignHoriz='center', alignVert='center', antialias=True, autoLog=True, bold=False, color='black', colorSpace='named', contrast=1.0, depth=0, flipHoriz=False, flipVert=False, font='', fontFiles=[], height=32, italic=False, name='unnamed TextStim', opacity=1.0, ori=0.0, pos=array([74., 74.]), rgb=array([0., 0., 0.]), text='TC', units='pix', win=Window(...), wrapWidth=500)
15.1597 	INFO 	using sysFont 
15.1606 	EXP 	Created unnamed TextStim = TextStim(__class__=<class 'psychopy.visual.text.TextStim'>, alignHoriz='center', alignVert='center', antialias=True, autoLog=True, bold=False, color='black', colorSpace='named', contrast=1.0, depth=0, flipHoriz=False, flipVert=False, font='', fontFiles=[], height=32, italic=False, name='unnamed TextStim', opacity=1.0, ori=0.0, pos=array([148.,  74.]), rgb=array([0., 0., 0.]), text='IQ', units='pix', win=Window(...), wrapWidth=500)
15.1611 	INFO 	using sysFont 
15.1626 	EXP 	Created unnamed TextStim = TextStim(__class__=<class 'psychopy.visual.text.TextStim'>, alignHoriz='center', alignVert='center', antialias=True, autoLog=True, bold=False, color='black', colorSpace='named', contrast=1.0, depth=0, flipHoriz=False, flipVert=False, font='', fontFiles=[], height=32, italic=False, name='unnamed TextStim', opacity=1.0, ori=0.0, pos=array([-148.,  148.]), rgb=array([0., 0., 0.]), text='ZU', units='pix', win=Window(...), wrapWidth=500)
15.1631 	INFO 	using sysFont 
15.1640 	EXP 	Created unnamed TextStim = TextStim(__class__=<class 'psychopy.visual.text.TextStim'>, alignHoriz='center', alignVert='center', antialias=True, autoLog=True, bold=False, color='black', colorSpace='named', contrast=1.0, depth=0, flipHoriz=False, flipVert=False, font='', fontFiles=[], height=32, italic=False, name='unnamed TextStim', opacity=1.0, ori=0.0, pos=array([-74., 148.]), rgb=array([0., 0., 0.]), text='LR', units='pix', win=Window(...), wrapWidth=500)
15.1645 	INFO 	using sysFont 
15.1654 	EXP 	Created unnamed TextStim = TextStim(__class__=<class 'psychopy.visual.text.TextStim'>, alignHoriz='center', alignVert='center', antialias=True, autoLog=True, bold=False, color='black', colorSpace='named', contrast=1.0, depth=0, flipHoriz=False, flipVert=False, font='', fontFiles=[], height=32, italic=False, name='unnamed TextStim', opacity=1.0, ori=0.0, pos=array([  0., 148.]), rgb=array([0., 0., 0.]), text='WC', units='pix', win=Window(...), wrapWidth=500)
15.1659 	INFO 	using sysFont 
15.1668 	EXP 	Created unnamed TextStim = TextStim(__class__=<class 'psychopy.visual.text.TextStim'>, alignHoriz='center', alignVert='center', antialias=True, autoLog=True, bold=False, color='black', colorSpace='named', contrast=1.0, depth=0, flipHoriz=False, flipVert=False, font='', fontFiles=[], height=32, italic=False, name='unnamed TextStim', opacity=1.0, ori=0.0, pos=array([ 74., 148.]), rgb=array([0., 0., 0.]), text='WO', units='pix', win=Window(...), wrapWidth=500)
15.1673 	INFO 	using sysFont 
15.1681 	EXP 	Created unnamed TextStim = TextStim(__class__=<class 'psychopy.visual.text.TextStim'>, alignHoriz='center', alignVert='center', antialias=True, autoLog=True, bold=False, color='black', colorSpace='named', contrast=1.0, depth=0, flipHoriz=False, flipVert=False, font='', fontFiles=[], height=32, italic=False, name='unnamed TextStim', opacity=1.0, ori=0.0, pos=array([148., 148.]), rgb=array([0., 0., 0.]), text='ZU', units='pix', win=Window(...), wrapWidth=500)
15.1756 	EXP 	unnamed TextStim: autoDraw = True
15.1756 	EXP 	unnamed TextStim: autoDraw = True
15.1756 	EXP 	unnamed TextStim: autoDraw = True
15.1756 	EXP 	unnamed TextStim: autoDraw = True
15.1756 	EXP 	unnamed TextStim: autoDraw = True
15.1756 	EXP 	unnamed TextStim: autoDraw = True
15.1756 	EXP 	unnamed TextStim: autoDraw = True
15.1756 	EXP 	unnamed TextStim: autoDraw = True
15.1756 	EXP 	unnamed TextStim: autoDraw = True
15.1756 	EXP 	unnamed TextStim: autoDraw = True
15.1756 	EXP 	unnamed TextStim: autoDraw = True
15.1756 	EXP 	unnamed TextStim: autoDraw = True
15.1756 	EXP 	unnamed TextStim: autoDraw = True
15.1756 	EXP 	unnamed TextStim: autoDraw = True
15.1756 	EXP 	unnamed TextStim: autoDraw = True
15.1756 	EXP 	unnamed TextStim: autoDraw = True
15.1756 	EXP 	unnamed TextStim: autoDraw = True
15.1756 	EXP 	unnamed TextStim: autoDraw = True
15.1756 	EXP 	unnamed TextStim: autoDraw = True
15.1756 	EXP 	unnamed TextStim: autoDraw = True
15.1756 	EXP 	unnamed TextStim: autoDraw = True
15.1756 	EXP 	unnamed TextStim: autoDraw = True
15.1756 	EXP 	unnamed TextStim: autoDraw = True
15.1756 	EXP 	unnamed TextStim: autoDraw = True
15.1756 	EXP 	unnamed TextStim: autoDraw = True
15.1756 	EXP 	unnamed TextStim: autoDraw = True
18.9270 	EXP 	unnamed TextStim: autoDraw = False
18.9270 	EXP 	unnamed TextStim: autoDraw = False
18.9270 	EXP 	unnamed TextStim: autoDraw = False
18.9270 	EXP 	unnamed TextStim: autoDraw = False
18.9270 	EXP 	unnamed TextStim: autoDraw = False
18.9270 	EXP 	unnamed TextStim: autoDraw = False
18.9270 	EXP 	unnamed TextStim: autoDraw = False
18.9270 	EXP 	unnamed TextStim: autoDraw = False
18.9270 	EXP 	unnamed TextStim: autoDraw = False
18.9270 	EXP 	unnamed TextStim: autoDraw = False
18.9270 	EXP 	unnamed TextStim: autoDraw = False
18.9270 	EXP 	unnamed TextStim: autoDraw = False
18.9270 	EXP 	unnamed TextStim: autoDraw = False
18.9270 	EXP 	unnamed TextStim: autoDraw = False
18.9270 	EXP 	unnamed TextStim: autoDraw = False
18.9270 	EXP 	unnamed TextStim: autoDraw = False
18.9270 	EXP 	unnamed TextStim: autoDraw = False
18.9270 	EXP 	unnamed TextStim: autoDraw = False
18.9270 	EXP 	unnamed TextStim: autoDraw = False
18.9270 	EXP 	unnamed TextStim: autoDraw = False
18.9270 	EXP 	unnamed TextStim: autoDraw = False
18.9270 	EXP 	unnamed TextStim: autoDraw = False
18.9270 	EXP 	unnamed TextStim: autoDraw = False
18.9270 	EXP 	unnamed TextStim: autoDraw = False
18.9270 	EXP 	unnamed TextStim: autoDraw = False
18.9270 	EXP 	unnamed TextStim: autoDraw = False
19.9372 	INFO 	using sysFont 
19.9381 	EXP 	Created unnamed TextStim = TextStim(__class__=<class 'psychopy.visual.text.TextStim'>, alignHoriz='center', alignVert='center', antialias=True, autoLog=True, bold=False, color='black', colorSpace='named', contrast=1.0, depth=0, flipHoriz=False, flipVert=False, font='', fontFiles=[], height=32, italic=False, name='unnamed TextStim', opacity=1.0, ori=0.0, pos=array([-185., -185.]), rgb=array([0., 0., 0.]), text='LX', units='pix', win=Window(...), wrapWidth=500)
19.9386 	INFO 	using sysFont 
19.9395 	EXP 	Created unnamed TextStim = TextStim(__class__=<class 'psychopy.visual.text.TextStim'>, alignHoriz='center', alignVert='center', antialias=True, autoLog=True, bold=False, color='black', colorSpace='named', contrast=1.0, depth=0, flipHoriz=False, flipVert=False, font='', fontFiles=[], height=32, italic=False, name='unnamed TextStim', opacity=1.0, ori=0.0, pos=array([-111., -185.]), rgb=array([0., 0., 0.]), text='VK', units='pix', win=Window(...), wrapWidth=500)
19.9400 	INFO 	using sysFont 
19.9408 	EXP 	Created unnamed TextStim = TextStim(__class__=<class 'psychopy.visual.text.TextStim'>, alignHoriz='center', alignVert='center', antialias=True, autoLog=True, bold=False, color='black', colorSpace='named', contrast=1.0, depth=0, flipHoriz=False, flipVert=False, font='', fontFiles=[], height=32, italic=False, name='unnamed TextStim', opacity=1.0, ori=0.0, pos=array([ -37., -185.]), rgb=array([0., 0., 0.]), text='OC', units='pix', win=Window(...), wrapWidth=500)
19.9414 	INFO 	using sysFont 
19.9422 	EXP 	Created unnamed TextStim = TextStim(__class__=<class 'psychopy.visual.text.TextStim'>, alignHoriz='center', alignVert='center', antialias=True, autoLog=True, bold=False, color='black', colorSpace='named', contrast=1.0, depth=0, flipHoriz=False, flipVert=False, font='', fontFiles=[], height=32, italic=False, name='unnamed TextStim', opacity=1.0, ori=0.0, pos=array([  37., -185.]), rgb=array([0., 0., 0.]), text='DX', units='pix', win=Window(...), wrapWidth=500)
19.9427 	INFO 	using sysFont 
19.9436 	EXP 	Created unnamed TextStim = TextStim(__class__=<class 'psychopy.visual.text.TextStim'>, alignHoriz='center', alignVert='center', antialias=True, autoLog=True, bold=False, color='black', colorSpace='named', contrast=1.0, depth=0, flipHoriz=False, flipVert=False, font='', fontFiles=[], height=32, italic=False, name='unnamed TextStim', opacity=1.0, ori=0.0, pos=array([ 111., -185.]), rgb=array([0., 0., 0.]), text='CU', units='pix', win=Window(...), wrapWidth=500)
19.9441 	INFO 	using sysFont 
19.9449 	EXP 	Created unnamed TextStim = TextStim(__class__=<class 'psychopy.visual.text.TextStim'>, alignHoriz='center', alignVert='center', antialias=True, autoLog=True, bold=False, color='black', colorSpace='named', contrast=1.0, depth=0, flipHoriz=False, flipVert=False, font='', fontFiles=[], height=32, italic=False, name='unnamed TextStim', opacity=1.0, ori=0.0, pos=array([ 185., -185.]), rgb=array([0., 0., 0.]), text='MX', units='pix', win=Window(...), wrapWidth=500)
19.9454 	INFO 	using sysFont 
19.9463 	EXP 	Created unnamed TextStim = TextStim(__class__=<class 'psychopy.visual.text.TextStim'>, alignHoriz='center', alignVert='center', antialias=True, autoLog=True, bold=False, color='black', colorSpace='named', contrast=1.0, depth=0, flipHoriz=False, flipVert=False, font='', fontFiles=[], height=32, italic=False, name='unnamed TextStim', opacity=1.0, ori=0.0, pos=array([-185., -111.]), rgb=array([0., 0., 0.]), text='YN', units='pix', win=Window(...), wrapWidth=500)
19.9468 	INFO 	using sysFont 
19.9476 	EXP 	Created unnamed TextStim = TextStim(__class__=<class 'psychopy.visual.text.TextStim'>, alignHoriz='center', alignVert='center', antialias=True, autoLog=True, bold=False, color='black', colorSpace='named', contrast=1.0, depth=0, flipHoriz=False, flipVert=False, font='', fontFiles=[], height=32, italic=False, name='unnamed TextStim', opacity=1.0, ori=0.0, pos=array([-111., -111.]), rgb=array([0., 0., 0.]), text='CZ', units='pix', win=Window(...), wrapWidth=500)
19.9481 	INFO 	using sysFont 
19.9490 	EXP 	Created unnamed TextStim = TextStim(__class__=<class 'psychopy.visual.text.TextStim'>, alignHoriz='center', alignVert='center', antialias=True, autoLog=True, bold=False, color='black', colorSpace='named', contrast=1.0, depth=0, flipHoriz=False, flipVert=False, font='', fontFiles=[], height=32, italic=False, name='unnamed TextStim', opacity=1.0, ori=0.0, pos=array([ -37., -111.]), rgb=array([0., 0., 0.]), text='PM', units='pix', win=Window(...), wrapWidth=500)
19.9495 	INFO 	using sysFont 
19.9503 	EXP 	Created unnamed TextStim = TextStim(__class__=<class 'psychopy.visual.text.TextStim'>, alignHoriz='center', alignVert='center', antialias=True, autoLog=True, bold=False, color='black', colorSpace='named', contrast=1.0, depth=0, flipHoriz=False, flipVert=False, font='', fontFiles=[], height=32, italic=False, name='unnamed TextStim', opacity=1.0, ori=0.0, pos=array([  37., -111.]), rgb=array([0., 0., 0.]), text='AM', units='pix', win=Window(...), wrapWidth=500)
19.9508 	INFO 	using sysFont 
19.9516 	EXP 	Created unnamed TextStim = TextStim(__class__=<class 'psychopy.visual.text.TextStim'>, alignHoriz='center', alignVert='center', antialias=True, autoLog=True, bold=False, color='black', colorSpace='named', contrast=1.0, depth=0, flipHoriz=False, flipVert=False, font='', fontFiles=[], height=32, italic=False, name='unnamed TextStim', opacity=1.0, ori=0.0, pos=array([ 111., -111.]), rgb=array([0., 0., 0.]), text='YZ', units='pix', win=Window(...), wrapWidth=500)
19.9522 	INFO 	using sysFont 
19.9530 	EXP 	Created unnamed TextStim = TextStim(__class__=<class 'psychopy.visual.text.TextStim'>, alignHoriz='center', alignVert='center', antialias=True, autoLog=True, bold=False, color='black', colorSpace='named', contrast=1.0, depth=0, flipHoriz=False, flipVert=False, font='', fontFiles=[], height=32, italic=False, name='unnamed TextStim', opacity=1.0, ori=0.0, pos=array([ 185., -111.]), rgb=array([0., 0., 0.]), text='PE', units='pix', win=Window(...), wrapWidth=500)
19.9535 	INFO 	using sysFont 
19.9543 	EXP 	Created unnamed TextStim = TextStim(__class__=<class 'psychopy.visual.text.TextStim'>, alignHoriz='center', alignVert='center', antialias=True, autoLog=True, bold=False, color='black', colorSpace='named', contrast=1.0, depth=0, flipHoriz=False, flipVert=False, font='', fontFiles=[], height=32, italic=False, name='unnamed TextStim', opacity=1.0, ori=0.0, pos=array([-185.,  -37.]), rgb=array([0., 0., 0.]), text='WE', units='pix', win=Window(...), wrapWidth=500)
19.9549 	INFO 	using sysFont 
19.9557 	EXP 	Created unnamed TextStim = TextStim(__class__=<class 'psychopy.visual.text.TextStim'>, alignHoriz='center', alignVert='center', antialias=True, autoLog=True, bold=False, color='black', colorSpace='named', contrast=1.0, depth=0, flipHoriz=False, flipVert=False, font='', fontFiles=[], height=32, italic=False, name='unnamed TextStim', opacity=1.0, ori=0.0, pos=array([-111.,  -37.]), rgb=array([0., 0., 0.]), text='WA', units='pix', win=Window(...), wrapWidth=500)
19.9562 	INFO 	using sysFont 
19.9571 	EXP 	Created unnamed TextStim = TextStim(__class__=<class 'psychopy.visual.text.TextStim'>, alignHoriz='center', alignVert='center', antialias=True, autoLog=True, bold=False, color='black', colorSpace='named', contrast=1.0, depth=0, flipHoriz=False, flipVert=False, font='', fontFiles=[], height=32, italic=False, name='unnamed TextStim', opacity=1.0, ori=0.0, pos=array([-37., -37.]), rgb=array([0., 0., 0.]), text='FB', units='pix', win=Window(...), wrapWidth=500)
19.9576 	INFO 	using sysFont 
19.9584 	EXP 	Created unnamed TextStim = TextStim(__class__=<class 'psychopy.visual.text.TextStim'>, alignHoriz='center', alignVert='center', antialias=True, autoLog=True, bold=False, color='black', colorSpace='named', contrast=1.0, depth=0, flipHoriz=False, flipVert=False, font='', fontFiles=[], height=32, italic=False, name='unnamed TextStim', opacity=1.0, ori=0.0, pos=array([ 37., -37.]), rgb=array([0., 0., 0.]), text='XA', units='pix', win=Window(...), wrapWidth=500)
19.9589 	INFO 	using sysFont 
19.9598 	EXP 	Created unnamed TextStim = TextStim(__class__=<class 'psychopy.visual.text.TextStim'>, alignHoriz='center', alignVert='center', antialias=True, autoLog=True, bold=False, color='black', colorSpace='named', contrast=1.0, depth=0, flipHoriz=False, flipVert=False, font='', fontFiles=[], height=32, italic=False, name='unnamed TextStim', opacity=1.0, ori=0.0, pos=array([111., -37.]), rgb=array([0., 0., 0.]), text='OW', units='pix', win=Window(...), wrapWidth=500)
19.9603 	INFO 	using sysFont 
19.9612 	EXP 	Created unnamed TextStim = TextStim(__class__=<class 'psychopy.visual.text.TextStim'>, alignHoriz='center', alignVert='center', antialias=True, autoLog=True, bold=False, color='black', colorSpace='named', contrast=1.0, depth=0, flipHoriz=False, flipVert=False, font='', fontFiles=[], height=32, italic=False, name='unnamed TextStim', opacity=1.0, ori=0.0, pos=array([185., -37.]), rgb=array([0., 0., 0.]), text='NW', units='pix', win=Window(...), wrapWidth=500)
19.9617 	INFO 	using sysFont 
19.9625 	EXP 	Created unnamed TextStim = TextStim(__class__=<class 'psychopy.visual.text.TextStim'>, alignHoriz='center', alignVert='center', antialias=True, autoLog=True, bold=False, color='black', colorSpace='named', contrast=1.0, depth=0, flipHoriz=False, flipVert=False, font='', fontFiles=[], height=32, italic=False, name='unnamed TextStim', opacity=1.0, ori=0.0, pos=array([-185.,   37.]), rgb=array([0., 0., 0.]), text='ZD', units='pix', win=Window(...), wrapWidth=500)
19.9631 	INFO 	using sysFont 
19.9639 	EXP 	Created unnamed TextStim = TextStim(__class__=<class 'psychopy.visual.text.TextStim'>, alignHoriz='center', alignVert='center', antialias=True, autoLog=True, bold=False, color='black', colorSpace='named', contrast=1.0, depth=0, flipHoriz=False, flipVert=False, font='', fontFiles=[], height=32, italic=False, name='unnamed TextStim', opacity=1.0, ori=0.0, pos=array([-111.,   37.]), rgb=array([0., 0., 0.]), text='UH', units='pix', win=Window(...), wrapWidth=500)
19.9644 	INFO 	using sysFont 
19.9661 	EXP 	Created unnamed TextStim = TextStim(__class__=<class 'psychopy.visual.text.TextStim'>, alignHoriz='center', alignVert='center', antialias=True, autoLog=True, bold=False, color='black', colorSpace='named', contrast=1.0, depth=0, flipHoriz=False, flipVert=False, font='', fontFiles=[], height=32, italic=False, name='unnamed TextStim', opacity=1.0, ori=0.0, pos=array([-37.,  37.]), rgb=array([0., 0., 0.]), text='VB', units='pix', win=Window(...), wrapWidth=500)
19.9666 	INFO 	using sysFont 
19.9675 	EXP 	Created unnamed TextStim = TextStim(__class__=<class 'psychopy.visual.text.TextStim'>, alignHoriz='center', alignVert='center', antialias=True, autoLog=True, bold=False, color='black', colorSpace='named', contrast=1.0, depth=0, flipHoriz=False, flipVert=False, font='', fontFiles=[], height=32, italic=False, name='unnamed TextStim', opacity=1.0, ori=0.0, pos=array([37., 37.]), rgb=array([0., 0., 0.]), text='MW', units='pix', win=Window(...), wrapWidth=500)
19.9680 	INFO 	using sysFont 
19.9688 	EXP 	Created unnamed TextStim = TextStim(__class__=<class 'psychopy.visual.text.TextStim'>, alignHoriz='center', alignVert='center', antialias=True, autoLog=True, bold=False, color='black', colorSpace='named', contrast=1.0, depth=0, flipHoriz=False, flipVert=False, font='', fontFiles=[], height=32, italic=False, name='unnamed TextStim', opacity=1.0, ori=0.0, pos=array([111.,  37.]), rgb=array([0., 0., 0.]), text='BW', units='pix', win=Window(...), wrapWidth=500)
19.9694 	INFO 	using sysFont 
19.9702 	EXP 	Created unnamed TextStim = TextStim(__class__=<class 'psychopy.visual.text.TextStim'>, alignHoriz='center', alignVert='center', antialias=True, autoLog=True, bold=False, color='black', colorSpace='named', contrast=1.0, depth=0, flipHoriz=False, flipVert=False, font='', fontFiles=[], height=32, italic=False, name='unnamed TextStim', opacity=1.0, ori=0.0, pos=array([185.,  37.]), rgb=array([0., 0., 0.]), text='MC', units='pix', win=Window(...), wrapWidth=500)
19.9708 	INFO 	using sysFont 
19.9716 	EXP 	Created unnamed TextStim = TextStim(__class__=<class 'psychopy.visual.text.TextStim'>, alignHoriz='center', alignVert='center', antialias=True, autoLog=True, bold=False, color='black', colorSpace='named', contrast=1.0, depth=0, flipHoriz=False, flipVert=False, font='', fontFiles=[], height=32, italic=False, name='unnamed TextStim', opacity=1.0, ori=0.0, pos=array([-185.,  111.]), rgb=array([0., 0., 0.]), text='TE', units='pix', win=Window(...), wrapWidth=500)
19.9721 	INFO 	using sysFont 
19.9731 	EXP 	Created unnamed TextStim = TextStim(__class__=<class 'psychopy.visual.text.TextStim'>, alignHoriz='center', alignVert='center', antialias=True, autoLog=True, bold=False, color='black', colorSpace='named', contrast=1.0, depth=0, flipHoriz=False, flipVert=False, font='', fontFiles=[], height=32, italic=False, name='unnamed TextStim', opacity=1.0, ori=0.0, pos=array([-111.,  111.]), rgb=array([0., 0., 0.]), text='JB', units='pix', win=Window(...), wrapWidth=500)
19.9736 	INFO 	using sysFont 
19.9745 	EXP 	Created unnamed TextStim = TextStim(__class__=<class 'psychopy.visual.text.TextStim'>, alignHoriz='center', alignVert='center', antialias=True, autoLog=True, bold=False, color='black', colorSpace='named', contrast=1.0, depth=0, flipHoriz=False, flipVert=False, font='', fontFiles=[], height=32, italic=False, name='unnamed TextStim', opacity=1.0, ori=0.0, pos=array([-37., 111.]), rgb=array([0., 0., 0.]), text='JI', units='pix', win=Window(...), wrapWidth=500)
19.9750 	INFO 	using sysFont 
19.9759 	EXP 	Created unnamed TextStim = TextStim(__class__=<class 'psychopy.visual.text.TextStim'>, alignHoriz='center', alignVert='center', antialias=True, autoLog=True, bold=False, color='black', colorSpace='named', contrast=1.0, depth=0, flipHoriz=False, flipVert=False, font='', fontFiles=[], height=32, italic=False, name='unnamed TextStim', opacity=1.0, ori=0.0, pos=array([ 37., 111.]), rgb=array([0., 0., 0.]), text='US', units='pix', win=Window(...), wrapWidth=500)
19.9764 	INFO 	using sysFont 
19.9773 	EXP 	Created unnamed TextStim = TextStim(__class__=<class 'psychopy.visual.text.TextStim'>, alignHoriz='center', alignVert='center', antialias=True, autoLog=True, bold=False, color='black', colorSpace='named', contrast=1.0, depth=0, flipHoriz=False, flipVert=False, font='', fontFiles=[], height=32, italic=False, name='unnamed TextStim', opacity=1.0, ori=0.0, pos=array([111., 111.]), rgb=array([0., 0., 0.]), text='RE', units='pix', win=Window(...), wrapWidth=500)
19.9779 	INFO 	using sysFont 
19.9788 	EXP 	Created unnamed TextStim = TextStim(__class__=<class 'psychopy.visual.text.TextStim'>, alignHoriz='center', alignVert='center', antialias=True, autoLog=True, bold=False, color='black', colorSpace='named', contrast=1.0, depth=0, flipHoriz=False, flipVert=False, font='', fontFiles=[], height=32, italic=False, name='unnamed TextStim', opacity=1.0, ori=0.0, pos=array([185., 111.]), rgb=array([0., 0., 0.]), text='SV', units='pix', win=Window(...), wrapWidth=500)
19.9793 	INFO 	using sysFont 
19.9802 	EXP 	Created unnamed TextStim = TextStim(__class__=<class 'psychopy.visual.text.TextStim'>, alignHoriz='center', alignVert='center', antialias=True, autoLog=True, bold=False, color='black', colorSpace='named', contrast=1.0, depth=0, flipHoriz=False, flipVert=False, font='', fontFiles=[], height=32, italic=False, name='unnamed TextStim', opacity=1.0, ori=0.0, pos=array([-185.,  185.]), rgb=array([0., 0., 0.]), text='CE', units='pix', win=Window(...), wrapWidth=500)
19.9807 	INFO 	using sysFont 
19.9816 	EXP 	Created unnamed TextStim = TextStim(__class__=<class 'psychopy.visual.text.TextStim'>, alignHoriz='center', alignVert='center', antialias=True, autoLog=True, bold=False, color='black', colorSpace='named', contrast=1.0, depth=0, flipHoriz=False, flipVert=False, font='', fontFiles=[], height=32, italic=False, name='unnamed TextStim', opacity=1.0, ori=0.0, pos=array([-111.,  185.]), rgb=array([0., 0., 0.]), text='NZ', units='pix', win=Window(...), wrapWidth=500)
19.9821 	INFO 	using sysFont 
19.9830 	EXP 	Created unnamed TextStim = TextStim(__class__=<class 'psychopy.visual.text.TextStim'>, alignHoriz='center', alignVert='center', antialias=True, autoLog=True, bold=False, color='black', colorSpace='named', contrast=1.0, depth=0, flipHoriz=False, flipVert=False, font='', fontFiles=[], height=32, italic=False, name='unnamed TextStim', opacity=1.0, ori=0.0, pos=array([-37., 185.]), rgb=array([0., 0., 0.]), text='RH', units='pix', win=Window(...), wrapWidth=500)
19.9835 	INFO 	using sysFont 
19.9844 	EXP 	Created unnamed TextStim = TextStim(__class__=<class 'psychopy.visual.text.TextStim'>, alignHoriz='center', alignVert='center', antialias=True, autoLog=True, bold=False, color='black', colorSpace='named', contrast=1.0, depth=0, flipHoriz=False, flipVert=False, font='', fontFiles=[], height=32, italic=False, name='unnamed TextStim', opacity=1.0, ori=0.0, pos=array([ 37., 185.]), rgb=array([0., 0., 0.]), text='EM', units='pix', win=Window(...), wrapWidth=500)
19.9849 	INFO 	using sysFont 
19.9857 	EXP 	Created unnamed TextStim = TextStim(__class__=<class 'psychopy.visual.text.TextStim'>, alignHoriz='center', alignVert='center', antialias=True, autoLog=True, bold=False, color='black', colorSpace='named', contrast=1.0, depth=0, flipHoriz=False, flipVert=False, font='', fontFiles=[], height=32, italic=False, name='unnamed TextStim', opacity=1.0, ori=0.0, pos=array([111., 185.]), rgb=array([0., 0., 0.]), text='WH', units='pix', win=Window(...), wrapWidth=500)
19.9863 	INFO 	using sysFont 
19.9872 	EXP 	Created unnamed TextStim = TextStim(__class__=<class 'psychopy.visual.text.TextStim'>, alignHoriz='center', alignVert='center', antialias=True, autoLog=True, bold=False, color='black', colorSpace='named', contrast=1.0, depth=0, flipHoriz=False, flipVert=False, font='', fontFiles=[], height=32, italic=False, name='unnamed TextStim', opacity=1.0, ori=0.0, pos=array([185., 185.]), rgb=array([0., 0., 0.]), text='XW', units='pix', win=Window(...), wrapWidth=500)
19.9974 	EXP 	unnamed TextStim: autoDraw = True
19.9974 	EXP 	unnamed TextStim: autoDraw = True
19.9974 	EXP 	unnamed TextStim: autoDraw = True
19.9974 	EXP 	unnamed TextStim: autoDraw = True
19.9974 	EXP 	unnamed TextStim: autoDraw = True
19.9974 	EXP 	unnamed TextStim: autoDraw = True
19.9974 	EXP 	unnamed TextStim: autoDraw = True
19.9974 	EXP 	unnamed TextStim: autoDraw = True
19.9974 	EXP 	unnamed TextStim: autoDraw = True
19.9974 	EXP 	unnamed TextStim: autoDraw = True
19.9974 	EXP 	unnamed TextStim: autoDraw = True
19.9974 	EXP 	unnamed TextStim: autoDraw = True
19.9974 	EXP 	unnamed TextStim: autoDraw = True
19.9974 	EXP 	unnamed TextStim: autoDraw = True
19.9974 	EXP 	unnamed TextStim: autoDraw = True
19.9974 	EXP 	unnamed TextStim: autoDraw = True
19.9974 	EXP 	unnamed TextStim: autoDraw = True
19.9974 	EXP 	unnamed TextStim: autoDraw = True
19.9974 	EXP 	unnamed TextStim: autoDraw = True
19.9974 	EXP 	unnamed TextStim: autoDraw = True
19.9974 	EXP 	unnamed TextStim: autoDraw = True
19.9974 	EXP 	unnamed TextStim: autoDraw = True
19.9974 	EXP 	unnamed TextStim: autoDraw = True
19.9974 	EXP 	unnamed TextStim: autoDraw = True
19.9974 	EXP 	unnamed TextStim: autoDraw = True
19.9974 	EXP 	unnamed TextStim: autoDraw = True
19.9974 	EXP 	unnamed TextStim: autoDraw = True
19.9974 	EXP 	unnamed TextStim: autoDraw = True
19.9974 	EXP 	unnamed TextStim: autoDraw = True
19.9974 	EXP 	unnamed TextStim: autoDraw = True
19.9974 	EXP 	unnamed TextStim: autoDraw = True
19.9974 	EXP 	unnamed TextStim: autoDraw = True
19.9974 	EXP 	unnamed TextStim: autoDraw = True
19.9974 	EXP 	unnamed TextStim: autoDraw = True
19.9974 	EXP 	unnamed TextStim: autoDraw = True
19.9974 	EXP 	unnamed TextStim: autoDraw = True
19.9974 	EXP 	unnamed TextStim: autoDraw = True
27.0252 	EXP 	unnamed TextStim: autoDraw = False
27.0252 	EXP 	unnamed TextStim: autoDraw = False
27.0252 	EXP 	unnamed TextStim: autoDraw = False
27.0252 	EXP 	unnamed TextStim: autoDraw = False
27.0252 	EXP 	unnamed TextStim: autoDraw = False
27.0252 	EXP 	unnamed TextStim: autoDraw = False
27.0252 	EXP 	unnamed TextStim: autoDraw = False
27.0252 	EXP 	unnamed TextStim: autoDraw = False
27.0252 	EXP 	unnamed TextStim: autoDraw = False
27.0252 	EXP 	unnamed TextStim: autoDraw = False
27.0252 	EXP 	unnamed TextStim: autoDraw = False
27.0252 	EXP 	unnamed TextStim: autoDraw = False
27.0252 	EXP 	unnamed TextStim: autoDraw = False
27.0252 	EXP 	unnamed TextStim: autoDraw = False
27.0252 	EXP 	unnamed TextStim: autoDraw = False
27.0252 	EXP 	unnamed TextStim: autoDraw = False
27.0252 	EXP 	unnamed TextStim: autoDraw = False
27.0252 	EXP 	unnamed TextStim: autoDraw = False
27.0252 	EXP 	unnamed TextStim: autoDraw = False
27.0252 	EXP 	unnamed TextStim: autoDraw = False
27.0252 	EXP 	unnamed TextStim: autoDraw = False
27.0252 	EXP 	unnamed TextStim: autoDraw = False
27.0252 	EXP 	unnamed TextStim: autoDraw = False
27.0252 	EXP 	unnamed TextStim: autoDraw = False
27.0252 	EXP 	unnamed TextStim: autoDraw = False
27.0252 	EXP 	unnamed TextStim: autoDraw = False
27.0252 	EXP 	unnamed TextStim: autoDraw = False
27.0252 	EXP 	unnamed TextStim: autoDraw = False
27.0252 	EXP 	unnamed TextStim: autoDraw = False
27.0252 	EXP 	unnamed TextStim: autoDraw = False
27.0252 	EXP 	unnamed TextStim: autoDraw = False
27.0252 	EXP 	unnamed TextStim: autoDraw = False
27.0252 	EXP 	unnamed TextStim: autoDraw = False
27.0252 	EXP 	unnamed TextStim: autoDraw = False
27.0252 	EXP 	unnamed TextStim: autoDraw = False
27.0252 	EXP 	unnamed TextStim: autoDraw = False
27.0252 	EXP 	unnamed TextStim: autoDraw = False
28.0283 	INFO 	using sysFont Arial
28.0293 	EXP 	Created unnamed TextStim = TextStim(__class__=<class 'psychopy.visual.text.TextStim'>, alignHoriz='center', alignVert='center', antialias=True, autoLog=True, bold=False, color='black', colorSpace='named', contrast=1.0, depth=0, flipHoriz=False, flipVert=False, font='Arial', fontFiles=[], height=32, italic=False, name='unnamed TextStim', opacity=1.0, ori=0.0, pos=array([0., 0.]), rgb=array([0., 0., 0.]), text='end', units='pix', win=Window(...), wrapWidth=1920)
