2.5474 	INFO 	Screen res set as: 1920x1080
2.5483 	INFO 	Loaded monitor calibration from ['2018_09_18 09:28']
2.9836 	EXP 	Created window1 = Window(allowGUI=True, allowStencil=False, args=UNKNOWN, autoLog=True, bitsMode=UNKNOWN, blendMode='avg', color='Gainsboro', colorSpace='named', fullscr=UNKNOWN, gamma=None, kwargs=UNKNOWN, lms=UNKNOWN, monitor=<psychopy.monitors.calibTools.Monitor object at 0x7f0b0808cf28>, multiSample=False, name='window1', numSamples=2, pos=None, screen=0, size=array([1920, 1080]), stereo=False, units='pix', useFBO=False, useRetina=False, viewOri=0.0, viewPos=None, viewScale=None, waitBlanking=True, winType='pygame')
2.9836 	INFO 	Detected framerate: 30 frames per sec.
2.9836 	INFO 	Mouse: using default window
3.0191 	INFO 	using sysFont Arial
3.0231 	EXP 	Created unnamed TextStim = TextStim(__class__=<class 'psychopy.visual.text.TextStim'>, alignHoriz='center', alignVert='center', antialias=True, autoLog=True, bold=False, color='black', colorSpace='named', contrast=1.0, depth=0, flipHoriz=False, flipVert=False, font='Arial', fontFiles=[], height=32, italic=False, name='unnamed TextStim', opacity=1.0, ori=0.0, pos=array([   0., -300.]), rgb=array([0., 0., 0.]), text=str(...), units='pix', win=Window(...), wrapWidth=1920)
3.0685 	EXP 	Created unnamed ImageStim = ImageStim(__class__=<class 'psychopy.visual.image.ImageStim'>, autoLog=True, color=array([1., 1., 1.]), colorSpace='rgb', contrast=1.0, depth=0, flipHoriz=False, flipVert=False, image='images/clock.png', interpolate=True, mask=None, maskParams=None, name='unnamed ImageStim', opacity=1.0, ori=0.0, pos=array([600., 400.]), size=array([50., 50.]), texRes=128, units='pix', win=Window(...))
3.0694 	INFO 	using sysFont Arial
3.0704 	EXP 	Created unnamed TextStim = TextStim(__class__=<class 'psychopy.visual.text.TextStim'>, alignHoriz='center', alignVert='center', antialias=True, autoLog=True, bold=False, color='black', colorSpace='named', contrast=1.0, depth=0, flipHoriz=False, flipVert=False, font='Arial', fontFiles=[], height=32, italic=False, name='unnamed TextStim', opacity=1.0, ori=0.0, pos=array([0., 0.]), rgb=array([0., 0., 0.]), text='Wstęp', units='pix', win=Window(...), wrapWidth=1920)
4.0631 	INFO 	using sysFont 
4.0657 	EXP 	Created unnamed TextStim = TextStim(__class__=<class 'psychopy.visual.text.TextStim'>, alignHoriz='center', alignVert='center', antialias=True, autoLog=True, bold=False, color='black', colorSpace='named', contrast=1.0, depth=0, flipHoriz=False, flipVert=False, font='', fontFiles=[], height=32, italic=False, name='unnamed TextStim', opacity=1.0, ori=0.0, pos=array([-40.,   0.]), rgb=array([0., 0., 0.]), text='PT', units='pix', win=Window(...), wrapWidth=500)
4.0667 	INFO 	using sysFont 
4.0676 	EXP 	Created unnamed TextStim = TextStim(__class__=<class 'psychopy.visual.text.TextStim'>, alignHoriz='center', alignVert='center', antialias=True, autoLog=True, bold=False, color='black', colorSpace='named', contrast=1.0, depth=0, flipHoriz=False, flipVert=False, font='', fontFiles=[], height=32, italic=False, name='unnamed TextStim', opacity=1.0, ori=0.0, pos=array([0., 0.]), rgb=array([0., 0., 0.]), text='BT', units='pix', win=Window(...), wrapWidth=500)
4.0681 	INFO 	using sysFont 
4.0692 	EXP 	Created unnamed TextStim = TextStim(__class__=<class 'psychopy.visual.text.TextStim'>, alignHoriz='center', alignVert='center', antialias=True, autoLog=True, bold=False, color='black', colorSpace='named', contrast=1.0, depth=0, flipHoriz=False, flipVert=False, font='', fontFiles=[], height=32, italic=False, name='unnamed TextStim', opacity=1.0, ori=0.0, pos=array([40.,  0.]), rgb=array([0., 0., 0.]), text='KI', units='pix', win=Window(...), wrapWidth=500)
4.0698 	INFO 	using sysFont 
4.0706 	EXP 	Created unnamed TextStim = TextStim(__class__=<class 'psychopy.visual.text.TextStim'>, alignHoriz='center', alignVert='center', antialias=True, autoLog=True, bold=False, color='black', colorSpace='named', contrast=1.0, depth=0, flipHoriz=False, flipVert=False, font='', fontFiles=[], height=32, italic=False, name='unnamed TextStim', opacity=1.0, ori=0.0, pos=array([-40.,  40.]), rgb=array([0., 0., 0.]), text='CM', units='pix', win=Window(...), wrapWidth=500)
4.0712 	INFO 	using sysFont 
4.0720 	EXP 	Created unnamed TextStim = TextStim(__class__=<class 'psychopy.visual.text.TextStim'>, alignHoriz='center', alignVert='center', antialias=True, autoLog=True, bold=False, color='black', colorSpace='named', contrast=1.0, depth=0, flipHoriz=False, flipVert=False, font='', fontFiles=[], height=32, italic=False, name='unnamed TextStim', opacity=1.0, ori=0.0, pos=array([ 0., 40.]), rgb=array([0., 0., 0.]), text='AM', units='pix', win=Window(...), wrapWidth=500)
4.0726 	INFO 	using sysFont 
4.0734 	EXP 	Created unnamed TextStim = TextStim(__class__=<class 'psychopy.visual.text.TextStim'>, alignHoriz='center', alignVert='center', antialias=True, autoLog=True, bold=False, color='black', colorSpace='named', contrast=1.0, depth=0, flipHoriz=False, flipVert=False, font='', fontFiles=[], height=32, italic=False, name='unnamed TextStim', opacity=1.0, ori=0.0, pos=array([40., 40.]), rgb=array([0., 0., 0.]), text='AI', units='pix', win=Window(...), wrapWidth=500)
4.0739 	INFO 	using sysFont 
4.0748 	EXP 	Created unnamed TextStim = TextStim(__class__=<class 'psychopy.visual.text.TextStim'>, alignHoriz='center', alignVert='center', antialias=True, autoLog=True, bold=False, color='black', colorSpace='named', contrast=1.0, depth=0, flipHoriz=False, flipVert=False, font='', fontFiles=[], height=32, italic=False, name='unnamed TextStim', opacity=1.0, ori=0.0, pos=array([-40.,  80.]), rgb=array([0., 0., 0.]), text='VM', units='pix', win=Window(...), wrapWidth=500)
4.0753 	INFO 	using sysFont 
4.0762 	EXP 	Created unnamed TextStim = TextStim(__class__=<class 'psychopy.visual.text.TextStim'>, alignHoriz='center', alignVert='center', antialias=True, autoLog=True, bold=False, color='black', colorSpace='named', contrast=1.0, depth=0, flipHoriz=False, flipVert=False, font='', fontFiles=[], height=32, italic=False, name='unnamed TextStim', opacity=1.0, ori=0.0, pos=array([ 0., 80.]), rgb=array([0., 0., 0.]), text='RM', units='pix', win=Window(...), wrapWidth=500)
4.0767 	INFO 	using sysFont 
4.0776 	EXP 	Created unnamed TextStim = TextStim(__class__=<class 'psychopy.visual.text.TextStim'>, alignHoriz='center', alignVert='center', antialias=True, autoLog=True, bold=False, color='black', colorSpace='named', contrast=1.0, depth=0, flipHoriz=False, flipVert=False, font='', fontFiles=[], height=32, italic=False, name='unnamed TextStim', opacity=1.0, ori=0.0, pos=array([40., 80.]), rgb=array([0., 0., 0.]), text='OM', units='pix', win=Window(...), wrapWidth=500)
4.0814 	EXP 	unnamed TextStim: autoDraw = True
4.0814 	EXP 	unnamed TextStim: autoDraw = True
4.0814 	EXP 	unnamed TextStim: autoDraw = True
4.0814 	EXP 	unnamed TextStim: autoDraw = True
4.0814 	EXP 	unnamed TextStim: autoDraw = True
4.0814 	EXP 	unnamed TextStim: autoDraw = True
4.0814 	EXP 	unnamed TextStim: autoDraw = True
4.0814 	EXP 	unnamed TextStim: autoDraw = True
4.0814 	EXP 	unnamed TextStim: autoDraw = True
4.0814 	EXP 	unnamed TextStim: autoDraw = True
11.5315 	EXP 	unnamed TextStim: autoDraw = False
11.5315 	EXP 	unnamed TextStim: autoDraw = False
11.5315 	EXP 	unnamed TextStim: autoDraw = False
11.5315 	EXP 	unnamed TextStim: autoDraw = False
11.5315 	EXP 	unnamed TextStim: autoDraw = False
11.5315 	EXP 	unnamed TextStim: autoDraw = False
11.5315 	EXP 	unnamed TextStim: autoDraw = False
11.5315 	EXP 	unnamed TextStim: autoDraw = False
11.5315 	EXP 	unnamed TextStim: autoDraw = False
11.5315 	EXP 	unnamed TextStim: autoDraw = False
12.5359 	INFO 	using sysFont 
12.5369 	EXP 	Created unnamed TextStim = TextStim(__class__=<class 'psychopy.visual.text.TextStim'>, alignHoriz='center', alignVert='center', antialias=True, autoLog=True, bold=False, color='black', colorSpace='named', contrast=1.0, depth=0, flipHoriz=False, flipVert=False, font='', fontFiles=[], height=32, italic=False, name='unnamed TextStim', opacity=1.0, ori=0.0, pos=array([-40.,   0.]), rgb=array([0., 0., 0.]), text='RB', units='pix', win=Window(...), wrapWidth=500)
12.5374 	INFO 	using sysFont 
12.5382 	EXP 	Created unnamed TextStim = TextStim(__class__=<class 'psychopy.visual.text.TextStim'>, alignHoriz='center', alignVert='center', antialias=True, autoLog=True, bold=False, color='black', colorSpace='named', contrast=1.0, depth=0, flipHoriz=False, flipVert=False, font='', fontFiles=[], height=32, italic=False, name='unnamed TextStim', opacity=1.0, ori=0.0, pos=array([0., 0.]), rgb=array([0., 0., 0.]), text='QG', units='pix', win=Window(...), wrapWidth=500)
12.5387 	INFO 	using sysFont 
12.5395 	EXP 	Created unnamed TextStim = TextStim(__class__=<class 'psychopy.visual.text.TextStim'>, alignHoriz='center', alignVert='center', antialias=True, autoLog=True, bold=False, color='black', colorSpace='named', contrast=1.0, depth=0, flipHoriz=False, flipVert=False, font='', fontFiles=[], height=32, italic=False, name='unnamed TextStim', opacity=1.0, ori=0.0, pos=array([40.,  0.]), rgb=array([0., 0., 0.]), text='YG', units='pix', win=Window(...), wrapWidth=500)
12.5400 	INFO 	using sysFont 
12.5408 	EXP 	Created unnamed TextStim = TextStim(__class__=<class 'psychopy.visual.text.TextStim'>, alignHoriz='center', alignVert='center', antialias=True, autoLog=True, bold=False, color='black', colorSpace='named', contrast=1.0, depth=0, flipHoriz=False, flipVert=False, font='', fontFiles=[], height=32, italic=False, name='unnamed TextStim', opacity=1.0, ori=0.0, pos=array([-40.,  40.]), rgb=array([0., 0., 0.]), text='ZX', units='pix', win=Window(...), wrapWidth=500)
12.5413 	INFO 	using sysFont 
12.5421 	EXP 	Created unnamed TextStim = TextStim(__class__=<class 'psychopy.visual.text.TextStim'>, alignHoriz='center', alignVert='center', antialias=True, autoLog=True, bold=False, color='black', colorSpace='named', contrast=1.0, depth=0, flipHoriz=False, flipVert=False, font='', fontFiles=[], height=32, italic=False, name='unnamed TextStim', opacity=1.0, ori=0.0, pos=array([ 0., 40.]), rgb=array([0., 0., 0.]), text='ZG', units='pix', win=Window(...), wrapWidth=500)
12.5426 	INFO 	using sysFont 
12.5435 	EXP 	Created unnamed TextStim = TextStim(__class__=<class 'psychopy.visual.text.TextStim'>, alignHoriz='center', alignVert='center', antialias=True, autoLog=True, bold=False, color='black', colorSpace='named', contrast=1.0, depth=0, flipHoriz=False, flipVert=False, font='', fontFiles=[], height=32, italic=False, name='unnamed TextStim', opacity=1.0, ori=0.0, pos=array([40., 40.]), rgb=array([0., 0., 0.]), text='FG', units='pix', win=Window(...), wrapWidth=500)
12.5439 	INFO 	using sysFont 
12.5448 	EXP 	Created unnamed TextStim = TextStim(__class__=<class 'psychopy.visual.text.TextStim'>, alignHoriz='center', alignVert='center', antialias=True, autoLog=True, bold=False, color='black', colorSpace='named', contrast=1.0, depth=0, flipHoriz=False, flipVert=False, font='', fontFiles=[], height=32, italic=False, name='unnamed TextStim', opacity=1.0, ori=0.0, pos=array([-40.,  80.]), rgb=array([0., 0., 0.]), text='ZO', units='pix', win=Window(...), wrapWidth=500)
12.5453 	INFO 	using sysFont 
12.5461 	EXP 	Created unnamed TextStim = TextStim(__class__=<class 'psychopy.visual.text.TextStim'>, alignHoriz='center', alignVert='center', antialias=True, autoLog=True, bold=False, color='black', colorSpace='named', contrast=1.0, depth=0, flipHoriz=False, flipVert=False, font='', fontFiles=[], height=32, italic=False, name='unnamed TextStim', opacity=1.0, ori=0.0, pos=array([ 0., 80.]), rgb=array([0., 0., 0.]), text='QO', units='pix', win=Window(...), wrapWidth=500)
12.5466 	INFO 	using sysFont 
12.5475 	EXP 	Created unnamed TextStim = TextStim(__class__=<class 'psychopy.visual.text.TextStim'>, alignHoriz='center', alignVert='center', antialias=True, autoLog=True, bold=False, color='black', colorSpace='named', contrast=1.0, depth=0, flipHoriz=False, flipVert=False, font='', fontFiles=[], height=32, italic=False, name='unnamed TextStim', opacity=1.0, ori=0.0, pos=array([40., 80.]), rgb=array([0., 0., 0.]), text='PB', units='pix', win=Window(...), wrapWidth=500)
12.5518 	EXP 	unnamed TextStim: autoDraw = True
12.5518 	EXP 	unnamed TextStim: autoDraw = True
12.5518 	EXP 	unnamed TextStim: autoDraw = True
12.5518 	EXP 	unnamed TextStim: autoDraw = True
12.5518 	EXP 	unnamed TextStim: autoDraw = True
12.5518 	EXP 	unnamed TextStim: autoDraw = True
12.5518 	EXP 	unnamed TextStim: autoDraw = True
12.5518 	EXP 	unnamed TextStim: autoDraw = True
12.5518 	EXP 	unnamed TextStim: autoDraw = True
12.5518 	EXP 	unnamed TextStim: autoDraw = True
13.1644 	EXP 	unnamed TextStim: autoDraw = False
13.1644 	EXP 	unnamed TextStim: autoDraw = False
13.1644 	EXP 	unnamed TextStim: autoDraw = False
13.1644 	EXP 	unnamed TextStim: autoDraw = False
13.1644 	EXP 	unnamed TextStim: autoDraw = False
13.1644 	EXP 	unnamed TextStim: autoDraw = False
13.1644 	EXP 	unnamed TextStim: autoDraw = False
13.1644 	EXP 	unnamed TextStim: autoDraw = False
13.1644 	EXP 	unnamed TextStim: autoDraw = False
13.1644 	EXP 	unnamed TextStim: autoDraw = False
14.1668 	INFO 	using sysFont Arial
14.1682 	EXP 	Created unnamed TextStim = TextStim(__class__=<class 'psychopy.visual.text.TextStim'>, alignHoriz='center', alignVert='center', antialias=True, autoLog=True, bold=False, color='black', colorSpace='named', contrast=1.0, depth=0, flipHoriz=False, flipVert=False, font='Arial', fontFiles=[], height=32, italic=False, name='unnamed TextStim', opacity=1.0, ori=0.0, pos=array([0., 0.]), rgb=array([0., 0., 0.]), text='Po treningu', units='pix', win=Window(...), wrapWidth=1920)
14.7190 	CRITICAL 	Experiment finished by user! f7 pressed.
