2.5343 	INFO 	Screen res set as: 1920x1080
2.5353 	INFO 	Loaded monitor calibration from ['2018_09_18 09:28']
3.1063 	EXP 	Created window1 = Window(allowGUI=True, allowStencil=False, args=UNKNOWN, autoLog=True, bitsMode=UNKNOWN, blendMode='avg', color='Gainsboro', colorSpace='named', fullscr=UNKNOWN, gamma=None, kwargs=UNKNOWN, lms=UNKNOWN, monitor=<psychopy.monitors.calibTools.Monitor object at 0x7f9f6d7b6ef0>, multiSample=False, name='window1', numSamples=2, pos=None, screen=0, size=array([1920, 1080]), stereo=False, units='pix', useFBO=False, useRetina=False, viewOri=0.0, viewPos=None, viewScale=None, waitBlanking=True, winType='pygame')
3.1063 	INFO 	Detected framerate: 30 frames per sec.
3.1063 	INFO 	Mouse: using default window
3.1484 	INFO 	using sysFont Arial
3.1524 	EXP 	Created unnamed TextStim = TextStim(__class__=<class 'psychopy.visual.text.TextStim'>, alignHoriz='center', alignVert='center', antialias=True, autoLog=True, bold=False, color='black', colorSpace='named', contrast=1.0, depth=0, flipHoriz=False, flipVert=False, font='Arial', fontFiles=[], height=32, italic=False, name='unnamed TextStim', opacity=1.0, ori=0.0, pos=array([   0., -300.]), rgb=array([0., 0., 0.]), text=str(...), units='pix', win=Window(...), wrapWidth=1920)
3.1533 	INFO 	using sysFont Arial
3.1543 	EXP 	Created unnamed TextStim = TextStim(__class__=<class 'psychopy.visual.text.TextStim'>, alignHoriz='center', alignVert='center', antialias=True, autoLog=True, bold=False, color='black', colorSpace='named', contrast=1.0, depth=0, flipHoriz=False, flipVert=False, font='Arial', fontFiles=[], height=32, italic=False, name='unnamed TextStim', opacity=1.0, ori=0.0, pos=array([0., 0.]), rgb=array([0., 0., 0.]), text='Wstęp', units='pix', win=Window(...), wrapWidth=1920)
4.0832 	INFO 	using sysFont 
4.0841 	EXP 	Created unnamed TextStim = TextStim(__class__=<class 'psychopy.visual.text.TextStim'>, alignHoriz='center', alignVert='center', antialias=True, autoLog=True, bold=False, color='black', colorSpace='named', contrast=1.0, depth=0, flipHoriz=False, flipVert=False, font='', fontFiles=[], height=32, italic=False, name='unnamed TextStim', opacity=1.0, ori=0.0, pos=array([-74., -37.]), rgb=array([0., 0., 0.]), text='HO', units='pix', win=Window(...), wrapWidth=500)
4.0847 	INFO 	using sysFont 
4.0855 	EXP 	Created unnamed TextStim = TextStim(__class__=<class 'psychopy.visual.text.TextStim'>, alignHoriz='center', alignVert='center', antialias=True, autoLog=True, bold=False, color='black', colorSpace='named', contrast=1.0, depth=0, flipHoriz=False, flipVert=False, font='', fontFiles=[], height=32, italic=False, name='unnamed TextStim', opacity=1.0, ori=0.0, pos=array([  0., -37.]), rgb=array([0., 0., 0.]), text='WO', units='pix', win=Window(...), wrapWidth=500)
4.0861 	INFO 	using sysFont 
4.0875 	EXP 	Created unnamed TextStim = TextStim(__class__=<class 'psychopy.visual.text.TextStim'>, alignHoriz='center', alignVert='center', antialias=True, autoLog=True, bold=False, color='black', colorSpace='named', contrast=1.0, depth=0, flipHoriz=False, flipVert=False, font='', fontFiles=[], height=32, italic=False, name='unnamed TextStim', opacity=1.0, ori=0.0, pos=array([ 74., -37.]), rgb=array([0., 0., 0.]), text='OF', units='pix', win=Window(...), wrapWidth=500)
4.0885 	INFO 	using sysFont 
4.0895 	EXP 	Created unnamed TextStim = TextStim(__class__=<class 'psychopy.visual.text.TextStim'>, alignHoriz='center', alignVert='center', antialias=True, autoLog=True, bold=False, color='black', colorSpace='named', contrast=1.0, depth=0, flipHoriz=False, flipVert=False, font='', fontFiles=[], height=32, italic=False, name='unnamed TextStim', opacity=1.0, ori=0.0, pos=array([-74.,  37.]), rgb=array([0., 0., 0.]), text='VO', units='pix', win=Window(...), wrapWidth=500)
4.0901 	INFO 	using sysFont 
4.0909 	EXP 	Created unnamed TextStim = TextStim(__class__=<class 'psychopy.visual.text.TextStim'>, alignHoriz='center', alignVert='center', antialias=True, autoLog=True, bold=False, color='black', colorSpace='named', contrast=1.0, depth=0, flipHoriz=False, flipVert=False, font='', fontFiles=[], height=32, italic=False, name='unnamed TextStim', opacity=1.0, ori=0.0, pos=array([ 0., 37.]), rgb=array([0., 0., 0.]), text='WO', units='pix', win=Window(...), wrapWidth=500)
4.0915 	INFO 	using sysFont 
4.0924 	EXP 	Created unnamed TextStim = TextStim(__class__=<class 'psychopy.visual.text.TextStim'>, alignHoriz='center', alignVert='center', antialias=True, autoLog=True, bold=False, color='black', colorSpace='named', contrast=1.0, depth=0, flipHoriz=False, flipVert=False, font='', fontFiles=[], height=32, italic=False, name='unnamed TextStim', opacity=1.0, ori=0.0, pos=array([74., 37.]), rgb=array([0., 0., 0.]), text='MX', units='pix', win=Window(...), wrapWidth=500)
4.0929 	INFO 	using sysFont 
4.0938 	EXP 	Created unnamed TextStim = TextStim(__class__=<class 'psychopy.visual.text.TextStim'>, alignHoriz='center', alignVert='center', antialias=True, autoLog=True, bold=False, color='black', colorSpace='named', contrast=1.0, depth=0, flipHoriz=False, flipVert=False, font='', fontFiles=[], height=32, italic=False, name='unnamed TextStim', opacity=1.0, ori=0.0, pos=array([-74., 111.]), rgb=array([0., 0., 0.]), text='MF', units='pix', win=Window(...), wrapWidth=500)
4.0943 	INFO 	using sysFont 
4.0951 	EXP 	Created unnamed TextStim = TextStim(__class__=<class 'psychopy.visual.text.TextStim'>, alignHoriz='center', alignVert='center', antialias=True, autoLog=True, bold=False, color='black', colorSpace='named', contrast=1.0, depth=0, flipHoriz=False, flipVert=False, font='', fontFiles=[], height=32, italic=False, name='unnamed TextStim', opacity=1.0, ori=0.0, pos=array([  0., 111.]), rgb=array([0., 0., 0.]), text='GG', units='pix', win=Window(...), wrapWidth=500)
4.0957 	INFO 	using sysFont 
4.0967 	EXP 	Created unnamed TextStim = TextStim(__class__=<class 'psychopy.visual.text.TextStim'>, alignHoriz='center', alignVert='center', antialias=True, autoLog=True, bold=False, color='black', colorSpace='named', contrast=1.0, depth=0, flipHoriz=False, flipVert=False, font='', fontFiles=[], height=32, italic=False, name='unnamed TextStim', opacity=1.0, ori=0.0, pos=array([ 74., 111.]), rgb=array([0., 0., 0.]), text='ZG', units='pix', win=Window(...), wrapWidth=500)
4.1002 	EXP 	unnamed TextStim: autoDraw = True
4.1002 	EXP 	unnamed TextStim: autoDraw = True
4.1002 	EXP 	unnamed TextStim: autoDraw = True
4.1002 	EXP 	unnamed TextStim: autoDraw = True
4.1002 	EXP 	unnamed TextStim: autoDraw = True
4.1002 	EXP 	unnamed TextStim: autoDraw = True
4.1002 	EXP 	unnamed TextStim: autoDraw = True
4.1002 	EXP 	unnamed TextStim: autoDraw = True
4.1002 	EXP 	unnamed TextStim: autoDraw = True
4.1002 	EXP 	unnamed TextStim: autoDraw = True
7.3378 	EXP 	unnamed TextStim: autoDraw = False
7.3378 	EXP 	unnamed TextStim: autoDraw = False
7.3378 	EXP 	unnamed TextStim: autoDraw = False
7.3378 	EXP 	unnamed TextStim: autoDraw = False
7.3378 	EXP 	unnamed TextStim: autoDraw = False
7.3378 	EXP 	unnamed TextStim: autoDraw = False
7.3378 	EXP 	unnamed TextStim: autoDraw = False
7.3378 	EXP 	unnamed TextStim: autoDraw = False
7.3378 	EXP 	unnamed TextStim: autoDraw = False
7.3378 	EXP 	unnamed TextStim: autoDraw = False
8.3424 	INFO 	using sysFont 
8.3433 	EXP 	Created unnamed TextStim = TextStim(__class__=<class 'psychopy.visual.text.TextStim'>, alignHoriz='center', alignVert='center', antialias=True, autoLog=True, bold=False, color='black', colorSpace='named', contrast=1.0, depth=0, flipHoriz=False, flipVert=False, font='', fontFiles=[], height=32, italic=False, name='unnamed TextStim', opacity=1.0, ori=0.0, pos=array([-74., -37.]), rgb=array([0., 0., 0.]), text='DN', units='pix', win=Window(...), wrapWidth=500)
8.3438 	INFO 	using sysFont 
8.3446 	EXP 	Created unnamed TextStim = TextStim(__class__=<class 'psychopy.visual.text.TextStim'>, alignHoriz='center', alignVert='center', antialias=True, autoLog=True, bold=False, color='black', colorSpace='named', contrast=1.0, depth=0, flipHoriz=False, flipVert=False, font='', fontFiles=[], height=32, italic=False, name='unnamed TextStim', opacity=1.0, ori=0.0, pos=array([  0., -37.]), rgb=array([0., 0., 0.]), text='AW', units='pix', win=Window(...), wrapWidth=500)
8.3451 	INFO 	using sysFont 
8.3459 	EXP 	Created unnamed TextStim = TextStim(__class__=<class 'psychopy.visual.text.TextStim'>, alignHoriz='center', alignVert='center', antialias=True, autoLog=True, bold=False, color='black', colorSpace='named', contrast=1.0, depth=0, flipHoriz=False, flipVert=False, font='', fontFiles=[], height=32, italic=False, name='unnamed TextStim', opacity=1.0, ori=0.0, pos=array([ 74., -37.]), rgb=array([0., 0., 0.]), text='ZN', units='pix', win=Window(...), wrapWidth=500)
8.3464 	INFO 	using sysFont 
8.3472 	EXP 	Created unnamed TextStim = TextStim(__class__=<class 'psychopy.visual.text.TextStim'>, alignHoriz='center', alignVert='center', antialias=True, autoLog=True, bold=False, color='black', colorSpace='named', contrast=1.0, depth=0, flipHoriz=False, flipVert=False, font='', fontFiles=[], height=32, italic=False, name='unnamed TextStim', opacity=1.0, ori=0.0, pos=array([-74.,  37.]), rgb=array([0., 0., 0.]), text='YV', units='pix', win=Window(...), wrapWidth=500)
8.3477 	INFO 	using sysFont 
8.3485 	EXP 	Created unnamed TextStim = TextStim(__class__=<class 'psychopy.visual.text.TextStim'>, alignHoriz='center', alignVert='center', antialias=True, autoLog=True, bold=False, color='black', colorSpace='named', contrast=1.0, depth=0, flipHoriz=False, flipVert=False, font='', fontFiles=[], height=32, italic=False, name='unnamed TextStim', opacity=1.0, ori=0.0, pos=array([ 0., 37.]), rgb=array([0., 0., 0.]), text='XN', units='pix', win=Window(...), wrapWidth=500)
8.3490 	INFO 	using sysFont 
8.3498 	EXP 	Created unnamed TextStim = TextStim(__class__=<class 'psychopy.visual.text.TextStim'>, alignHoriz='center', alignVert='center', antialias=True, autoLog=True, bold=False, color='black', colorSpace='named', contrast=1.0, depth=0, flipHoriz=False, flipVert=False, font='', fontFiles=[], height=32, italic=False, name='unnamed TextStim', opacity=1.0, ori=0.0, pos=array([74., 37.]), rgb=array([0., 0., 0.]), text='YV', units='pix', win=Window(...), wrapWidth=500)
8.3503 	INFO 	using sysFont 
8.3511 	EXP 	Created unnamed TextStim = TextStim(__class__=<class 'psychopy.visual.text.TextStim'>, alignHoriz='center', alignVert='center', antialias=True, autoLog=True, bold=False, color='black', colorSpace='named', contrast=1.0, depth=0, flipHoriz=False, flipVert=False, font='', fontFiles=[], height=32, italic=False, name='unnamed TextStim', opacity=1.0, ori=0.0, pos=array([-74., 111.]), rgb=array([0., 0., 0.]), text='GM', units='pix', win=Window(...), wrapWidth=500)
8.3516 	INFO 	using sysFont 
8.3525 	EXP 	Created unnamed TextStim = TextStim(__class__=<class 'psychopy.visual.text.TextStim'>, alignHoriz='center', alignVert='center', antialias=True, autoLog=True, bold=False, color='black', colorSpace='named', contrast=1.0, depth=0, flipHoriz=False, flipVert=False, font='', fontFiles=[], height=32, italic=False, name='unnamed TextStim', opacity=1.0, ori=0.0, pos=array([  0., 111.]), rgb=array([0., 0., 0.]), text='GN', units='pix', win=Window(...), wrapWidth=500)
8.3530 	INFO 	using sysFont 
8.3538 	EXP 	Created unnamed TextStim = TextStim(__class__=<class 'psychopy.visual.text.TextStim'>, alignHoriz='center', alignVert='center', antialias=True, autoLog=True, bold=False, color='black', colorSpace='named', contrast=1.0, depth=0, flipHoriz=False, flipVert=False, font='', fontFiles=[], height=32, italic=False, name='unnamed TextStim', opacity=1.0, ori=0.0, pos=array([ 74., 111.]), rgb=array([0., 0., 0.]), text='QN', units='pix', win=Window(...), wrapWidth=500)
8.3718 	EXP 	unnamed TextStim: autoDraw = True
8.3718 	EXP 	unnamed TextStim: autoDraw = True
8.3718 	EXP 	unnamed TextStim: autoDraw = True
8.3718 	EXP 	unnamed TextStim: autoDraw = True
8.3718 	EXP 	unnamed TextStim: autoDraw = True
8.3718 	EXP 	unnamed TextStim: autoDraw = True
8.3718 	EXP 	unnamed TextStim: autoDraw = True
8.3718 	EXP 	unnamed TextStim: autoDraw = True
8.3718 	EXP 	unnamed TextStim: autoDraw = True
8.3718 	EXP 	unnamed TextStim: autoDraw = True
9.5706 	EXP 	unnamed TextStim: autoDraw = False
9.5706 	EXP 	unnamed TextStim: autoDraw = False
9.5706 	EXP 	unnamed TextStim: autoDraw = False
9.5706 	EXP 	unnamed TextStim: autoDraw = False
9.5706 	EXP 	unnamed TextStim: autoDraw = False
9.5706 	EXP 	unnamed TextStim: autoDraw = False
9.5706 	EXP 	unnamed TextStim: autoDraw = False
9.5706 	EXP 	unnamed TextStim: autoDraw = False
9.5706 	EXP 	unnamed TextStim: autoDraw = False
9.5706 	EXP 	unnamed TextStim: autoDraw = False
10.5729 	INFO 	using sysFont Arial
10.5741 	EXP 	Created unnamed TextStim = TextStim(__class__=<class 'psychopy.visual.text.TextStim'>, alignHoriz='center', alignVert='center', antialias=True, autoLog=True, bold=False, color='black', colorSpace='named', contrast=1.0, depth=0, flipHoriz=False, flipVert=False, font='Arial', fontFiles=[], height=32, italic=False, name='unnamed TextStim', opacity=1.0, ori=0.0, pos=array([0., 0.]), rgb=array([0., 0., 0.]), text='Po treningu', units='pix', win=Window(...), wrapWidth=1920)
11.1162 	CRITICAL 	Experiment finished by user! f7 pressed.
